2021-05-18 22:33:01,019 - classify.py[line:67] - INFO: Namespace(batch_size=64, dataset='Subj', epoch=100, gpu=1, l2=0.0001, lr=0.0001, modelfilename='88_model.pt', modelname='TextCNN', modelnum=0, resultnum=96, seed=1, use_aug=1)
2021-05-18 22:33:07,986 - classify.py[line:121] - INFO: {'word_embedding_dimension': 300, 'Epoch1': 20, 'Epoch2': 10, 'dropout': 0.1, 'label_num': 2, 'learning_rate1': 0.0001, 'learning_rate2': 1e-05, 'batch_size': 64, 'cuda': True, 'negSampleNum': 5, 'poSampleNum': 3, 'max_bound': 1.0, 'kernel_sizes': [2, 3, 4, 5], 'hidden_size': 256, 'hidden_layers': 1, 'bidirectional': True}
2021-05-18 22:33:08,265 - classify.py[line:139] - INFO: before training: 0.4954954981803894
2021-05-18 22:33:08,266 - classify.py[line:153] - INFO: ...start training...
2021-05-18 22:33:08,583 - classify.py[line:183] - INFO: Epoch 0, toal_loss 9.1779, aver loss 0.7060, train accuracy 0.5446, train auc 0.0000, test accuracy 0.6106, test auc 0.0000
2021-05-18 22:33:08,882 - classify.py[line:183] - INFO: Epoch 1, toal_loss 7.9721, aver loss 0.3066, train accuracy 0.6665, train auc 0.0000, test accuracy 0.6787, test auc 0.0000
2021-05-18 22:33:09,166 - classify.py[line:183] - INFO: Epoch 2, toal_loss 7.2537, aver loss 0.1860, train accuracy 0.7148, train auc 0.0000, test accuracy 0.7092, test auc 0.0000
2021-05-18 22:33:09,447 - classify.py[line:183] - INFO: Epoch 3, toal_loss 6.6957, aver loss 0.1288, train accuracy 0.7614, train auc 0.0000, test accuracy 0.7548, test auc 0.0000
2021-05-18 22:33:09,733 - classify.py[line:183] - INFO: Epoch 4, toal_loss 6.2054, aver loss 0.0955, train accuracy 0.7906, train auc 0.0000, test accuracy 0.7588, test auc 0.0000
2021-05-18 22:33:10,041 - classify.py[line:183] - INFO: Epoch 5, toal_loss 5.8475, aver loss 0.0750, train accuracy 0.8303, train auc 0.0000, test accuracy 0.7768, test auc 0.0000
2021-05-18 22:33:10,337 - classify.py[line:183] - INFO: Epoch 6, toal_loss 5.4911, aver loss 0.0603, train accuracy 0.8363, train auc 0.0000, test accuracy 0.7808, test auc 0.0000
2021-05-18 22:33:10,650 - classify.py[line:183] - INFO: Epoch 7, toal_loss 5.2500, aver loss 0.0505, train accuracy 0.8351, train auc 0.0000, test accuracy 0.7983, test auc 0.0000
2021-05-18 22:33:10,948 - classify.py[line:183] - INFO: Epoch 8, toal_loss 4.8460, aver loss 0.0414, train accuracy 0.8605, train auc 0.0000, test accuracy 0.8123, test auc 0.0000
2021-05-18 22:33:11,239 - classify.py[line:183] - INFO: Epoch 9, toal_loss 4.7787, aver loss 0.0368, train accuracy 0.8484, train auc 0.0000, test accuracy 0.8113, test auc 0.0000
2021-05-18 22:33:11,589 - classify.py[line:183] - INFO: Epoch 10, toal_loss 4.7147, aver loss 0.0330, train accuracy 0.8627, train auc 0.0000, test accuracy 0.8188, test auc 0.0000
2021-05-18 22:33:11,989 - classify.py[line:183] - INFO: Epoch 11, toal_loss 4.5320, aver loss 0.0291, train accuracy 0.8628, train auc 0.0000, test accuracy 0.8108, test auc 0.0000
2021-05-18 22:33:12,409 - classify.py[line:183] - INFO: Epoch 12, toal_loss 4.3465, aver loss 0.0257, train accuracy 0.8726, train auc 0.0000, test accuracy 0.8178, test auc 0.0000
2021-05-18 22:33:12,834 - classify.py[line:183] - INFO: Epoch 13, toal_loss 4.2274, aver loss 0.0232, train accuracy 0.8652, train auc 0.0000, test accuracy 0.8193, test auc 0.0000
2021-05-18 22:33:13,261 - classify.py[line:183] - INFO: Epoch 14, toal_loss 4.1184, aver loss 0.0211, train accuracy 0.8713, train auc 0.0000, test accuracy 0.8188, test auc 0.0000
2021-05-18 22:33:13,682 - classify.py[line:183] - INFO: Epoch 15, toal_loss 4.0944, aver loss 0.0197, train accuracy 0.8797, train auc 0.0000, test accuracy 0.8283, test auc 0.0000
2021-05-18 22:33:14,096 - classify.py[line:183] - INFO: Epoch 16, toal_loss 3.9255, aver loss 0.0178, train accuracy 0.8894, train auc 0.0000, test accuracy 0.8228, test auc 0.0000
2021-05-18 22:33:14,486 - classify.py[line:183] - INFO: Epoch 17, toal_loss 3.9196, aver loss 0.0168, train accuracy 0.8833, train auc 0.0000, test accuracy 0.8308, test auc 0.0000
2021-05-18 22:33:14,908 - classify.py[line:183] - INFO: Epoch 18, toal_loss 3.7656, aver loss 0.0152, train accuracy 0.8821, train auc 0.0000, test accuracy 0.8283, test auc 0.0000
2021-05-18 22:33:15,321 - classify.py[line:183] - INFO: Epoch 19, toal_loss 3.7236, aver loss 0.0143, train accuracy 0.8869, train auc 0.0000, test accuracy 0.8303, test auc 0.0000
2021-05-18 22:33:15,655 - classify.py[line:183] - INFO: Epoch 20, toal_loss 3.6643, aver loss 0.0134, train accuracy 0.8990, train auc 0.0000, test accuracy 0.8343, test auc 0.0000
2021-05-18 22:33:15,941 - classify.py[line:183] - INFO: Epoch 21, toal_loss 3.5664, aver loss 0.0125, train accuracy 0.8906, train auc 0.0000, test accuracy 0.8303, test auc 0.0000
2021-05-18 22:33:16,197 - classify.py[line:183] - INFO: Epoch 22, toal_loss 3.4729, aver loss 0.0116, train accuracy 0.9002, train auc 0.0000, test accuracy 0.8188, test auc 0.0000
2021-05-18 22:33:16,507 - classify.py[line:183] - INFO: Epoch 23, toal_loss 3.3790, aver loss 0.0108, train accuracy 0.8965, train auc 0.0000, test accuracy 0.8308, test auc 0.0000
2021-05-18 22:33:16,839 - classify.py[line:183] - INFO: Epoch 24, toal_loss 3.3244, aver loss 0.0102, train accuracy 0.9086, train auc 0.0000, test accuracy 0.8323, test auc 0.0000
2021-05-18 22:33:17,127 - classify.py[line:183] - INFO: Epoch 25, toal_loss 3.3788, aver loss 0.0100, train accuracy 0.9098, train auc 0.0000, test accuracy 0.8328, test auc 0.0000
2021-05-18 22:33:17,405 - classify.py[line:183] - INFO: Epoch 26, toal_loss 3.3726, aver loss 0.0096, train accuracy 0.9170, train auc 0.0000, test accuracy 0.8258, test auc 0.0000
2021-05-18 22:33:17,679 - classify.py[line:183] - INFO: Epoch 27, toal_loss 3.1910, aver loss 0.0088, train accuracy 0.9038, train auc 0.0000, test accuracy 0.8353, test auc 0.0000
2021-05-18 22:33:17,960 - classify.py[line:183] - INFO: Epoch 28, toal_loss 3.3344, aver loss 0.0088, train accuracy 0.9026, train auc 0.0000, test accuracy 0.8373, test auc 0.0000
2021-05-18 22:33:18,244 - classify.py[line:183] - INFO: Epoch 29, toal_loss 3.1375, aver loss 0.0080, train accuracy 0.9050, train auc 0.0000, test accuracy 0.8403, test auc 0.0000
2021-05-18 22:33:18,485 - classify.py[line:183] - INFO: Epoch 30, toal_loss 3.1652, aver loss 0.0079, train accuracy 0.9061, train auc 0.0000, test accuracy 0.8328, test auc 0.0000
2021-05-18 22:33:18,775 - classify.py[line:183] - INFO: Epoch 31, toal_loss 2.9896, aver loss 0.0072, train accuracy 0.9086, train auc 0.0000, test accuracy 0.8313, test auc 0.0000
2021-05-18 22:33:19,059 - classify.py[line:183] - INFO: Epoch 32, toal_loss 3.1099, aver loss 0.0072, train accuracy 0.9146, train auc 0.0000, test accuracy 0.8398, test auc 0.0000
2021-05-18 22:33:19,349 - classify.py[line:183] - INFO: Epoch 33, toal_loss 3.0053, aver loss 0.0068, train accuracy 0.9122, train auc 0.0000, test accuracy 0.8353, test auc 0.0000
2021-05-18 22:33:19,590 - classify.py[line:183] - INFO: Epoch 34, toal_loss 2.9484, aver loss 0.0065, train accuracy 0.9218, train auc 0.0000, test accuracy 0.8333, test auc 0.0000
2021-05-18 22:33:19,830 - classify.py[line:183] - INFO: Epoch 35, toal_loss 2.8832, aver loss 0.0062, train accuracy 0.9194, train auc 0.0000, test accuracy 0.8323, test auc 0.0000
2021-05-18 22:33:20,068 - classify.py[line:183] - INFO: Epoch 36, toal_loss 2.8473, aver loss 0.0059, train accuracy 0.9194, train auc 0.0000, test accuracy 0.8368, test auc 0.0000
2021-05-18 22:33:20,308 - classify.py[line:183] - INFO: Epoch 37, toal_loss 2.8464, aver loss 0.0058, train accuracy 0.9291, train auc 0.0000, test accuracy 0.8398, test auc 0.0000
2021-05-18 22:33:20,731 - classify.py[line:183] - INFO: Epoch 38, toal_loss 2.8022, aver loss 0.0055, train accuracy 0.9267, train auc 0.0000, test accuracy 0.8363, test auc 0.0000
2021-05-18 22:33:21,305 - classify.py[line:183] - INFO: Epoch 39, toal_loss 2.6980, aver loss 0.0052, train accuracy 0.9110, train auc 0.0000, test accuracy 0.8378, test auc 0.0000
2021-05-18 22:33:21,786 - classify.py[line:183] - INFO: Epoch 40, toal_loss 2.7957, aver loss 0.0052, train accuracy 0.9291, train auc 0.0000, test accuracy 0.8408, test auc 0.0000
2021-05-18 22:33:22,281 - classify.py[line:183] - INFO: Epoch 41, toal_loss 2.6417, aver loss 0.0048, train accuracy 0.9290, train auc 0.0000, test accuracy 0.8363, test auc 0.0000
2021-05-18 22:33:22,783 - classify.py[line:183] - INFO: Epoch 42, toal_loss 2.6243, aver loss 0.0047, train accuracy 0.9303, train auc 0.0000, test accuracy 0.8338, test auc 0.0000
2021-05-18 22:33:23,305 - classify.py[line:183] - INFO: Epoch 43, toal_loss 2.6016, aver loss 0.0045, train accuracy 0.9255, train auc 0.0000, test accuracy 0.8378, test auc 0.0000
2021-05-18 22:33:23,734 - classify.py[line:183] - INFO: Epoch 44, toal_loss 2.5215, aver loss 0.0043, train accuracy 0.9278, train auc 0.0000, test accuracy 0.8418, test auc 0.0000
2021-05-18 22:33:24,161 - classify.py[line:183] - INFO: Epoch 45, toal_loss 2.5043, aver loss 0.0042, train accuracy 0.9279, train auc 0.0000, test accuracy 0.8363, test auc 0.0000
2021-05-18 22:33:24,656 - classify.py[line:183] - INFO: Epoch 46, toal_loss 2.3593, aver loss 0.0039, train accuracy 0.9327, train auc 0.0000, test accuracy 0.8378, test auc 0.0000
2021-05-18 22:33:25,090 - classify.py[line:183] - INFO: Epoch 47, toal_loss 2.4868, aver loss 0.0040, train accuracy 0.9363, train auc 0.0000, test accuracy 0.8398, test auc 0.0000
2021-05-18 22:33:25,475 - classify.py[line:183] - INFO: Epoch 48, toal_loss 2.4371, aver loss 0.0038, train accuracy 0.9326, train auc 0.0000, test accuracy 0.8433, test auc 0.0000
2021-05-18 22:33:25,841 - classify.py[line:183] - INFO: Epoch 49, toal_loss 2.4911, aver loss 0.0038, train accuracy 0.9279, train auc 0.0000, test accuracy 0.8413, test auc 0.0000
2021-05-18 22:33:26,188 - classify.py[line:183] - INFO: Epoch 50, toal_loss 2.4012, aver loss 0.0036, train accuracy 0.9351, train auc 0.0000, test accuracy 0.8358, test auc 0.0000
2021-05-18 22:33:26,476 - classify.py[line:183] - INFO: Epoch 51, toal_loss 2.2736, aver loss 0.0034, train accuracy 0.9291, train auc 0.0000, test accuracy 0.8463, test auc 0.0000
2021-05-18 22:33:26,774 - classify.py[line:183] - INFO: Epoch 52, toal_loss 2.3115, aver loss 0.0034, train accuracy 0.9423, train auc 0.0000, test accuracy 0.8373, test auc 0.0000
2021-05-18 22:33:27,072 - classify.py[line:183] - INFO: Epoch 53, toal_loss 2.2185, aver loss 0.0032, train accuracy 0.9435, train auc 0.0000, test accuracy 0.8363, test auc 0.0000
2021-05-18 22:33:27,369 - classify.py[line:183] - INFO: Epoch 54, toal_loss 2.2450, aver loss 0.0031, train accuracy 0.9423, train auc 0.0000, test accuracy 0.8403, test auc 0.0000
2021-05-18 22:33:27,677 - classify.py[line:183] - INFO: Epoch 55, toal_loss 2.0742, aver loss 0.0028, train accuracy 0.9338, train auc 0.0000, test accuracy 0.8358, test auc 0.0000
2021-05-18 22:33:27,975 - classify.py[line:183] - INFO: Epoch 56, toal_loss 2.1014, aver loss 0.0028, train accuracy 0.9385, train auc 0.0000, test accuracy 0.8383, test auc 0.0000
2021-05-18 22:33:28,260 - classify.py[line:183] - INFO: Epoch 57, toal_loss 2.2243, aver loss 0.0029, train accuracy 0.9398, train auc 0.0000, test accuracy 0.8423, test auc 0.0000
2021-05-18 22:33:28,543 - classify.py[line:183] - INFO: Epoch 58, toal_loss 2.1261, aver loss 0.0028, train accuracy 0.9410, train auc 0.0000, test accuracy 0.8358, test auc 0.0000
2021-05-18 22:33:28,781 - classify.py[line:183] - INFO: Epoch 59, toal_loss 2.1688, aver loss 0.0028, train accuracy 0.9507, train auc 0.0000, test accuracy 0.8418, test auc 0.0000
2021-05-18 22:33:29,071 - classify.py[line:183] - INFO: Epoch 60, toal_loss 2.1590, aver loss 0.0027, train accuracy 0.9411, train auc 0.0000, test accuracy 0.8514, test auc 0.0000
2021-05-18 22:33:29,356 - classify.py[line:183] - INFO: Epoch 61, toal_loss 2.0720, aver loss 0.0026, train accuracy 0.9337, train auc 0.0000, test accuracy 0.8428, test auc 0.0000
2021-05-18 22:33:29,642 - classify.py[line:183] - INFO: Epoch 62, toal_loss 2.1916, aver loss 0.0027, train accuracy 0.9410, train auc 0.0000, test accuracy 0.8448, test auc 0.0000
2021-05-18 22:33:29,930 - classify.py[line:183] - INFO: Epoch 63, toal_loss 1.8997, aver loss 0.0023, train accuracy 0.9506, train auc 0.0000, test accuracy 0.8308, test auc 0.0000
2021-05-18 22:33:30,218 - classify.py[line:183] - INFO: Epoch 64, toal_loss 2.0740, aver loss 0.0025, train accuracy 0.9459, train auc 0.0000, test accuracy 0.8398, test auc 0.0000
2021-05-18 22:33:30,504 - classify.py[line:183] - INFO: Epoch 65, toal_loss 2.0605, aver loss 0.0024, train accuracy 0.9375, train auc 0.0000, test accuracy 0.8438, test auc 0.0000
2021-05-18 22:33:30,792 - classify.py[line:183] - INFO: Epoch 66, toal_loss 1.9255, aver loss 0.0022, train accuracy 0.9458, train auc 0.0000, test accuracy 0.8418, test auc 0.0000
2021-05-18 22:33:31,080 - classify.py[line:183] - INFO: Epoch 67, toal_loss 2.0627, aver loss 0.0023, train accuracy 0.9555, train auc 0.0000, test accuracy 0.8388, test auc 0.0000
2021-05-18 22:33:31,364 - classify.py[line:183] - INFO: Epoch 68, toal_loss 1.9420, aver loss 0.0022, train accuracy 0.9423, train auc 0.0000, test accuracy 0.8413, test auc 0.0000
2021-05-18 22:33:31,648 - classify.py[line:183] - INFO: Epoch 69, toal_loss 1.8837, aver loss 0.0021, train accuracy 0.9458, train auc 0.0000, test accuracy 0.8438, test auc 0.0000
2021-05-18 22:33:31,932 - classify.py[line:183] - INFO: Epoch 70, toal_loss 1.9230, aver loss 0.0021, train accuracy 0.9518, train auc 0.0000, test accuracy 0.8443, test auc 0.0000
2021-05-18 22:33:32,212 - classify.py[line:183] - INFO: Epoch 71, toal_loss 1.8585, aver loss 0.0020, train accuracy 0.9470, train auc 0.0000, test accuracy 0.8488, test auc 0.0000
2021-05-18 22:33:32,488 - classify.py[line:183] - INFO: Epoch 72, toal_loss 1.8705, aver loss 0.0020, train accuracy 0.9518, train auc 0.0000, test accuracy 0.8398, test auc 0.0000
2021-05-18 22:33:32,780 - classify.py[line:183] - INFO: Epoch 73, toal_loss 1.7570, aver loss 0.0018, train accuracy 0.9422, train auc 0.0000, test accuracy 0.8483, test auc 0.0000
2021-05-18 22:33:33,054 - classify.py[line:183] - INFO: Epoch 74, toal_loss 1.7885, aver loss 0.0018, train accuracy 0.9507, train auc 0.0000, test accuracy 0.8448, test auc 0.0000
2021-05-18 22:33:33,328 - classify.py[line:183] - INFO: Epoch 75, toal_loss 1.8320, aver loss 0.0019, train accuracy 0.9494, train auc 0.0000, test accuracy 0.8408, test auc 0.0000
2021-05-18 22:33:33,617 - classify.py[line:183] - INFO: Epoch 76, toal_loss 1.7352, aver loss 0.0017, train accuracy 0.9470, train auc 0.0000, test accuracy 0.8438, test auc 0.0000
2021-05-18 22:33:33,891 - classify.py[line:183] - INFO: Epoch 77, toal_loss 1.6675, aver loss 0.0016, train accuracy 0.9555, train auc 0.0000, test accuracy 0.8453, test auc 0.0000
2021-05-18 22:33:34,131 - classify.py[line:183] - INFO: Epoch 78, toal_loss 1.7303, aver loss 0.0017, train accuracy 0.9603, train auc 0.0000, test accuracy 0.8323, test auc 0.0000
2021-05-18 22:33:34,372 - classify.py[line:183] - INFO: Epoch 79, toal_loss 1.7178, aver loss 0.0017, train accuracy 0.9531, train auc 0.0000, test accuracy 0.8483, test auc 0.0000
2021-05-18 22:33:34,612 - classify.py[line:183] - INFO: Epoch 80, toal_loss 1.7429, aver loss 0.0017, train accuracy 0.9506, train auc 0.0000, test accuracy 0.8433, test auc 0.0000
2021-05-18 22:33:34,876 - classify.py[line:183] - INFO: Epoch 81, toal_loss 1.6124, aver loss 0.0015, train accuracy 0.9567, train auc 0.0000, test accuracy 0.8393, test auc 0.0000
2021-05-18 22:33:35,152 - classify.py[line:183] - INFO: Epoch 82, toal_loss 1.6839, aver loss 0.0016, train accuracy 0.9591, train auc 0.0000, test accuracy 0.8423, test auc 0.0000
2021-05-18 22:33:35,437 - classify.py[line:183] - INFO: Epoch 83, toal_loss 1.6830, aver loss 0.0015, train accuracy 0.9651, train auc 0.0000, test accuracy 0.8398, test auc 0.0000
2021-05-18 22:33:35,719 - classify.py[line:183] - INFO: Epoch 84, toal_loss 1.6315, aver loss 0.0015, train accuracy 0.9530, train auc 0.0000, test accuracy 0.8428, test auc 0.0000
2021-05-18 22:33:36,028 - classify.py[line:183] - INFO: Epoch 85, toal_loss 1.5708, aver loss 0.0014, train accuracy 0.9675, train auc 0.0000, test accuracy 0.8408, test auc 0.0000
2021-05-18 22:33:36,312 - classify.py[line:183] - INFO: Epoch 86, toal_loss 1.5045, aver loss 0.0013, train accuracy 0.9555, train auc 0.0000, test accuracy 0.8509, test auc 0.0000
2021-05-18 22:33:36,601 - classify.py[line:183] - INFO: Epoch 87, toal_loss 1.6324, aver loss 0.0014, train accuracy 0.9663, train auc 0.0000, test accuracy 0.8423, test auc 0.0000
2021-05-18 22:33:36,881 - classify.py[line:183] - INFO: Epoch 88, toal_loss 1.5128, aver loss 0.0013, train accuracy 0.9591, train auc 0.0000, test accuracy 0.8423, test auc 0.0000
2021-05-18 22:33:37,163 - classify.py[line:183] - INFO: Epoch 89, toal_loss 1.6064, aver loss 0.0014, train accuracy 0.9603, train auc 0.0000, test accuracy 0.8343, test auc 0.0000
2021-05-18 22:33:37,446 - classify.py[line:183] - INFO: Epoch 90, toal_loss 1.4997, aver loss 0.0013, train accuracy 0.9639, train auc 0.0000, test accuracy 0.8318, test auc 0.0000
2021-05-18 22:33:37,733 - classify.py[line:183] - INFO: Epoch 91, toal_loss 1.5380, aver loss 0.0013, train accuracy 0.9615, train auc 0.0000, test accuracy 0.8393, test auc 0.0000
2021-05-18 22:33:38,129 - classify.py[line:183] - INFO: Epoch 92, toal_loss 1.5226, aver loss 0.0013, train accuracy 0.9603, train auc 0.0000, test accuracy 0.8358, test auc 0.0000
2021-05-18 22:33:38,427 - classify.py[line:183] - INFO: Epoch 93, toal_loss 1.4286, aver loss 0.0012, train accuracy 0.9675, train auc 0.0000, test accuracy 0.8408, test auc 0.0000
2021-05-18 22:33:38,858 - classify.py[line:183] - INFO: Epoch 94, toal_loss 1.2658, aver loss 0.0010, train accuracy 0.9615, train auc 0.0000, test accuracy 0.8443, test auc 0.0000
2021-05-18 22:33:39,886 - classify.py[line:183] - INFO: Epoch 95, toal_loss 1.3547, aver loss 0.0011, train accuracy 0.9712, train auc 0.0000, test accuracy 0.8368, test auc 0.0000
2021-05-18 22:33:41,009 - classify.py[line:183] - INFO: Epoch 96, toal_loss 1.5169, aver loss 0.0012, train accuracy 0.9700, train auc 0.0000, test accuracy 0.8438, test auc 0.0000
2021-05-18 22:33:42,017 - classify.py[line:183] - INFO: Epoch 97, toal_loss 1.4774, aver loss 0.0012, train accuracy 0.9627, train auc 0.0000, test accuracy 0.8428, test auc 0.0000
2021-05-18 22:33:42,935 - classify.py[line:183] - INFO: Epoch 98, toal_loss 1.3750, aver loss 0.0011, train accuracy 0.9651, train auc 0.0000, test accuracy 0.8358, test auc 0.0000
2021-05-18 22:33:43,847 - classify.py[line:183] - INFO: Epoch 99, toal_loss 1.3760, aver loss 0.0011, train accuracy 0.9639, train auc 0.0000, test accuracy 0.8428, test auc 0.0000
