2021-05-16 19:54:44,057 - classify.py[line:67] - INFO: Namespace(batch_size=64, dataset='PC', epoch=80, gpu=1, lr=0.001, modelname='TextCNN', modelnum=0, seed=1, use_aug=1)
2021-05-16 19:54:48,608 - classify.py[line:108] - INFO: {'word_embedding_dimension': 300, 'Epoch1': 20, 'Epoch2': 10, 'dropout': 0.1, 'label_num': 2, 'learning_rate1': 0.001, 'learning_rate2': 1e-05, 'batch_size': 64, 'cuda': True, 'negSampleNum': 4, 'max_bound': 0.1, 'kernel_sizes': [3, 4, 5], 'hidden_size': 256, 'hidden_layers': 1, 'bidirectional': True}
2021-05-16 19:54:48,893 - classify.py[line:126] - INFO: before training: 0.6445953845977783
2021-05-16 19:54:48,893 - classify.py[line:138] - INFO: ...start training...
2021-05-16 19:54:54,909 - classify.py[line:166] - INFO: Epoch 0, toal_loss 325.3450, aver loss 0.5718, train accuracy 0.7735, test accuracy 0.8662
2021-05-16 19:55:00,963 - classify.py[line:166] - INFO: Epoch 1, toal_loss 209.1380, aver loss 0.1838, train accuracy 0.8534, test accuracy 0.8563
2021-05-16 19:55:06,779 - classify.py[line:166] - INFO: Epoch 2, toal_loss 176.0452, aver loss 0.1031, train accuracy 0.8721, test accuracy 0.8480
2021-05-16 19:55:12,589 - classify.py[line:166] - INFO: Epoch 3, toal_loss 157.0564, aver loss 0.0690, train accuracy 0.8843, test accuracy 0.8407
2021-05-16 19:55:18,403 - classify.py[line:166] - INFO: Epoch 4, toal_loss 151.8818, aver loss 0.0534, train accuracy 0.8880, test accuracy 0.8415
2021-05-16 19:55:24,203 - classify.py[line:166] - INFO: Epoch 5, toal_loss 147.9669, aver loss 0.0433, train accuracy 0.8907, test accuracy 0.8410
2021-05-16 19:55:30,230 - classify.py[line:166] - INFO: Epoch 6, toal_loss 142.1810, aver loss 0.0357, train accuracy 0.8972, test accuracy 0.8418
2021-05-16 19:55:36,168 - classify.py[line:166] - INFO: Epoch 7, toal_loss 137.4764, aver loss 0.0302, train accuracy 0.8996, test accuracy 0.8280
2021-05-16 19:55:41,885 - classify.py[line:166] - INFO: Epoch 8, toal_loss 134.0277, aver loss 0.0262, train accuracy 0.9009, test accuracy 0.8198
2021-05-16 19:55:47,565 - classify.py[line:166] - INFO: Epoch 9, toal_loss 131.5402, aver loss 0.0231, train accuracy 0.9044, test accuracy 0.8195
2021-05-16 19:55:53,310 - classify.py[line:166] - INFO: Epoch 10, toal_loss 128.5433, aver loss 0.0205, train accuracy 0.9067, test accuracy 0.8214
2021-05-16 19:55:58,959 - classify.py[line:166] - INFO: Epoch 11, toal_loss 127.5145, aver loss 0.0187, train accuracy 0.9086, test accuracy 0.8234
2021-05-16 19:56:04,707 - classify.py[line:166] - INFO: Epoch 12, toal_loss 126.1621, aver loss 0.0171, train accuracy 0.9090, test accuracy 0.8195
2021-05-16 19:56:10,517 - classify.py[line:166] - INFO: Epoch 13, toal_loss 124.3133, aver loss 0.0156, train accuracy 0.9103, test accuracy 0.8124
2021-05-16 19:56:16,219 - classify.py[line:166] - INFO: Epoch 14, toal_loss 123.3005, aver loss 0.0144, train accuracy 0.9100, test accuracy 0.8076
2021-05-16 19:56:21,868 - classify.py[line:166] - INFO: Epoch 15, toal_loss 122.1732, aver loss 0.0134, train accuracy 0.9128, test accuracy 0.8192
2021-05-16 19:56:27,434 - classify.py[line:166] - INFO: Epoch 16, toal_loss 121.4364, aver loss 0.0126, train accuracy 0.9123, test accuracy 0.8059
2021-05-16 19:56:32,949 - classify.py[line:166] - INFO: Epoch 17, toal_loss 119.5808, aver loss 0.0117, train accuracy 0.9138, test accuracy 0.7999
2021-05-16 19:56:38,478 - classify.py[line:166] - INFO: Epoch 18, toal_loss 119.1473, aver loss 0.0110, train accuracy 0.9137, test accuracy 0.8073
2021-05-16 19:56:44,129 - classify.py[line:166] - INFO: Epoch 19, toal_loss 118.1711, aver loss 0.0104, train accuracy 0.9162, test accuracy 0.8025
2021-05-16 19:56:49,777 - classify.py[line:166] - INFO: Epoch 20, toal_loss 117.9314, aver loss 0.0099, train accuracy 0.9155, test accuracy 0.8138
2021-05-16 19:56:55,253 - classify.py[line:166] - INFO: Epoch 21, toal_loss 116.6205, aver loss 0.0093, train accuracy 0.9166, test accuracy 0.8087
2021-05-16 19:57:00,666 - classify.py[line:166] - INFO: Epoch 22, toal_loss 116.0983, aver loss 0.0089, train accuracy 0.9160, test accuracy 0.8062
2021-05-16 19:57:06,242 - classify.py[line:166] - INFO: Epoch 23, toal_loss 114.9435, aver loss 0.0084, train accuracy 0.9174, test accuracy 0.8065
2021-05-16 19:57:11,787 - classify.py[line:166] - INFO: Epoch 24, toal_loss 115.0009, aver loss 0.0081, train accuracy 0.9174, test accuracy 0.7957
2021-05-16 19:57:17,390 - classify.py[line:166] - INFO: Epoch 25, toal_loss 114.2559, aver loss 0.0077, train accuracy 0.9174, test accuracy 0.8011
2021-05-16 19:57:23,133 - classify.py[line:166] - INFO: Epoch 26, toal_loss 113.9356, aver loss 0.0074, train accuracy 0.9171, test accuracy 0.7957
2021-05-16 19:57:28,775 - classify.py[line:166] - INFO: Epoch 27, toal_loss 112.6885, aver loss 0.0071, train accuracy 0.9196, test accuracy 0.8002
2021-05-16 19:57:34,632 - classify.py[line:166] - INFO: Epoch 28, toal_loss 111.4465, aver loss 0.0068, train accuracy 0.9185, test accuracy 0.7977
2021-05-16 19:57:40,601 - classify.py[line:166] - INFO: Epoch 29, toal_loss 111.2070, aver loss 0.0065, train accuracy 0.9189, test accuracy 0.8056
2021-05-16 19:57:46,584 - classify.py[line:166] - INFO: Epoch 30, toal_loss 111.2319, aver loss 0.0063, train accuracy 0.9206, test accuracy 0.7965
2021-05-16 19:57:52,467 - classify.py[line:166] - INFO: Epoch 31, toal_loss 109.2256, aver loss 0.0060, train accuracy 0.9184, test accuracy 0.8090
2021-05-16 19:57:58,242 - classify.py[line:166] - INFO: Epoch 32, toal_loss 110.8383, aver loss 0.0059, train accuracy 0.9221, test accuracy 0.8025
2021-05-16 19:58:04,057 - classify.py[line:166] - INFO: Epoch 33, toal_loss 109.2902, aver loss 0.0056, train accuracy 0.9210, test accuracy 0.8022
2021-05-16 19:58:09,982 - classify.py[line:166] - INFO: Epoch 34, toal_loss 110.1048, aver loss 0.0055, train accuracy 0.9225, test accuracy 0.8115
2021-05-16 19:58:15,898 - classify.py[line:166] - INFO: Epoch 35, toal_loss 108.1783, aver loss 0.0053, train accuracy 0.9216, test accuracy 0.8008
2021-05-16 19:58:21,851 - classify.py[line:166] - INFO: Epoch 36, toal_loss 108.9659, aver loss 0.0052, train accuracy 0.9210, test accuracy 0.8022
2021-05-16 19:58:27,772 - classify.py[line:166] - INFO: Epoch 37, toal_loss 107.9124, aver loss 0.0050, train accuracy 0.9218, test accuracy 0.7988
2021-05-16 19:58:33,511 - classify.py[line:166] - INFO: Epoch 38, toal_loss 108.4603, aver loss 0.0049, train accuracy 0.9207, test accuracy 0.7997
2021-05-16 19:58:39,261 - classify.py[line:166] - INFO: Epoch 39, toal_loss 107.1398, aver loss 0.0047, train accuracy 0.9219, test accuracy 0.7974
2021-05-16 19:58:45,083 - classify.py[line:166] - INFO: Epoch 40, toal_loss 106.7931, aver loss 0.0046, train accuracy 0.9222, test accuracy 0.7982
2021-05-16 19:58:50,843 - classify.py[line:166] - INFO: Epoch 41, toal_loss 106.9223, aver loss 0.0045, train accuracy 0.9234, test accuracy 0.7929
2021-05-16 19:58:56,613 - classify.py[line:166] - INFO: Epoch 42, toal_loss 106.1366, aver loss 0.0043, train accuracy 0.9237, test accuracy 0.8059
2021-05-16 19:59:02,473 - classify.py[line:166] - INFO: Epoch 43, toal_loss 105.8510, aver loss 0.0042, train accuracy 0.9233, test accuracy 0.8005
2021-05-16 19:59:08,289 - classify.py[line:166] - INFO: Epoch 44, toal_loss 105.6873, aver loss 0.0041, train accuracy 0.9229, test accuracy 0.7909
2021-05-16 19:59:13,766 - classify.py[line:166] - INFO: Epoch 45, toal_loss 106.1210, aver loss 0.0041, train accuracy 0.9231, test accuracy 0.8070
2021-05-16 19:59:19,473 - classify.py[line:166] - INFO: Epoch 46, toal_loss 105.3558, aver loss 0.0039, train accuracy 0.9243, test accuracy 0.7991
2021-05-16 19:59:25,095 - classify.py[line:166] - INFO: Epoch 47, toal_loss 105.1352, aver loss 0.0038, train accuracy 0.9250, test accuracy 0.7960
2021-05-16 19:59:30,501 - classify.py[line:166] - INFO: Epoch 48, toal_loss 104.0184, aver loss 0.0037, train accuracy 0.9249, test accuracy 0.8079
2021-05-16 19:59:36,209 - classify.py[line:166] - INFO: Epoch 49, toal_loss 104.4453, aver loss 0.0037, train accuracy 0.9251, test accuracy 0.8036
2021-05-16 19:59:42,072 - classify.py[line:166] - INFO: Epoch 50, toal_loss 104.1417, aver loss 0.0036, train accuracy 0.9247, test accuracy 0.8036
2021-05-16 19:59:47,905 - classify.py[line:166] - INFO: Epoch 51, toal_loss 102.5010, aver loss 0.0035, train accuracy 0.9250, test accuracy 0.8166
2021-05-16 19:59:53,709 - classify.py[line:166] - INFO: Epoch 52, toal_loss 104.3123, aver loss 0.0035, train accuracy 0.9238, test accuracy 0.7985
2021-05-16 19:59:59,355 - classify.py[line:166] - INFO: Epoch 53, toal_loss 102.6294, aver loss 0.0033, train accuracy 0.9250, test accuracy 0.8031
2021-05-16 20:00:04,956 - classify.py[line:166] - INFO: Epoch 54, toal_loss 102.9053, aver loss 0.0033, train accuracy 0.9255, test accuracy 0.8081
2021-05-16 20:00:10,621 - classify.py[line:166] - INFO: Epoch 55, toal_loss 102.7473, aver loss 0.0032, train accuracy 0.9249, test accuracy 0.7994
2021-05-16 20:00:16,284 - classify.py[line:166] - INFO: Epoch 56, toal_loss 101.7173, aver loss 0.0031, train accuracy 0.9255, test accuracy 0.7965
2021-05-16 20:00:22,256 - classify.py[line:166] - INFO: Epoch 57, toal_loss 102.5184, aver loss 0.0031, train accuracy 0.9253, test accuracy 0.8101
2021-05-16 20:00:28,029 - classify.py[line:166] - INFO: Epoch 58, toal_loss 101.6947, aver loss 0.0030, train accuracy 0.9258, test accuracy 0.8121
2021-05-16 20:00:33,664 - classify.py[line:166] - INFO: Epoch 59, toal_loss 102.4734, aver loss 0.0030, train accuracy 0.9256, test accuracy 0.8073
2021-05-16 20:00:39,429 - classify.py[line:166] - INFO: Epoch 60, toal_loss 101.8856, aver loss 0.0029, train accuracy 0.9268, test accuracy 0.8101
2021-05-16 20:00:45,056 - classify.py[line:166] - INFO: Epoch 61, toal_loss 101.1162, aver loss 0.0029, train accuracy 0.9259, test accuracy 0.7963
2021-05-16 20:00:50,780 - classify.py[line:166] - INFO: Epoch 62, toal_loss 100.0323, aver loss 0.0028, train accuracy 0.9257, test accuracy 0.8031
2021-05-16 20:00:56,443 - classify.py[line:166] - INFO: Epoch 63, toal_loss 101.5468, aver loss 0.0028, train accuracy 0.9268, test accuracy 0.8098
2021-05-16 20:01:02,196 - classify.py[line:166] - INFO: Epoch 64, toal_loss 100.4619, aver loss 0.0027, train accuracy 0.9266, test accuracy 0.8042
2021-05-16 20:01:07,896 - classify.py[line:166] - INFO: Epoch 65, toal_loss 99.8752, aver loss 0.0027, train accuracy 0.9262, test accuracy 0.8028
2021-05-16 20:01:13,586 - classify.py[line:166] - INFO: Epoch 66, toal_loss 100.7736, aver loss 0.0026, train accuracy 0.9284, test accuracy 0.7999
2021-05-16 20:01:19,462 - classify.py[line:166] - INFO: Epoch 67, toal_loss 99.7776, aver loss 0.0026, train accuracy 0.9286, test accuracy 0.8152
2021-05-16 20:01:25,121 - classify.py[line:166] - INFO: Epoch 68, toal_loss 99.4194, aver loss 0.0025, train accuracy 0.9277, test accuracy 0.8098
2021-05-16 20:01:30,804 - classify.py[line:166] - INFO: Epoch 69, toal_loss 99.5708, aver loss 0.0025, train accuracy 0.9291, test accuracy 0.8025
2021-05-16 20:01:36,337 - classify.py[line:166] - INFO: Epoch 70, toal_loss 98.3252, aver loss 0.0024, train accuracy 0.9290, test accuracy 0.8147
2021-05-16 20:01:41,944 - classify.py[line:166] - INFO: Epoch 71, toal_loss 99.8133, aver loss 0.0024, train accuracy 0.9282, test accuracy 0.7963
2021-05-16 20:01:47,632 - classify.py[line:166] - INFO: Epoch 72, toal_loss 99.0398, aver loss 0.0024, train accuracy 0.9287, test accuracy 0.7988
2021-05-16 20:01:53,250 - classify.py[line:166] - INFO: Epoch 73, toal_loss 99.5861, aver loss 0.0024, train accuracy 0.9281, test accuracy 0.8028
2021-05-16 20:01:59,204 - classify.py[line:166] - INFO: Epoch 74, toal_loss 97.9834, aver loss 0.0023, train accuracy 0.9285, test accuracy 0.8056
2021-05-16 20:02:05,085 - classify.py[line:166] - INFO: Epoch 75, toal_loss 98.0230, aver loss 0.0023, train accuracy 0.9278, test accuracy 0.8073
2021-05-16 20:02:10,673 - classify.py[line:166] - INFO: Epoch 76, toal_loss 98.0896, aver loss 0.0022, train accuracy 0.9282, test accuracy 0.8002
2021-05-16 20:02:16,167 - classify.py[line:166] - INFO: Epoch 77, toal_loss 97.8344, aver loss 0.0022, train accuracy 0.9292, test accuracy 0.8042
2021-05-16 20:02:21,835 - classify.py[line:166] - INFO: Epoch 78, toal_loss 96.9201, aver loss 0.0022, train accuracy 0.9298, test accuracy 0.7994
2021-05-16 20:02:27,742 - classify.py[line:166] - INFO: Epoch 79, toal_loss 97.5559, aver loss 0.0021, train accuracy 0.9288, test accuracy 0.8056
