2021-05-16 14:40:19,177 - classify.py[line:65] - INFO: Namespace(batch_size=64, dataset='TREC', epoch=80, gpu=1, lr=0.001, modelname='TextCNN', modelnum=0, seed=1, use_aug=0)
2021-05-16 14:40:22,749 - classify.py[line:113] - INFO: <config.Config object at 0x7f9194b3e5e0>
2021-05-16 14:40:23,041 - classify.py[line:119] - INFO: before training: 0.1850000023841858
2021-05-16 14:40:23,041 - classify.py[line:130] - INFO: ...start training...
2021-05-16 14:40:23,910 - classify.py[line:156] - INFO: Epoch 0, toal_loss 147.6362, aver loss 1.7167, test accuracy 0.3100
2021-05-16 14:40:24,884 - classify.py[line:156] - INFO: Epoch 1, toal_loss 135.6166, aver loss 0.7885, test accuracy 0.3800
2021-05-16 14:40:25,850 - classify.py[line:156] - INFO: Epoch 2, toal_loss 131.5124, aver loss 0.5097, test accuracy 0.4400
2021-05-16 14:40:26,746 - classify.py[line:156] - INFO: Epoch 3, toal_loss 128.6898, aver loss 0.3741, test accuracy 0.4350
2021-05-16 14:40:27,698 - classify.py[line:156] - INFO: Epoch 4, toal_loss 127.1082, aver loss 0.2956, test accuracy 0.4500
2021-05-16 14:40:28,619 - classify.py[line:156] - INFO: Epoch 5, toal_loss 125.3050, aver loss 0.2428, test accuracy 0.4650
2021-05-16 14:40:29,546 - classify.py[line:156] - INFO: Epoch 6, toal_loss 123.6260, aver loss 0.2054, test accuracy 0.4950
2021-05-16 14:40:30,427 - classify.py[line:156] - INFO: Epoch 7, toal_loss 121.9475, aver loss 0.1772, test accuracy 0.5000
2021-05-16 14:40:31,336 - classify.py[line:156] - INFO: Epoch 8, toal_loss 121.0983, aver loss 0.1565, test accuracy 0.4950
2021-05-16 14:40:32,266 - classify.py[line:156] - INFO: Epoch 9, toal_loss 119.1175, aver loss 0.1385, test accuracy 0.5100
2021-05-16 14:40:33,170 - classify.py[line:156] - INFO: Epoch 10, toal_loss 117.9783, aver loss 0.1247, test accuracy 0.5050
2021-05-16 14:40:34,084 - classify.py[line:156] - INFO: Epoch 11, toal_loss 116.8206, aver loss 0.1132, test accuracy 0.5350
2021-05-16 14:40:35,014 - classify.py[line:156] - INFO: Epoch 12, toal_loss 117.0864, aver loss 0.1047, test accuracy 0.5100
2021-05-16 14:40:35,893 - classify.py[line:156] - INFO: Epoch 13, toal_loss 116.0789, aver loss 0.0964, test accuracy 0.5450
2021-05-16 14:40:36,770 - classify.py[line:156] - INFO: Epoch 14, toal_loss 115.4685, aver loss 0.0895, test accuracy 0.5150
2021-05-16 14:40:37,657 - classify.py[line:156] - INFO: Epoch 15, toal_loss 114.2334, aver loss 0.0830, test accuracy 0.5300
2021-05-16 14:40:38,576 - classify.py[line:156] - INFO: Epoch 16, toal_loss 114.4135, aver loss 0.0783, test accuracy 0.5100
2021-05-16 14:40:39,469 - classify.py[line:156] - INFO: Epoch 17, toal_loss 114.1790, aver loss 0.0738, test accuracy 0.5050
2021-05-16 14:40:40,353 - classify.py[line:156] - INFO: Epoch 18, toal_loss 113.9451, aver loss 0.0697, test accuracy 0.5250
2021-05-16 14:40:41,263 - classify.py[line:156] - INFO: Epoch 19, toal_loss 113.8292, aver loss 0.0662, test accuracy 0.5200
2021-05-16 14:40:42,111 - classify.py[line:156] - INFO: Epoch 20, toal_loss 113.2136, aver loss 0.0627, test accuracy 0.5500
2021-05-16 14:40:42,990 - classify.py[line:156] - INFO: Epoch 21, toal_loss 112.5611, aver loss 0.0595, test accuracy 0.5400
2021-05-16 14:40:43,922 - classify.py[line:156] - INFO: Epoch 22, toal_loss 112.0326, aver loss 0.0566, test accuracy 0.4950
2021-05-16 14:40:44,828 - classify.py[line:156] - INFO: Epoch 23, toal_loss 111.8429, aver loss 0.0542, test accuracy 0.5100
2021-05-16 14:40:45,759 - classify.py[line:156] - INFO: Epoch 24, toal_loss 112.3952, aver loss 0.0523, test accuracy 0.5100
2021-05-16 14:40:46,684 - classify.py[line:156] - INFO: Epoch 25, toal_loss 111.6016, aver loss 0.0499, test accuracy 0.5500
2021-05-16 14:40:47,549 - classify.py[line:156] - INFO: Epoch 26, toal_loss 110.5910, aver loss 0.0476, test accuracy 0.5450
2021-05-16 14:40:48,417 - classify.py[line:156] - INFO: Epoch 27, toal_loss 110.9165, aver loss 0.0461, test accuracy 0.5200
2021-05-16 14:40:49,322 - classify.py[line:156] - INFO: Epoch 28, toal_loss 111.1506, aver loss 0.0446, test accuracy 0.5400
2021-05-16 14:40:50,223 - classify.py[line:156] - INFO: Epoch 29, toal_loss 110.4277, aver loss 0.0428, test accuracy 0.5450
2021-05-16 14:40:51,106 - classify.py[line:156] - INFO: Epoch 30, toal_loss 110.4263, aver loss 0.0414, test accuracy 0.5450
2021-05-16 14:40:52,050 - classify.py[line:156] - INFO: Epoch 31, toal_loss 109.8433, aver loss 0.0399, test accuracy 0.5400
2021-05-16 14:40:52,914 - classify.py[line:156] - INFO: Epoch 32, toal_loss 110.4748, aver loss 0.0389, test accuracy 0.5200
2021-05-16 14:40:53,818 - classify.py[line:156] - INFO: Epoch 33, toal_loss 109.8662, aver loss 0.0376, test accuracy 0.5200
2021-05-16 14:40:54,691 - classify.py[line:156] - INFO: Epoch 34, toal_loss 109.8730, aver loss 0.0365, test accuracy 0.5550
2021-05-16 14:40:55,558 - classify.py[line:156] - INFO: Epoch 35, toal_loss 109.8491, aver loss 0.0355, test accuracy 0.5300
2021-05-16 14:40:56,440 - classify.py[line:156] - INFO: Epoch 36, toal_loss 109.2219, aver loss 0.0343, test accuracy 0.5500
2021-05-16 14:40:57,362 - classify.py[line:156] - INFO: Epoch 37, toal_loss 109.2585, aver loss 0.0334, test accuracy 0.5400
2021-05-16 14:40:58,262 - classify.py[line:156] - INFO: Epoch 38, toal_loss 109.1670, aver loss 0.0325, test accuracy 0.5400
2021-05-16 14:40:59,174 - classify.py[line:156] - INFO: Epoch 39, toal_loss 109.2620, aver loss 0.0318, test accuracy 0.5150
2021-05-16 14:41:00,158 - classify.py[line:156] - INFO: Epoch 40, toal_loss 108.5619, aver loss 0.0308, test accuracy 0.5250
2021-05-16 14:41:01,069 - classify.py[line:156] - INFO: Epoch 41, toal_loss 108.9095, aver loss 0.0302, test accuracy 0.5400
2021-05-16 14:41:01,981 - classify.py[line:156] - INFO: Epoch 42, toal_loss 108.1454, aver loss 0.0292, test accuracy 0.5150
2021-05-16 14:41:02,886 - classify.py[line:156] - INFO: Epoch 43, toal_loss 108.1678, aver loss 0.0286, test accuracy 0.5200
2021-05-16 14:41:03,839 - classify.py[line:156] - INFO: Epoch 44, toal_loss 107.9687, aver loss 0.0279, test accuracy 0.5150
2021-05-16 14:41:04,702 - classify.py[line:156] - INFO: Epoch 45, toal_loss 107.4333, aver loss 0.0272, test accuracy 0.5100
2021-05-16 14:41:05,566 - classify.py[line:156] - INFO: Epoch 46, toal_loss 107.9916, aver loss 0.0267, test accuracy 0.5200
2021-05-16 14:41:06,516 - classify.py[line:156] - INFO: Epoch 47, toal_loss 107.8918, aver loss 0.0261, test accuracy 0.4950
2021-05-16 14:41:07,397 - classify.py[line:156] - INFO: Epoch 48, toal_loss 108.0077, aver loss 0.0256, test accuracy 0.5250
2021-05-16 14:41:08,287 - classify.py[line:156] - INFO: Epoch 49, toal_loss 107.6049, aver loss 0.0250, test accuracy 0.5250
2021-05-16 14:41:09,214 - classify.py[line:156] - INFO: Epoch 50, toal_loss 107.9055, aver loss 0.0246, test accuracy 0.5100
2021-05-16 14:41:10,096 - classify.py[line:156] - INFO: Epoch 51, toal_loss 107.2595, aver loss 0.0240, test accuracy 0.5400
2021-05-16 14:41:10,933 - classify.py[line:156] - INFO: Epoch 52, toal_loss 107.1627, aver loss 0.0235, test accuracy 0.5300
2021-05-16 14:41:11,894 - classify.py[line:156] - INFO: Epoch 53, toal_loss 107.1095, aver loss 0.0231, test accuracy 0.5250
2021-05-16 14:41:12,819 - classify.py[line:156] - INFO: Epoch 54, toal_loss 106.7035, aver loss 0.0226, test accuracy 0.5100
2021-05-16 14:41:13,746 - classify.py[line:156] - INFO: Epoch 55, toal_loss 107.4803, aver loss 0.0223, test accuracy 0.5350
2021-05-16 14:41:14,665 - classify.py[line:156] - INFO: Epoch 56, toal_loss 107.1454, aver loss 0.0219, test accuracy 0.5200
2021-05-16 14:41:15,485 - classify.py[line:156] - INFO: Epoch 57, toal_loss 106.9781, aver loss 0.0214, test accuracy 0.5400
2021-05-16 14:41:16,362 - classify.py[line:156] - INFO: Epoch 58, toal_loss 107.0895, aver loss 0.0211, test accuracy 0.5200
2021-05-16 14:41:17,318 - classify.py[line:156] - INFO: Epoch 59, toal_loss 106.4159, aver loss 0.0206, test accuracy 0.5250
2021-05-16 14:41:18,197 - classify.py[line:156] - INFO: Epoch 60, toal_loss 107.0510, aver loss 0.0204, test accuracy 0.4950
2021-05-16 14:41:19,132 - classify.py[line:156] - INFO: Epoch 61, toal_loss 106.9597, aver loss 0.0201, test accuracy 0.5700
2021-05-16 14:41:19,960 - classify.py[line:156] - INFO: Epoch 62, toal_loss 107.0908, aver loss 0.0198, test accuracy 0.4950
2021-05-16 14:41:20,865 - classify.py[line:156] - INFO: Epoch 63, toal_loss 106.6375, aver loss 0.0194, test accuracy 0.5450
2021-05-16 14:41:21,778 - classify.py[line:156] - INFO: Epoch 64, toal_loss 106.0868, aver loss 0.0190, test accuracy 0.5100
2021-05-16 14:41:22,666 - classify.py[line:156] - INFO: Epoch 65, toal_loss 106.3852, aver loss 0.0187, test accuracy 0.4950
2021-05-16 14:41:23,606 - classify.py[line:156] - INFO: Epoch 66, toal_loss 106.1073, aver loss 0.0184, test accuracy 0.5200
2021-05-16 14:41:24,509 - classify.py[line:156] - INFO: Epoch 67, toal_loss 106.2308, aver loss 0.0182, test accuracy 0.5350
2021-05-16 14:41:25,380 - classify.py[line:156] - INFO: Epoch 68, toal_loss 106.4855, aver loss 0.0179, test accuracy 0.5100
2021-05-16 14:41:26,256 - classify.py[line:156] - INFO: Epoch 69, toal_loss 106.5869, aver loss 0.0177, test accuracy 0.5350
2021-05-16 14:41:27,142 - classify.py[line:156] - INFO: Epoch 70, toal_loss 106.3143, aver loss 0.0174, test accuracy 0.4850
2021-05-16 14:41:28,065 - classify.py[line:156] - INFO: Epoch 71, toal_loss 106.4125, aver loss 0.0172, test accuracy 0.5450
2021-05-16 14:41:28,972 - classify.py[line:156] - INFO: Epoch 72, toal_loss 106.1105, aver loss 0.0169, test accuracy 0.5250
2021-05-16 14:41:29,806 - classify.py[line:156] - INFO: Epoch 73, toal_loss 105.9160, aver loss 0.0166, test accuracy 0.4950
2021-05-16 14:41:30,756 - classify.py[line:156] - INFO: Epoch 74, toal_loss 105.8735, aver loss 0.0164, test accuracy 0.4950
2021-05-16 14:41:31,694 - classify.py[line:156] - INFO: Epoch 75, toal_loss 106.4264, aver loss 0.0163, test accuracy 0.5500
2021-05-16 14:41:32,586 - classify.py[line:156] - INFO: Epoch 76, toal_loss 106.0675, aver loss 0.0160, test accuracy 0.4950
2021-05-16 14:41:33,495 - classify.py[line:156] - INFO: Epoch 77, toal_loss 105.8748, aver loss 0.0158, test accuracy 0.5400
2021-05-16 14:41:34,383 - classify.py[line:156] - INFO: Epoch 78, toal_loss 106.2289, aver loss 0.0156, test accuracy 0.5350
2021-05-16 14:41:35,326 - classify.py[line:156] - INFO: Epoch 79, toal_loss 106.0703, aver loss 0.0154, test accuracy 0.4950
