2021-05-21 18:59:20,118 - train.py[line:68] - INFO: {'word_embedding_dimension': 300, 'Epoch1': 20, 'Epoch2': 10, 'dropout': 0.1, 'label_num': 2, 'learning_rate1': 0.001, 'learning_rate2': 1e-05, 'batch_size': 64, 'cuda': True, 'negSampleNum': 8, 'poSampleNum': 1, 'max_bound': 1.0, 'kernel_sizes': [3, 4, 5], 'hidden_size': 256, 'hidden_layers': 1, 'bidirectional': True}
2021-05-21 18:59:20,119 - train.py[line:69] - INFO: Namespace(bs=64, dataset='Subj', epoch=20, l2=0.0001, loadmodel=0, lr=0.001, maxbound=1.0, modelfilename='110_Epoch_12_model_1_12_0.708.pt', modelname='TextCNN', modelnum='0', negNum=8, posNum=1, resultnum=122, runmode='train', seed=1, startepoch=0)
2021-05-21 18:59:20,119 - train.py[line:272] - INFO: pos,neg Num=8,8
2021-05-21 18:59:24,163 - train.py[line:231] - INFO: train data loaded!
2021-05-21 18:59:27,155 - train.py[line:256] - INFO: ...start training...
2021-05-21 19:00:26,320 - train.py[line:168] - INFO: Epoch 0, 124 th batch, total loss: 32722.20, aver loss: 261.78, aver neg loss:   0.40, aver pos loss:   0.36, test acc:   0.45;     59 s elapsed
2021-05-21 19:01:23,083 - train.py[line:168] - INFO: Epoch 1, 124 th batch, total loss: 28561.52, aver loss: 228.49, aver neg loss:   0.51, aver pos loss:   0.47, test acc:   0.43;    116 s elapsed
2021-05-21 19:02:19,970 - train.py[line:168] - INFO: Epoch 2, 124 th batch, total loss: 28710.42, aver loss: 229.68, aver neg loss:   0.52, aver pos loss:   0.48, test acc:   0.46;    173 s elapsed
2021-05-21 19:03:16,297 - train.py[line:168] - INFO: Epoch 3, 124 th batch, total loss: 28233.17, aver loss: 225.87, aver neg loss:   0.53, aver pos loss:   0.50, test acc:   0.46;    229 s elapsed
2021-05-21 19:04:13,335 - train.py[line:168] - INFO: Epoch 4, 124 th batch, total loss: 27859.58, aver loss: 222.88, aver neg loss:   0.53, aver pos loss:   0.49, test acc:   0.51;    286 s elapsed
2021-05-21 19:05:09,540 - train.py[line:168] - INFO: Epoch 5, 124 th batch, total loss: 28067.07, aver loss: 224.54, aver neg loss:   0.54, aver pos loss:   0.50, test acc:   0.45;    342 s elapsed
2021-05-21 19:06:05,963 - train.py[line:168] - INFO: Epoch 6, 124 th batch, total loss: 28017.64, aver loss: 224.14, aver neg loss:   0.53, aver pos loss:   0.50, test acc:   0.43;    399 s elapsed
2021-05-21 19:07:02,415 - train.py[line:168] - INFO: Epoch 7, 124 th batch, total loss: 27835.75, aver loss: 222.69, aver neg loss:   0.54, aver pos loss:   0.50, test acc:   0.43;    455 s elapsed
2021-05-21 19:07:58,538 - train.py[line:168] - INFO: Epoch 8, 124 th batch, total loss: 27892.09, aver loss: 223.14, aver neg loss:   0.54, aver pos loss:   0.50, test acc:   0.47;    511 s elapsed
2021-05-21 19:08:55,099 - train.py[line:168] - INFO: Epoch 9, 124 th batch, total loss: 27796.35, aver loss: 222.37, aver neg loss:   0.54, aver pos loss:   0.51, test acc:   0.47;    568 s elapsed
2021-05-21 19:09:51,067 - train.py[line:168] - INFO: Epoch 10, 124 th batch, total loss: 27566.16, aver loss: 220.53, aver neg loss:   0.54, aver pos loss:   0.50, test acc:   0.49;    624 s elapsed
2021-05-21 19:10:47,425 - train.py[line:168] - INFO: Epoch 11, 124 th batch, total loss: 27801.13, aver loss: 222.41, aver neg loss:   0.54, aver pos loss:   0.51, test acc:   0.49;    680 s elapsed
2021-05-21 19:11:44,161 - train.py[line:168] - INFO: Epoch 12, 124 th batch, total loss: 27628.86, aver loss: 221.03, aver neg loss:   0.54, aver pos loss:   0.51, test acc:   0.48;    737 s elapsed
2021-05-21 19:12:41,216 - train.py[line:168] - INFO: Epoch 13, 124 th batch, total loss: 27471.83, aver loss: 219.77, aver neg loss:   0.54, aver pos loss:   0.51, test acc:   0.49;    794 s elapsed
2021-05-21 19:13:37,890 - train.py[line:168] - INFO: Epoch 14, 124 th batch, total loss: 27574.43, aver loss: 220.60, aver neg loss:   0.55, aver pos loss:   0.51, test acc:   0.50;    851 s elapsed
2021-05-21 19:14:33,930 - train.py[line:168] - INFO: Epoch 15, 124 th batch, total loss: 27409.37, aver loss: 219.27, aver neg loss:   0.55, aver pos loss:   0.52, test acc:   0.46;    907 s elapsed
2021-05-21 19:15:30,371 - train.py[line:168] - INFO: Epoch 16, 124 th batch, total loss: 27469.88, aver loss: 219.76, aver neg loss:   0.55, aver pos loss:   0.51, test acc:   0.46;    963 s elapsed
2021-05-21 19:16:26,781 - train.py[line:168] - INFO: Epoch 17, 124 th batch, total loss: 27470.66, aver loss: 219.77, aver neg loss:   0.55, aver pos loss:   0.50, test acc:   0.49;   1020 s elapsed
2021-05-21 19:17:23,962 - train.py[line:168] - INFO: Epoch 18, 124 th batch, total loss: 27484.96, aver loss: 219.88, aver neg loss:   0.54, aver pos loss:   0.51, test acc:   0.47;   1077 s elapsed
2021-05-21 19:18:20,207 - train.py[line:168] - INFO: Epoch 19, 124 th batch, total loss: 27420.86, aver loss: 219.37, aver neg loss:   0.54, aver pos loss:   0.51, test acc:   0.49;   1133 s elapsed
2021-05-21 19:18:20,213 - train.py[line:184] - INFO: model saved!
2021-05-21 19:18:21,168 - train.py[line:272] - INFO: pos,neg Num=1,4
2021-05-21 19:18:21,846 - train.py[line:231] - INFO: train data loaded!
2021-05-21 19:18:21,847 - train.py[line:256] - INFO: ...start training...
2021-05-21 19:19:18,002 - train.py[line:168] - INFO: Epoch 0, 124 th batch, total loss: 20112.60, aver loss: 160.90, aver neg loss:   0.67, aver pos loss:   0.12, test acc:   0.50;     56 s elapsed
2021-05-21 19:20:15,372 - train.py[line:168] - INFO: Epoch 1, 124 th batch, total loss: 14448.68, aver loss: 115.59, aver neg loss:   0.81, aver pos loss:   0.10, test acc:   0.50;    114 s elapsed
2021-05-21 19:21:11,744 - train.py[line:168] - INFO: Epoch 2, 124 th batch, total loss: 13788.10, aver loss: 110.30, aver neg loss:   0.82, aver pos loss:   0.09, test acc:   0.50;    170 s elapsed
2021-05-21 19:22:07,826 - train.py[line:168] - INFO: Epoch 3, 124 th batch, total loss: 13313.55, aver loss: 106.51, aver neg loss:   0.83, aver pos loss:   0.10, test acc:   0.50;    226 s elapsed
2021-05-21 19:23:03,674 - train.py[line:168] - INFO: Epoch 4, 124 th batch, total loss: 12821.94, aver loss: 102.58, aver neg loss:   0.84, aver pos loss:   0.10, test acc:   0.50;    282 s elapsed
2021-05-21 19:23:59,410 - train.py[line:168] - INFO: Epoch 5, 124 th batch, total loss: 12560.99, aver loss: 100.49, aver neg loss:   0.85, aver pos loss:   0.10, test acc:   0.51;    338 s elapsed
2021-05-21 19:24:55,834 - train.py[line:168] - INFO: Epoch 6, 124 th batch, total loss: 12179.00, aver loss:  97.43, aver neg loss:   0.86, aver pos loss:   0.10, test acc:   0.50;    394 s elapsed
2021-05-21 19:25:53,165 - train.py[line:168] - INFO: Epoch 7, 124 th batch, total loss: 12055.22, aver loss:  96.44, aver neg loss:   0.87, aver pos loss:   0.10, test acc:   0.51;    451 s elapsed
2021-05-21 19:26:49,260 - train.py[line:168] - INFO: Epoch 8, 124 th batch, total loss: 11829.58, aver loss:  94.64, aver neg loss:   0.87, aver pos loss:   0.10, test acc:   0.51;    507 s elapsed
2021-05-21 19:27:43,747 - train.py[line:168] - INFO: Epoch 9, 124 th batch, total loss: 11596.85, aver loss:  92.77, aver neg loss:   0.88, aver pos loss:   0.10, test acc:   0.52;    562 s elapsed
2021-05-21 19:28:39,670 - train.py[line:168] - INFO: Epoch 10, 124 th batch, total loss: 11442.02, aver loss:  91.54, aver neg loss:   0.88, aver pos loss:   0.11, test acc:   0.51;    618 s elapsed
2021-05-21 19:29:33,955 - train.py[line:168] - INFO: Epoch 11, 124 th batch, total loss: 11244.80, aver loss:  89.96, aver neg loss:   0.89, aver pos loss:   0.10, test acc:   0.52;    672 s elapsed
2021-05-21 19:30:28,223 - train.py[line:168] - INFO: Epoch 12, 124 th batch, total loss: 11090.11, aver loss:  88.72, aver neg loss:   0.89, aver pos loss:   0.10, test acc:   0.52;    726 s elapsed
2021-05-21 19:31:23,887 - train.py[line:168] - INFO: Epoch 13, 124 th batch, total loss: 10986.76, aver loss:  87.89, aver neg loss:   0.90, aver pos loss:   0.10, test acc:   0.52;    782 s elapsed
2021-05-21 19:32:19,272 - train.py[line:168] - INFO: Epoch 14, 124 th batch, total loss: 10914.50, aver loss:  87.32, aver neg loss:   0.90, aver pos loss:   0.10, test acc:   0.52;    837 s elapsed
2021-05-21 19:33:13,790 - train.py[line:168] - INFO: Epoch 15, 124 th batch, total loss: 10700.76, aver loss:  85.61, aver neg loss:   0.90, aver pos loss:   0.10, test acc:   0.52;    892 s elapsed
2021-05-21 19:34:08,123 - train.py[line:168] - INFO: Epoch 16, 124 th batch, total loss: 10695.11, aver loss:  85.56, aver neg loss:   0.90, aver pos loss:   0.11, test acc:   0.53;    946 s elapsed
2021-05-21 19:35:02,465 - train.py[line:168] - INFO: Epoch 17, 124 th batch, total loss: 10598.75, aver loss:  84.79, aver neg loss:   0.91, aver pos loss:   0.11, test acc:   0.51;   1001 s elapsed
2021-05-21 19:35:57,824 - train.py[line:168] - INFO: Epoch 18, 124 th batch, total loss: 10415.79, aver loss:  83.33, aver neg loss:   0.91, aver pos loss:   0.11, test acc:   0.52;   1056 s elapsed
2021-05-21 19:36:52,045 - train.py[line:168] - INFO: Epoch 19, 124 th batch, total loss: 10297.95, aver loss:  82.38, aver neg loss:   0.92, aver pos loss:   0.10, test acc:   0.52;   1110 s elapsed
2021-05-21 19:36:52,050 - train.py[line:184] - INFO: model saved!
2021-05-21 19:36:52,260 - train.py[line:272] - INFO: pos,neg Num=2,8
2021-05-21 19:36:53,340 - train.py[line:231] - INFO: train data loaded!
2021-05-21 19:36:53,341 - train.py[line:256] - INFO: ...start training...
2021-05-21 19:37:53,113 - train.py[line:168] - INFO: Epoch 0, 124 th batch, total loss: 23495.91, aver loss: 187.97, aver neg loss:   0.57, aver pos loss:   0.13, test acc:   0.50;     60 s elapsed
2021-05-21 19:38:51,354 - train.py[line:168] - INFO: Epoch 1, 124 th batch, total loss: 18587.20, aver loss: 148.70, aver neg loss:   0.70, aver pos loss:   0.12, test acc:   0.48;    118 s elapsed
2021-05-21 19:39:47,642 - train.py[line:168] - INFO: Epoch 2, 124 th batch, total loss: 14298.79, aver loss: 114.39, aver neg loss:   0.81, aver pos loss:   0.11, test acc:   0.42;    174 s elapsed
2021-05-21 19:40:44,118 - train.py[line:168] - INFO: Epoch 3, 124 th batch, total loss: 13147.65, aver loss: 105.18, aver neg loss:   0.83, aver pos loss:   0.10, test acc:   0.40;    231 s elapsed
2021-05-21 19:41:39,895 - train.py[line:168] - INFO: Epoch 4, 124 th batch, total loss: 12426.64, aver loss:  99.41, aver neg loss:   0.85, aver pos loss:   0.10, test acc:   0.40;    287 s elapsed
2021-05-21 19:42:35,343 - train.py[line:168] - INFO: Epoch 5, 124 th batch, total loss: 12100.20, aver loss:  96.80, aver neg loss:   0.86, aver pos loss:   0.10, test acc:   0.39;    342 s elapsed
2021-05-21 19:43:31,415 - train.py[line:168] - INFO: Epoch 6, 124 th batch, total loss: 11717.25, aver loss:  93.74, aver neg loss:   0.87, aver pos loss:   0.10, test acc:   0.40;    398 s elapsed
2021-05-21 19:44:27,757 - train.py[line:168] - INFO: Epoch 7, 124 th batch, total loss: 11492.67, aver loss:  91.94, aver neg loss:   0.88, aver pos loss:   0.10, test acc:   0.38;    454 s elapsed
2021-05-21 19:45:21,650 - train.py[line:168] - INFO: Epoch 8, 124 th batch, total loss: 11302.51, aver loss:  90.42, aver neg loss:   0.89, aver pos loss:   0.10, test acc:   0.39;    508 s elapsed
2021-05-21 19:46:14,762 - train.py[line:168] - INFO: Epoch 9, 124 th batch, total loss: 10981.17, aver loss:  87.85, aver neg loss:   0.89, aver pos loss:   0.10, test acc:   0.39;    561 s elapsed
2021-05-21 19:47:09,904 - train.py[line:168] - INFO: Epoch 10, 124 th batch, total loss: 10796.30, aver loss:  86.37, aver neg loss:   0.90, aver pos loss:   0.10, test acc:   0.39;    617 s elapsed
2021-05-21 19:48:05,364 - train.py[line:168] - INFO: Epoch 11, 124 th batch, total loss: 10614.78, aver loss:  84.92, aver neg loss:   0.91, aver pos loss:   0.10, test acc:   0.38;    672 s elapsed
2021-05-21 19:49:01,586 - train.py[line:168] - INFO: Epoch 12, 124 th batch, total loss: 10461.11, aver loss:  83.69, aver neg loss:   0.91, aver pos loss:   0.10, test acc:   0.40;    728 s elapsed
2021-05-21 19:49:56,222 - train.py[line:168] - INFO: Epoch 13, 124 th batch, total loss: 10323.25, aver loss:  82.59, aver neg loss:   0.92, aver pos loss:   0.10, test acc:   0.39;    783 s elapsed
2021-05-21 19:50:51,818 - train.py[line:168] - INFO: Epoch 14, 124 th batch, total loss: 10233.46, aver loss:  81.87, aver neg loss:   0.92, aver pos loss:   0.10, test acc:   0.38;    838 s elapsed
2021-05-21 19:51:47,537 - train.py[line:168] - INFO: Epoch 15, 124 th batch, total loss: 10017.49, aver loss:  80.14, aver neg loss:   0.93, aver pos loss:   0.10, test acc:   0.42;    894 s elapsed
2021-05-21 19:52:43,768 - train.py[line:168] - INFO: Epoch 16, 124 th batch, total loss: 9929.34, aver loss:  79.43, aver neg loss:   0.93, aver pos loss:   0.10, test acc:   0.41;    950 s elapsed
2021-05-21 19:53:39,011 - train.py[line:168] - INFO: Epoch 17, 124 th batch, total loss: 9831.32, aver loss:  78.65, aver neg loss:   0.93, aver pos loss:   0.10, test acc:   0.42;   1006 s elapsed
2021-05-21 19:54:33,722 - train.py[line:168] - INFO: Epoch 18, 124 th batch, total loss: 9668.24, aver loss:  77.35, aver neg loss:   0.94, aver pos loss:   0.11, test acc:   0.42;   1060 s elapsed
2021-05-21 19:55:29,247 - train.py[line:168] - INFO: Epoch 19, 124 th batch, total loss: 9537.39, aver loss:  76.30, aver neg loss:   0.94, aver pos loss:   0.10, test acc:   0.43;   1116 s elapsed
2021-05-21 19:55:29,252 - train.py[line:184] - INFO: model saved!
2021-05-21 19:55:29,566 - train.py[line:272] - INFO: pos,neg Num=1,8
2021-05-21 19:55:30,229 - train.py[line:231] - INFO: train data loaded!
2021-05-21 19:55:30,230 - train.py[line:256] - INFO: ...start training...
2021-05-21 19:56:29,823 - train.py[line:168] - INFO: Epoch 0, 124 th batch, total loss: 21155.68, aver loss: 169.25, aver neg loss:   0.63, aver pos loss:   0.11, test acc:   0.58;     60 s elapsed
2021-05-21 19:57:26,998 - train.py[line:168] - INFO: Epoch 1, 124 th batch, total loss: 14722.94, aver loss: 117.78, aver neg loss:   0.80, aver pos loss:   0.10, test acc:   0.58;    117 s elapsed
2021-05-21 19:58:22,520 - train.py[line:168] - INFO: Epoch 2, 124 th batch, total loss: 13881.03, aver loss: 111.05, aver neg loss:   0.81, aver pos loss:   0.10, test acc:   0.56;    172 s elapsed
2021-05-21 19:59:16,430 - train.py[line:168] - INFO: Epoch 3, 124 th batch, total loss: 13428.55, aver loss: 107.43, aver neg loss:   0.82, aver pos loss:   0.10, test acc:   0.56;    226 s elapsed
2021-05-21 20:00:12,888 - train.py[line:168] - INFO: Epoch 4, 124 th batch, total loss: 13132.55, aver loss: 105.06, aver neg loss:   0.83, aver pos loss:   0.10, test acc:   0.54;    283 s elapsed
2021-05-21 20:01:08,603 - train.py[line:168] - INFO: Epoch 5, 124 th batch, total loss: 12749.11, aver loss: 101.99, aver neg loss:   0.84, aver pos loss:   0.10, test acc:   0.53;    338 s elapsed
2021-05-21 20:02:03,721 - train.py[line:168] - INFO: Epoch 6, 124 th batch, total loss: 12483.07, aver loss:  99.86, aver neg loss:   0.85, aver pos loss:   0.10, test acc:   0.51;    393 s elapsed
2021-05-21 20:02:59,876 - train.py[line:168] - INFO: Epoch 7, 124 th batch, total loss: 12212.08, aver loss:  97.70, aver neg loss:   0.86, aver pos loss:   0.10, test acc:   0.52;    450 s elapsed
2021-05-21 20:03:54,666 - train.py[line:168] - INFO: Epoch 8, 124 th batch, total loss: 12098.06, aver loss:  96.78, aver neg loss:   0.86, aver pos loss:   0.10, test acc:   0.51;    504 s elapsed
2021-05-21 20:04:48,723 - train.py[line:168] - INFO: Epoch 9, 124 th batch, total loss: 11866.55, aver loss:  94.93, aver neg loss:   0.87, aver pos loss:   0.10, test acc:   0.50;    558 s elapsed
2021-05-21 20:05:44,285 - train.py[line:168] - INFO: Epoch 10, 124 th batch, total loss: 11784.70, aver loss:  94.28, aver neg loss:   0.87, aver pos loss:   0.10, test acc:   0.51;    614 s elapsed
2021-05-21 20:06:38,937 - train.py[line:168] - INFO: Epoch 11, 124 th batch, total loss: 11702.03, aver loss:  93.62, aver neg loss:   0.88, aver pos loss:   0.10, test acc:   0.51;    669 s elapsed
2021-05-21 20:07:35,078 - train.py[line:168] - INFO: Epoch 12, 124 th batch, total loss: 11571.62, aver loss:  92.57, aver neg loss:   0.88, aver pos loss:   0.10, test acc:   0.50;    725 s elapsed
2021-05-21 20:08:30,250 - train.py[line:168] - INFO: Epoch 13, 124 th batch, total loss: 11326.81, aver loss:  90.61, aver neg loss:   0.88, aver pos loss:   0.10, test acc:   0.51;    780 s elapsed
2021-05-21 20:09:25,780 - train.py[line:168] - INFO: Epoch 14, 124 th batch, total loss: 11179.05, aver loss:  89.43, aver neg loss:   0.89, aver pos loss:   0.10, test acc:   0.50;    836 s elapsed
2021-05-21 20:10:20,346 - train.py[line:168] - INFO: Epoch 15, 124 th batch, total loss: 11151.86, aver loss:  89.21, aver neg loss:   0.89, aver pos loss:   0.10, test acc:   0.51;    890 s elapsed
2021-05-21 20:11:13,898 - train.py[line:168] - INFO: Epoch 16, 124 th batch, total loss: 10961.19, aver loss:  87.69, aver neg loss:   0.90, aver pos loss:   0.10, test acc:   0.50;    944 s elapsed
2021-05-21 20:12:09,337 - train.py[line:168] - INFO: Epoch 17, 124 th batch, total loss: 10833.72, aver loss:  86.67, aver neg loss:   0.90, aver pos loss:   0.10, test acc:   0.50;    999 s elapsed
2021-05-21 20:13:03,718 - train.py[line:168] - INFO: Epoch 18, 124 th batch, total loss: 10816.06, aver loss:  86.53, aver neg loss:   0.90, aver pos loss:   0.10, test acc:   0.50;   1053 s elapsed
2021-05-21 20:13:59,329 - train.py[line:168] - INFO: Epoch 19, 124 th batch, total loss: 10668.62, aver loss:  85.35, aver neg loss:   0.91, aver pos loss:   0.10, test acc:   0.50;   1109 s elapsed
2021-05-21 20:13:59,334 - train.py[line:184] - INFO: model saved!
2021-05-21 20:13:59,561 - train.py[line:272] - INFO: pos,neg Num=2,16
2021-05-21 20:14:00,774 - train.py[line:231] - INFO: train data loaded!
2021-05-21 20:14:00,775 - train.py[line:256] - INFO: ...start training...
2021-05-21 20:14:59,589 - train.py[line:168] - INFO: Epoch 0, 124 th batch, total loss: 21557.10, aver loss: 172.46, aver neg loss:   0.62, aver pos loss:   0.15, test acc:   0.47;     59 s elapsed
2021-05-21 20:15:56,656 - train.py[line:168] - INFO: Epoch 1, 124 th batch, total loss: 15103.65, aver loss: 120.83, aver neg loss:   0.80, aver pos loss:   0.12, test acc:   0.41;    116 s elapsed
2021-05-21 20:16:53,075 - train.py[line:168] - INFO: Epoch 2, 124 th batch, total loss: 13046.81, aver loss: 104.37, aver neg loss:   0.84, aver pos loss:   0.11, test acc:   0.39;    172 s elapsed
2021-05-21 20:17:47,083 - train.py[line:168] - INFO: Epoch 3, 124 th batch, total loss: 12230.42, aver loss:  97.84, aver neg loss:   0.86, aver pos loss:   0.11, test acc:   0.41;    226 s elapsed
2021-05-21 20:18:41,811 - train.py[line:168] - INFO: Epoch 4, 124 th batch, total loss: 11736.46, aver loss:  93.89, aver neg loss:   0.87, aver pos loss:   0.11, test acc:   0.41;    281 s elapsed
2021-05-21 20:19:36,712 - train.py[line:168] - INFO: Epoch 5, 124 th batch, total loss: 11375.36, aver loss:  91.00, aver neg loss:   0.89, aver pos loss:   0.11, test acc:   0.41;    336 s elapsed
2021-05-21 20:20:29,305 - train.py[line:168] - INFO: Epoch 6, 124 th batch, total loss: 11094.92, aver loss:  88.76, aver neg loss:   0.89, aver pos loss:   0.11, test acc:   0.42;    389 s elapsed
2021-05-21 20:21:22,114 - train.py[line:168] - INFO: Epoch 7, 124 th batch, total loss: 10760.31, aver loss:  86.08, aver neg loss:   0.90, aver pos loss:   0.11, test acc:   0.42;    441 s elapsed
2021-05-21 20:22:15,733 - train.py[line:168] - INFO: Epoch 8, 124 th batch, total loss: 10683.53, aver loss:  85.47, aver neg loss:   0.91, aver pos loss:   0.11, test acc:   0.42;    495 s elapsed
2021-05-21 20:23:09,625 - train.py[line:168] - INFO: Epoch 9, 124 th batch, total loss: 10364.52, aver loss:  82.92, aver neg loss:   0.91, aver pos loss:   0.11, test acc:   0.42;    549 s elapsed
2021-05-21 20:24:04,334 - train.py[line:168] - INFO: Epoch 10, 124 th batch, total loss: 10235.65, aver loss:  81.89, aver neg loss:   0.92, aver pos loss:   0.11, test acc:   0.42;    604 s elapsed
2021-05-21 20:24:58,814 - train.py[line:168] - INFO: Epoch 11, 124 th batch, total loss: 10113.94, aver loss:  80.91, aver neg loss:   0.92, aver pos loss:   0.11, test acc:   0.44;    658 s elapsed
2021-05-21 20:25:52,302 - train.py[line:168] - INFO: Epoch 12, 124 th batch, total loss: 9987.46, aver loss:  79.90, aver neg loss:   0.93, aver pos loss:   0.11, test acc:   0.44;    712 s elapsed
2021-05-21 20:26:45,761 - train.py[line:168] - INFO: Epoch 13, 124 th batch, total loss: 9964.63, aver loss:  79.72, aver neg loss:   0.93, aver pos loss:   0.11, test acc:   0.43;    765 s elapsed
2021-05-21 20:27:39,315 - train.py[line:168] - INFO: Epoch 14, 124 th batch, total loss: 9660.97, aver loss:  77.29, aver neg loss:   0.94, aver pos loss:   0.11, test acc:   0.45;    819 s elapsed
2021-05-21 20:28:31,744 - train.py[line:168] - INFO: Epoch 15, 124 th batch, total loss: 9659.01, aver loss:  77.27, aver neg loss:   0.94, aver pos loss:   0.10, test acc:   0.44;    871 s elapsed
2021-05-21 20:29:24,700 - train.py[line:168] - INFO: Epoch 16, 124 th batch, total loss: 9521.04, aver loss:  76.17, aver neg loss:   0.94, aver pos loss:   0.11, test acc:   0.44;    924 s elapsed
2021-05-21 20:30:17,261 - train.py[line:168] - INFO: Epoch 17, 124 th batch, total loss: 9446.69, aver loss:  75.57, aver neg loss:   0.95, aver pos loss:   0.11, test acc:   0.44;    976 s elapsed
2021-05-21 20:45:12,543 - train.py[line:168] - INFO: Epoch 18, 124 th batch, total loss: 9301.29, aver loss:  74.41, aver neg loss:   0.95, aver pos loss:   0.11, test acc:   0.45;   1872 s elapsed
2021-05-21 20:46:06,901 - train.py[line:168] - INFO: Epoch 19, 124 th batch, total loss: 9182.72, aver loss:  73.46, aver neg loss:   0.95, aver pos loss:   0.11, test acc:   0.45;   1926 s elapsed
2021-05-21 20:46:06,907 - train.py[line:184] - INFO: model saved!
2021-05-21 20:46:07,240 - train.py[line:272] - INFO: pos,neg Num=8,1
2021-05-21 20:46:10,770 - train.py[line:231] - INFO: train data loaded!
2021-05-21 20:46:10,771 - train.py[line:256] - INFO: ...start training...
2021-05-21 20:47:13,092 - train.py[line:168] - INFO: Epoch 0, 124 th batch, total loss: 32509.00, aver loss: 260.07, aver neg loss:   0.40, aver pos loss:   0.35, test acc:   0.55;     62 s elapsed
2021-05-21 20:48:14,063 - train.py[line:168] - INFO: Epoch 1, 124 th batch, total loss: 28765.07, aver loss: 230.12, aver neg loss:   0.50, aver pos loss:   0.46, test acc:   0.55;    123 s elapsed
2021-05-21 20:49:13,701 - train.py[line:168] - INFO: Epoch 2, 124 th batch, total loss: 28426.14, aver loss: 227.41, aver neg loss:   0.52, aver pos loss:   0.49, test acc:   0.51;    183 s elapsed
2021-05-21 20:50:12,597 - train.py[line:168] - INFO: Epoch 3, 124 th batch, total loss: 28301.91, aver loss: 226.42, aver neg loss:   0.52, aver pos loss:   0.49, test acc:   0.52;    242 s elapsed
2021-05-21 20:51:12,498 - train.py[line:168] - INFO: Epoch 4, 124 th batch, total loss: 28212.15, aver loss: 225.70, aver neg loss:   0.53, aver pos loss:   0.50, test acc:   0.51;    302 s elapsed
2021-05-21 20:52:13,025 - train.py[line:168] - INFO: Epoch 5, 124 th batch, total loss: 28085.59, aver loss: 224.68, aver neg loss:   0.53, aver pos loss:   0.50, test acc:   0.46;    362 s elapsed
2021-05-21 20:53:13,602 - train.py[line:168] - INFO: Epoch 6, 124 th batch, total loss: 28186.20, aver loss: 225.49, aver neg loss:   0.53, aver pos loss:   0.50, test acc:   0.49;    423 s elapsed
2021-05-21 20:54:12,831 - train.py[line:168] - INFO: Epoch 7, 124 th batch, total loss: 28004.75, aver loss: 224.04, aver neg loss:   0.53, aver pos loss:   0.50, test acc:   0.49;    482 s elapsed
2021-05-21 20:56:07,437 - train.py[line:168] - INFO: Epoch 8, 124 th batch, total loss: 27935.21, aver loss: 223.48, aver neg loss:   0.54, aver pos loss:   0.51, test acc:   0.51;    543 s elapsed
2021-05-21 20:57:09,043 - train.py[line:168] - INFO: Epoch 9, 124 th batch, total loss: 27676.26, aver loss: 221.41, aver neg loss:   0.54, aver pos loss:   0.50, test acc:   0.51;    658 s elapsed
2021-05-21 20:58:09,315 - train.py[line:168] - INFO: Epoch 10, 124 th batch, total loss: 27841.00, aver loss: 222.73, aver neg loss:   0.54, aver pos loss:   0.51, test acc:   0.54;    719 s elapsed
2021-05-21 20:59:10,743 - train.py[line:168] - INFO: Epoch 11, 124 th batch, total loss: 27701.32, aver loss: 221.61, aver neg loss:   0.54, aver pos loss:   0.50, test acc:   0.54;    780 s elapsed
2021-05-21 21:00:11,063 - train.py[line:168] - INFO: Epoch 12, 124 th batch, total loss: 27662.52, aver loss: 221.30, aver neg loss:   0.54, aver pos loss:   0.51, test acc:   0.52;    840 s elapsed
2021-05-21 21:01:11,559 - train.py[line:168] - INFO: Epoch 13, 124 th batch, total loss: 27646.68, aver loss: 221.17, aver neg loss:   0.54, aver pos loss:   0.50, test acc:   0.55;    901 s elapsed
2021-05-21 21:02:12,399 - train.py[line:168] - INFO: Epoch 14, 124 th batch, total loss: 27633.75, aver loss: 221.07, aver neg loss:   0.55, aver pos loss:   0.51, test acc:   0.54;    962 s elapsed
2021-05-21 21:03:12,591 - train.py[line:168] - INFO: Epoch 15, 124 th batch, total loss: 27457.35, aver loss: 219.66, aver neg loss:   0.54, aver pos loss:   0.51, test acc:   0.52;   1022 s elapsed
2021-05-21 21:04:14,472 - train.py[line:168] - INFO: Epoch 16, 124 th batch, total loss: 27618.58, aver loss: 220.95, aver neg loss:   0.54, aver pos loss:   0.50, test acc:   0.48;   1084 s elapsed
2021-05-21 21:05:14,553 - train.py[line:168] - INFO: Epoch 17, 124 th batch, total loss: 27576.41, aver loss: 220.61, aver neg loss:   0.54, aver pos loss:   0.51, test acc:   0.50;   1144 s elapsed
2021-05-21 21:06:14,974 - train.py[line:168] - INFO: Epoch 18, 124 th batch, total loss: 27325.99, aver loss: 218.61, aver neg loss:   0.54, aver pos loss:   0.51, test acc:   0.54;   1204 s elapsed
2021-05-21 21:07:14,273 - train.py[line:168] - INFO: Epoch 19, 124 th batch, total loss: 27281.38, aver loss: 218.25, aver neg loss:   0.55, aver pos loss:   0.51, test acc:   0.51;   1263 s elapsed
2021-05-21 21:07:14,278 - train.py[line:184] - INFO: model saved!
2021-05-21 21:07:15,071 - train.py[line:272] - INFO: pos,neg Num=16,2
2021-05-21 21:07:21,583 - train.py[line:231] - INFO: train data loaded!
2021-05-21 21:07:21,584 - train.py[line:256] - INFO: ...start training...
2021-05-21 21:09:10,022 - train.py[line:168] - INFO: Epoch 0, 122 th batch, total loss: 57323.99, aver loss: 466.05, aver neg loss:   0.36, aver pos loss:   0.32, test acc:   0.52;    108 s elapsed
2021-05-21 21:10:55,285 - train.py[line:168] - INFO: Epoch 1, 122 th batch, total loss: 48249.22, aver loss: 392.27, aver neg loss:   0.50, aver pos loss:   0.46, test acc:   0.55;    214 s elapsed
2021-05-21 21:12:39,497 - train.py[line:168] - INFO: Epoch 2, 122 th batch, total loss: 47110.21, aver loss: 383.01, aver neg loss:   0.52, aver pos loss:   0.49, test acc:   0.53;    318 s elapsed
2021-05-21 21:14:22,757 - train.py[line:168] - INFO: Epoch 3, 122 th batch, total loss: 46270.80, aver loss: 376.19, aver neg loss:   0.53, aver pos loss:   0.51, test acc:   0.52;    421 s elapsed
2021-05-21 21:16:06,902 - train.py[line:168] - INFO: Epoch 4, 122 th batch, total loss: 45898.34, aver loss: 373.16, aver neg loss:   0.54, aver pos loss:   0.51, test acc:   0.52;    525 s elapsed
2021-05-21 21:17:49,442 - train.py[line:168] - INFO: Epoch 5, 122 th batch, total loss: 45863.86, aver loss: 372.88, aver neg loss:   0.54, aver pos loss:   0.51, test acc:   0.51;    628 s elapsed
2021-05-21 21:19:33,249 - train.py[line:168] - INFO: Epoch 6, 122 th batch, total loss: 45533.50, aver loss: 370.19, aver neg loss:   0.55, aver pos loss:   0.52, test acc:   0.49;    732 s elapsed
2021-05-21 21:21:16,671 - train.py[line:168] - INFO: Epoch 7, 122 th batch, total loss: 45640.47, aver loss: 371.06, aver neg loss:   0.54, aver pos loss:   0.53, test acc:   0.49;    835 s elapsed
2021-05-21 21:22:58,755 - train.py[line:168] - INFO: Epoch 8, 122 th batch, total loss: 45283.41, aver loss: 368.16, aver neg loss:   0.55, aver pos loss:   0.53, test acc:   0.50;    937 s elapsed
2021-05-21 21:24:41,673 - train.py[line:168] - INFO: Epoch 9, 122 th batch, total loss: 45081.54, aver loss: 366.52, aver neg loss:   0.55, aver pos loss:   0.53, test acc:   0.51;   1040 s elapsed
2021-05-21 21:26:24,564 - train.py[line:168] - INFO: Epoch 10, 122 th batch, total loss: 45392.22, aver loss: 369.04, aver neg loss:   0.55, aver pos loss:   0.53, test acc:   0.51;   1143 s elapsed
2021-05-21 21:28:08,179 - train.py[line:168] - INFO: Epoch 11, 122 th batch, total loss: 45110.27, aver loss: 366.75, aver neg loss:   0.55, aver pos loss:   0.53, test acc:   0.49;   1247 s elapsed
2021-05-21 21:29:51,617 - train.py[line:168] - INFO: Epoch 12, 122 th batch, total loss: 45106.70, aver loss: 366.72, aver neg loss:   0.55, aver pos loss:   0.53, test acc:   0.50;   1350 s elapsed
2021-05-21 21:31:33,943 - train.py[line:168] - INFO: Epoch 13, 122 th batch, total loss: 44971.55, aver loss: 365.62, aver neg loss:   0.55, aver pos loss:   0.53, test acc:   0.48;   1452 s elapsed
2021-05-21 21:33:16,333 - train.py[line:168] - INFO: Epoch 14, 122 th batch, total loss: 45012.55, aver loss: 365.96, aver neg loss:   0.55, aver pos loss:   0.53, test acc:   0.49;   1555 s elapsed
2021-05-21 21:34:57,717 - train.py[line:168] - INFO: Epoch 15, 122 th batch, total loss: 45125.92, aver loss: 366.88, aver neg loss:   0.55, aver pos loss:   0.53, test acc:   0.49;   1656 s elapsed
2021-05-21 21:36:41,869 - train.py[line:168] - INFO: Epoch 16, 122 th batch, total loss: 44971.82, aver loss: 365.62, aver neg loss:   0.55, aver pos loss:   0.53, test acc:   0.48;   1760 s elapsed
2021-05-21 21:38:23,996 - train.py[line:168] - INFO: Epoch 17, 122 th batch, total loss: 44580.65, aver loss: 362.44, aver neg loss:   0.56, aver pos loss:   0.53, test acc:   0.51;   1862 s elapsed
2021-05-21 21:40:06,762 - train.py[line:168] - INFO: Epoch 18, 122 th batch, total loss: 44911.29, aver loss: 365.13, aver neg loss:   0.55, aver pos loss:   0.53, test acc:   0.48;   1965 s elapsed
2021-05-21 21:41:48,974 - train.py[line:168] - INFO: Epoch 19, 122 th batch, total loss: 45027.83, aver loss: 366.08, aver neg loss:   0.55, aver pos loss:   0.53, test acc:   0.46;   2067 s elapsed
2021-05-21 21:41:48,980 - train.py[line:184] - INFO: model saved!
2021-05-21 21:41:50,534 - train.py[line:272] - INFO: pos,neg Num=8,2
2021-05-21 21:41:54,012 - train.py[line:231] - INFO: train data loaded!
2021-05-21 21:41:54,014 - train.py[line:256] - INFO: ...start training...
2021-05-21 21:43:00,516 - train.py[line:168] - INFO: Epoch 0, 124 th batch, total loss: 33785.38, aver loss: 270.28, aver neg loss:   0.37, aver pos loss:   0.33, test acc:   0.50;     66 s elapsed
2021-05-21 21:44:03,717 - train.py[line:168] - INFO: Epoch 1, 124 th batch, total loss: 29066.76, aver loss: 232.53, aver neg loss:   0.49, aver pos loss:   0.45, test acc:   0.51;    130 s elapsed
2021-05-21 21:45:08,180 - train.py[line:168] - INFO: Epoch 2, 124 th batch, total loss: 28675.03, aver loss: 229.40, aver neg loss:   0.51, aver pos loss:   0.47, test acc:   0.53;    194 s elapsed
2021-05-21 21:46:13,004 - train.py[line:168] - INFO: Epoch 3, 124 th batch, total loss: 28249.50, aver loss: 226.00, aver neg loss:   0.52, aver pos loss:   0.50, test acc:   0.52;    259 s elapsed
2021-05-21 21:47:17,421 - train.py[line:168] - INFO: Epoch 4, 124 th batch, total loss: 28036.16, aver loss: 224.29, aver neg loss:   0.53, aver pos loss:   0.49, test acc:   0.50;    323 s elapsed
2021-05-21 21:48:22,189 - train.py[line:168] - INFO: Epoch 5, 124 th batch, total loss: 28082.79, aver loss: 224.66, aver neg loss:   0.53, aver pos loss:   0.50, test acc:   0.57;    388 s elapsed
2021-05-21 21:49:26,867 - train.py[line:168] - INFO: Epoch 6, 124 th batch, total loss: 28196.50, aver loss: 225.57, aver neg loss:   0.53, aver pos loss:   0.50, test acc:   0.52;    453 s elapsed
2021-05-21 21:50:31,321 - train.py[line:168] - INFO: Epoch 7, 124 th batch, total loss: 27930.14, aver loss: 223.44, aver neg loss:   0.53, aver pos loss:   0.50, test acc:   0.52;    517 s elapsed
2021-05-21 21:51:35,810 - train.py[line:168] - INFO: Epoch 8, 124 th batch, total loss: 27700.58, aver loss: 221.60, aver neg loss:   0.54, aver pos loss:   0.50, test acc:   0.54;    582 s elapsed
2021-05-21 21:52:38,921 - train.py[line:168] - INFO: Epoch 9, 124 th batch, total loss: 27850.12, aver loss: 222.80, aver neg loss:   0.54, aver pos loss:   0.51, test acc:   0.54;    645 s elapsed
2021-05-21 21:53:42,726 - train.py[line:168] - INFO: Epoch 10, 124 th batch, total loss: 27884.92, aver loss: 223.08, aver neg loss:   0.53, aver pos loss:   0.51, test acc:   0.51;    709 s elapsed
2021-05-21 21:54:46,797 - train.py[line:168] - INFO: Epoch 11, 124 th batch, total loss: 27660.38, aver loss: 221.28, aver neg loss:   0.54, aver pos loss:   0.50, test acc:   0.49;    773 s elapsed
2021-05-21 21:55:49,843 - train.py[line:168] - INFO: Epoch 12, 124 th batch, total loss: 27458.34, aver loss: 219.67, aver neg loss:   0.54, aver pos loss:   0.50, test acc:   0.50;    836 s elapsed
2021-05-21 21:56:54,108 - train.py[line:168] - INFO: Epoch 13, 124 th batch, total loss: 27711.16, aver loss: 221.69, aver neg loss:   0.54, aver pos loss:   0.50, test acc:   0.50;    900 s elapsed
2021-05-21 21:57:58,258 - train.py[line:168] - INFO: Epoch 14, 124 th batch, total loss: 27508.35, aver loss: 220.07, aver neg loss:   0.54, aver pos loss:   0.51, test acc:   0.54;    964 s elapsed
2021-05-21 21:59:02,541 - train.py[line:168] - INFO: Epoch 15, 124 th batch, total loss: 27392.41, aver loss: 219.14, aver neg loss:   0.54, aver pos loss:   0.50, test acc:   0.54;   1029 s elapsed
2021-05-21 22:00:07,135 - train.py[line:168] - INFO: Epoch 16, 124 th batch, total loss: 27338.67, aver loss: 218.71, aver neg loss:   0.55, aver pos loss:   0.51, test acc:   0.52;   1093 s elapsed
2021-05-21 22:01:10,751 - train.py[line:168] - INFO: Epoch 17, 124 th batch, total loss: 27418.08, aver loss: 219.34, aver neg loss:   0.54, aver pos loss:   0.51, test acc:   0.53;   1157 s elapsed
2021-05-21 22:02:14,358 - train.py[line:168] - INFO: Epoch 18, 124 th batch, total loss: 27435.78, aver loss: 219.49, aver neg loss:   0.55, aver pos loss:   0.52, test acc:   0.54;   1220 s elapsed
2021-05-21 22:03:16,021 - train.py[line:168] - INFO: Epoch 19, 124 th batch, total loss: 27247.23, aver loss: 217.98, aver neg loss:   0.55, aver pos loss:   0.51, test acc:   0.53;   1282 s elapsed
2021-05-21 22:03:16,028 - train.py[line:184] - INFO: model saved!
2021-05-21 22:03:16,990 - train.py[line:272] - INFO: pos,neg Num=16,4
2021-05-21 22:03:23,640 - train.py[line:231] - INFO: train data loaded!
2021-05-21 22:03:23,641 - train.py[line:256] - INFO: ...start training...
2021-05-21 22:05:07,305 - train.py[line:168] - INFO: Epoch 0, 122 th batch, total loss: 53045.95, aver loss: 431.27, aver neg loss:   0.41, aver pos loss:   0.38, test acc:   0.48;    104 s elapsed
2021-05-21 22:06:48,950 - train.py[line:168] - INFO: Epoch 1, 122 th batch, total loss: 46490.45, aver loss: 377.97, aver neg loss:   0.52, aver pos loss:   0.50, test acc:   0.54;    205 s elapsed
2021-05-21 22:08:30,473 - train.py[line:168] - INFO: Epoch 2, 122 th batch, total loss: 46076.83, aver loss: 374.61, aver neg loss:   0.53, aver pos loss:   0.51, test acc:   0.53;    307 s elapsed
2021-05-21 22:10:10,104 - train.py[line:168] - INFO: Epoch 3, 122 th batch, total loss: 45567.99, aver loss: 370.47, aver neg loss:   0.55, aver pos loss:   0.53, test acc:   0.49;    406 s elapsed
2021-05-21 22:11:48,923 - train.py[line:168] - INFO: Epoch 4, 122 th batch, total loss: 45719.91, aver loss: 371.71, aver neg loss:   0.55, aver pos loss:   0.53, test acc:   0.45;    505 s elapsed
2021-05-21 22:13:28,018 - train.py[line:168] - INFO: Epoch 5, 122 th batch, total loss: 45416.94, aver loss: 369.24, aver neg loss:   0.55, aver pos loss:   0.54, test acc:   0.44;    604 s elapsed
2021-05-21 22:15:08,449 - train.py[line:168] - INFO: Epoch 6, 122 th batch, total loss: 45206.05, aver loss: 367.53, aver neg loss:   0.55, aver pos loss:   0.54, test acc:   0.46;    705 s elapsed
2021-05-21 22:16:48,370 - train.py[line:168] - INFO: Epoch 7, 122 th batch, total loss: 45509.55, aver loss: 370.00, aver neg loss:   0.55, aver pos loss:   0.53, test acc:   0.45;    805 s elapsed
2021-05-21 22:18:27,058 - train.py[line:168] - INFO: Epoch 8, 122 th batch, total loss: 45342.76, aver loss: 368.64, aver neg loss:   0.55, aver pos loss:   0.53, test acc:   0.49;    903 s elapsed
2021-05-21 22:20:05,705 - train.py[line:168] - INFO: Epoch 9, 122 th batch, total loss: 45270.35, aver loss: 368.05, aver neg loss:   0.55, aver pos loss:   0.54, test acc:   0.46;   1002 s elapsed
2021-05-21 22:21:44,368 - train.py[line:168] - INFO: Epoch 10, 122 th batch, total loss: 45250.58, aver loss: 367.89, aver neg loss:   0.55, aver pos loss:   0.54, test acc:   0.46;   1101 s elapsed
2021-05-21 22:23:24,318 - train.py[line:168] - INFO: Epoch 11, 122 th batch, total loss: 45162.80, aver loss: 367.18, aver neg loss:   0.55, aver pos loss:   0.53, test acc:   0.45;   1201 s elapsed
2021-05-21 22:25:02,114 - train.py[line:168] - INFO: Epoch 12, 122 th batch, total loss: 45031.94, aver loss: 366.11, aver neg loss:   0.55, aver pos loss:   0.53, test acc:   0.46;   1298 s elapsed
2021-05-21 22:26:42,073 - train.py[line:168] - INFO: Epoch 13, 122 th batch, total loss: 45122.22, aver loss: 366.85, aver neg loss:   0.55, aver pos loss:   0.52, test acc:   0.48;   1398 s elapsed
2021-05-21 22:28:20,632 - train.py[line:168] - INFO: Epoch 14, 122 th batch, total loss: 45168.75, aver loss: 367.23, aver neg loss:   0.55, aver pos loss:   0.53, test acc:   0.43;   1497 s elapsed
2021-05-21 22:29:59,798 - train.py[line:168] - INFO: Epoch 15, 122 th batch, total loss: 44747.01, aver loss: 363.80, aver neg loss:   0.56, aver pos loss:   0.53, test acc:   0.42;   1596 s elapsed
2021-05-21 22:31:38,946 - train.py[line:168] - INFO: Epoch 16, 122 th batch, total loss: 45111.83, aver loss: 366.76, aver neg loss:   0.55, aver pos loss:   0.53, test acc:   0.44;   1695 s elapsed
2021-05-21 22:33:16,682 - train.py[line:168] - INFO: Epoch 17, 122 th batch, total loss: 45093.70, aver loss: 366.62, aver neg loss:   0.55, aver pos loss:   0.53, test acc:   0.45;   1793 s elapsed
2021-05-21 22:34:54,590 - train.py[line:168] - INFO: Epoch 18, 122 th batch, total loss: 45052.78, aver loss: 366.28, aver neg loss:   0.55, aver pos loss:   0.53, test acc:   0.45;   1891 s elapsed
2021-05-21 22:36:32,950 - train.py[line:168] - INFO: Epoch 19, 122 th batch, total loss: 44793.73, aver loss: 364.18, aver neg loss:   0.56, aver pos loss:   0.53, test acc:   0.45;   1989 s elapsed
2021-05-21 22:36:32,954 - train.py[line:184] - INFO: model saved!
