2021-05-22 14:01:22,869 - classify.py[line:68] - INFO: Namespace(batch_size=64, dataset='PC', epoch=30, gpu=1, l2=0.0001, lr=0.0001, modelfilename='123_Epoch_4_model_1_2_0.683.pt', modelname='TextCNN', modelnum=0, resultnum=124, seed=1, use_aug=1)
2021-05-22 14:01:28,135 - classify.py[line:122] - INFO: {'word_embedding_dimension': 300, 'Epoch1': 20, 'Epoch2': 10, 'dropout': 0.1, 'label_num': 2, 'learning_rate1': 0.001, 'learning_rate2': 1e-05, 'batch_size': 64, 'cuda': True, 'negSampleNum': 2, 'poSampleNum': 1, 'max_bound': 0.8, 'kernel_sizes': [3, 4, 5], 'hidden_size': 256, 'hidden_layers': 1, 'bidirectional': True}
2021-05-22 14:01:28,449 - classify.py[line:140] - INFO: before training: 0.6915529370307922
2021-05-22 14:01:28,449 - classify.py[line:154] - INFO: ...start training...
2021-05-22 14:01:28,779 - classify.py[line:184] - INFO: Epoch 0, toal_loss 39.4396, aver loss 1.3600, train accuracy 0.6960, train auc 0.0000, test accuracy 0.6991, test auc 0.0000
2021-05-22 14:01:29,154 - classify.py[line:184] - INFO: Epoch 1, toal_loss 33.3676, aver loss 0.5753, train accuracy 0.7106, train auc 0.0000, test accuracy 0.7094, test auc 0.0000
2021-05-22 14:01:29,502 - classify.py[line:184] - INFO: Epoch 2, toal_loss 28.1879, aver loss 0.3240, train accuracy 0.7294, train auc 0.0000, test accuracy 0.7211, test auc 0.0000
2021-05-22 14:01:29,859 - classify.py[line:184] - INFO: Epoch 3, toal_loss 24.6596, aver loss 0.2126, train accuracy 0.7564, train auc 0.0000, test accuracy 0.7349, test auc 0.0000
2021-05-22 14:01:30,205 - classify.py[line:184] - INFO: Epoch 4, toal_loss 21.8215, aver loss 0.1505, train accuracy 0.7774, train auc 0.0000, test accuracy 0.7456, test auc 0.0000
2021-05-22 14:01:30,532 - classify.py[line:184] - INFO: Epoch 5, toal_loss 19.5955, aver loss 0.1126, train accuracy 0.7900, train auc 0.0000, test accuracy 0.7530, test auc 0.0000
2021-05-22 14:01:30,870 - classify.py[line:184] - INFO: Epoch 6, toal_loss 18.2959, aver loss 0.0901, train accuracy 0.8097, train auc 0.0000, test accuracy 0.7575, test auc 0.0000
2021-05-22 14:01:31,238 - classify.py[line:184] - INFO: Epoch 7, toal_loss 16.9399, aver loss 0.0730, train accuracy 0.8140, train auc 0.0000, test accuracy 0.7649, test auc 0.0000
2021-05-22 14:01:31,569 - classify.py[line:184] - INFO: Epoch 8, toal_loss 15.4856, aver loss 0.0593, train accuracy 0.8317, train auc 0.0000, test accuracy 0.7694, test auc 0.0000
2021-05-22 14:01:31,901 - classify.py[line:184] - INFO: Epoch 9, toal_loss 14.4800, aver loss 0.0499, train accuracy 0.8282, train auc 0.0000, test accuracy 0.7802, test auc 0.0000
2021-05-22 14:01:32,224 - classify.py[line:184] - INFO: Epoch 10, toal_loss 13.1133, aver loss 0.0411, train accuracy 0.8395, train auc 0.0000, test accuracy 0.7849, test auc 0.0000
2021-05-22 14:01:32,596 - classify.py[line:184] - INFO: Epoch 11, toal_loss 13.0196, aver loss 0.0374, train accuracy 0.8500, train auc 0.0000, test accuracy 0.7889, test auc 0.0000
2021-05-22 14:01:32,956 - classify.py[line:184] - INFO: Epoch 12, toal_loss 12.2527, aver loss 0.0325, train accuracy 0.8541, train auc 0.0000, test accuracy 0.7906, test auc 0.0000
2021-05-22 14:01:33,314 - classify.py[line:184] - INFO: Epoch 13, toal_loss 11.3466, aver loss 0.0279, train accuracy 0.8557, train auc 0.0000, test accuracy 0.7940, test auc 0.0000
2021-05-22 14:01:33,652 - classify.py[line:184] - INFO: Epoch 14, toal_loss 10.8118, aver loss 0.0249, train accuracy 0.8721, train auc 0.0000, test accuracy 0.7956, test auc 0.0000
2021-05-22 14:01:33,997 - classify.py[line:184] - INFO: Epoch 15, toal_loss 10.3101, aver loss 0.0222, train accuracy 0.8672, train auc 0.0000, test accuracy 0.7947, test auc 0.0000
2021-05-22 14:01:34,325 - classify.py[line:184] - INFO: Epoch 16, toal_loss 10.0527, aver loss 0.0204, train accuracy 0.8788, train auc 0.0000, test accuracy 0.8020, test auc 0.0000
2021-05-22 14:01:34,683 - classify.py[line:184] - INFO: Epoch 17, toal_loss 9.9648, aver loss 0.0191, train accuracy 0.8751, train auc 0.0000, test accuracy 0.8009, test auc 0.0000
2021-05-22 14:01:35,032 - classify.py[line:184] - INFO: Epoch 18, toal_loss 9.2684, aver loss 0.0168, train accuracy 0.8791, train auc 0.0000, test accuracy 0.8021, test auc 0.0000
2021-05-22 14:01:35,382 - classify.py[line:184] - INFO: Epoch 19, toal_loss 8.9725, aver loss 0.0155, train accuracy 0.8890, train auc 0.0000, test accuracy 0.8072, test auc 0.0000
2021-05-22 14:01:35,725 - classify.py[line:184] - INFO: Epoch 20, toal_loss 9.0419, aver loss 0.0148, train accuracy 0.8872, train auc 0.0000, test accuracy 0.8070, test auc 0.0000
2021-05-22 14:01:36,047 - classify.py[line:184] - INFO: Epoch 21, toal_loss 8.2858, aver loss 0.0130, train accuracy 0.8944, train auc 0.0000, test accuracy 0.8067, test auc 0.0000
2021-05-22 14:01:36,401 - classify.py[line:184] - INFO: Epoch 22, toal_loss 8.3285, aver loss 0.0125, train accuracy 0.8960, train auc 0.0000, test accuracy 0.8084, test auc 0.0000
2021-05-22 14:01:36,753 - classify.py[line:184] - INFO: Epoch 23, toal_loss 7.8831, aver loss 0.0113, train accuracy 0.8974, train auc 0.0000, test accuracy 0.8081, test auc 0.0000
2021-05-22 14:01:37,094 - classify.py[line:184] - INFO: Epoch 24, toal_loss 7.7193, aver loss 0.0106, train accuracy 0.8976, train auc 0.0000, test accuracy 0.8077, test auc 0.0000
2021-05-22 14:01:37,448 - classify.py[line:184] - INFO: Epoch 25, toal_loss 7.5988, aver loss 0.0101, train accuracy 0.9106, train auc 0.0000, test accuracy 0.8083, test auc 0.0000
2021-05-22 14:01:37,791 - classify.py[line:184] - INFO: Epoch 26, toal_loss 7.9948, aver loss 0.0102, train accuracy 0.9084, train auc 0.0000, test accuracy 0.8076, test auc 0.0000
2021-05-22 14:01:38,152 - classify.py[line:184] - INFO: Epoch 27, toal_loss 7.5595, aver loss 0.0093, train accuracy 0.9071, train auc 0.0000, test accuracy 0.8103, test auc 0.0000
2021-05-22 14:01:38,499 - classify.py[line:184] - INFO: Epoch 28, toal_loss 7.2500, aver loss 0.0086, train accuracy 0.9100, train auc 0.0000, test accuracy 0.8109, test auc 0.0000
2021-05-22 14:01:38,843 - classify.py[line:184] - INFO: Epoch 29, toal_loss 7.2786, aver loss 0.0084, train accuracy 0.9033, train auc 0.0000, test accuracy 0.8141, test auc 0.0000
2021-05-22 14:01:39,878 - classify.py[line:122] - INFO: {'word_embedding_dimension': 300, 'Epoch1': 20, 'Epoch2': 10, 'dropout': 0.1, 'label_num': 2, 'learning_rate1': 0.001, 'learning_rate2': 1e-05, 'batch_size': 64, 'cuda': True, 'negSampleNum': 2, 'poSampleNum': 1, 'max_bound': 0.8, 'kernel_sizes': [3, 4, 5], 'hidden_size': 256, 'hidden_layers': 1, 'bidirectional': True}
2021-05-22 14:01:39,897 - classify.py[line:140] - INFO: before training: 0.6947107315063477
2021-05-22 14:01:39,897 - classify.py[line:154] - INFO: ...start training...
2021-05-22 14:01:40,528 - classify.py[line:184] - INFO: Epoch 0, toal_loss 76.5104, aver loss 1.3423, train accuracy 0.6933, train auc 0.0000, test accuracy 0.7042, test auc 0.0000
2021-05-22 14:01:41,241 - classify.py[line:184] - INFO: Epoch 1, toal_loss 52.5070, aver loss 0.4606, train accuracy 0.7339, train auc 0.0000, test accuracy 0.7335, test auc 0.0000
2021-05-22 14:01:41,922 - classify.py[line:184] - INFO: Epoch 2, toal_loss 41.4741, aver loss 0.2425, train accuracy 0.7773, train auc 0.0000, test accuracy 0.7522, test auc 0.0000
2021-05-22 14:01:42,603 - classify.py[line:184] - INFO: Epoch 3, toal_loss 35.5137, aver loss 0.1558, train accuracy 0.8105, train auc 0.0000, test accuracy 0.7643, test auc 0.0000
2021-05-22 14:01:43,286 - classify.py[line:184] - INFO: Epoch 4, toal_loss 30.6715, aver loss 0.1076, train accuracy 0.8308, train auc 0.0000, test accuracy 0.7757, test auc 0.0000
2021-05-22 14:01:43,952 - classify.py[line:184] - INFO: Epoch 5, toal_loss 26.6514, aver loss 0.0779, train accuracy 0.8431, train auc 0.0000, test accuracy 0.7823, test auc 0.0000
2021-05-22 14:01:44,603 - classify.py[line:184] - INFO: Epoch 6, toal_loss 24.3337, aver loss 0.0610, train accuracy 0.8522, train auc 0.0000, test accuracy 0.7917, test auc 0.0000
2021-05-22 14:01:45,271 - classify.py[line:184] - INFO: Epoch 7, toal_loss 22.3948, aver loss 0.0491, train accuracy 0.8651, train auc 0.0000, test accuracy 0.7988, test auc 0.0000
2021-05-22 14:01:45,907 - classify.py[line:184] - INFO: Epoch 8, toal_loss 20.9368, aver loss 0.0408, train accuracy 0.8700, train auc 0.0000, test accuracy 0.8044, test auc 0.0000
2021-05-22 14:01:46,557 - classify.py[line:184] - INFO: Epoch 9, toal_loss 19.4866, aver loss 0.0342, train accuracy 0.8790, train auc 0.0000, test accuracy 0.8039, test auc 0.0000
2021-05-22 14:01:47,236 - classify.py[line:184] - INFO: Epoch 10, toal_loss 18.5518, aver loss 0.0296, train accuracy 0.8826, train auc 0.0000, test accuracy 0.8078, test auc 0.0000
2021-05-22 14:01:47,891 - classify.py[line:184] - INFO: Epoch 11, toal_loss 17.7723, aver loss 0.0260, train accuracy 0.8887, train auc 0.0000, test accuracy 0.8092, test auc 0.0000
2021-05-22 14:01:48,584 - classify.py[line:184] - INFO: Epoch 12, toal_loss 16.6349, aver loss 0.0224, train accuracy 0.8911, train auc 0.0000, test accuracy 0.8126, test auc 0.0000
2021-05-22 14:01:49,288 - classify.py[line:184] - INFO: Epoch 13, toal_loss 16.2304, aver loss 0.0203, train accuracy 0.8911, train auc 0.0000, test accuracy 0.8145, test auc 0.0000
2021-05-22 14:01:49,912 - classify.py[line:184] - INFO: Epoch 14, toal_loss 16.0661, aver loss 0.0188, train accuracy 0.8924, train auc 0.0000, test accuracy 0.8176, test auc 0.0000
2021-05-22 14:01:50,577 - classify.py[line:184] - INFO: Epoch 15, toal_loss 15.0900, aver loss 0.0165, train accuracy 0.8974, train auc 0.0000, test accuracy 0.8156, test auc 0.0000
2021-05-22 14:01:51,241 - classify.py[line:184] - INFO: Epoch 16, toal_loss 15.2082, aver loss 0.0157, train accuracy 0.9010, train auc 0.0000, test accuracy 0.8156, test auc 0.0000
2021-05-22 14:01:51,894 - classify.py[line:184] - INFO: Epoch 17, toal_loss 14.7636, aver loss 0.0144, train accuracy 0.9035, train auc 0.0000, test accuracy 0.8184, test auc 0.0000
2021-05-22 14:01:52,566 - classify.py[line:184] - INFO: Epoch 18, toal_loss 13.8939, aver loss 0.0128, train accuracy 0.9026, train auc 0.0000, test accuracy 0.8209, test auc 0.0000
2021-05-22 14:01:53,199 - classify.py[line:184] - INFO: Epoch 19, toal_loss 13.9719, aver loss 0.0123, train accuracy 0.8996, train auc 0.0000, test accuracy 0.8217, test auc 0.0000
2021-05-22 14:01:53,870 - classify.py[line:184] - INFO: Epoch 20, toal_loss 13.8691, aver loss 0.0116, train accuracy 0.9067, train auc 0.0000, test accuracy 0.8247, test auc 0.0000
2021-05-22 14:01:54,543 - classify.py[line:184] - INFO: Epoch 21, toal_loss 13.4980, aver loss 0.0108, train accuracy 0.9059, train auc 0.0000, test accuracy 0.8235, test auc 0.0000
2021-05-22 14:01:55,221 - classify.py[line:184] - INFO: Epoch 22, toal_loss 13.4301, aver loss 0.0102, train accuracy 0.9098, train auc 0.0000, test accuracy 0.8223, test auc 0.0000
2021-05-22 14:01:55,890 - classify.py[line:184] - INFO: Epoch 23, toal_loss 12.9141, aver loss 0.0094, train accuracy 0.9141, train auc 0.0000, test accuracy 0.8267, test auc 0.0000
2021-05-22 14:01:56,561 - classify.py[line:184] - INFO: Epoch 24, toal_loss 12.4504, aver loss 0.0087, train accuracy 0.9150, train auc 0.0000, test accuracy 0.8249, test auc 0.0000
2021-05-22 14:01:57,258 - classify.py[line:184] - INFO: Epoch 25, toal_loss 12.4800, aver loss 0.0084, train accuracy 0.9144, train auc 0.0000, test accuracy 0.8252, test auc 0.0000
2021-05-22 14:01:57,919 - classify.py[line:184] - INFO: Epoch 26, toal_loss 12.4328, aver loss 0.0081, train accuracy 0.9161, train auc 0.0000, test accuracy 0.8278, test auc 0.0000
2021-05-22 14:01:58,583 - classify.py[line:184] - INFO: Epoch 27, toal_loss 12.2854, aver loss 0.0077, train accuracy 0.9155, train auc 0.0000, test accuracy 0.8281, test auc 0.0000
2021-05-22 14:01:59,243 - classify.py[line:184] - INFO: Epoch 28, toal_loss 11.7890, aver loss 0.0071, train accuracy 0.9207, train auc 0.0000, test accuracy 0.8295, test auc 0.0000
2021-05-22 14:01:59,939 - classify.py[line:184] - INFO: Epoch 29, toal_loss 11.7034, aver loss 0.0068, train accuracy 0.9174, train auc 0.0000, test accuracy 0.8271, test auc 0.0000
2021-05-22 14:02:00,858 - classify.py[line:122] - INFO: {'word_embedding_dimension': 300, 'Epoch1': 20, 'Epoch2': 10, 'dropout': 0.1, 'label_num': 2, 'learning_rate1': 0.001, 'learning_rate2': 1e-05, 'batch_size': 64, 'cuda': True, 'negSampleNum': 2, 'poSampleNum': 1, 'max_bound': 0.8, 'kernel_sizes': [3, 4, 5], 'hidden_size': 256, 'hidden_layers': 1, 'bidirectional': True}
2021-05-22 14:02:00,876 - classify.py[line:140] - INFO: before training: 0.6921168565750122
2021-05-22 14:02:00,877 - classify.py[line:154] - INFO: ...start training...
2021-05-22 14:02:02,268 - classify.py[line:184] - INFO: Epoch 0, toal_loss 129.1377, aver loss 1.1428, train accuracy 0.7204, train auc 0.0000, test accuracy 0.7329, test auc 0.0000
2021-05-22 14:02:03,644 - classify.py[line:184] - INFO: Epoch 1, toal_loss 78.0710, aver loss 0.3454, train accuracy 0.7895, train auc 0.0000, test accuracy 0.7676, test auc 0.0000
2021-05-22 14:02:04,989 - classify.py[line:184] - INFO: Epoch 2, toal_loss 58.7942, aver loss 0.1734, train accuracy 0.8260, train auc 0.0000, test accuracy 0.7882, test auc 0.0000
2021-05-22 14:02:06,326 - classify.py[line:184] - INFO: Epoch 3, toal_loss 48.3690, aver loss 0.1070, train accuracy 0.8481, train auc 0.0000, test accuracy 0.8006, test auc 0.0000
2021-05-22 14:02:07,611 - classify.py[line:184] - INFO: Epoch 4, toal_loss 41.2423, aver loss 0.0730, train accuracy 0.8647, train auc 0.0000, test accuracy 0.8076, test auc 0.0000
2021-05-22 14:02:08,911 - classify.py[line:184] - INFO: Epoch 5, toal_loss 37.3277, aver loss 0.0551, train accuracy 0.8728, train auc 0.0000, test accuracy 0.8126, test auc 0.0000
2021-05-22 14:02:10,196 - classify.py[line:184] - INFO: Epoch 6, toal_loss 34.6684, aver loss 0.0438, train accuracy 0.8833, train auc 0.0000, test accuracy 0.8147, test auc 0.0000
2021-05-22 14:02:11,517 - classify.py[line:184] - INFO: Epoch 7, toal_loss 32.3284, aver loss 0.0358, train accuracy 0.8900, train auc 0.0000, test accuracy 0.8193, test auc 0.0000
2021-05-22 14:02:12,866 - classify.py[line:184] - INFO: Epoch 8, toal_loss 30.9554, aver loss 0.0304, train accuracy 0.8931, train auc 0.0000, test accuracy 0.8244, test auc 0.0000
2021-05-22 14:02:14,197 - classify.py[line:184] - INFO: Epoch 9, toal_loss 29.1378, aver loss 0.0258, train accuracy 0.8991, train auc 0.0000, test accuracy 0.8265, test auc 0.0000
2021-05-22 14:02:15,512 - classify.py[line:184] - INFO: Epoch 10, toal_loss 28.4781, aver loss 0.0229, train accuracy 0.9036, train auc 0.0000, test accuracy 0.8270, test auc 0.0000
2021-05-22 14:02:16,896 - classify.py[line:184] - INFO: Epoch 11, toal_loss 27.5003, aver loss 0.0203, train accuracy 0.9070, train auc 0.0000, test accuracy 0.8328, test auc 0.0000
2021-05-22 14:02:18,222 - classify.py[line:184] - INFO: Epoch 12, toal_loss 26.4535, aver loss 0.0180, train accuracy 0.9066, train auc 0.0000, test accuracy 0.8312, test auc 0.0000
2021-05-22 14:02:19,532 - classify.py[line:184] - INFO: Epoch 13, toal_loss 26.0982, aver loss 0.0165, train accuracy 0.9106, train auc 0.0000, test accuracy 0.8346, test auc 0.0000
2021-05-22 14:02:20,832 - classify.py[line:184] - INFO: Epoch 14, toal_loss 25.3368, aver loss 0.0149, train accuracy 0.9135, train auc 0.0000, test accuracy 0.8367, test auc 0.0000
2021-05-22 14:02:22,173 - classify.py[line:184] - INFO: Epoch 15, toal_loss 24.3832, aver loss 0.0135, train accuracy 0.9175, train auc 0.0000, test accuracy 0.8348, test auc 0.0000
2021-05-22 14:02:23,562 - classify.py[line:184] - INFO: Epoch 16, toal_loss 24.6662, aver loss 0.0128, train accuracy 0.9132, train auc 0.0000, test accuracy 0.8339, test auc 0.0000
2021-05-22 14:02:24,935 - classify.py[line:184] - INFO: Epoch 17, toal_loss 23.5592, aver loss 0.0116, train accuracy 0.9171, train auc 0.0000, test accuracy 0.8376, test auc 0.0000
2021-05-22 14:02:26,323 - classify.py[line:184] - INFO: Epoch 18, toal_loss 23.0367, aver loss 0.0107, train accuracy 0.9192, train auc 0.0000, test accuracy 0.8397, test auc 0.0000
2021-05-22 14:02:27,644 - classify.py[line:184] - INFO: Epoch 19, toal_loss 22.8189, aver loss 0.0101, train accuracy 0.9196, train auc 0.0000, test accuracy 0.8377, test auc 0.0000
2021-05-22 14:02:28,981 - classify.py[line:184] - INFO: Epoch 20, toal_loss 22.4872, aver loss 0.0095, train accuracy 0.9215, train auc 0.0000, test accuracy 0.8374, test auc 0.0000
2021-05-22 14:02:30,328 - classify.py[line:184] - INFO: Epoch 21, toal_loss 22.5839, aver loss 0.0091, train accuracy 0.9211, train auc 0.0000, test accuracy 0.8394, test auc 0.0000
2021-05-22 14:02:31,673 - classify.py[line:184] - INFO: Epoch 22, toal_loss 21.8273, aver loss 0.0084, train accuracy 0.9251, train auc 0.0000, test accuracy 0.8390, test auc 0.0000
2021-05-22 14:02:33,032 - classify.py[line:184] - INFO: Epoch 23, toal_loss 21.7100, aver loss 0.0080, train accuracy 0.9233, train auc 0.0000, test accuracy 0.8404, test auc 0.0000
2021-05-22 14:02:34,378 - classify.py[line:184] - INFO: Epoch 24, toal_loss 21.4220, aver loss 0.0076, train accuracy 0.9276, train auc 0.0000, test accuracy 0.8397, test auc 0.0000
2021-05-22 14:02:35,745 - classify.py[line:184] - INFO: Epoch 25, toal_loss 21.2864, aver loss 0.0072, train accuracy 0.9300, train auc 0.0000, test accuracy 0.8409, test auc 0.0000
2021-05-22 14:02:37,149 - classify.py[line:184] - INFO: Epoch 26, toal_loss 20.7557, aver loss 0.0068, train accuracy 0.9276, train auc 0.0000, test accuracy 0.8399, test auc 0.0000
2021-05-22 14:02:38,528 - classify.py[line:184] - INFO: Epoch 27, toal_loss 20.5283, aver loss 0.0065, train accuracy 0.9301, train auc 0.0000, test accuracy 0.8412, test auc 0.0000
2021-05-22 14:02:39,880 - classify.py[line:184] - INFO: Epoch 28, toal_loss 20.4068, aver loss 0.0062, train accuracy 0.9295, train auc 0.0000, test accuracy 0.8422, test auc 0.0000
2021-05-22 14:02:41,215 - classify.py[line:184] - INFO: Epoch 29, toal_loss 20.1084, aver loss 0.0059, train accuracy 0.9304, train auc 0.0000, test accuracy 0.8422, test auc 0.0000
2021-05-22 14:02:42,174 - classify.py[line:122] - INFO: {'word_embedding_dimension': 300, 'Epoch1': 20, 'Epoch2': 10, 'dropout': 0.1, 'label_num': 2, 'learning_rate1': 0.001, 'learning_rate2': 1e-05, 'batch_size': 64, 'cuda': True, 'negSampleNum': 2, 'poSampleNum': 1, 'max_bound': 0.8, 'kernel_sizes': [3, 4, 5], 'hidden_size': 256, 'hidden_layers': 1, 'bidirectional': True}
2021-05-22 14:02:42,193 - classify.py[line:140] - INFO: before training: 0.6943723559379578
2021-05-22 14:02:42,193 - classify.py[line:154] - INFO: ...start training...
2021-05-22 14:02:44,132 - classify.py[line:184] - INFO: Epoch 0, toal_loss 167.1387, aver loss 0.9890, train accuracy 0.7412, train auc 0.0000, test accuracy 0.7512, test auc 0.0000
2021-05-22 14:02:46,102 - classify.py[line:184] - INFO: Epoch 1, toal_loss 92.4182, aver loss 0.2734, train accuracy 0.8186, train auc 0.0000, test accuracy 0.7900, test auc 0.0000
2021-05-22 14:02:48,021 - classify.py[line:184] - INFO: Epoch 2, toal_loss 68.3144, aver loss 0.1347, train accuracy 0.8511, train auc 0.0000, test accuracy 0.8038, test auc 0.0000
2021-05-22 14:02:50,037 - classify.py[line:184] - INFO: Epoch 3, toal_loss 57.1383, aver loss 0.0845, train accuracy 0.8707, train auc 0.0000, test accuracy 0.8118, test auc 0.0000
2021-05-22 14:02:52,013 - classify.py[line:184] - INFO: Epoch 4, toal_loss 51.2054, aver loss 0.0606, train accuracy 0.8827, train auc 0.0000, test accuracy 0.8216, test auc 0.0000
2021-05-22 14:02:53,985 - classify.py[line:184] - INFO: Epoch 5, toal_loss 47.0832, aver loss 0.0464, train accuracy 0.8910, train auc 0.0000, test accuracy 0.8247, test auc 0.0000
2021-05-22 14:02:55,993 - classify.py[line:184] - INFO: Epoch 6, toal_loss 44.2441, aver loss 0.0374, train accuracy 0.8949, train auc 0.0000, test accuracy 0.8285, test auc 0.0000
2021-05-22 14:02:58,012 - classify.py[line:184] - INFO: Epoch 7, toal_loss 41.8896, aver loss 0.0310, train accuracy 0.9001, train auc 0.0000, test accuracy 0.8325, test auc 0.0000
2021-05-22 14:03:00,268 - classify.py[line:184] - INFO: Epoch 8, toal_loss 40.6660, aver loss 0.0267, train accuracy 0.9025, train auc 0.0000, test accuracy 0.8321, test auc 0.0000
2021-05-22 14:03:02,366 - classify.py[line:184] - INFO: Epoch 9, toal_loss 39.1741, aver loss 0.0232, train accuracy 0.9060, train auc 0.0000, test accuracy 0.8308, test auc 0.0000
2021-05-22 14:03:04,524 - classify.py[line:184] - INFO: Epoch 10, toal_loss 37.8268, aver loss 0.0203, train accuracy 0.9091, train auc 0.0000, test accuracy 0.8315, test auc 0.0000
2021-05-22 14:03:06,599 - classify.py[line:184] - INFO: Epoch 11, toal_loss 36.8899, aver loss 0.0182, train accuracy 0.9137, train auc 0.0000, test accuracy 0.8347, test auc 0.0000
2021-05-22 14:03:08,687 - classify.py[line:184] - INFO: Epoch 12, toal_loss 36.0680, aver loss 0.0164, train accuracy 0.9129, train auc 0.0000, test accuracy 0.8388, test auc 0.0000
2021-05-22 14:03:10,642 - classify.py[line:184] - INFO: Epoch 13, toal_loss 35.3246, aver loss 0.0149, train accuracy 0.9160, train auc 0.0000, test accuracy 0.8337, test auc 0.0000
2021-05-22 14:03:12,698 - classify.py[line:184] - INFO: Epoch 14, toal_loss 34.9021, aver loss 0.0138, train accuracy 0.9192, train auc 0.0000, test accuracy 0.8366, test auc 0.0000
2021-05-22 14:03:14,748 - classify.py[line:184] - INFO: Epoch 15, toal_loss 34.1667, aver loss 0.0126, train accuracy 0.9180, train auc 0.0000, test accuracy 0.8352, test auc 0.0000
2021-05-22 14:03:16,763 - classify.py[line:184] - INFO: Epoch 16, toal_loss 33.8784, aver loss 0.0118, train accuracy 0.9202, train auc 0.0000, test accuracy 0.8365, test auc 0.0000
2021-05-22 14:03:18,830 - classify.py[line:184] - INFO: Epoch 17, toal_loss 33.4507, aver loss 0.0110, train accuracy 0.9213, train auc 0.0000, test accuracy 0.8365, test auc 0.0000
2021-05-22 14:03:20,823 - classify.py[line:184] - INFO: Epoch 18, toal_loss 33.0184, aver loss 0.0103, train accuracy 0.9247, train auc 0.0000, test accuracy 0.8368, test auc 0.0000
2021-05-22 14:03:22,925 - classify.py[line:184] - INFO: Epoch 19, toal_loss 32.2330, aver loss 0.0095, train accuracy 0.9245, train auc 0.0000, test accuracy 0.8367, test auc 0.0000
2021-05-22 14:03:25,007 - classify.py[line:184] - INFO: Epoch 20, toal_loss 31.9661, aver loss 0.0090, train accuracy 0.9255, train auc 0.0000, test accuracy 0.8364, test auc 0.0000
2021-05-22 14:03:27,033 - classify.py[line:184] - INFO: Epoch 21, toal_loss 31.4193, aver loss 0.0085, train accuracy 0.9252, train auc 0.0000, test accuracy 0.8405, test auc 0.0000
2021-05-22 14:03:29,112 - classify.py[line:184] - INFO: Epoch 22, toal_loss 31.3634, aver loss 0.0081, train accuracy 0.9261, train auc 0.0000, test accuracy 0.8393, test auc 0.0000
2021-05-22 14:03:31,008 - classify.py[line:184] - INFO: Epoch 23, toal_loss 30.8040, aver loss 0.0076, train accuracy 0.9256, train auc 0.0000, test accuracy 0.8393, test auc 0.0000
2021-05-22 14:03:33,047 - classify.py[line:184] - INFO: Epoch 24, toal_loss 30.2627, aver loss 0.0072, train accuracy 0.9292, train auc 0.0000, test accuracy 0.8391, test auc 0.0000
2021-05-22 14:03:35,140 - classify.py[line:184] - INFO: Epoch 25, toal_loss 29.8011, aver loss 0.0068, train accuracy 0.9289, train auc 0.0000, test accuracy 0.8396, test auc 0.0000
2021-05-22 14:03:37,196 - classify.py[line:184] - INFO: Epoch 26, toal_loss 29.5830, aver loss 0.0065, train accuracy 0.9296, train auc 0.0000, test accuracy 0.8364, test auc 0.0000
2021-05-22 14:03:39,260 - classify.py[line:184] - INFO: Epoch 27, toal_loss 29.2985, aver loss 0.0062, train accuracy 0.9333, train auc 0.0000, test accuracy 0.8371, test auc 0.0000
2021-05-22 14:03:41,349 - classify.py[line:184] - INFO: Epoch 28, toal_loss 29.2745, aver loss 0.0060, train accuracy 0.9336, train auc 0.0000, test accuracy 0.8413, test auc 0.0000
2021-05-22 14:03:43,391 - classify.py[line:184] - INFO: Epoch 29, toal_loss 28.8860, aver loss 0.0057, train accuracy 0.9344, train auc 0.0000, test accuracy 0.8367, test auc 0.0000
2021-05-22 14:03:44,323 - classify.py[line:122] - INFO: {'word_embedding_dimension': 300, 'Epoch1': 20, 'Epoch2': 10, 'dropout': 0.1, 'label_num': 2, 'learning_rate1': 0.001, 'learning_rate2': 1e-05, 'batch_size': 64, 'cuda': True, 'negSampleNum': 2, 'poSampleNum': 1, 'max_bound': 0.8, 'kernel_sizes': [3, 4, 5], 'hidden_size': 256, 'hidden_layers': 1, 'bidirectional': True}
2021-05-22 14:03:44,341 - classify.py[line:140] - INFO: before training: 0.6944851875305176
2021-05-22 14:03:44,342 - classify.py[line:154] - INFO: ...start training...
2021-05-22 14:03:47,049 - classify.py[line:184] - INFO: Epoch 0, toal_loss 201.3821, aver loss 0.8911, train accuracy 0.7589, train auc 0.0000, test accuracy 0.7675, test auc 0.0000
2021-05-22 14:03:49,780 - classify.py[line:184] - INFO: Epoch 1, toal_loss 104.5482, aver loss 0.2313, train accuracy 0.8482, train auc 0.0000, test accuracy 0.8013, test auc 0.0000
2021-05-22 14:03:52,504 - classify.py[line:184] - INFO: Epoch 2, toal_loss 76.5953, aver loss 0.1130, train accuracy 0.8774, train auc 0.0000, test accuracy 0.8140, test auc 0.0000
2021-05-22 14:03:55,180 - classify.py[line:184] - INFO: Epoch 3, toal_loss 65.6387, aver loss 0.0726, train accuracy 0.8912, train auc 0.0000, test accuracy 0.8231, test auc 0.0000
2021-05-22 14:03:57,930 - classify.py[line:184] - INFO: Epoch 4, toal_loss 60.0072, aver loss 0.0531, train accuracy 0.9005, train auc 0.0000, test accuracy 0.8264, test auc 0.0000
2021-05-22 14:04:00,735 - classify.py[line:184] - INFO: Epoch 5, toal_loss 55.2456, aver loss 0.0407, train accuracy 0.9051, train auc 0.0000, test accuracy 0.8278, test auc 0.0000
2021-05-22 14:04:03,526 - classify.py[line:184] - INFO: Epoch 6, toal_loss 52.0442, aver loss 0.0329, train accuracy 0.9088, train auc 0.0000, test accuracy 0.8346, test auc 0.0000
2021-05-22 14:04:06,295 - classify.py[line:184] - INFO: Epoch 7, toal_loss 50.4583, aver loss 0.0279, train accuracy 0.9130, train auc 0.0000, test accuracy 0.8357, test auc 0.0000
2021-05-22 14:04:09,076 - classify.py[line:184] - INFO: Epoch 8, toal_loss 49.1006, aver loss 0.0241, train accuracy 0.9159, train auc 0.0000, test accuracy 0.8378, test auc 0.0000
2021-05-22 14:04:11,715 - classify.py[line:184] - INFO: Epoch 9, toal_loss 47.4764, aver loss 0.0210, train accuracy 0.9196, train auc 0.0000, test accuracy 0.8399, test auc 0.0000
2021-05-22 14:04:14,478 - classify.py[line:184] - INFO: Epoch 10, toal_loss 46.4669, aver loss 0.0187, train accuracy 0.9204, train auc 0.0000, test accuracy 0.8414, test auc 0.0000
2021-05-22 14:04:17,186 - classify.py[line:184] - INFO: Epoch 11, toal_loss 45.4536, aver loss 0.0168, train accuracy 0.9210, train auc 0.0000, test accuracy 0.8434, test auc 0.0000
2021-05-22 14:04:19,937 - classify.py[line:184] - INFO: Epoch 12, toal_loss 44.3301, aver loss 0.0151, train accuracy 0.9249, train auc 0.0000, test accuracy 0.8444, test auc 0.0000
2021-05-22 14:04:22,674 - classify.py[line:184] - INFO: Epoch 13, toal_loss 43.5502, aver loss 0.0138, train accuracy 0.9232, train auc 0.0000, test accuracy 0.8424, test auc 0.0000
2021-05-22 14:04:25,485 - classify.py[line:184] - INFO: Epoch 14, toal_loss 42.6986, aver loss 0.0126, train accuracy 0.9279, train auc 0.0000, test accuracy 0.8412, test auc 0.0000
2021-05-22 14:04:28,272 - classify.py[line:184] - INFO: Epoch 15, toal_loss 42.6105, aver loss 0.0118, train accuracy 0.9280, train auc 0.0000, test accuracy 0.8431, test auc 0.0000
2021-05-22 14:04:31,074 - classify.py[line:184] - INFO: Epoch 16, toal_loss 41.1732, aver loss 0.0107, train accuracy 0.9289, train auc 0.0000, test accuracy 0.8437, test auc 0.0000
2021-05-22 14:04:33,881 - classify.py[line:184] - INFO: Epoch 17, toal_loss 40.9734, aver loss 0.0101, train accuracy 0.9321, train auc 0.0000, test accuracy 0.8443, test auc 0.0000
2021-05-22 14:04:36,641 - classify.py[line:184] - INFO: Epoch 18, toal_loss 40.3923, aver loss 0.0094, train accuracy 0.9314, train auc 0.0000, test accuracy 0.8447, test auc 0.0000
2021-05-22 14:04:39,386 - classify.py[line:184] - INFO: Epoch 19, toal_loss 40.3255, aver loss 0.0089, train accuracy 0.9329, train auc 0.0000, test accuracy 0.8446, test auc 0.0000
2021-05-22 14:04:42,090 - classify.py[line:184] - INFO: Epoch 20, toal_loss 39.4401, aver loss 0.0083, train accuracy 0.9351, train auc 0.0000, test accuracy 0.8441, test auc 0.0000
2021-05-22 14:04:44,918 - classify.py[line:184] - INFO: Epoch 21, toal_loss 39.3689, aver loss 0.0079, train accuracy 0.9337, train auc 0.0000, test accuracy 0.8453, test auc 0.0000
2021-05-22 14:04:47,668 - classify.py[line:184] - INFO: Epoch 22, toal_loss 38.7798, aver loss 0.0075, train accuracy 0.9358, train auc 0.0000, test accuracy 0.8446, test auc 0.0000
2021-05-22 14:04:50,407 - classify.py[line:184] - INFO: Epoch 23, toal_loss 38.6292, aver loss 0.0071, train accuracy 0.9376, train auc 0.0000, test accuracy 0.8435, test auc 0.0000
2021-05-22 14:04:53,158 - classify.py[line:184] - INFO: Epoch 24, toal_loss 37.7437, aver loss 0.0067, train accuracy 0.9374, train auc 0.0000, test accuracy 0.8432, test auc 0.0000
2021-05-22 14:04:55,962 - classify.py[line:184] - INFO: Epoch 25, toal_loss 37.5336, aver loss 0.0064, train accuracy 0.9373, train auc 0.0000, test accuracy 0.8447, test auc 0.0000
2021-05-22 14:04:58,733 - classify.py[line:184] - INFO: Epoch 26, toal_loss 37.2571, aver loss 0.0061, train accuracy 0.9378, train auc 0.0000, test accuracy 0.8449, test auc 0.0000
2021-05-22 14:05:01,586 - classify.py[line:184] - INFO: Epoch 27, toal_loss 36.6123, aver loss 0.0058, train accuracy 0.9407, train auc 0.0000, test accuracy 0.8447, test auc 0.0000
2021-05-22 14:05:04,286 - classify.py[line:184] - INFO: Epoch 28, toal_loss 36.4496, aver loss 0.0056, train accuracy 0.9405, train auc 0.0000, test accuracy 0.8439, test auc 0.0000
2021-05-22 14:05:07,132 - classify.py[line:184] - INFO: Epoch 29, toal_loss 36.5413, aver loss 0.0054, train accuracy 0.9396, train auc 0.0000, test accuracy 0.8431, test auc 0.0000
2021-05-22 14:05:08,070 - classify.py[line:122] - INFO: {'word_embedding_dimension': 300, 'Epoch1': 20, 'Epoch2': 10, 'dropout': 0.1, 'label_num': 2, 'learning_rate1': 0.001, 'learning_rate2': 1e-05, 'batch_size': 64, 'cuda': True, 'negSampleNum': 2, 'poSampleNum': 1, 'max_bound': 0.8, 'kernel_sizes': [3, 4, 5], 'hidden_size': 256, 'hidden_layers': 1, 'bidirectional': True}
2021-05-22 14:05:08,089 - classify.py[line:140] - INFO: before training: 0.6939212679862976
2021-05-22 14:05:08,089 - classify.py[line:154] - INFO: ...start training...
2021-05-22 14:05:11,591 - classify.py[line:184] - INFO: Epoch 0, toal_loss 229.0844, aver loss 0.8124, train accuracy 0.7737, train auc 0.0000, test accuracy 0.7773, test auc 0.0000
2021-05-22 14:05:15,053 - classify.py[line:184] - INFO: Epoch 1, toal_loss 115.9589, aver loss 0.2056, train accuracy 0.8557, train auc 0.0000, test accuracy 0.8070, test auc 0.0000
2021-05-22 14:05:18,548 - classify.py[line:184] - INFO: Epoch 2, toal_loss 88.0703, aver loss 0.1041, train accuracy 0.8836, train auc 0.0000, test accuracy 0.8172, test auc 0.0000
2021-05-22 14:05:22,019 - classify.py[line:184] - INFO: Epoch 3, toal_loss 77.3182, aver loss 0.0685, train accuracy 0.8920, train auc 0.0000, test accuracy 0.8269, test auc 0.0000
2021-05-22 14:05:25,353 - classify.py[line:184] - INFO: Epoch 4, toal_loss 70.9421, aver loss 0.0503, train accuracy 0.9008, train auc 0.0000, test accuracy 0.8258, test auc 0.0000
2021-05-22 14:05:28,785 - classify.py[line:184] - INFO: Epoch 5, toal_loss 66.2684, aver loss 0.0392, train accuracy 0.9061, train auc 0.0000, test accuracy 0.8331, test auc 0.0000
2021-05-22 14:05:32,240 - classify.py[line:184] - INFO: Epoch 6, toal_loss 63.4611, aver loss 0.0321, train accuracy 0.9114, train auc 0.0000, test accuracy 0.8383, test auc 0.0000
2021-05-22 14:05:35,749 - classify.py[line:184] - INFO: Epoch 7, toal_loss 61.2523, aver loss 0.0272, train accuracy 0.9134, train auc 0.0000, test accuracy 0.8384, test auc 0.0000
2021-05-22 14:05:39,292 - classify.py[line:184] - INFO: Epoch 8, toal_loss 59.6441, aver loss 0.0235, train accuracy 0.9169, train auc 0.0000, test accuracy 0.8391, test auc 0.0000
2021-05-22 14:05:42,680 - classify.py[line:184] - INFO: Epoch 9, toal_loss 58.0047, aver loss 0.0206, train accuracy 0.9184, train auc 0.0000, test accuracy 0.8391, test auc 0.0000
2021-05-22 14:05:46,098 - classify.py[line:184] - INFO: Epoch 10, toal_loss 56.9170, aver loss 0.0183, train accuracy 0.9201, train auc 0.0000, test accuracy 0.8408, test auc 0.0000
2021-05-22 14:05:49,435 - classify.py[line:184] - INFO: Epoch 11, toal_loss 55.6493, aver loss 0.0164, train accuracy 0.9225, train auc 0.0000, test accuracy 0.8404, test auc 0.0000
2021-05-22 14:05:52,746 - classify.py[line:184] - INFO: Epoch 12, toal_loss 55.1867, aver loss 0.0151, train accuracy 0.9245, train auc 0.0000, test accuracy 0.8438, test auc 0.0000
2021-05-22 14:05:56,169 - classify.py[line:184] - INFO: Epoch 13, toal_loss 54.0194, aver loss 0.0137, train accuracy 0.9253, train auc 0.0000, test accuracy 0.8418, test auc 0.0000
2021-05-22 14:05:59,586 - classify.py[line:184] - INFO: Epoch 14, toal_loss 53.3819, aver loss 0.0126, train accuracy 0.9265, train auc 0.0000, test accuracy 0.8424, test auc 0.0000
2021-05-22 14:06:02,995 - classify.py[line:184] - INFO: Epoch 15, toal_loss 52.1063, aver loss 0.0115, train accuracy 0.9274, train auc 0.0000, test accuracy 0.8406, test auc 0.0000
2021-05-22 14:06:06,411 - classify.py[line:184] - INFO: Epoch 16, toal_loss 52.5688, aver loss 0.0110, train accuracy 0.9300, train auc 0.0000, test accuracy 0.8426, test auc 0.0000
2021-05-22 14:06:09,918 - classify.py[line:184] - INFO: Epoch 17, toal_loss 51.2624, aver loss 0.0101, train accuracy 0.9306, train auc 0.0000, test accuracy 0.8450, test auc 0.0000
2021-05-22 14:06:13,399 - classify.py[line:184] - INFO: Epoch 18, toal_loss 50.7635, aver loss 0.0095, train accuracy 0.9308, train auc 0.0000, test accuracy 0.8457, test auc 0.0000
2021-05-22 14:06:16,746 - classify.py[line:184] - INFO: Epoch 19, toal_loss 49.8080, aver loss 0.0088, train accuracy 0.9329, train auc 0.0000, test accuracy 0.8441, test auc 0.0000
2021-05-22 14:06:20,165 - classify.py[line:184] - INFO: Epoch 20, toal_loss 49.7262, aver loss 0.0084, train accuracy 0.9333, train auc 0.0000, test accuracy 0.8445, test auc 0.0000
2021-05-22 14:06:23,575 - classify.py[line:184] - INFO: Epoch 21, toal_loss 48.9310, aver loss 0.0079, train accuracy 0.9342, train auc 0.0000, test accuracy 0.8435, test auc 0.0000
2021-05-22 14:06:27,038 - classify.py[line:184] - INFO: Epoch 22, toal_loss 48.7811, aver loss 0.0075, train accuracy 0.9342, train auc 0.0000, test accuracy 0.8466, test auc 0.0000
2021-05-22 14:06:30,464 - classify.py[line:184] - INFO: Epoch 23, toal_loss 48.5141, aver loss 0.0072, train accuracy 0.9343, train auc 0.0000, test accuracy 0.8450, test auc 0.0000
2021-05-22 14:06:33,751 - classify.py[line:184] - INFO: Epoch 24, toal_loss 47.9773, aver loss 0.0068, train accuracy 0.9366, train auc 0.0000, test accuracy 0.8432, test auc 0.0000
2021-05-22 14:06:37,183 - classify.py[line:184] - INFO: Epoch 25, toal_loss 47.1506, aver loss 0.0064, train accuracy 0.9370, train auc 0.0000, test accuracy 0.8434, test auc 0.0000
2021-05-22 14:06:40,549 - classify.py[line:184] - INFO: Epoch 26, toal_loss 46.3181, aver loss 0.0061, train accuracy 0.9375, train auc 0.0000, test accuracy 0.8435, test auc 0.0000
2021-05-22 14:06:43,903 - classify.py[line:184] - INFO: Epoch 27, toal_loss 46.5118, aver loss 0.0059, train accuracy 0.9380, train auc 0.0000, test accuracy 0.8414, test auc 0.0000
2021-05-22 14:06:47,341 - classify.py[line:184] - INFO: Epoch 28, toal_loss 45.9213, aver loss 0.0056, train accuracy 0.9378, train auc 0.0000, test accuracy 0.8427, test auc 0.0000
2021-05-22 14:06:50,685 - classify.py[line:184] - INFO: Epoch 29, toal_loss 46.0191, aver loss 0.0054, train accuracy 0.9393, train auc 0.0000, test accuracy 0.8426, test auc 0.0000
2021-05-22 14:06:51,630 - classify.py[line:122] - INFO: {'word_embedding_dimension': 300, 'Epoch1': 20, 'Epoch2': 10, 'dropout': 0.1, 'label_num': 2, 'learning_rate1': 0.001, 'learning_rate2': 1e-05, 'batch_size': 64, 'cuda': True, 'negSampleNum': 2, 'poSampleNum': 1, 'max_bound': 0.8, 'kernel_sizes': [3, 4, 5], 'hidden_size': 256, 'hidden_layers': 1, 'bidirectional': True}
2021-05-22 14:06:51,648 - classify.py[line:140] - INFO: before training: 0.6923424005508423
2021-05-22 14:06:51,648 - classify.py[line:154] - INFO: ...start training...
2021-05-22 14:06:55,671 - classify.py[line:184] - INFO: Epoch 0, toal_loss 261.5441, aver loss 0.7738, train accuracy 0.7842, train auc 0.0000, test accuracy 0.7887, test auc 0.0000
2021-05-22 14:06:59,710 - classify.py[line:184] - INFO: Epoch 1, toal_loss 125.2109, aver loss 0.1852, train accuracy 0.8675, train auc 0.0000, test accuracy 0.8126, test auc 0.0000
2021-05-22 14:07:03,886 - classify.py[line:184] - INFO: Epoch 2, toal_loss 98.8616, aver loss 0.0975, train accuracy 0.8886, train auc 0.0000, test accuracy 0.8255, test auc 0.0000
2021-05-22 14:07:08,027 - classify.py[line:184] - INFO: Epoch 3, toal_loss 87.2531, aver loss 0.0645, train accuracy 0.9002, train auc 0.0000, test accuracy 0.8326, test auc 0.0000
2021-05-22 14:07:12,132 - classify.py[line:184] - INFO: Epoch 4, toal_loss 80.7874, aver loss 0.0478, train accuracy 0.9068, train auc 0.0000, test accuracy 0.8340, test auc 0.0000
2021-05-22 14:07:16,323 - classify.py[line:184] - INFO: Epoch 5, toal_loss 76.3927, aver loss 0.0377, train accuracy 0.9114, train auc 0.0000, test accuracy 0.8373, test auc 0.0000
2021-05-22 14:07:20,573 - classify.py[line:184] - INFO: Epoch 6, toal_loss 72.9521, aver loss 0.0308, train accuracy 0.9157, train auc 0.0000, test accuracy 0.8353, test auc 0.0000
2021-05-22 14:07:24,672 - classify.py[line:184] - INFO: Epoch 7, toal_loss 70.7648, aver loss 0.0262, train accuracy 0.9189, train auc 0.0000, test accuracy 0.8387, test auc 0.0000
2021-05-22 14:07:28,824 - classify.py[line:184] - INFO: Epoch 8, toal_loss 69.3925, aver loss 0.0228, train accuracy 0.9200, train auc 0.0000, test accuracy 0.8404, test auc 0.0000
2021-05-22 14:07:32,963 - classify.py[line:184] - INFO: Epoch 9, toal_loss 67.0273, aver loss 0.0198, train accuracy 0.9213, train auc 0.0000, test accuracy 0.8432, test auc 0.0000
2021-05-22 14:07:37,105 - classify.py[line:184] - INFO: Epoch 10, toal_loss 66.2159, aver loss 0.0178, train accuracy 0.9225, train auc 0.0000, test accuracy 0.8438, test auc 0.0000
2021-05-22 14:07:41,208 - classify.py[line:184] - INFO: Epoch 11, toal_loss 64.9292, aver loss 0.0160, train accuracy 0.9262, train auc 0.0000, test accuracy 0.8411, test auc 0.0000
2021-05-22 14:07:45,284 - classify.py[line:184] - INFO: Epoch 12, toal_loss 63.9647, aver loss 0.0146, train accuracy 0.9268, train auc 0.0000, test accuracy 0.8418, test auc 0.0000
2021-05-22 14:07:49,332 - classify.py[line:184] - INFO: Epoch 13, toal_loss 62.7943, aver loss 0.0133, train accuracy 0.9294, train auc 0.0000, test accuracy 0.8445, test auc 0.0000
2021-05-22 14:07:53,520 - classify.py[line:184] - INFO: Epoch 14, toal_loss 62.7807, aver loss 0.0124, train accuracy 0.9280, train auc 0.0000, test accuracy 0.8435, test auc 0.0000
2021-05-22 14:07:57,636 - classify.py[line:184] - INFO: Epoch 15, toal_loss 61.8706, aver loss 0.0114, train accuracy 0.9292, train auc 0.0000, test accuracy 0.8426, test auc 0.0000
2021-05-22 14:08:01,607 - classify.py[line:184] - INFO: Epoch 16, toal_loss 60.5187, aver loss 0.0105, train accuracy 0.9303, train auc 0.0000, test accuracy 0.8449, test auc 0.0000
2021-05-22 14:08:05,556 - classify.py[line:184] - INFO: Epoch 17, toal_loss 59.7140, aver loss 0.0098, train accuracy 0.9319, train auc 0.0000, test accuracy 0.8431, test auc 0.0000
2021-05-22 14:08:09,565 - classify.py[line:184] - INFO: Epoch 18, toal_loss 59.2929, aver loss 0.0092, train accuracy 0.9331, train auc 0.0000, test accuracy 0.8438, test auc 0.0000
2021-05-22 14:08:13,451 - classify.py[line:184] - INFO: Epoch 19, toal_loss 58.2180, aver loss 0.0086, train accuracy 0.9350, train auc 0.0000, test accuracy 0.8463, test auc 0.0000
2021-05-22 14:08:17,629 - classify.py[line:184] - INFO: Epoch 20, toal_loss 57.8138, aver loss 0.0081, train accuracy 0.9347, train auc 0.0000, test accuracy 0.8471, test auc 0.0000
2021-05-22 14:08:21,696 - classify.py[line:184] - INFO: Epoch 21, toal_loss 57.0705, aver loss 0.0077, train accuracy 0.9364, train auc 0.0000, test accuracy 0.8421, test auc 0.0000
2021-05-22 14:08:25,845 - classify.py[line:184] - INFO: Epoch 22, toal_loss 56.6656, aver loss 0.0073, train accuracy 0.9359, train auc 0.0000, test accuracy 0.8427, test auc 0.0000
2021-05-22 14:08:29,982 - classify.py[line:184] - INFO: Epoch 23, toal_loss 56.6628, aver loss 0.0070, train accuracy 0.9361, train auc 0.0000, test accuracy 0.8474, test auc 0.0000
2021-05-22 14:08:34,086 - classify.py[line:184] - INFO: Epoch 24, toal_loss 55.2284, aver loss 0.0065, train accuracy 0.9374, train auc 0.0000, test accuracy 0.8432, test auc 0.0000
2021-05-22 14:08:38,151 - classify.py[line:184] - INFO: Epoch 25, toal_loss 54.6726, aver loss 0.0062, train accuracy 0.9380, train auc 0.0000, test accuracy 0.8428, test auc 0.0000
2021-05-22 14:08:42,258 - classify.py[line:184] - INFO: Epoch 26, toal_loss 54.2277, aver loss 0.0059, train accuracy 0.9379, train auc 0.0000, test accuracy 0.8457, test auc 0.0000
2021-05-22 14:08:46,428 - classify.py[line:184] - INFO: Epoch 27, toal_loss 54.1717, aver loss 0.0057, train accuracy 0.9390, train auc 0.0000, test accuracy 0.8432, test auc 0.0000
2021-05-22 14:08:50,571 - classify.py[line:184] - INFO: Epoch 28, toal_loss 53.5395, aver loss 0.0055, train accuracy 0.9401, train auc 0.0000, test accuracy 0.8464, test auc 0.0000
2021-05-22 14:08:54,601 - classify.py[line:184] - INFO: Epoch 29, toal_loss 53.2470, aver loss 0.0053, train accuracy 0.9399, train auc 0.0000, test accuracy 0.8441, test auc 0.0000
2021-05-22 14:08:55,563 - classify.py[line:122] - INFO: {'word_embedding_dimension': 300, 'Epoch1': 20, 'Epoch2': 10, 'dropout': 0.1, 'label_num': 2, 'learning_rate1': 0.001, 'learning_rate2': 1e-05, 'batch_size': 64, 'cuda': True, 'negSampleNum': 2, 'poSampleNum': 1, 'max_bound': 0.8, 'kernel_sizes': [3, 4, 5], 'hidden_size': 256, 'hidden_layers': 1, 'bidirectional': True}
2021-05-22 14:08:55,582 - classify.py[line:140] - INFO: before training: 0.6949362754821777
2021-05-22 14:08:55,582 - classify.py[line:154] - INFO: ...start training...
2021-05-22 14:09:00,366 - classify.py[line:184] - INFO: Epoch 0, toal_loss 288.5696, aver loss 0.7306, train accuracy 0.7892, train auc 0.0000, test accuracy 0.7965, test auc 0.0000
2021-05-22 14:09:05,192 - classify.py[line:184] - INFO: Epoch 1, toal_loss 136.6186, aver loss 0.1729, train accuracy 0.8707, train auc 0.0000, test accuracy 0.8171, test auc 0.0000
2021-05-22 14:09:09,982 - classify.py[line:184] - INFO: Epoch 2, toal_loss 110.2899, aver loss 0.0931, train accuracy 0.8919, train auc 0.0000, test accuracy 0.8265, test auc 0.0000
2021-05-22 14:09:14,633 - classify.py[line:184] - INFO: Epoch 3, toal_loss 98.1602, aver loss 0.0621, train accuracy 0.9030, train auc 0.0000, test accuracy 0.8315, test auc 0.0000
2021-05-22 14:09:19,326 - classify.py[line:184] - INFO: Epoch 4, toal_loss 91.7370, aver loss 0.0464, train accuracy 0.9076, train auc 0.0000, test accuracy 0.8368, test auc 0.0000
2021-05-22 14:09:24,328 - classify.py[line:184] - INFO: Epoch 5, toal_loss 87.4868, aver loss 0.0369, train accuracy 0.9129, train auc 0.0000, test accuracy 0.8409, test auc 0.0000
2021-05-22 14:09:29,182 - classify.py[line:184] - INFO: Epoch 6, toal_loss 84.3765, aver loss 0.0305, train accuracy 0.9156, train auc 0.0000, test accuracy 0.8426, test auc 0.0000
2021-05-22 14:09:33,917 - classify.py[line:184] - INFO: Epoch 7, toal_loss 82.9530, aver loss 0.0263, train accuracy 0.9189, train auc 0.0000, test accuracy 0.8422, test auc 0.0000
2021-05-22 14:09:38,829 - classify.py[line:184] - INFO: Epoch 8, toal_loss 80.3698, aver loss 0.0226, train accuracy 0.9199, train auc 0.0000, test accuracy 0.8410, test auc 0.0000
2021-05-22 14:09:43,667 - classify.py[line:184] - INFO: Epoch 9, toal_loss 77.7753, aver loss 0.0197, train accuracy 0.9219, train auc 0.0000, test accuracy 0.8430, test auc 0.0000
2021-05-22 14:09:48,411 - classify.py[line:184] - INFO: Epoch 10, toal_loss 77.2293, aver loss 0.0178, train accuracy 0.9242, train auc 0.0000, test accuracy 0.8459, test auc 0.0000
2021-05-22 14:09:53,192 - classify.py[line:184] - INFO: Epoch 11, toal_loss 75.6738, aver loss 0.0160, train accuracy 0.9245, train auc 0.0000, test accuracy 0.8440, test auc 0.0000
2021-05-22 14:09:58,024 - classify.py[line:184] - INFO: Epoch 12, toal_loss 74.7676, aver loss 0.0146, train accuracy 0.9253, train auc 0.0000, test accuracy 0.8447, test auc 0.0000
2021-05-22 14:10:02,764 - classify.py[line:184] - INFO: Epoch 13, toal_loss 73.8944, aver loss 0.0134, train accuracy 0.9272, train auc 0.0000, test accuracy 0.8429, test auc 0.0000
2021-05-22 14:10:07,684 - classify.py[line:184] - INFO: Epoch 14, toal_loss 72.6046, aver loss 0.0123, train accuracy 0.9275, train auc 0.0000, test accuracy 0.8441, test auc 0.0000
2021-05-22 14:10:12,584 - classify.py[line:184] - INFO: Epoch 15, toal_loss 71.7161, aver loss 0.0113, train accuracy 0.9303, train auc 0.0000, test accuracy 0.8444, test auc 0.0000
2021-05-22 14:10:17,490 - classify.py[line:184] - INFO: Epoch 16, toal_loss 70.9640, aver loss 0.0106, train accuracy 0.9302, train auc 0.0000, test accuracy 0.8449, test auc 0.0000
2021-05-22 14:10:22,269 - classify.py[line:184] - INFO: Epoch 17, toal_loss 70.1432, aver loss 0.0099, train accuracy 0.9322, train auc 0.0000, test accuracy 0.8455, test auc 0.0000
2021-05-22 14:10:27,038 - classify.py[line:184] - INFO: Epoch 18, toal_loss 69.0737, aver loss 0.0092, train accuracy 0.9327, train auc 0.0000, test accuracy 0.8432, test auc 0.0000
2021-05-22 14:10:31,919 - classify.py[line:184] - INFO: Epoch 19, toal_loss 68.4260, aver loss 0.0087, train accuracy 0.9332, train auc 0.0000, test accuracy 0.8436, test auc 0.0000
2021-05-22 14:10:36,641 - classify.py[line:184] - INFO: Epoch 20, toal_loss 68.1168, aver loss 0.0082, train accuracy 0.9328, train auc 0.0000, test accuracy 0.8445, test auc 0.0000
2021-05-22 14:10:41,469 - classify.py[line:184] - INFO: Epoch 21, toal_loss 67.2209, aver loss 0.0077, train accuracy 0.9341, train auc 0.0000, test accuracy 0.8428, test auc 0.0000
2021-05-22 14:10:46,278 - classify.py[line:184] - INFO: Epoch 22, toal_loss 66.7554, aver loss 0.0073, train accuracy 0.9338, train auc 0.0000, test accuracy 0.8452, test auc 0.0000
2021-05-22 14:10:51,149 - classify.py[line:184] - INFO: Epoch 23, toal_loss 65.9495, aver loss 0.0070, train accuracy 0.9347, train auc 0.0000, test accuracy 0.8441, test auc 0.0000
2021-05-22 14:10:55,987 - classify.py[line:184] - INFO: Epoch 24, toal_loss 65.7678, aver loss 0.0067, train accuracy 0.9361, train auc 0.0000, test accuracy 0.8410, test auc 0.0000
2021-05-22 14:11:00,912 - classify.py[line:184] - INFO: Epoch 25, toal_loss 65.2832, aver loss 0.0064, train accuracy 0.9369, train auc 0.0000, test accuracy 0.8465, test auc 0.0000
2021-05-22 14:11:05,731 - classify.py[line:184] - INFO: Epoch 26, toal_loss 64.4351, aver loss 0.0060, train accuracy 0.9359, train auc 0.0000, test accuracy 0.8446, test auc 0.0000
2021-05-22 14:11:10,390 - classify.py[line:184] - INFO: Epoch 27, toal_loss 64.0635, aver loss 0.0058, train accuracy 0.9373, train auc 0.0000, test accuracy 0.8443, test auc 0.0000
2021-05-22 14:11:15,239 - classify.py[line:184] - INFO: Epoch 28, toal_loss 63.7428, aver loss 0.0056, train accuracy 0.9387, train auc 0.0000, test accuracy 0.8472, test auc 0.0000
2021-05-22 14:11:20,114 - classify.py[line:184] - INFO: Epoch 29, toal_loss 63.2884, aver loss 0.0053, train accuracy 0.9379, train auc 0.0000, test accuracy 0.8424, test auc 0.0000
2021-05-22 14:11:21,044 - classify.py[line:122] - INFO: {'word_embedding_dimension': 300, 'Epoch1': 20, 'Epoch2': 10, 'dropout': 0.1, 'label_num': 2, 'learning_rate1': 0.001, 'learning_rate2': 1e-05, 'batch_size': 64, 'cuda': True, 'negSampleNum': 2, 'poSampleNum': 1, 'max_bound': 0.8, 'kernel_sizes': [3, 4, 5], 'hidden_size': 256, 'hidden_layers': 1, 'bidirectional': True}
2021-05-22 14:11:21,062 - classify.py[line:140] - INFO: before training: 0.696289598941803
2021-05-22 14:11:21,063 - classify.py[line:154] - INFO: ...start training...
2021-05-22 14:11:26,730 - classify.py[line:184] - INFO: Epoch 0, toal_loss 308.9369, aver loss 0.6850, train accuracy 0.7992, train auc 0.0000, test accuracy 0.8014, test auc 0.0000
2021-05-22 14:11:32,203 - classify.py[line:184] - INFO: Epoch 1, toal_loss 148.4513, aver loss 0.1646, train accuracy 0.8773, train auc 0.0000, test accuracy 0.8171, test auc 0.0000
2021-05-22 14:11:37,617 - classify.py[line:184] - INFO: Epoch 2, toal_loss 120.9902, aver loss 0.0894, train accuracy 0.8953, train auc 0.0000, test accuracy 0.8313, test auc 0.0000
2021-05-22 14:11:43,299 - classify.py[line:184] - INFO: Epoch 3, toal_loss 108.5505, aver loss 0.0602, train accuracy 0.9052, train auc 0.0000, test accuracy 0.8376, test auc 0.0000
2021-05-22 14:11:48,633 - classify.py[line:184] - INFO: Epoch 4, toal_loss 101.9394, aver loss 0.0452, train accuracy 0.9104, train auc 0.0000, test accuracy 0.8385, test auc 0.0000
2021-05-22 14:11:54,032 - classify.py[line:184] - INFO: Epoch 5, toal_loss 98.3478, aver loss 0.0363, train accuracy 0.9134, train auc 0.0000, test accuracy 0.8424, test auc 0.0000
2021-05-22 14:11:59,372 - classify.py[line:184] - INFO: Epoch 6, toal_loss 95.0051, aver loss 0.0301, train accuracy 0.9170, train auc 0.0000, test accuracy 0.8427, test auc 0.0000
2021-05-22 14:12:04,842 - classify.py[line:184] - INFO: Epoch 7, toal_loss 92.6882, aver loss 0.0257, train accuracy 0.9211, train auc 0.0000, test accuracy 0.8414, test auc 0.0000
2021-05-22 14:12:10,443 - classify.py[line:184] - INFO: Epoch 8, toal_loss 91.3323, aver loss 0.0225, train accuracy 0.9222, train auc 0.0000, test accuracy 0.8396, test auc 0.0000
2021-05-22 14:12:16,009 - classify.py[line:184] - INFO: Epoch 9, toal_loss 89.5544, aver loss 0.0199, train accuracy 0.9233, train auc 0.0000, test accuracy 0.8431, test auc 0.0000
2021-05-22 14:12:21,511 - classify.py[line:184] - INFO: Epoch 10, toal_loss 87.4540, aver loss 0.0176, train accuracy 0.9241, train auc 0.0000, test accuracy 0.8446, test auc 0.0000
2021-05-22 14:12:26,842 - classify.py[line:184] - INFO: Epoch 11, toal_loss 86.5182, aver loss 0.0160, train accuracy 0.9260, train auc 0.0000, test accuracy 0.8418, test auc 0.0000
2021-05-22 14:12:32,479 - classify.py[line:184] - INFO: Epoch 12, toal_loss 84.4984, aver loss 0.0144, train accuracy 0.9288, train auc 0.0000, test accuracy 0.8441, test auc 0.0000
2021-05-22 14:12:37,937 - classify.py[line:184] - INFO: Epoch 13, toal_loss 83.5693, aver loss 0.0132, train accuracy 0.9291, train auc 0.0000, test accuracy 0.8426, test auc 0.0000
2021-05-22 14:12:43,508 - classify.py[line:184] - INFO: Epoch 14, toal_loss 82.7262, aver loss 0.0122, train accuracy 0.9285, train auc 0.0000, test accuracy 0.8430, test auc 0.0000
2021-05-22 14:12:49,056 - classify.py[line:184] - INFO: Epoch 15, toal_loss 81.9421, aver loss 0.0114, train accuracy 0.9300, train auc 0.0000, test accuracy 0.8432, test auc 0.0000
2021-05-22 14:12:54,416 - classify.py[line:184] - INFO: Epoch 16, toal_loss 81.0172, aver loss 0.0106, train accuracy 0.9314, train auc 0.0000, test accuracy 0.8472, test auc 0.0000
2021-05-22 14:13:00,154 - classify.py[line:184] - INFO: Epoch 17, toal_loss 79.9407, aver loss 0.0098, train accuracy 0.9315, train auc 0.0000, test accuracy 0.8471, test auc 0.0000
2021-05-22 14:13:05,797 - classify.py[line:184] - INFO: Epoch 18, toal_loss 78.9474, aver loss 0.0092, train accuracy 0.9335, train auc 0.0000, test accuracy 0.8483, test auc 0.0000
2021-05-22 14:13:11,405 - classify.py[line:184] - INFO: Epoch 19, toal_loss 78.5899, aver loss 0.0087, train accuracy 0.9343, train auc 0.0000, test accuracy 0.8441, test auc 0.0000
2021-05-22 14:13:17,037 - classify.py[line:184] - INFO: Epoch 20, toal_loss 77.9219, aver loss 0.0082, train accuracy 0.9342, train auc 0.0000, test accuracy 0.8462, test auc 0.0000
2021-05-22 14:13:22,639 - classify.py[line:184] - INFO: Epoch 21, toal_loss 77.3422, aver loss 0.0078, train accuracy 0.9350, train auc 0.0000, test accuracy 0.8474, test auc 0.0000
2021-05-22 14:13:28,160 - classify.py[line:184] - INFO: Epoch 22, toal_loss 75.7778, aver loss 0.0073, train accuracy 0.9334, train auc 0.0000, test accuracy 0.8480, test auc 0.0000
2021-05-22 14:13:33,774 - classify.py[line:184] - INFO: Epoch 23, toal_loss 75.9923, aver loss 0.0070, train accuracy 0.9358, train auc 0.0000, test accuracy 0.8463, test auc 0.0000
2021-05-22 14:13:39,345 - classify.py[line:184] - INFO: Epoch 24, toal_loss 75.5762, aver loss 0.0067, train accuracy 0.9368, train auc 0.0000, test accuracy 0.8474, test auc 0.0000
2021-05-22 14:13:44,764 - classify.py[line:184] - INFO: Epoch 25, toal_loss 74.4313, aver loss 0.0063, train accuracy 0.9364, train auc 0.0000, test accuracy 0.8457, test auc 0.0000
2021-05-22 14:13:50,218 - classify.py[line:184] - INFO: Epoch 26, toal_loss 74.2107, aver loss 0.0061, train accuracy 0.9368, train auc 0.0000, test accuracy 0.8484, test auc 0.0000
2021-05-22 14:13:55,640 - classify.py[line:184] - INFO: Epoch 27, toal_loss 74.2053, aver loss 0.0059, train accuracy 0.9384, train auc 0.0000, test accuracy 0.8456, test auc 0.0000
2021-05-22 14:14:00,966 - classify.py[line:184] - INFO: Epoch 28, toal_loss 73.0957, aver loss 0.0056, train accuracy 0.9385, train auc 0.0000, test accuracy 0.8457, test auc 0.0000
2021-05-22 14:14:06,531 - classify.py[line:184] - INFO: Epoch 29, toal_loss 73.6914, aver loss 0.0054, train accuracy 0.9379, train auc 0.0000, test accuracy 0.8464, test auc 0.0000
2021-05-22 14:14:07,520 - classify.py[line:122] - INFO: {'word_embedding_dimension': 300, 'Epoch1': 20, 'Epoch2': 10, 'dropout': 0.1, 'label_num': 2, 'learning_rate1': 0.001, 'learning_rate2': 1e-05, 'batch_size': 64, 'cuda': True, 'negSampleNum': 2, 'poSampleNum': 1, 'max_bound': 0.8, 'kernel_sizes': [3, 4, 5], 'hidden_size': 256, 'hidden_layers': 1, 'bidirectional': True}
2021-05-22 14:14:07,538 - classify.py[line:140] - INFO: before training: 0.6926807165145874
2021-05-22 14:14:07,539 - classify.py[line:154] - INFO: ...start training...
2021-05-22 14:14:13,726 - classify.py[line:184] - INFO: Epoch 0, toal_loss 326.9563, aver loss 0.6449, train accuracy 0.8076, train auc 0.0000, test accuracy 0.8039, test auc 0.0000
2021-05-22 14:14:19,857 - classify.py[line:184] - INFO: Epoch 1, toal_loss 156.9386, aver loss 0.1548, train accuracy 0.8830, train auc 0.0000, test accuracy 0.8205, test auc 0.0000
2021-05-22 14:14:26,255 - classify.py[line:184] - INFO: Epoch 2, toal_loss 130.5913, aver loss 0.0859, train accuracy 0.8985, train auc 0.0000, test accuracy 0.8342, test auc 0.0000
2021-05-22 14:14:32,553 - classify.py[line:184] - INFO: Epoch 3, toal_loss 120.1992, aver loss 0.0593, train accuracy 0.9057, train auc 0.0000, test accuracy 0.8384, test auc 0.0000
2021-05-22 14:14:38,673 - classify.py[line:184] - INFO: Epoch 4, toal_loss 111.8661, aver loss 0.0441, train accuracy 0.9120, train auc 0.0000, test accuracy 0.8388, test auc 0.0000
2021-05-22 14:14:44,712 - classify.py[line:184] - INFO: Epoch 5, toal_loss 108.4472, aver loss 0.0356, train accuracy 0.9158, train auc 0.0000, test accuracy 0.8405, test auc 0.0000
2021-05-22 14:14:50,876 - classify.py[line:184] - INFO: Epoch 6, toal_loss 104.1980, aver loss 0.0294, train accuracy 0.9182, train auc 0.0000, test accuracy 0.8402, test auc 0.0000
2021-05-22 14:14:57,144 - classify.py[line:184] - INFO: Epoch 7, toal_loss 102.8417, aver loss 0.0254, train accuracy 0.9199, train auc 0.0000, test accuracy 0.8411, test auc 0.0000
2021-05-22 14:15:03,281 - classify.py[line:184] - INFO: Epoch 8, toal_loss 100.7387, aver loss 0.0221, train accuracy 0.9229, train auc 0.0000, test accuracy 0.8409, test auc 0.0000
2021-05-22 14:15:09,385 - classify.py[line:184] - INFO: Epoch 9, toal_loss 98.8249, aver loss 0.0195, train accuracy 0.9231, train auc 0.0000, test accuracy 0.8438, test auc 0.0000
2021-05-22 14:15:15,585 - classify.py[line:184] - INFO: Epoch 10, toal_loss 97.9293, aver loss 0.0176, train accuracy 0.9247, train auc 0.0000, test accuracy 0.8464, test auc 0.0000
2021-05-22 14:15:21,780 - classify.py[line:184] - INFO: Epoch 11, toal_loss 94.9729, aver loss 0.0156, train accuracy 0.9264, train auc 0.0000, test accuracy 0.8482, test auc 0.0000
2021-05-22 14:15:27,956 - classify.py[line:184] - INFO: Epoch 12, toal_loss 95.0093, aver loss 0.0144, train accuracy 0.9267, train auc 0.0000, test accuracy 0.8453, test auc 0.0000
2021-05-22 14:15:34,051 - classify.py[line:184] - INFO: Epoch 13, toal_loss 93.3380, aver loss 0.0131, train accuracy 0.9267, train auc 0.0000, test accuracy 0.8467, test auc 0.0000
2021-05-22 14:15:40,248 - classify.py[line:184] - INFO: Epoch 14, toal_loss 92.2459, aver loss 0.0121, train accuracy 0.9288, train auc 0.0000, test accuracy 0.8474, test auc 0.0000
2021-05-22 14:15:46,475 - classify.py[line:184] - INFO: Epoch 15, toal_loss 90.9529, aver loss 0.0112, train accuracy 0.9301, train auc 0.0000, test accuracy 0.8481, test auc 0.0000
2021-05-22 14:15:52,695 - classify.py[line:184] - INFO: Epoch 16, toal_loss 90.5116, aver loss 0.0105, train accuracy 0.9307, train auc 0.0000, test accuracy 0.8470, test auc 0.0000
2021-05-22 14:15:59,017 - classify.py[line:184] - INFO: Epoch 17, toal_loss 89.5559, aver loss 0.0098, train accuracy 0.9327, train auc 0.0000, test accuracy 0.8492, test auc 0.0000
2021-05-22 14:16:05,251 - classify.py[line:184] - INFO: Epoch 18, toal_loss 87.8542, aver loss 0.0091, train accuracy 0.9324, train auc 0.0000, test accuracy 0.8472, test auc 0.0000
2021-05-22 14:16:11,458 - classify.py[line:184] - INFO: Epoch 19, toal_loss 87.4691, aver loss 0.0086, train accuracy 0.9316, train auc 0.0000, test accuracy 0.8449, test auc 0.0000
2021-05-22 14:16:17,697 - classify.py[line:184] - INFO: Epoch 20, toal_loss 86.4423, aver loss 0.0081, train accuracy 0.9333, train auc 0.0000, test accuracy 0.8482, test auc 0.0000
2021-05-22 14:16:23,948 - classify.py[line:184] - INFO: Epoch 21, toal_loss 86.5188, aver loss 0.0078, train accuracy 0.9343, train auc 0.0000, test accuracy 0.8506, test auc 0.0000
2021-05-22 14:16:30,084 - classify.py[line:184] - INFO: Epoch 22, toal_loss 84.7872, aver loss 0.0073, train accuracy 0.9340, train auc 0.0000, test accuracy 0.8503, test auc 0.0000
2021-05-22 14:16:36,102 - classify.py[line:184] - INFO: Epoch 23, toal_loss 84.0560, aver loss 0.0069, train accuracy 0.9348, train auc 0.0000, test accuracy 0.8472, test auc 0.0000
2021-05-22 14:16:42,218 - classify.py[line:184] - INFO: Epoch 24, toal_loss 84.4207, aver loss 0.0067, train accuracy 0.9355, train auc 0.0000, test accuracy 0.8457, test auc 0.0000
2021-05-22 14:16:48,456 - classify.py[line:184] - INFO: Epoch 25, toal_loss 83.8253, aver loss 0.0064, train accuracy 0.9361, train auc 0.0000, test accuracy 0.8500, test auc 0.0000
2021-05-22 14:16:54,707 - classify.py[line:184] - INFO: Epoch 26, toal_loss 82.9700, aver loss 0.0061, train accuracy 0.9368, train auc 0.0000, test accuracy 0.8484, test auc 0.0000
2021-05-22 14:17:00,790 - classify.py[line:184] - INFO: Epoch 27, toal_loss 81.8600, aver loss 0.0058, train accuracy 0.9373, train auc 0.0000, test accuracy 0.8465, test auc 0.0000
2021-05-22 14:17:06,793 - classify.py[line:184] - INFO: Epoch 28, toal_loss 81.7265, aver loss 0.0056, train accuracy 0.9383, train auc 0.0000, test accuracy 0.8475, test auc 0.0000
2021-05-22 14:17:12,872 - classify.py[line:184] - INFO: Epoch 29, toal_loss 81.6645, aver loss 0.0054, train accuracy 0.9387, train auc 0.0000, test accuracy 0.8448, test auc 0.0000
2021-05-22 14:17:13,887 - classify.py[line:122] - INFO: {'word_embedding_dimension': 300, 'Epoch1': 20, 'Epoch2': 10, 'dropout': 0.1, 'label_num': 2, 'learning_rate1': 0.001, 'learning_rate2': 1e-05, 'batch_size': 64, 'cuda': True, 'negSampleNum': 2, 'poSampleNum': 1, 'max_bound': 0.8, 'kernel_sizes': [3, 4, 5], 'hidden_size': 256, 'hidden_layers': 1, 'bidirectional': True}
2021-05-22 14:17:13,906 - classify.py[line:140] - INFO: before training: 0.6944851875305176
2021-05-22 14:17:13,906 - classify.py[line:154] - INFO: ...start training...
2021-05-22 14:17:20,791 - classify.py[line:184] - INFO: Epoch 0, toal_loss 350.7823, aver loss 0.6220, train accuracy 0.8131, train auc 0.0000, test accuracy 0.8092, test auc 0.0000
2021-05-22 14:17:27,618 - classify.py[line:184] - INFO: Epoch 1, toal_loss 168.9178, aver loss 0.1497, train accuracy 0.8862, train auc 0.0000, test accuracy 0.8260, test auc 0.0000
2021-05-22 14:17:34,415 - classify.py[line:184] - INFO: Epoch 2, toal_loss 140.0379, aver loss 0.0828, train accuracy 0.9026, train auc 0.0000, test accuracy 0.8369, test auc 0.0000
2021-05-22 14:17:41,055 - classify.py[line:184] - INFO: Epoch 3, toal_loss 129.2998, aver loss 0.0573, train accuracy 0.9105, train auc 0.0000, test accuracy 0.8399, test auc 0.0000
2021-05-22 14:17:47,945 - classify.py[line:184] - INFO: Epoch 4, toal_loss 123.3657, aver loss 0.0437, train accuracy 0.9141, train auc 0.0000, test accuracy 0.8411, test auc 0.0000
2021-05-22 14:17:54,731 - classify.py[line:184] - INFO: Epoch 5, toal_loss 118.3954, aver loss 0.0350, train accuracy 0.9182, train auc 0.0000, test accuracy 0.8427, test auc 0.0000
2021-05-22 14:18:01,601 - classify.py[line:184] - INFO: Epoch 6, toal_loss 115.2938, aver loss 0.0292, train accuracy 0.9200, train auc 0.0000, test accuracy 0.8422, test auc 0.0000
2021-05-22 14:18:08,419 - classify.py[line:184] - INFO: Epoch 7, toal_loss 112.9759, aver loss 0.0250, train accuracy 0.9213, train auc 0.0000, test accuracy 0.8457, test auc 0.0000
2021-05-22 14:18:15,340 - classify.py[line:184] - INFO: Epoch 8, toal_loss 110.7408, aver loss 0.0218, train accuracy 0.9243, train auc 0.0000, test accuracy 0.8457, test auc 0.0000
2021-05-22 14:18:22,142 - classify.py[line:184] - INFO: Epoch 9, toal_loss 108.4128, aver loss 0.0192, train accuracy 0.9250, train auc 0.0000, test accuracy 0.8470, test auc 0.0000
2021-05-22 14:18:28,981 - classify.py[line:184] - INFO: Epoch 10, toal_loss 106.6521, aver loss 0.0172, train accuracy 0.9253, train auc 0.0000, test accuracy 0.8446, test auc 0.0000
2021-05-22 14:18:35,908 - classify.py[line:184] - INFO: Epoch 11, toal_loss 104.8007, aver loss 0.0155, train accuracy 0.9259, train auc 0.0000, test accuracy 0.8448, test auc 0.0000
2021-05-22 14:18:42,688 - classify.py[line:184] - INFO: Epoch 12, toal_loss 103.3881, aver loss 0.0141, train accuracy 0.9292, train auc 0.0000, test accuracy 0.8493, test auc 0.0000
2021-05-22 14:18:49,602 - classify.py[line:184] - INFO: Epoch 13, toal_loss 102.6793, aver loss 0.0130, train accuracy 0.9289, train auc 0.0000, test accuracy 0.8483, test auc 0.0000
2021-05-22 14:18:56,453 - classify.py[line:184] - INFO: Epoch 14, toal_loss 101.5184, aver loss 0.0120, train accuracy 0.9304, train auc 0.0000, test accuracy 0.8465, test auc 0.0000
2021-05-22 14:19:03,455 - classify.py[line:184] - INFO: Epoch 15, toal_loss 100.4886, aver loss 0.0111, train accuracy 0.9308, train auc 0.0000, test accuracy 0.8500, test auc 0.0000
2021-05-22 14:19:10,270 - classify.py[line:184] - INFO: Epoch 16, toal_loss 99.3644, aver loss 0.0104, train accuracy 0.9315, train auc 0.0000, test accuracy 0.8490, test auc 0.0000
2021-05-22 14:19:16,867 - classify.py[line:184] - INFO: Epoch 17, toal_loss 98.5737, aver loss 0.0097, train accuracy 0.9319, train auc 0.0000, test accuracy 0.8465, test auc 0.0000
2021-05-22 14:19:23,657 - classify.py[line:184] - INFO: Epoch 18, toal_loss 96.7211, aver loss 0.0090, train accuracy 0.9331, train auc 0.0000, test accuracy 0.8480, test auc 0.0000
2021-05-22 14:19:30,556 - classify.py[line:184] - INFO: Epoch 19, toal_loss 96.7058, aver loss 0.0086, train accuracy 0.9341, train auc 0.0000, test accuracy 0.8493, test auc 0.0000
2021-05-22 14:19:37,431 - classify.py[line:184] - INFO: Epoch 20, toal_loss 95.5699, aver loss 0.0081, train accuracy 0.9354, train auc 0.0000, test accuracy 0.8499, test auc 0.0000
2021-05-22 14:19:44,379 - classify.py[line:184] - INFO: Epoch 21, toal_loss 95.4821, aver loss 0.0077, train accuracy 0.9345, train auc 0.0000, test accuracy 0.8479, test auc 0.0000
2021-05-22 14:19:51,209 - classify.py[line:184] - INFO: Epoch 22, toal_loss 94.5992, aver loss 0.0073, train accuracy 0.9357, train auc 0.0000, test accuracy 0.8482, test auc 0.0000
2021-05-22 14:19:58,071 - classify.py[line:184] - INFO: Epoch 23, toal_loss 93.7561, aver loss 0.0069, train accuracy 0.9367, train auc 0.0000, test accuracy 0.8498, test auc 0.0000
2021-05-22 14:20:04,998 - classify.py[line:184] - INFO: Epoch 24, toal_loss 92.9406, aver loss 0.0066, train accuracy 0.9364, train auc 0.0000, test accuracy 0.8493, test auc 0.0000
2021-05-22 14:20:11,910 - classify.py[line:184] - INFO: Epoch 25, toal_loss 92.0865, aver loss 0.0063, train accuracy 0.9374, train auc 0.0000, test accuracy 0.8452, test auc 0.0000
2021-05-22 14:20:18,684 - classify.py[line:184] - INFO: Epoch 26, toal_loss 91.9391, aver loss 0.0060, train accuracy 0.9372, train auc 0.0000, test accuracy 0.8510, test auc 0.0000
2021-05-22 14:20:25,550 - classify.py[line:184] - INFO: Epoch 27, toal_loss 91.0596, aver loss 0.0058, train accuracy 0.9376, train auc 0.0000, test accuracy 0.8498, test auc 0.0000
2021-05-22 14:20:32,368 - classify.py[line:184] - INFO: Epoch 28, toal_loss 90.3188, aver loss 0.0055, train accuracy 0.9384, train auc 0.0000, test accuracy 0.8485, test auc 0.0000
2021-05-22 14:20:39,032 - classify.py[line:184] - INFO: Epoch 29, toal_loss 90.8974, aver loss 0.0054, train accuracy 0.9392, train auc 0.0000, test accuracy 0.8487, test auc 0.0000
