2021-05-18 13:34:57,503 - train.py[line:60] - INFO: {'word_embedding_dimension': 300, 'Epoch1': 20, 'Epoch2': 10, 'dropout': 0.1, 'label_num': 6, 'learning_rate1': 0.001, 'learning_rate2': 1e-05, 'batch_size': 64, 'cuda': True, 'negSampleNum': 4, 'poSampleNum': 1, 'max_bound': 0.1, 'kernel_sizes': [3, 4, 5], 'hidden_size': 256, 'hidden_layers': 1, 'bidirectional': True}
2021-05-18 13:34:57,503 - train.py[line:61] - INFO: Namespace(bs=64, dataset='TREC', epoch=20, l2=0.001, lr=0.001, maxbound=0.1, modelname='TextCNN', modelnum='0', negNum=4, posNum=1, resultnum=91, runmode='train', seed=2)
2021-05-18 13:34:57,770 - train.py[line:216] - INFO: train data loaded!
2021-05-18 13:35:00,951 - train.py[line:230] - INFO: ...start training...
2021-05-18 13:35:17,532 - train.py[line:159] - INFO: Epoch 0, 85 th batch, total loss: 30.47, aver loss:   0.35, aver neg loss:   0.12, aver pos loss:   0.04, test acc:   0.22;     17 s elapsed
2021-05-18 13:35:32,563 - train.py[line:159] - INFO: Epoch 1, 85 th batch, total loss: 19.45, aver loss:   0.23, aver neg loss:   0.12, aver pos loss:   0.04, test acc:   0.21;     32 s elapsed
2021-05-18 13:35:47,633 - train.py[line:159] - INFO: Epoch 2, 85 th batch, total loss: 17.26, aver loss:   0.20, aver neg loss:   0.12, aver pos loss:   0.03, test acc:   0.23;     47 s elapsed
2021-05-18 13:36:02,600 - train.py[line:159] - INFO: Epoch 3, 85 th batch, total loss: 16.50, aver loss:   0.19, aver neg loss:   0.12, aver pos loss:   0.03, test acc:   0.18;     62 s elapsed
2021-05-18 13:36:17,603 - train.py[line:159] - INFO: Epoch 4, 85 th batch, total loss: 15.95, aver loss:   0.19, aver neg loss:   0.12, aver pos loss:   0.03, test acc:   0.21;     77 s elapsed
2021-05-18 13:36:32,609 - train.py[line:159] - INFO: Epoch 5, 85 th batch, total loss: 15.45, aver loss:   0.18, aver neg loss:   0.12, aver pos loss:   0.03, test acc:   0.25;     92 s elapsed
2021-05-18 13:36:47,412 - train.py[line:159] - INFO: Epoch 6, 85 th batch, total loss: 15.18, aver loss:   0.18, aver neg loss:   0.12, aver pos loss:   0.03, test acc:   0.24;    106 s elapsed
2021-05-18 13:37:02,219 - train.py[line:159] - INFO: Epoch 7, 85 th batch, total loss: 14.69, aver loss:   0.17, aver neg loss:   0.12, aver pos loss:   0.03, test acc:   0.24;    121 s elapsed
2021-05-18 13:37:16,896 - train.py[line:159] - INFO: Epoch 8, 85 th batch, total loss: 14.38, aver loss:   0.17, aver neg loss:   0.12, aver pos loss:   0.03, test acc:   0.24;    136 s elapsed
2021-05-18 13:37:31,882 - train.py[line:159] - INFO: Epoch 9, 85 th batch, total loss: 13.88, aver loss:   0.16, aver neg loss:   0.13, aver pos loss:   0.03, test acc:   0.27;    151 s elapsed
2021-05-18 13:37:46,496 - train.py[line:159] - INFO: Epoch 10, 85 th batch, total loss: 13.66, aver loss:   0.16, aver neg loss:   0.13, aver pos loss:   0.03, test acc:   0.25;    166 s elapsed
2021-05-18 13:38:01,305 - train.py[line:159] - INFO: Epoch 11, 85 th batch, total loss: 13.71, aver loss:   0.16, aver neg loss:   0.13, aver pos loss:   0.03, test acc:   0.25;    180 s elapsed
2021-05-18 13:38:16,111 - train.py[line:159] - INFO: Epoch 12, 85 th batch, total loss: 13.87, aver loss:   0.16, aver neg loss:   0.13, aver pos loss:   0.03, test acc:   0.28;    195 s elapsed
2021-05-18 13:38:30,713 - train.py[line:159] - INFO: Epoch 13, 85 th batch, total loss: 13.55, aver loss:   0.16, aver neg loss:   0.13, aver pos loss:   0.03, test acc:   0.27;    210 s elapsed
2021-05-18 13:38:45,356 - train.py[line:159] - INFO: Epoch 14, 85 th batch, total loss: 13.36, aver loss:   0.16, aver neg loss:   0.13, aver pos loss:   0.03, test acc:   0.27;    224 s elapsed
2021-05-18 13:38:59,962 - train.py[line:159] - INFO: Epoch 15, 85 th batch, total loss: 13.12, aver loss:   0.15, aver neg loss:   0.13, aver pos loss:   0.03, test acc:   0.25;    239 s elapsed
2021-05-18 13:39:14,604 - train.py[line:159] - INFO: Epoch 16, 85 th batch, total loss: 13.25, aver loss:   0.15, aver neg loss:   0.13, aver pos loss:   0.03, test acc:   0.27;    254 s elapsed
2021-05-18 13:39:29,785 - train.py[line:159] - INFO: Epoch 17, 85 th batch, total loss: 12.90, aver loss:   0.15, aver neg loss:   0.13, aver pos loss:   0.03, test acc:   0.24;    269 s elapsed
2021-05-18 13:39:44,495 - train.py[line:159] - INFO: Epoch 18, 85 th batch, total loss: 12.55, aver loss:   0.15, aver neg loss:   0.13, aver pos loss:   0.03, test acc:   0.25;    284 s elapsed
2021-05-18 13:39:59,219 - train.py[line:159] - INFO: Epoch 19, 85 th batch, total loss: 12.51, aver loss:   0.15, aver neg loss:   0.13, aver pos loss:   0.03, test acc:   0.23;    298 s elapsed
2021-05-18 13:39:59,222 - train.py[line:174] - INFO: model saved!
