2021-05-17 12:48:28,801 - classify.py[line:68] - INFO: Namespace(batch_size=64, dataset='IMDB', epoch=80, gpu=1, l2=0.001, lr=0.001, modelname='TextCNN', modelnum=0, seed=2, use_aug=0)
2021-05-17 12:48:57,182 - classify.py[line:121] - INFO: {'word_embedding_dimension': 300, 'Epoch1': 5, 'Epoch2': 80, 'dropout': 0.1, 'label_num': 2, 'learning_rate1': 1e-05, 'learning_rate2': 0.001, 'batch_size': 64, 'cuda': 1, 'negSampleNum': 3, 'max_bound': 1, 'kernel_sizes': [3, 4, 5], 'hidden_size': 256, 'hidden_layers': 1, 'bidirectional': True}
2021-05-17 12:48:57,796 - classify.py[line:127] - INFO: before training: 0.9860000610351562
2021-05-17 12:48:57,796 - classify.py[line:139] - INFO: ...start training...
2021-05-17 12:49:19,421 - classify.py[line:167] - INFO: Epoch 0, toal_loss 84.3194, aver loss 0.5371, train accuracy 0.7356, test accuracy 0.7793
2021-05-17 12:49:53,572 - classify.py[line:167] - INFO: Epoch 1, toal_loss 63.3912, aver loss 0.2019, train accuracy 0.8183, test accuracy 0.8213
2021-05-17 12:50:28,183 - classify.py[line:167] - INFO: Epoch 2, toal_loss 55.5834, aver loss 0.1180, train accuracy 0.8504, test accuracy 0.8075
2021-05-17 12:50:59,842 - classify.py[line:167] - INFO: Epoch 3, toal_loss 50.9972, aver loss 0.0812, train accuracy 0.8618, test accuracy 0.8085
2021-05-17 12:51:17,606 - classify.py[line:167] - INFO: Epoch 4, toal_loss 48.6938, aver loss 0.0620, train accuracy 0.8739, test accuracy 0.8325
2021-05-17 12:51:38,773 - classify.py[line:167] - INFO: Epoch 5, toal_loss 44.6511, aver loss 0.0474, train accuracy 0.8826, test accuracy 0.8335
2021-05-17 12:52:13,564 - classify.py[line:167] - INFO: Epoch 6, toal_loss 42.1401, aver loss 0.0383, train accuracy 0.8940, test accuracy 0.8370
2021-05-17 12:52:47,225 - classify.py[line:167] - INFO: Epoch 7, toal_loss 39.9569, aver loss 0.0318, train accuracy 0.9018, test accuracy 0.8213
2021-05-17 12:53:18,251 - classify.py[line:167] - INFO: Epoch 8, toal_loss 39.5089, aver loss 0.0280, train accuracy 0.9058, test accuracy 0.8390
2021-05-17 12:53:36,018 - classify.py[line:167] - INFO: Epoch 9, toal_loss 36.0192, aver loss 0.0229, train accuracy 0.9129, test accuracy 0.8358
2021-05-17 12:53:55,731 - classify.py[line:167] - INFO: Epoch 10, toal_loss 35.8150, aver loss 0.0207, train accuracy 0.9132, test accuracy 0.8285
2021-05-17 12:54:33,643 - classify.py[line:167] - INFO: Epoch 11, toal_loss 32.1950, aver loss 0.0171, train accuracy 0.9221, test accuracy 0.8335
2021-05-17 12:55:07,633 - classify.py[line:167] - INFO: Epoch 12, toal_loss 30.9605, aver loss 0.0152, train accuracy 0.9278, test accuracy 0.8288
2021-05-17 12:55:37,512 - classify.py[line:167] - INFO: Epoch 13, toal_loss 30.5651, aver loss 0.0139, train accuracy 0.9297, test accuracy 0.8228
2021-05-17 12:55:55,092 - classify.py[line:167] - INFO: Epoch 14, toal_loss 29.3067, aver loss 0.0124, train accuracy 0.9361, test accuracy 0.8440
2021-05-17 12:56:12,716 - classify.py[line:167] - INFO: Epoch 15, toal_loss 25.9842, aver loss 0.0103, train accuracy 0.9350, test accuracy 0.8178
2021-05-17 12:56:47,904 - classify.py[line:167] - INFO: Epoch 16, toal_loss 25.5102, aver loss 0.0096, train accuracy 0.9437, test accuracy 0.8115
2021-05-17 12:57:26,660 - classify.py[line:167] - INFO: Epoch 17, toal_loss 25.3108, aver loss 0.0090, train accuracy 0.9466, test accuracy 0.8298
2021-05-17 12:58:00,543 - classify.py[line:167] - INFO: Epoch 18, toal_loss 23.6755, aver loss 0.0079, train accuracy 0.9462, test accuracy 0.8293
2021-05-17 12:58:18,509 - classify.py[line:167] - INFO: Epoch 19, toal_loss 22.3823, aver loss 0.0071, train accuracy 0.9488, test accuracy 0.8288
2021-05-17 12:58:40,193 - classify.py[line:167] - INFO: Epoch 20, toal_loss 22.2676, aver loss 0.0068, train accuracy 0.9568, test accuracy 0.8208
2021-05-17 12:59:15,200 - classify.py[line:167] - INFO: Epoch 21, toal_loss 20.4138, aver loss 0.0059, train accuracy 0.9561, test accuracy 0.8020
2021-05-17 12:59:52,949 - classify.py[line:167] - INFO: Epoch 22, toal_loss 20.1442, aver loss 0.0056, train accuracy 0.9549, test accuracy 0.8413
2021-05-17 13:00:34,223 - classify.py[line:167] - INFO: Epoch 23, toal_loss 18.8414, aver loss 0.0050, train accuracy 0.9575, test accuracy 0.8105
2021-05-17 13:00:54,752 - classify.py[line:167] - INFO: Epoch 24, toal_loss 17.7662, aver loss 0.0045, train accuracy 0.9642, test accuracy 0.8273
2021-05-17 13:01:13,325 - classify.py[line:167] - INFO: Epoch 25, toal_loss 17.9087, aver loss 0.0044, train accuracy 0.9609, test accuracy 0.8150
2021-05-17 13:01:49,680 - classify.py[line:167] - INFO: Epoch 26, toal_loss 17.7508, aver loss 0.0042, train accuracy 0.9642, test accuracy 0.7948
2021-05-17 13:02:31,797 - classify.py[line:167] - INFO: Epoch 27, toal_loss 17.3908, aver loss 0.0040, train accuracy 0.9664, test accuracy 0.8085
2021-05-17 13:03:18,319 - classify.py[line:167] - INFO: Epoch 28, toal_loss 17.0331, aver loss 0.0037, train accuracy 0.9634, test accuracy 0.8235
2021-05-17 13:03:54,699 - classify.py[line:167] - INFO: Epoch 29, toal_loss 15.8590, aver loss 0.0034, train accuracy 0.9654, test accuracy 0.8205
2021-05-17 13:04:13,105 - classify.py[line:167] - INFO: Epoch 30, toal_loss 15.3499, aver loss 0.0032, train accuracy 0.9670, test accuracy 0.8153
2021-05-17 13:04:48,171 - classify.py[line:167] - INFO: Epoch 31, toal_loss 14.9180, aver loss 0.0030, train accuracy 0.9679, test accuracy 0.8133
2021-05-17 13:05:38,957 - classify.py[line:167] - INFO: Epoch 32, toal_loss 16.2814, aver loss 0.0031, train accuracy 0.9659, test accuracy 0.7965
2021-05-17 13:06:21,173 - classify.py[line:167] - INFO: Epoch 33, toal_loss 14.5682, aver loss 0.0027, train accuracy 0.9687, test accuracy 0.8170
2021-05-17 13:07:01,492 - classify.py[line:167] - INFO: Epoch 34, toal_loss 15.0264, aver loss 0.0027, train accuracy 0.9678, test accuracy 0.8378
2021-05-17 13:07:31,911 - classify.py[line:167] - INFO: Epoch 35, toal_loss 14.4575, aver loss 0.0026, train accuracy 0.9730, test accuracy 0.8013
2021-05-17 13:07:57,157 - classify.py[line:167] - INFO: Epoch 36, toal_loss 13.8465, aver loss 0.0024, train accuracy 0.9726, test accuracy 0.8230
2021-05-17 13:08:37,944 - classify.py[line:167] - INFO: Epoch 37, toal_loss 13.4642, aver loss 0.0023, train accuracy 0.9754, test accuracy 0.8215
2021-05-17 13:09:22,888 - classify.py[line:167] - INFO: Epoch 38, toal_loss 13.5733, aver loss 0.0022, train accuracy 0.9735, test accuracy 0.8370
2021-05-17 13:09:59,119 - classify.py[line:167] - INFO: Epoch 39, toal_loss 12.8548, aver loss 0.0020, train accuracy 0.9733, test accuracy 0.8235
2021-05-17 13:10:21,781 - classify.py[line:167] - INFO: Epoch 40, toal_loss 12.9969, aver loss 0.0020, train accuracy 0.9731, test accuracy 0.8040
2021-05-17 13:10:41,551 - classify.py[line:167] - INFO: Epoch 41, toal_loss 13.3311, aver loss 0.0020, train accuracy 0.9738, test accuracy 0.8310
2021-05-17 13:11:20,618 - classify.py[line:167] - INFO: Epoch 42, toal_loss 13.7502, aver loss 0.0020, train accuracy 0.9722, test accuracy 0.8020
2021-05-17 13:11:54,528 - classify.py[line:167] - INFO: Epoch 43, toal_loss 11.8283, aver loss 0.0017, train accuracy 0.9733, test accuracy 0.8353
2021-05-17 13:12:30,299 - classify.py[line:167] - INFO: Epoch 44, toal_loss 12.0843, aver loss 0.0017, train accuracy 0.9741, test accuracy 0.8270
2021-05-17 13:12:52,119 - classify.py[line:167] - INFO: Epoch 45, toal_loss 13.1173, aver loss 0.0018, train accuracy 0.9739, test accuracy 0.8235
2021-05-17 13:13:11,600 - classify.py[line:167] - INFO: Epoch 46, toal_loss 12.0979, aver loss 0.0016, train accuracy 0.9759, test accuracy 0.8135
2021-05-17 13:13:46,606 - classify.py[line:167] - INFO: Epoch 47, toal_loss 12.3565, aver loss 0.0016, train accuracy 0.9758, test accuracy 0.7855
2021-05-17 13:14:21,688 - classify.py[line:167] - INFO: Epoch 48, toal_loss 13.0912, aver loss 0.0017, train accuracy 0.9752, test accuracy 0.8135
2021-05-17 13:14:55,488 - classify.py[line:167] - INFO: Epoch 49, toal_loss 12.2642, aver loss 0.0016, train accuracy 0.9739, test accuracy 0.7963
2021-05-17 13:15:13,605 - classify.py[line:167] - INFO: Epoch 50, toal_loss 11.8826, aver loss 0.0015, train accuracy 0.9794, test accuracy 0.8095
2021-05-17 13:15:38,504 - classify.py[line:167] - INFO: Epoch 51, toal_loss 11.5008, aver loss 0.0014, train accuracy 0.9779, test accuracy 0.8143
2021-05-17 13:16:13,404 - classify.py[line:167] - INFO: Epoch 52, toal_loss 11.3697, aver loss 0.0014, train accuracy 0.9742, test accuracy 0.8333
2021-05-17 13:16:48,433 - classify.py[line:167] - INFO: Epoch 53, toal_loss 11.5036, aver loss 0.0014, train accuracy 0.9781, test accuracy 0.8145
2021-05-17 13:17:23,755 - classify.py[line:167] - INFO: Epoch 54, toal_loss 12.1583, aver loss 0.0014, train accuracy 0.9752, test accuracy 0.8243
2021-05-17 13:17:46,469 - classify.py[line:167] - INFO: Epoch 55, toal_loss 11.5577, aver loss 0.0013, train accuracy 0.9769, test accuracy 0.8135
2021-05-17 13:18:19,497 - classify.py[line:167] - INFO: Epoch 56, toal_loss 11.1163, aver loss 0.0012, train accuracy 0.9766, test accuracy 0.7893
2021-05-17 13:19:04,025 - classify.py[line:167] - INFO: Epoch 57, toal_loss 11.1185, aver loss 0.0012, train accuracy 0.9777, test accuracy 0.8285
2021-05-17 13:19:38,963 - classify.py[line:167] - INFO: Epoch 58, toal_loss 11.3304, aver loss 0.0012, train accuracy 0.9784, test accuracy 0.8235
2021-05-17 13:20:14,323 - classify.py[line:167] - INFO: Epoch 59, toal_loss 11.9190, aver loss 0.0013, train accuracy 0.9790, test accuracy 0.8100
2021-05-17 13:20:35,445 - classify.py[line:167] - INFO: Epoch 60, toal_loss 10.3203, aver loss 0.0011, train accuracy 0.9795, test accuracy 0.8230
2021-05-17 13:20:53,703 - classify.py[line:167] - INFO: Epoch 61, toal_loss 10.2213, aver loss 0.0011, train accuracy 0.9821, test accuracy 0.8175
2021-05-17 13:21:29,334 - classify.py[line:167] - INFO: Epoch 62, toal_loss 10.9512, aver loss 0.0011, train accuracy 0.9781, test accuracy 0.7965
2021-05-17 13:22:08,342 - classify.py[line:167] - INFO: Epoch 63, toal_loss 11.2787, aver loss 0.0011, train accuracy 0.9791, test accuracy 0.8238
2021-05-17 13:22:42,675 - classify.py[line:167] - INFO: Epoch 64, toal_loss 10.4302, aver loss 0.0010, train accuracy 0.9799, test accuracy 0.8065
2021-05-17 13:23:02,795 - classify.py[line:167] - INFO: Epoch 65, toal_loss 10.2312, aver loss 0.0010, train accuracy 0.9791, test accuracy 0.8018
2021-05-17 13:23:25,502 - classify.py[line:167] - INFO: Epoch 66, toal_loss 11.1094, aver loss 0.0011, train accuracy 0.9799, test accuracy 0.8210
2021-05-17 13:24:04,055 - classify.py[line:167] - INFO: Epoch 67, toal_loss 10.8838, aver loss 0.0010, train accuracy 0.9786, test accuracy 0.8405
2021-05-17 13:24:45,720 - classify.py[line:167] - INFO: Epoch 68, toal_loss 11.1977, aver loss 0.0010, train accuracy 0.9774, test accuracy 0.8143
2021-05-17 13:25:33,552 - classify.py[line:167] - INFO: Epoch 69, toal_loss 10.6982, aver loss 0.0010, train accuracy 0.9759, test accuracy 0.8235
2021-05-17 13:25:57,528 - classify.py[line:167] - INFO: Epoch 70, toal_loss 10.7415, aver loss 0.0010, train accuracy 0.9775, test accuracy 0.8075
2021-05-17 13:26:31,981 - classify.py[line:167] - INFO: Epoch 71, toal_loss 10.8408, aver loss 0.0010, train accuracy 0.9771, test accuracy 0.7950
2021-05-17 13:27:16,707 - classify.py[line:167] - INFO: Epoch 72, toal_loss 12.6095, aver loss 0.0011, train accuracy 0.9790, test accuracy 0.8203
2021-05-17 13:28:01,112 - classify.py[line:167] - INFO: Epoch 73, toal_loss 11.0800, aver loss 0.0010, train accuracy 0.9786, test accuracy 0.7953
2021-05-17 13:28:30,435 - classify.py[line:167] - INFO: Epoch 74, toal_loss 9.5133, aver loss 0.0008, train accuracy 0.9812, test accuracy 0.7705
2021-05-17 13:28:52,505 - classify.py[line:167] - INFO: Epoch 75, toal_loss 9.9735, aver loss 0.0008, train accuracy 0.9791, test accuracy 0.8433
2021-05-17 13:29:35,244 - classify.py[line:167] - INFO: Epoch 76, toal_loss 10.1174, aver loss 0.0008, train accuracy 0.9785, test accuracy 0.8185
2021-05-17 13:30:21,504 - classify.py[line:167] - INFO: Epoch 77, toal_loss 10.1246, aver loss 0.0008, train accuracy 0.9809, test accuracy 0.8150
2021-05-17 13:31:04,808 - classify.py[line:167] - INFO: Epoch 78, toal_loss 9.3708, aver loss 0.0008, train accuracy 0.9802, test accuracy 0.8268
2021-05-17 13:31:46,074 - classify.py[line:167] - INFO: Epoch 79, toal_loss 9.4749, aver loss 0.0008, train accuracy 0.9803, test accuracy 0.7998
