2021-05-22 13:37:34,263 - classify.py[line:68] - INFO: Namespace(batch_size=64, dataset='PC', epoch=30, gpu=1, l2=0.0001, lr=0.0001, modelfilename='', modelname='TextCNN', modelnum=0, resultnum=124, seed=1, use_aug=0)
2021-05-22 13:37:41,914 - classify.py[line:134] - INFO: {'word_embedding_dimension': 300, 'Epoch1': 5, 'Epoch2': 30, 'dropout': 0.1, 'label_num': 2, 'learning_rate1': 1e-05, 'learning_rate2': 0.0001, 'batch_size': 64, 'cuda': 1, 'negSampleNum': 3, 'poSampleNum': 1, 'max_bound': 1, 'kernel_sizes': [3, 4, 5], 'hidden_size': 256, 'hidden_layers': 1, 'bidirectional': True}
2021-05-22 13:37:42,241 - classify.py[line:140] - INFO: before training: 0.51573246717453
2021-05-22 13:37:42,241 - classify.py[line:154] - INFO: ...start training...
2021-05-22 13:37:42,850 - classify.py[line:184] - INFO: Epoch 0, toal_loss 18.6786, aver loss 0.6441, train accuracy 0.6429, train auc 0.0000, test accuracy 0.6846, test auc 0.0000
2021-05-22 13:37:43,416 - classify.py[line:184] - INFO: Epoch 1, toal_loss 15.6135, aver loss 0.2692, train accuracy 0.8037, train auc 0.0000, test accuracy 0.7451, test auc 0.0000
2021-05-22 13:37:43,995 - classify.py[line:184] - INFO: Epoch 2, toal_loss 13.6636, aver loss 0.1571, train accuracy 0.8478, train auc 0.0000, test accuracy 0.7737, test auc 0.0000
2021-05-22 13:37:44,560 - classify.py[line:184] - INFO: Epoch 3, toal_loss 12.1124, aver loss 0.1044, train accuracy 0.8538, train auc 0.0000, test accuracy 0.7864, test auc 0.0000
2021-05-22 13:37:45,161 - classify.py[line:184] - INFO: Epoch 4, toal_loss 10.9518, aver loss 0.0755, train accuracy 0.8742, train auc 0.0000, test accuracy 0.7951, test auc 0.0000
2021-05-22 13:37:45,767 - classify.py[line:184] - INFO: Epoch 5, toal_loss 10.3084, aver loss 0.0592, train accuracy 0.8883, train auc 0.0000, test accuracy 0.8065, test auc 0.0000
2021-05-22 13:37:46,370 - classify.py[line:184] - INFO: Epoch 6, toal_loss 9.6217, aver loss 0.0474, train accuracy 0.8899, train auc 0.0000, test accuracy 0.8070, test auc 0.0000
2021-05-22 13:37:46,974 - classify.py[line:184] - INFO: Epoch 7, toal_loss 9.0476, aver loss 0.0390, train accuracy 0.8966, train auc 0.0000, test accuracy 0.8083, test auc 0.0000
2021-05-22 13:37:47,531 - classify.py[line:184] - INFO: Epoch 8, toal_loss 8.6003, aver loss 0.0330, train accuracy 0.8998, train auc 0.0000, test accuracy 0.8130, test auc 0.0000
2021-05-22 13:37:48,104 - classify.py[line:184] - INFO: Epoch 9, toal_loss 8.3631, aver loss 0.0288, train accuracy 0.9046, train auc 0.0000, test accuracy 0.8152, test auc 0.0000
2021-05-22 13:37:48,710 - classify.py[line:184] - INFO: Epoch 10, toal_loss 7.9148, aver loss 0.0248, train accuracy 0.9089, train auc 0.0000, test accuracy 0.8225, test auc 0.0000
2021-05-22 13:37:49,328 - classify.py[line:184] - INFO: Epoch 11, toal_loss 7.6100, aver loss 0.0219, train accuracy 0.9154, train auc 0.0000, test accuracy 0.8202, test auc 0.0000
2021-05-22 13:37:49,948 - classify.py[line:184] - INFO: Epoch 12, toal_loss 7.5021, aver loss 0.0199, train accuracy 0.9159, train auc 0.0000, test accuracy 0.8203, test auc 0.0000
2021-05-22 13:37:50,569 - classify.py[line:184] - INFO: Epoch 13, toal_loss 7.3001, aver loss 0.0180, train accuracy 0.9082, train auc 0.0000, test accuracy 0.8220, test auc 0.0000
2021-05-22 13:37:51,167 - classify.py[line:184] - INFO: Epoch 14, toal_loss 6.9967, aver loss 0.0161, train accuracy 0.9208, train auc 0.0000, test accuracy 0.8226, test auc 0.0000
2021-05-22 13:37:51,737 - classify.py[line:184] - INFO: Epoch 15, toal_loss 6.7984, aver loss 0.0147, train accuracy 0.9173, train auc 0.0000, test accuracy 0.8265, test auc 0.0000
2021-05-22 13:37:52,344 - classify.py[line:184] - INFO: Epoch 16, toal_loss 6.5955, aver loss 0.0134, train accuracy 0.9203, train auc 0.0000, test accuracy 0.8242, test auc 0.0000
2021-05-22 13:37:52,922 - classify.py[line:184] - INFO: Epoch 17, toal_loss 6.5163, aver loss 0.0125, train accuracy 0.9186, train auc 0.0000, test accuracy 0.8289, test auc 0.0000
2021-05-22 13:37:53,485 - classify.py[line:184] - INFO: Epoch 18, toal_loss 6.5182, aver loss 0.0118, train accuracy 0.9219, train auc 0.0000, test accuracy 0.8277, test auc 0.0000
2021-05-22 13:37:54,088 - classify.py[line:184] - INFO: Epoch 19, toal_loss 6.2529, aver loss 0.0108, train accuracy 0.9251, train auc 0.0000, test accuracy 0.8253, test auc 0.0000
2021-05-22 13:37:54,699 - classify.py[line:184] - INFO: Epoch 20, toal_loss 6.1252, aver loss 0.0101, train accuracy 0.9305, train auc 0.0000, test accuracy 0.8280, test auc 0.0000
2021-05-22 13:37:55,268 - classify.py[line:184] - INFO: Epoch 21, toal_loss 6.0433, aver loss 0.0095, train accuracy 0.9310, train auc 0.0000, test accuracy 0.8304, test auc 0.0000
2021-05-22 13:37:55,870 - classify.py[line:184] - INFO: Epoch 22, toal_loss 5.8351, aver loss 0.0087, train accuracy 0.9283, train auc 0.0000, test accuracy 0.8288, test auc 0.0000
2021-05-22 13:37:56,490 - classify.py[line:184] - INFO: Epoch 23, toal_loss 5.9570, aver loss 0.0086, train accuracy 0.9353, train auc 0.0000, test accuracy 0.8313, test auc 0.0000
2021-05-22 13:37:57,111 - classify.py[line:184] - INFO: Epoch 24, toal_loss 5.7005, aver loss 0.0079, train accuracy 0.9267, train auc 0.0000, test accuracy 0.8276, test auc 0.0000
2021-05-22 13:37:57,719 - classify.py[line:184] - INFO: Epoch 25, toal_loss 5.5164, aver loss 0.0073, train accuracy 0.9380, train auc 0.0000, test accuracy 0.8312, test auc 0.0000
2021-05-22 13:37:58,292 - classify.py[line:184] - INFO: Epoch 26, toal_loss 5.5277, aver loss 0.0071, train accuracy 0.9353, train auc 0.0000, test accuracy 0.8322, test auc 0.0000
2021-05-22 13:37:58,884 - classify.py[line:184] - INFO: Epoch 27, toal_loss 5.4230, aver loss 0.0067, train accuracy 0.9316, train auc 0.0000, test accuracy 0.8295, test auc 0.0000
2021-05-22 13:37:59,495 - classify.py[line:184] - INFO: Epoch 28, toal_loss 5.2633, aver loss 0.0063, train accuracy 0.9348, train auc 0.0000, test accuracy 0.8298, test auc 0.0000
2021-05-22 13:38:00,120 - classify.py[line:184] - INFO: Epoch 29, toal_loss 5.2913, aver loss 0.0061, train accuracy 0.9359, train auc 0.0000, test accuracy 0.8285, test auc 0.0000
2021-05-22 13:38:01,184 - classify.py[line:134] - INFO: {'word_embedding_dimension': 300, 'Epoch1': 5, 'Epoch2': 30, 'dropout': 0.1, 'label_num': 2, 'learning_rate1': 1e-05, 'learning_rate2': 0.0001, 'batch_size': 64, 'cuda': 1, 'negSampleNum': 3, 'poSampleNum': 1, 'max_bound': 1, 'kernel_sizes': [3, 4, 5], 'hidden_size': 256, 'hidden_layers': 1, 'bidirectional': True}
2021-05-22 13:38:01,202 - classify.py[line:140] - INFO: before training: 0.5116724967956543
2021-05-22 13:38:01,203 - classify.py[line:154] - INFO: ...start training...
2021-05-22 13:38:02,412 - classify.py[line:184] - INFO: Epoch 0, toal_loss 35.6678, aver loss 0.6258, train accuracy 0.7195, train auc 0.0000, test accuracy 0.7221, test auc 0.0000
2021-05-22 13:38:03,637 - classify.py[line:184] - INFO: Epoch 1, toal_loss 29.9534, aver loss 0.2627, train accuracy 0.8292, train auc 0.0000, test accuracy 0.7695, test auc 0.0000
2021-05-22 13:38:04,841 - classify.py[line:184] - INFO: Epoch 2, toal_loss 25.4588, aver loss 0.1489, train accuracy 0.8590, train auc 0.0000, test accuracy 0.7887, test auc 0.0000
2021-05-22 13:38:06,047 - classify.py[line:184] - INFO: Epoch 3, toal_loss 22.4114, aver loss 0.0983, train accuracy 0.8691, train auc 0.0000, test accuracy 0.8006, test auc 0.0000
2021-05-22 13:38:07,199 - classify.py[line:184] - INFO: Epoch 4, toal_loss 20.0079, aver loss 0.0702, train accuracy 0.8785, train auc 0.0000, test accuracy 0.8065, test auc 0.0000
2021-05-22 13:38:08,409 - classify.py[line:184] - INFO: Epoch 5, toal_loss 18.3852, aver loss 0.0538, train accuracy 0.8878, train auc 0.0000, test accuracy 0.8156, test auc 0.0000
2021-05-22 13:38:09,570 - classify.py[line:184] - INFO: Epoch 6, toal_loss 17.1692, aver loss 0.0430, train accuracy 0.8911, train auc 0.0000, test accuracy 0.8191, test auc 0.0000
2021-05-22 13:38:10,762 - classify.py[line:184] - INFO: Epoch 7, toal_loss 16.0760, aver loss 0.0353, train accuracy 0.8947, train auc 0.0000, test accuracy 0.8227, test auc 0.0000
2021-05-22 13:38:11,989 - classify.py[line:184] - INFO: Epoch 8, toal_loss 15.3745, aver loss 0.0300, train accuracy 0.8996, train auc 0.0000, test accuracy 0.8277, test auc 0.0000
2021-05-22 13:38:13,167 - classify.py[line:184] - INFO: Epoch 9, toal_loss 14.6456, aver loss 0.0257, train accuracy 0.8998, train auc 0.0000, test accuracy 0.8261, test auc 0.0000
2021-05-22 13:38:14,384 - classify.py[line:184] - INFO: Epoch 10, toal_loss 14.2022, aver loss 0.0227, train accuracy 0.9026, train auc 0.0000, test accuracy 0.8303, test auc 0.0000
2021-05-22 13:38:15,567 - classify.py[line:184] - INFO: Epoch 11, toal_loss 13.8577, aver loss 0.0203, train accuracy 0.9026, train auc 0.0000, test accuracy 0.8302, test auc 0.0000
2021-05-22 13:38:16,763 - classify.py[line:184] - INFO: Epoch 12, toal_loss 13.4295, aver loss 0.0181, train accuracy 0.9073, train auc 0.0000, test accuracy 0.8328, test auc 0.0000
2021-05-22 13:38:17,905 - classify.py[line:184] - INFO: Epoch 13, toal_loss 13.1534, aver loss 0.0165, train accuracy 0.9056, train auc 0.0000, test accuracy 0.8315, test auc 0.0000
2021-05-22 13:38:19,062 - classify.py[line:184] - INFO: Epoch 14, toal_loss 12.9189, aver loss 0.0151, train accuracy 0.9152, train auc 0.0000, test accuracy 0.8337, test auc 0.0000
2021-05-22 13:38:20,322 - classify.py[line:184] - INFO: Epoch 15, toal_loss 12.4925, aver loss 0.0137, train accuracy 0.9122, train auc 0.0000, test accuracy 0.8308, test auc 0.0000
2021-05-22 13:38:21,493 - classify.py[line:184] - INFO: Epoch 16, toal_loss 12.2573, aver loss 0.0126, train accuracy 0.9161, train auc 0.0000, test accuracy 0.8352, test auc 0.0000
2021-05-22 13:38:22,706 - classify.py[line:184] - INFO: Epoch 17, toal_loss 12.1330, aver loss 0.0118, train accuracy 0.9172, train auc 0.0000, test accuracy 0.8360, test auc 0.0000
2021-05-22 13:38:23,952 - classify.py[line:184] - INFO: Epoch 18, toal_loss 11.9459, aver loss 0.0110, train accuracy 0.9177, train auc 0.0000, test accuracy 0.8334, test auc 0.0000
2021-05-22 13:38:25,175 - classify.py[line:184] - INFO: Epoch 19, toal_loss 11.5314, aver loss 0.0101, train accuracy 0.9215, train auc 0.0000, test accuracy 0.8332, test auc 0.0000
2021-05-22 13:38:26,464 - classify.py[line:184] - INFO: Epoch 20, toal_loss 11.3251, aver loss 0.0095, train accuracy 0.9243, train auc 0.0000, test accuracy 0.8334, test auc 0.0000
2021-05-22 13:38:27,707 - classify.py[line:184] - INFO: Epoch 21, toal_loss 11.4107, aver loss 0.0091, train accuracy 0.9235, train auc 0.0000, test accuracy 0.8340, test auc 0.0000
2021-05-22 13:38:28,883 - classify.py[line:184] - INFO: Epoch 22, toal_loss 11.0334, aver loss 0.0084, train accuracy 0.9254, train auc 0.0000, test accuracy 0.8340, test auc 0.0000
2021-05-22 13:38:30,094 - classify.py[line:184] - INFO: Epoch 23, toal_loss 10.9504, aver loss 0.0080, train accuracy 0.9246, train auc 0.0000, test accuracy 0.8356, test auc 0.0000
2021-05-22 13:38:31,303 - classify.py[line:184] - INFO: Epoch 24, toal_loss 10.6430, aver loss 0.0075, train accuracy 0.9257, train auc 0.0000, test accuracy 0.8369, test auc 0.0000
2021-05-22 13:38:32,508 - classify.py[line:184] - INFO: Epoch 25, toal_loss 10.4722, aver loss 0.0071, train accuracy 0.9251, train auc 0.0000, test accuracy 0.8365, test auc 0.0000
2021-05-22 13:38:33,699 - classify.py[line:184] - INFO: Epoch 26, toal_loss 10.4930, aver loss 0.0068, train accuracy 0.9270, train auc 0.0000, test accuracy 0.8344, test auc 0.0000
2021-05-22 13:38:34,877 - classify.py[line:184] - INFO: Epoch 27, toal_loss 10.3219, aver loss 0.0065, train accuracy 0.9257, train auc 0.0000, test accuracy 0.8385, test auc 0.0000
2021-05-22 13:38:36,084 - classify.py[line:184] - INFO: Epoch 28, toal_loss 10.2588, aver loss 0.0062, train accuracy 0.9317, train auc 0.0000, test accuracy 0.8361, test auc 0.0000
2021-05-22 13:38:37,309 - classify.py[line:184] - INFO: Epoch 29, toal_loss 10.1073, aver loss 0.0059, train accuracy 0.9330, train auc 0.0000, test accuracy 0.8351, test auc 0.0000
2021-05-22 13:38:38,268 - classify.py[line:134] - INFO: {'word_embedding_dimension': 300, 'Epoch1': 5, 'Epoch2': 30, 'dropout': 0.1, 'label_num': 2, 'learning_rate1': 1e-05, 'learning_rate2': 0.0001, 'batch_size': 64, 'cuda': 1, 'negSampleNum': 3, 'poSampleNum': 1, 'max_bound': 1, 'kernel_sizes': [3, 4, 5], 'hidden_size': 256, 'hidden_layers': 1, 'bidirectional': True}
2021-05-22 13:38:38,286 - classify.py[line:140] - INFO: before training: 0.4938535988330841
2021-05-22 13:38:38,287 - classify.py[line:154] - INFO: ...start training...
2021-05-22 13:38:40,680 - classify.py[line:184] - INFO: Epoch 0, toal_loss 66.7009, aver loss 0.5903, train accuracy 0.6989, train auc 0.0000, test accuracy 0.7284, test auc 0.0000
2021-05-22 13:38:43,086 - classify.py[line:184] - INFO: Epoch 1, toal_loss 45.6489, aver loss 0.2020, train accuracy 0.8634, train auc 0.0000, test accuracy 0.7936, test auc 0.0000
2021-05-22 13:38:45,542 - classify.py[line:184] - INFO: Epoch 2, toal_loss 36.2353, aver loss 0.1069, train accuracy 0.8878, train auc 0.0000, test accuracy 0.8145, test auc 0.0000
2021-05-22 13:38:47,942 - classify.py[line:184] - INFO: Epoch 3, toal_loss 31.7000, aver loss 0.0701, train accuracy 0.8960, train auc 0.0000, test accuracy 0.8276, test auc 0.0000
2021-05-22 13:38:50,296 - classify.py[line:184] - INFO: Epoch 4, toal_loss 28.9027, aver loss 0.0512, train accuracy 0.9045, train auc 0.0000, test accuracy 0.8305, test auc 0.0000
2021-05-22 13:38:52,675 - classify.py[line:184] - INFO: Epoch 5, toal_loss 27.2602, aver loss 0.0402, train accuracy 0.9113, train auc 0.0000, test accuracy 0.8343, test auc 0.0000
2021-05-22 13:38:55,059 - classify.py[line:184] - INFO: Epoch 6, toal_loss 26.1443, aver loss 0.0331, train accuracy 0.9129, train auc 0.0000, test accuracy 0.8366, test auc 0.0000
2021-05-22 13:38:57,396 - classify.py[line:184] - INFO: Epoch 7, toal_loss 25.2294, aver loss 0.0279, train accuracy 0.9148, train auc 0.0000, test accuracy 0.8404, test auc 0.0000
2021-05-22 13:38:59,765 - classify.py[line:184] - INFO: Epoch 8, toal_loss 24.4964, aver loss 0.0241, train accuracy 0.9158, train auc 0.0000, test accuracy 0.8376, test auc 0.0000
2021-05-22 13:39:02,156 - classify.py[line:184] - INFO: Epoch 9, toal_loss 23.7761, aver loss 0.0210, train accuracy 0.9167, train auc 0.0000, test accuracy 0.8417, test auc 0.0000
2021-05-22 13:39:04,608 - classify.py[line:184] - INFO: Epoch 10, toal_loss 23.6518, aver loss 0.0190, train accuracy 0.9209, train auc 0.0000, test accuracy 0.8419, test auc 0.0000
2021-05-22 13:39:07,061 - classify.py[line:184] - INFO: Epoch 11, toal_loss 22.8764, aver loss 0.0169, train accuracy 0.9218, train auc 0.0000, test accuracy 0.8399, test auc 0.0000
2021-05-22 13:39:09,402 - classify.py[line:184] - INFO: Epoch 12, toal_loss 22.6109, aver loss 0.0154, train accuracy 0.9262, train auc 0.0000, test accuracy 0.8421, test auc 0.0000
2021-05-22 13:39:11,725 - classify.py[line:184] - INFO: Epoch 13, toal_loss 22.3984, aver loss 0.0142, train accuracy 0.9226, train auc 0.0000, test accuracy 0.8441, test auc 0.0000
2021-05-22 13:39:14,131 - classify.py[line:184] - INFO: Epoch 14, toal_loss 21.5906, aver loss 0.0127, train accuracy 0.9267, train auc 0.0000, test accuracy 0.8429, test auc 0.0000
2021-05-22 13:39:16,543 - classify.py[line:184] - INFO: Epoch 15, toal_loss 21.2293, aver loss 0.0117, train accuracy 0.9263, train auc 0.0000, test accuracy 0.8419, test auc 0.0000
2021-05-22 13:39:19,012 - classify.py[line:184] - INFO: Epoch 16, toal_loss 21.2023, aver loss 0.0110, train accuracy 0.9293, train auc 0.0000, test accuracy 0.8413, test auc 0.0000
2021-05-22 13:39:21,361 - classify.py[line:184] - INFO: Epoch 17, toal_loss 20.9248, aver loss 0.0103, train accuracy 0.9287, train auc 0.0000, test accuracy 0.8490, test auc 0.0000
2021-05-22 13:39:23,696 - classify.py[line:184] - INFO: Epoch 18, toal_loss 20.3428, aver loss 0.0095, train accuracy 0.9318, train auc 0.0000, test accuracy 0.8436, test auc 0.0000
2021-05-22 13:39:26,046 - classify.py[line:184] - INFO: Epoch 19, toal_loss 20.1848, aver loss 0.0089, train accuracy 0.9329, train auc 0.0000, test accuracy 0.8478, test auc 0.0000
2021-05-22 13:39:28,393 - classify.py[line:184] - INFO: Epoch 20, toal_loss 19.8327, aver loss 0.0084, train accuracy 0.9316, train auc 0.0000, test accuracy 0.8445, test auc 0.0000
2021-05-22 13:39:30,749 - classify.py[line:184] - INFO: Epoch 21, toal_loss 19.7579, aver loss 0.0079, train accuracy 0.9322, train auc 0.0000, test accuracy 0.8440, test auc 0.0000
2021-05-22 13:39:33,034 - classify.py[line:184] - INFO: Epoch 22, toal_loss 19.6729, aver loss 0.0076, train accuracy 0.9332, train auc 0.0000, test accuracy 0.8456, test auc 0.0000
2021-05-22 13:39:35,366 - classify.py[line:184] - INFO: Epoch 23, toal_loss 19.1429, aver loss 0.0071, train accuracy 0.9371, train auc 0.0000, test accuracy 0.8463, test auc 0.0000
2021-05-22 13:39:37,689 - classify.py[line:184] - INFO: Epoch 24, toal_loss 19.0270, aver loss 0.0067, train accuracy 0.9372, train auc 0.0000, test accuracy 0.8449, test auc 0.0000
2021-05-22 13:39:40,027 - classify.py[line:184] - INFO: Epoch 25, toal_loss 18.7239, aver loss 0.0064, train accuracy 0.9385, train auc 0.0000, test accuracy 0.8439, test auc 0.0000
2021-05-22 13:39:42,397 - classify.py[line:184] - INFO: Epoch 26, toal_loss 18.6518, aver loss 0.0061, train accuracy 0.9386, train auc 0.0000, test accuracy 0.8444, test auc 0.0000
2021-05-22 13:39:44,875 - classify.py[line:184] - INFO: Epoch 27, toal_loss 18.3190, aver loss 0.0058, train accuracy 0.9391, train auc 0.0000, test accuracy 0.8438, test auc 0.0000
2021-05-22 13:39:47,275 - classify.py[line:184] - INFO: Epoch 28, toal_loss 18.0763, aver loss 0.0055, train accuracy 0.9422, train auc 0.0000, test accuracy 0.8465, test auc 0.0000
2021-05-22 13:39:49,681 - classify.py[line:184] - INFO: Epoch 29, toal_loss 18.1846, aver loss 0.0054, train accuracy 0.9396, train auc 0.0000, test accuracy 0.8478, test auc 0.0000
2021-05-22 13:39:50,659 - classify.py[line:134] - INFO: {'word_embedding_dimension': 300, 'Epoch1': 5, 'Epoch2': 30, 'dropout': 0.1, 'label_num': 2, 'learning_rate1': 1e-05, 'learning_rate2': 0.0001, 'batch_size': 64, 'cuda': 1, 'negSampleNum': 3, 'poSampleNum': 1, 'max_bound': 1, 'kernel_sizes': [3, 4, 5], 'hidden_size': 256, 'hidden_layers': 1, 'bidirectional': True}
2021-05-22 13:39:50,676 - classify.py[line:140] - INFO: before training: 0.567271888256073
2021-05-22 13:39:50,677 - classify.py[line:154] - INFO: ...start training...
2021-05-22 13:39:54,170 - classify.py[line:184] - INFO: Epoch 0, toal_loss 82.3159, aver loss 0.4871, train accuracy 0.8099, train auc 0.0000, test accuracy 0.7968, test auc 0.0000
2021-05-22 13:39:57,639 - classify.py[line:184] - INFO: Epoch 1, toal_loss 54.8896, aver loss 0.1624, train accuracy 0.8816, train auc 0.0000, test accuracy 0.8227, test auc 0.0000
2021-05-22 13:40:01,193 - classify.py[line:184] - INFO: Epoch 2, toal_loss 45.9340, aver loss 0.0906, train accuracy 0.8936, train auc 0.0000, test accuracy 0.8286, test auc 0.0000
2021-05-22 13:40:04,864 - classify.py[line:184] - INFO: Epoch 3, toal_loss 41.5619, aver loss 0.0615, train accuracy 0.9001, train auc 0.0000, test accuracy 0.8357, test auc 0.0000
2021-05-22 13:40:08,467 - classify.py[line:184] - INFO: Epoch 4, toal_loss 39.7458, aver loss 0.0470, train accuracy 0.9073, train auc 0.0000, test accuracy 0.8402, test auc 0.0000
2021-05-22 13:40:12,070 - classify.py[line:184] - INFO: Epoch 5, toal_loss 37.2604, aver loss 0.0367, train accuracy 0.9097, train auc 0.0000, test accuracy 0.8388, test auc 0.0000
2021-05-22 13:40:15,651 - classify.py[line:184] - INFO: Epoch 6, toal_loss 36.0583, aver loss 0.0305, train accuracy 0.9132, train auc 0.0000, test accuracy 0.8406, test auc 0.0000
2021-05-22 13:40:19,236 - classify.py[line:184] - INFO: Epoch 7, toal_loss 35.5630, aver loss 0.0263, train accuracy 0.9168, train auc 0.0000, test accuracy 0.8420, test auc 0.0000
2021-05-22 13:40:22,905 - classify.py[line:184] - INFO: Epoch 8, toal_loss 33.9577, aver loss 0.0223, train accuracy 0.9187, train auc 0.0000, test accuracy 0.8447, test auc 0.0000
2021-05-22 13:40:26,440 - classify.py[line:184] - INFO: Epoch 9, toal_loss 33.3880, aver loss 0.0198, train accuracy 0.9203, train auc 0.0000, test accuracy 0.8438, test auc 0.0000
2021-05-22 13:40:30,020 - classify.py[line:184] - INFO: Epoch 10, toal_loss 32.7678, aver loss 0.0176, train accuracy 0.9213, train auc 0.0000, test accuracy 0.8444, test auc 0.0000
2021-05-22 13:40:33,496 - classify.py[line:184] - INFO: Epoch 11, toal_loss 31.9428, aver loss 0.0158, train accuracy 0.9262, train auc 0.0000, test accuracy 0.8430, test auc 0.0000
2021-05-22 13:40:37,034 - classify.py[line:184] - INFO: Epoch 12, toal_loss 31.6881, aver loss 0.0144, train accuracy 0.9268, train auc 0.0000, test accuracy 0.8446, test auc 0.0000
2021-05-22 13:40:40,686 - classify.py[line:184] - INFO: Epoch 13, toal_loss 31.0544, aver loss 0.0131, train accuracy 0.9294, train auc 0.0000, test accuracy 0.8443, test auc 0.0000
2021-05-22 13:40:44,364 - classify.py[line:184] - INFO: Epoch 14, toal_loss 30.4237, aver loss 0.0120, train accuracy 0.9294, train auc 0.0000, test accuracy 0.8426, test auc 0.0000
2021-05-22 13:40:47,943 - classify.py[line:184] - INFO: Epoch 15, toal_loss 29.8886, aver loss 0.0111, train accuracy 0.9314, train auc 0.0000, test accuracy 0.8428, test auc 0.0000
2021-05-22 13:40:51,409 - classify.py[line:184] - INFO: Epoch 16, toal_loss 29.5159, aver loss 0.0103, train accuracy 0.9319, train auc 0.0000, test accuracy 0.8471, test auc 0.0000
2021-05-22 13:40:54,862 - classify.py[line:184] - INFO: Epoch 17, toal_loss 29.0337, aver loss 0.0095, train accuracy 0.9339, train auc 0.0000, test accuracy 0.8444, test auc 0.0000
2021-05-22 13:40:58,323 - classify.py[line:184] - INFO: Epoch 18, toal_loss 28.6652, aver loss 0.0089, train accuracy 0.9346, train auc 0.0000, test accuracy 0.8443, test auc 0.0000
2021-05-22 13:41:01,882 - classify.py[line:184] - INFO: Epoch 19, toal_loss 28.2483, aver loss 0.0084, train accuracy 0.9345, train auc 0.0000, test accuracy 0.8441, test auc 0.0000
2021-05-22 13:41:05,384 - classify.py[line:184] - INFO: Epoch 20, toal_loss 28.3942, aver loss 0.0080, train accuracy 0.9360, train auc 0.0000, test accuracy 0.8468, test auc 0.0000
2021-05-22 13:41:09,050 - classify.py[line:184] - INFO: Epoch 21, toal_loss 27.8144, aver loss 0.0075, train accuracy 0.9387, train auc 0.0000, test accuracy 0.8428, test auc 0.0000
2021-05-22 13:41:12,732 - classify.py[line:184] - INFO: Epoch 22, toal_loss 27.4362, aver loss 0.0071, train accuracy 0.9403, train auc 0.0000, test accuracy 0.8459, test auc 0.0000
2021-05-22 13:41:16,255 - classify.py[line:184] - INFO: Epoch 23, toal_loss 27.6054, aver loss 0.0068, train accuracy 0.9389, train auc 0.0000, test accuracy 0.8426, test auc 0.0000
2021-05-22 13:41:19,643 - classify.py[line:184] - INFO: Epoch 24, toal_loss 26.6648, aver loss 0.0063, train accuracy 0.9431, train auc 0.0000, test accuracy 0.8463, test auc 0.0000
2021-05-22 13:41:23,166 - classify.py[line:184] - INFO: Epoch 25, toal_loss 26.9368, aver loss 0.0061, train accuracy 0.9410, train auc 0.0000, test accuracy 0.8443, test auc 0.0000
2021-05-22 13:41:26,742 - classify.py[line:184] - INFO: Epoch 26, toal_loss 26.3382, aver loss 0.0058, train accuracy 0.9424, train auc 0.0000, test accuracy 0.8414, test auc 0.0000
2021-05-22 13:41:30,366 - classify.py[line:184] - INFO: Epoch 27, toal_loss 26.1047, aver loss 0.0055, train accuracy 0.9434, train auc 0.0000, test accuracy 0.8422, test auc 0.0000
2021-05-22 13:41:33,989 - classify.py[line:184] - INFO: Epoch 28, toal_loss 25.6538, aver loss 0.0052, train accuracy 0.9451, train auc 0.0000, test accuracy 0.8426, test auc 0.0000
2021-05-22 13:41:37,540 - classify.py[line:184] - INFO: Epoch 29, toal_loss 26.0866, aver loss 0.0051, train accuracy 0.9452, train auc 0.0000, test accuracy 0.8431, test auc 0.0000
2021-05-22 13:41:38,559 - classify.py[line:134] - INFO: {'word_embedding_dimension': 300, 'Epoch1': 5, 'Epoch2': 30, 'dropout': 0.1, 'label_num': 2, 'learning_rate1': 1e-05, 'learning_rate2': 0.0001, 'batch_size': 64, 'cuda': 1, 'negSampleNum': 3, 'poSampleNum': 1, 'max_bound': 1, 'kernel_sizes': [3, 4, 5], 'hidden_size': 256, 'hidden_layers': 1, 'bidirectional': True}
2021-05-22 13:41:38,576 - classify.py[line:140] - INFO: before training: 0.536032497882843
2021-05-22 13:41:38,577 - classify.py[line:154] - INFO: ...start training...
2021-05-22 13:41:43,410 - classify.py[line:184] - INFO: Epoch 0, toal_loss 104.6805, aver loss 0.4632, train accuracy 0.8126, train auc 0.0000, test accuracy 0.7965, test auc 0.0000
2021-05-22 13:41:48,164 - classify.py[line:184] - INFO: Epoch 1, toal_loss 67.6361, aver loss 0.1496, train accuracy 0.8885, train auc 0.0000, test accuracy 0.8201, test auc 0.0000
2021-05-22 13:41:52,934 - classify.py[line:184] - INFO: Epoch 2, toal_loss 57.0782, aver loss 0.0842, train accuracy 0.9025, train auc 0.0000, test accuracy 0.8298, test auc 0.0000
2021-05-22 13:41:57,648 - classify.py[line:184] - INFO: Epoch 3, toal_loss 52.9060, aver loss 0.0585, train accuracy 0.9121, train auc 0.0000, test accuracy 0.8342, test auc 0.0000
2021-05-22 13:42:02,314 - classify.py[line:184] - INFO: Epoch 4, toal_loss 50.1765, aver loss 0.0444, train accuracy 0.9136, train auc 0.0000, test accuracy 0.8379, test auc 0.0000
2021-05-22 13:42:07,047 - classify.py[line:184] - INFO: Epoch 5, toal_loss 48.2484, aver loss 0.0356, train accuracy 0.9164, train auc 0.0000, test accuracy 0.8415, test auc 0.0000
2021-05-22 13:42:11,706 - classify.py[line:184] - INFO: Epoch 6, toal_loss 46.7718, aver loss 0.0296, train accuracy 0.9197, train auc 0.0000, test accuracy 0.8423, test auc 0.0000
2021-05-22 13:42:16,487 - classify.py[line:184] - INFO: Epoch 7, toal_loss 45.4072, aver loss 0.0251, train accuracy 0.9222, train auc 0.0000, test accuracy 0.8437, test auc 0.0000
2021-05-22 13:42:21,211 - classify.py[line:184] - INFO: Epoch 8, toal_loss 45.0728, aver loss 0.0222, train accuracy 0.9230, train auc 0.0000, test accuracy 0.8441, test auc 0.0000
2021-05-22 13:42:25,851 - classify.py[line:184] - INFO: Epoch 9, toal_loss 43.3742, aver loss 0.0192, train accuracy 0.9245, train auc 0.0000, test accuracy 0.8452, test auc 0.0000
2021-05-22 13:42:30,595 - classify.py[line:184] - INFO: Epoch 10, toal_loss 42.9769, aver loss 0.0173, train accuracy 0.9255, train auc 0.0000, test accuracy 0.8444, test auc 0.0000
2021-05-22 13:42:35,525 - classify.py[line:184] - INFO: Epoch 11, toal_loss 41.4068, aver loss 0.0153, train accuracy 0.9280, train auc 0.0000, test accuracy 0.8464, test auc 0.0000
2021-05-22 13:42:40,413 - classify.py[line:184] - INFO: Epoch 12, toal_loss 41.4045, aver loss 0.0141, train accuracy 0.9282, train auc 0.0000, test accuracy 0.8509, test auc 0.0000
2021-05-22 13:42:45,141 - classify.py[line:184] - INFO: Epoch 13, toal_loss 40.7569, aver loss 0.0129, train accuracy 0.9305, train auc 0.0000, test accuracy 0.8429, test auc 0.0000
2021-05-22 13:42:49,857 - classify.py[line:184] - INFO: Epoch 14, toal_loss 39.7613, aver loss 0.0117, train accuracy 0.9316, train auc 0.0000, test accuracy 0.8497, test auc 0.0000
2021-05-22 13:42:54,720 - classify.py[line:184] - INFO: Epoch 15, toal_loss 39.5257, aver loss 0.0109, train accuracy 0.9337, train auc 0.0000, test accuracy 0.8448, test auc 0.0000
2021-05-22 13:42:59,690 - classify.py[line:184] - INFO: Epoch 16, toal_loss 38.6217, aver loss 0.0101, train accuracy 0.9350, train auc 0.0000, test accuracy 0.8447, test auc 0.0000
2021-05-22 13:43:04,419 - classify.py[line:184] - INFO: Epoch 17, toal_loss 38.1089, aver loss 0.0094, train accuracy 0.9355, train auc 0.0000, test accuracy 0.8478, test auc 0.0000
2021-05-22 13:43:09,083 - classify.py[line:184] - INFO: Epoch 18, toal_loss 37.6881, aver loss 0.0088, train accuracy 0.9364, train auc 0.0000, test accuracy 0.8458, test auc 0.0000
2021-05-22 13:43:13,943 - classify.py[line:184] - INFO: Epoch 19, toal_loss 37.2571, aver loss 0.0082, train accuracy 0.9367, train auc 0.0000, test accuracy 0.8459, test auc 0.0000
2021-05-22 13:43:18,650 - classify.py[line:184] - INFO: Epoch 20, toal_loss 36.6990, aver loss 0.0077, train accuracy 0.9385, train auc 0.0000, test accuracy 0.8459, test auc 0.0000
2021-05-22 13:43:23,372 - classify.py[line:184] - INFO: Epoch 21, toal_loss 36.9900, aver loss 0.0074, train accuracy 0.9385, train auc 0.0000, test accuracy 0.8493, test auc 0.0000
2021-05-22 13:43:28,203 - classify.py[line:184] - INFO: Epoch 22, toal_loss 36.0349, aver loss 0.0069, train accuracy 0.9404, train auc 0.0000, test accuracy 0.8455, test auc 0.0000
2021-05-22 13:43:33,074 - classify.py[line:184] - INFO: Epoch 23, toal_loss 36.1120, aver loss 0.0067, train accuracy 0.9411, train auc 0.0000, test accuracy 0.8454, test auc 0.0000
2021-05-22 13:43:37,988 - classify.py[line:184] - INFO: Epoch 24, toal_loss 35.2509, aver loss 0.0062, train accuracy 0.9418, train auc 0.0000, test accuracy 0.8450, test auc 0.0000
2021-05-22 13:43:42,702 - classify.py[line:184] - INFO: Epoch 25, toal_loss 34.9929, aver loss 0.0060, train accuracy 0.9424, train auc 0.0000, test accuracy 0.8450, test auc 0.0000
2021-05-22 13:43:47,473 - classify.py[line:184] - INFO: Epoch 26, toal_loss 34.8081, aver loss 0.0057, train accuracy 0.9422, train auc 0.0000, test accuracy 0.8450, test auc 0.0000
2021-05-22 13:43:52,108 - classify.py[line:184] - INFO: Epoch 27, toal_loss 33.7934, aver loss 0.0053, train accuracy 0.9427, train auc 0.0000, test accuracy 0.8474, test auc 0.0000
2021-05-22 13:43:56,883 - classify.py[line:184] - INFO: Epoch 28, toal_loss 34.0454, aver loss 0.0052, train accuracy 0.9438, train auc 0.0000, test accuracy 0.8466, test auc 0.0000
2021-05-22 13:44:01,776 - classify.py[line:184] - INFO: Epoch 29, toal_loss 33.7981, aver loss 0.0050, train accuracy 0.9438, train auc 0.0000, test accuracy 0.8458, test auc 0.0000
2021-05-22 13:44:02,798 - classify.py[line:134] - INFO: {'word_embedding_dimension': 300, 'Epoch1': 5, 'Epoch2': 30, 'dropout': 0.1, 'label_num': 2, 'learning_rate1': 1e-05, 'learning_rate2': 0.0001, 'batch_size': 64, 'cuda': 1, 'negSampleNum': 3, 'poSampleNum': 1, 'max_bound': 1, 'kernel_sizes': [3, 4, 5], 'hidden_size': 256, 'hidden_layers': 1, 'bidirectional': True}
2021-05-22 13:44:02,816 - classify.py[line:140] - INFO: before training: 0.5201308131217957
2021-05-22 13:44:02,816 - classify.py[line:154] - INFO: ...start training...
2021-05-22 13:44:08,738 - classify.py[line:184] - INFO: Epoch 0, toal_loss 124.6594, aver loss 0.4421, train accuracy 0.8210, train auc 0.0000, test accuracy 0.8113, test auc 0.0000
2021-05-22 13:44:14,714 - classify.py[line:184] - INFO: Epoch 1, toal_loss 78.1276, aver loss 0.1385, train accuracy 0.8937, train auc 0.0000, test accuracy 0.8352, test auc 0.0000
2021-05-22 13:44:20,560 - classify.py[line:184] - INFO: Epoch 2, toal_loss 67.7732, aver loss 0.0801, train accuracy 0.9058, train auc 0.0000, test accuracy 0.8393, test auc 0.0000
2021-05-22 13:44:26,415 - classify.py[line:184] - INFO: Epoch 3, toal_loss 62.8381, aver loss 0.0557, train accuracy 0.9133, train auc 0.0000, test accuracy 0.8454, test auc 0.0000
2021-05-22 13:44:32,437 - classify.py[line:184] - INFO: Epoch 4, toal_loss 60.4604, aver loss 0.0429, train accuracy 0.9165, train auc 0.0000, test accuracy 0.8471, test auc 0.0000
2021-05-22 13:44:38,317 - classify.py[line:184] - INFO: Epoch 5, toal_loss 58.4801, aver loss 0.0346, train accuracy 0.9202, train auc 0.0000, test accuracy 0.8440, test auc 0.0000
2021-05-22 13:44:44,240 - classify.py[line:184] - INFO: Epoch 6, toal_loss 56.5250, aver loss 0.0286, train accuracy 0.9223, train auc 0.0000, test accuracy 0.8468, test auc 0.0000
2021-05-22 13:44:50,245 - classify.py[line:184] - INFO: Epoch 7, toal_loss 55.4815, aver loss 0.0246, train accuracy 0.9232, train auc 0.0000, test accuracy 0.8499, test auc 0.0000
2021-05-22 13:44:56,330 - classify.py[line:184] - INFO: Epoch 8, toal_loss 54.3361, aver loss 0.0214, train accuracy 0.9261, train auc 0.0000, test accuracy 0.8508, test auc 0.0000
2021-05-22 13:45:02,316 - classify.py[line:184] - INFO: Epoch 9, toal_loss 53.2975, aver loss 0.0189, train accuracy 0.9271, train auc 0.0000, test accuracy 0.8511, test auc 0.0000
2021-05-22 13:45:08,239 - classify.py[line:184] - INFO: Epoch 10, toal_loss 52.3374, aver loss 0.0169, train accuracy 0.9279, train auc 0.0000, test accuracy 0.8497, test auc 0.0000
2021-05-22 13:45:14,176 - classify.py[line:184] - INFO: Epoch 11, toal_loss 51.8548, aver loss 0.0153, train accuracy 0.9287, train auc 0.0000, test accuracy 0.8523, test auc 0.0000
2021-05-22 13:45:20,121 - classify.py[line:184] - INFO: Epoch 12, toal_loss 50.7806, aver loss 0.0139, train accuracy 0.9311, train auc 0.0000, test accuracy 0.8517, test auc 0.0000
2021-05-22 13:45:25,888 - classify.py[line:184] - INFO: Epoch 13, toal_loss 50.1743, aver loss 0.0127, train accuracy 0.9304, train auc 0.0000, test accuracy 0.8510, test auc 0.0000
2021-05-22 13:45:31,896 - classify.py[line:184] - INFO: Epoch 14, toal_loss 49.9859, aver loss 0.0118, train accuracy 0.9324, train auc 0.0000, test accuracy 0.8541, test auc 0.0000
2021-05-22 13:45:37,700 - classify.py[line:184] - INFO: Epoch 15, toal_loss 49.3978, aver loss 0.0109, train accuracy 0.9334, train auc 0.0000, test accuracy 0.8535, test auc 0.0000
2021-05-22 13:45:43,602 - classify.py[line:184] - INFO: Epoch 16, toal_loss 48.3141, aver loss 0.0101, train accuracy 0.9330, train auc 0.0000, test accuracy 0.8505, test auc 0.0000
2021-05-22 13:45:49,458 - classify.py[line:184] - INFO: Epoch 17, toal_loss 48.2491, aver loss 0.0095, train accuracy 0.9360, train auc 0.0000, test accuracy 0.8497, test auc 0.0000
2021-05-22 13:45:55,339 - classify.py[line:184] - INFO: Epoch 18, toal_loss 47.3237, aver loss 0.0088, train accuracy 0.9351, train auc 0.0000, test accuracy 0.8533, test auc 0.0000
2021-05-22 13:46:01,404 - classify.py[line:184] - INFO: Epoch 19, toal_loss 46.9467, aver loss 0.0083, train accuracy 0.9353, train auc 0.0000, test accuracy 0.8536, test auc 0.0000
2021-05-22 13:46:07,497 - classify.py[line:184] - INFO: Epoch 20, toal_loss 46.9434, aver loss 0.0079, train accuracy 0.9360, train auc 0.0000, test accuracy 0.8516, test auc 0.0000
2021-05-22 13:46:13,400 - classify.py[line:184] - INFO: Epoch 21, toal_loss 46.2348, aver loss 0.0075, train accuracy 0.9377, train auc 0.0000, test accuracy 0.8538, test auc 0.0000
2021-05-22 13:46:19,191 - classify.py[line:184] - INFO: Epoch 22, toal_loss 45.8947, aver loss 0.0071, train accuracy 0.9377, train auc 0.0000, test accuracy 0.8501, test auc 0.0000
2021-05-22 13:46:25,108 - classify.py[line:184] - INFO: Epoch 23, toal_loss 45.3674, aver loss 0.0067, train accuracy 0.9367, train auc 0.0000, test accuracy 0.8531, test auc 0.0000
2021-05-22 13:46:31,148 - classify.py[line:184] - INFO: Epoch 24, toal_loss 45.2273, aver loss 0.0064, train accuracy 0.9410, train auc 0.0000, test accuracy 0.8526, test auc 0.0000
2021-05-22 13:46:37,063 - classify.py[line:184] - INFO: Epoch 25, toal_loss 44.4349, aver loss 0.0061, train accuracy 0.9408, train auc 0.0000, test accuracy 0.8510, test auc 0.0000
2021-05-22 13:46:42,993 - classify.py[line:184] - INFO: Epoch 26, toal_loss 44.1605, aver loss 0.0058, train accuracy 0.9396, train auc 0.0000, test accuracy 0.8528, test auc 0.0000
2021-05-22 13:46:49,003 - classify.py[line:184] - INFO: Epoch 27, toal_loss 44.0428, aver loss 0.0056, train accuracy 0.9411, train auc 0.0000, test accuracy 0.8521, test auc 0.0000
2021-05-22 13:46:54,818 - classify.py[line:184] - INFO: Epoch 28, toal_loss 43.4357, aver loss 0.0053, train accuracy 0.9412, train auc 0.0000, test accuracy 0.8525, test auc 0.0000
2021-05-22 13:47:00,793 - classify.py[line:184] - INFO: Epoch 29, toal_loss 43.3496, aver loss 0.0051, train accuracy 0.9415, train auc 0.0000, test accuracy 0.8503, test auc 0.0000
2021-05-22 13:47:01,803 - classify.py[line:134] - INFO: {'word_embedding_dimension': 300, 'Epoch1': 5, 'Epoch2': 30, 'dropout': 0.1, 'label_num': 2, 'learning_rate1': 1e-05, 'learning_rate2': 0.0001, 'batch_size': 64, 'cuda': 1, 'negSampleNum': 3, 'poSampleNum': 1, 'max_bound': 1, 'kernel_sizes': [3, 4, 5], 'hidden_size': 256, 'hidden_layers': 1, 'bidirectional': True}
2021-05-22 13:47:01,820 - classify.py[line:140] - INFO: before training: 0.5050185918807983
2021-05-22 13:47:01,821 - classify.py[line:154] - INFO: ...start training...
2021-05-22 13:47:09,090 - classify.py[line:184] - INFO: Epoch 0, toal_loss 165.5813, aver loss 0.4899, train accuracy 0.7740, train auc 0.0000, test accuracy 0.8050, test auc 0.0000
2021-05-22 13:47:16,121 - classify.py[line:184] - INFO: Epoch 1, toal_loss 101.5110, aver loss 0.1502, train accuracy 0.8915, train auc 0.0000, test accuracy 0.8270, test auc 0.0000
2021-05-22 13:47:23,131 - classify.py[line:184] - INFO: Epoch 2, toal_loss 85.6081, aver loss 0.0844, train accuracy 0.9052, train auc 0.0000, test accuracy 0.8340, test auc 0.0000
2021-05-22 13:47:30,206 - classify.py[line:184] - INFO: Epoch 3, toal_loss 77.9127, aver loss 0.0576, train accuracy 0.9104, train auc 0.0000, test accuracy 0.8382, test auc 0.0000
2021-05-22 13:47:37,373 - classify.py[line:184] - INFO: Epoch 4, toal_loss 73.4212, aver loss 0.0434, train accuracy 0.9145, train auc 0.0000, test accuracy 0.8419, test auc 0.0000
2021-05-22 13:47:44,393 - classify.py[line:184] - INFO: Epoch 5, toal_loss 71.8106, aver loss 0.0354, train accuracy 0.9174, train auc 0.0000, test accuracy 0.8411, test auc 0.0000
2021-05-22 13:47:51,546 - classify.py[line:184] - INFO: Epoch 6, toal_loss 69.3836, aver loss 0.0293, train accuracy 0.9189, train auc 0.0000, test accuracy 0.8402, test auc 0.0000
2021-05-22 13:47:58,790 - classify.py[line:184] - INFO: Epoch 7, toal_loss 69.1196, aver loss 0.0256, train accuracy 0.9205, train auc 0.0000, test accuracy 0.8436, test auc 0.0000
2021-05-22 13:48:05,796 - classify.py[line:184] - INFO: Epoch 8, toal_loss 67.4212, aver loss 0.0222, train accuracy 0.9238, train auc 0.0000, test accuracy 0.8440, test auc 0.0000
2021-05-22 13:48:09,985 - classify.py[line:184] - INFO: Epoch 9, toal_loss 65.7518, aver loss 0.0195, train accuracy 0.9255, train auc 0.0000, test accuracy 0.8430, test auc 0.0000
2021-05-22 13:48:14,170 - classify.py[line:184] - INFO: Epoch 10, toal_loss 64.8942, aver loss 0.0175, train accuracy 0.9253, train auc 0.0000, test accuracy 0.8419, test auc 0.0000
2021-05-22 13:48:18,290 - classify.py[line:184] - INFO: Epoch 11, toal_loss 63.9759, aver loss 0.0158, train accuracy 0.9272, train auc 0.0000, test accuracy 0.8415, test auc 0.0000
2021-05-22 13:48:22,462 - classify.py[line:184] - INFO: Epoch 12, toal_loss 62.3617, aver loss 0.0142, train accuracy 0.9293, train auc 0.0000, test accuracy 0.8403, test auc 0.0000
2021-05-22 13:48:26,572 - classify.py[line:184] - INFO: Epoch 13, toal_loss 62.3067, aver loss 0.0132, train accuracy 0.9309, train auc 0.0000, test accuracy 0.8412, test auc 0.0000
2021-05-22 13:48:30,769 - classify.py[line:184] - INFO: Epoch 14, toal_loss 61.7504, aver loss 0.0122, train accuracy 0.9302, train auc 0.0000, test accuracy 0.8429, test auc 0.0000
2021-05-22 13:48:34,991 - classify.py[line:184] - INFO: Epoch 15, toal_loss 60.5256, aver loss 0.0112, train accuracy 0.9306, train auc 0.0000, test accuracy 0.8437, test auc 0.0000
2021-05-22 13:48:39,127 - classify.py[line:184] - INFO: Epoch 16, toal_loss 60.1688, aver loss 0.0105, train accuracy 0.9321, train auc 0.0000, test accuracy 0.8424, test auc 0.0000
2021-05-22 13:48:43,200 - classify.py[line:184] - INFO: Epoch 17, toal_loss 60.1195, aver loss 0.0099, train accuracy 0.9338, train auc 0.0000, test accuracy 0.8421, test auc 0.0000
2021-05-22 13:48:47,404 - classify.py[line:184] - INFO: Epoch 18, toal_loss 58.8406, aver loss 0.0092, train accuracy 0.9323, train auc 0.0000, test accuracy 0.8431, test auc 0.0000
2021-05-22 13:48:51,681 - classify.py[line:184] - INFO: Epoch 19, toal_loss 58.9479, aver loss 0.0087, train accuracy 0.9342, train auc 0.0000, test accuracy 0.8453, test auc 0.0000
2021-05-22 13:48:55,882 - classify.py[line:184] - INFO: Epoch 20, toal_loss 57.6118, aver loss 0.0081, train accuracy 0.9372, train auc 0.0000, test accuracy 0.8393, test auc 0.0000
2021-05-22 13:49:00,151 - classify.py[line:184] - INFO: Epoch 21, toal_loss 57.4207, aver loss 0.0077, train accuracy 0.9359, train auc 0.0000, test accuracy 0.8444, test auc 0.0000
2021-05-22 13:49:04,259 - classify.py[line:184] - INFO: Epoch 22, toal_loss 56.9601, aver loss 0.0073, train accuracy 0.9370, train auc 0.0000, test accuracy 0.8444, test auc 0.0000
2021-05-22 13:49:08,323 - classify.py[line:184] - INFO: Epoch 23, toal_loss 55.9008, aver loss 0.0069, train accuracy 0.9362, train auc 0.0000, test accuracy 0.8427, test auc 0.0000
2021-05-22 13:49:12,605 - classify.py[line:184] - INFO: Epoch 24, toal_loss 55.9697, aver loss 0.0066, train accuracy 0.9385, train auc 0.0000, test accuracy 0.8436, test auc 0.0000
2021-05-22 13:49:17,028 - classify.py[line:184] - INFO: Epoch 25, toal_loss 55.7114, aver loss 0.0063, train accuracy 0.9375, train auc 0.0000, test accuracy 0.8401, test auc 0.0000
2021-05-22 13:49:21,215 - classify.py[line:184] - INFO: Epoch 26, toal_loss 55.0890, aver loss 0.0060, train accuracy 0.9398, train auc 0.0000, test accuracy 0.8420, test auc 0.0000
2021-05-22 13:49:25,314 - classify.py[line:184] - INFO: Epoch 27, toal_loss 54.8871, aver loss 0.0058, train accuracy 0.9380, train auc 0.0000, test accuracy 0.8452, test auc 0.0000
2021-05-22 13:49:29,534 - classify.py[line:184] - INFO: Epoch 28, toal_loss 54.6348, aver loss 0.0056, train accuracy 0.9395, train auc 0.0000, test accuracy 0.8456, test auc 0.0000
2021-05-22 13:49:33,657 - classify.py[line:184] - INFO: Epoch 29, toal_loss 54.1770, aver loss 0.0053, train accuracy 0.9396, train auc 0.0000, test accuracy 0.8424, test auc 0.0000
2021-05-22 13:49:34,675 - classify.py[line:134] - INFO: {'word_embedding_dimension': 300, 'Epoch1': 5, 'Epoch2': 30, 'dropout': 0.1, 'label_num': 2, 'learning_rate1': 1e-05, 'learning_rate2': 0.0001, 'batch_size': 64, 'cuda': 1, 'negSampleNum': 3, 'poSampleNum': 1, 'max_bound': 1, 'kernel_sizes': [3, 4, 5], 'hidden_size': 256, 'hidden_layers': 1, 'bidirectional': True}
2021-05-22 13:49:34,692 - classify.py[line:140] - INFO: before training: 0.5122363567352295
2021-05-22 13:49:34,693 - classify.py[line:154] - INFO: ...start training...
2021-05-22 13:49:39,581 - classify.py[line:184] - INFO: Epoch 0, toal_loss 150.6809, aver loss 0.3815, train accuracy 0.8562, train auc 0.0000, test accuracy 0.8300, test auc 0.0000
2021-05-22 13:49:44,473 - classify.py[line:184] - INFO: Epoch 1, toal_loss 97.6508, aver loss 0.1236, train accuracy 0.9028, train auc 0.0000, test accuracy 0.8378, test auc 0.0000
2021-05-22 13:49:49,432 - classify.py[line:184] - INFO: Epoch 2, toal_loss 88.8408, aver loss 0.0750, train accuracy 0.9128, train auc 0.0000, test accuracy 0.8388, test auc 0.0000
2021-05-22 13:49:54,506 - classify.py[line:184] - INFO: Epoch 3, toal_loss 83.9753, aver loss 0.0531, train accuracy 0.9173, train auc 0.0000, test accuracy 0.8413, test auc 0.0000
2021-05-22 13:49:59,333 - classify.py[line:184] - INFO: Epoch 4, toal_loss 81.0070, aver loss 0.0410, train accuracy 0.9212, train auc 0.0000, test accuracy 0.8449, test auc 0.0000
2021-05-22 13:50:04,401 - classify.py[line:184] - INFO: Epoch 5, toal_loss 78.9070, aver loss 0.0333, train accuracy 0.9229, train auc 0.0000, test accuracy 0.8443, test auc 0.0000
2021-05-22 13:50:09,233 - classify.py[line:184] - INFO: Epoch 6, toal_loss 76.6532, aver loss 0.0277, train accuracy 0.9252, train auc 0.0000, test accuracy 0.8484, test auc 0.0000
2021-05-22 13:50:14,115 - classify.py[line:184] - INFO: Epoch 7, toal_loss 75.2902, aver loss 0.0238, train accuracy 0.9285, train auc 0.0000, test accuracy 0.8490, test auc 0.0000
2021-05-22 13:50:18,963 - classify.py[line:184] - INFO: Epoch 8, toal_loss 74.1072, aver loss 0.0208, train accuracy 0.9279, train auc 0.0000, test accuracy 0.8490, test auc 0.0000
2021-05-22 13:50:23,671 - classify.py[line:184] - INFO: Epoch 9, toal_loss 72.4924, aver loss 0.0184, train accuracy 0.9302, train auc 0.0000, test accuracy 0.8497, test auc 0.0000
2021-05-22 13:50:28,564 - classify.py[line:184] - INFO: Epoch 10, toal_loss 71.4838, aver loss 0.0165, train accuracy 0.9314, train auc 0.0000, test accuracy 0.8476, test auc 0.0000
2021-05-22 13:50:33,327 - classify.py[line:184] - INFO: Epoch 11, toal_loss 70.6160, aver loss 0.0149, train accuracy 0.9319, train auc 0.0000, test accuracy 0.8500, test auc 0.0000
2021-05-22 13:50:38,105 - classify.py[line:184] - INFO: Epoch 12, toal_loss 69.4885, aver loss 0.0135, train accuracy 0.9327, train auc 0.0000, test accuracy 0.8524, test auc 0.0000
2021-05-22 13:50:42,869 - classify.py[line:184] - INFO: Epoch 13, toal_loss 68.8027, aver loss 0.0124, train accuracy 0.9348, train auc 0.0000, test accuracy 0.8468, test auc 0.0000
2021-05-22 13:50:47,562 - classify.py[line:184] - INFO: Epoch 14, toal_loss 67.7239, aver loss 0.0114, train accuracy 0.9354, train auc 0.0000, test accuracy 0.8501, test auc 0.0000
2021-05-22 13:50:52,455 - classify.py[line:184] - INFO: Epoch 15, toal_loss 67.2174, aver loss 0.0106, train accuracy 0.9361, train auc 0.0000, test accuracy 0.8471, test auc 0.0000
2021-05-22 13:50:57,172 - classify.py[line:184] - INFO: Epoch 16, toal_loss 66.4695, aver loss 0.0099, train accuracy 0.9369, train auc 0.0000, test accuracy 0.8523, test auc 0.0000
2021-05-22 13:51:01,990 - classify.py[line:184] - INFO: Epoch 17, toal_loss 65.5448, aver loss 0.0092, train accuracy 0.9377, train auc 0.0000, test accuracy 0.8514, test auc 0.0000
2021-05-22 13:51:06,631 - classify.py[line:184] - INFO: Epoch 18, toal_loss 64.7929, aver loss 0.0086, train accuracy 0.9384, train auc 0.0000, test accuracy 0.8480, test auc 0.0000
2021-05-22 13:51:11,371 - classify.py[line:184] - INFO: Epoch 19, toal_loss 64.5670, aver loss 0.0082, train accuracy 0.9386, train auc 0.0000, test accuracy 0.8468, test auc 0.0000
2021-05-22 13:51:16,159 - classify.py[line:184] - INFO: Epoch 20, toal_loss 63.3722, aver loss 0.0076, train accuracy 0.9390, train auc 0.0000, test accuracy 0.8478, test auc 0.0000
2021-05-22 13:51:20,968 - classify.py[line:184] - INFO: Epoch 21, toal_loss 63.0411, aver loss 0.0073, train accuracy 0.9380, train auc 0.0000, test accuracy 0.8493, test auc 0.0000
2021-05-22 13:51:25,801 - classify.py[line:184] - INFO: Epoch 22, toal_loss 62.5991, aver loss 0.0069, train accuracy 0.9408, train auc 0.0000, test accuracy 0.8488, test auc 0.0000
2021-05-22 13:51:30,451 - classify.py[line:184] - INFO: Epoch 23, toal_loss 62.0072, aver loss 0.0065, train accuracy 0.9402, train auc 0.0000, test accuracy 0.8474, test auc 0.0000
2021-05-22 13:51:35,188 - classify.py[line:184] - INFO: Epoch 24, toal_loss 61.7876, aver loss 0.0063, train accuracy 0.9421, train auc 0.0000, test accuracy 0.8454, test auc 0.0000
2021-05-22 13:51:40,003 - classify.py[line:184] - INFO: Epoch 25, toal_loss 61.6990, aver loss 0.0060, train accuracy 0.9423, train auc 0.0000, test accuracy 0.8448, test auc 0.0000
2021-05-22 13:51:44,896 - classify.py[line:184] - INFO: Epoch 26, toal_loss 61.2551, aver loss 0.0057, train accuracy 0.9421, train auc 0.0000, test accuracy 0.8452, test auc 0.0000
2021-05-22 13:51:49,663 - classify.py[line:184] - INFO: Epoch 27, toal_loss 60.0266, aver loss 0.0054, train accuracy 0.9411, train auc 0.0000, test accuracy 0.8464, test auc 0.0000
2021-05-22 13:51:54,447 - classify.py[line:184] - INFO: Epoch 28, toal_loss 59.5971, aver loss 0.0052, train accuracy 0.9426, train auc 0.0000, test accuracy 0.8476, test auc 0.0000
2021-05-22 13:51:59,212 - classify.py[line:184] - INFO: Epoch 29, toal_loss 59.3668, aver loss 0.0050, train accuracy 0.9437, train auc 0.0000, test accuracy 0.8444, test auc 0.0000
2021-05-22 13:52:00,179 - classify.py[line:134] - INFO: {'word_embedding_dimension': 300, 'Epoch1': 5, 'Epoch2': 30, 'dropout': 0.1, 'label_num': 2, 'learning_rate1': 1e-05, 'learning_rate2': 0.0001, 'batch_size': 64, 'cuda': 1, 'negSampleNum': 3, 'poSampleNum': 1, 'max_bound': 1, 'kernel_sizes': [3, 4, 5], 'hidden_size': 256, 'hidden_layers': 1, 'bidirectional': True}
2021-05-22 13:52:00,197 - classify.py[line:140] - INFO: before training: 0.48877862095832825
2021-05-22 13:52:00,197 - classify.py[line:154] - INFO: ...start training...
2021-05-22 13:52:05,698 - classify.py[line:184] - INFO: Epoch 0, toal_loss 162.4247, aver loss 0.3601, train accuracy 0.8566, train auc 0.0000, test accuracy 0.8267, test auc 0.0000
2021-05-22 13:52:11,335 - classify.py[line:184] - INFO: Epoch 1, toal_loss 110.0374, aver loss 0.1220, train accuracy 0.9052, train auc 0.0000, test accuracy 0.8367, test auc 0.0000
2021-05-22 13:52:16,840 - classify.py[line:184] - INFO: Epoch 2, toal_loss 100.0425, aver loss 0.0739, train accuracy 0.9123, train auc 0.0000, test accuracy 0.8419, test auc 0.0000
2021-05-22 13:52:22,564 - classify.py[line:184] - INFO: Epoch 3, toal_loss 95.2953, aver loss 0.0528, train accuracy 0.9170, train auc 0.0000, test accuracy 0.8464, test auc 0.0000
2021-05-22 13:52:28,023 - classify.py[line:184] - INFO: Epoch 4, toal_loss 92.5488, aver loss 0.0410, train accuracy 0.9192, train auc 0.0000, test accuracy 0.8494, test auc 0.0000
2021-05-22 13:52:33,597 - classify.py[line:184] - INFO: Epoch 5, toal_loss 89.6314, aver loss 0.0331, train accuracy 0.9235, train auc 0.0000, test accuracy 0.8525, test auc 0.0000
2021-05-22 13:52:39,117 - classify.py[line:184] - INFO: Epoch 6, toal_loss 86.6652, aver loss 0.0275, train accuracy 0.9250, train auc 0.0000, test accuracy 0.8502, test auc 0.0000
2021-05-22 13:52:44,570 - classify.py[line:184] - INFO: Epoch 7, toal_loss 85.4981, aver loss 0.0237, train accuracy 0.9278, train auc 0.0000, test accuracy 0.8498, test auc 0.0000
2021-05-22 13:52:50,317 - classify.py[line:184] - INFO: Epoch 8, toal_loss 84.4499, aver loss 0.0208, train accuracy 0.9282, train auc 0.0000, test accuracy 0.8527, test auc 0.0000
2021-05-22 13:52:55,809 - classify.py[line:184] - INFO: Epoch 9, toal_loss 82.0567, aver loss 0.0182, train accuracy 0.9296, train auc 0.0000, test accuracy 0.8516, test auc 0.0000
2021-05-22 13:53:01,150 - classify.py[line:184] - INFO: Epoch 10, toal_loss 81.2533, aver loss 0.0164, train accuracy 0.9310, train auc 0.0000, test accuracy 0.8491, test auc 0.0000
2021-05-22 13:53:06,594 - classify.py[line:184] - INFO: Epoch 11, toal_loss 80.1967, aver loss 0.0148, train accuracy 0.9322, train auc 0.0000, test accuracy 0.8501, test auc 0.0000
2021-05-22 13:53:11,985 - classify.py[line:184] - INFO: Epoch 12, toal_loss 78.4745, aver loss 0.0134, train accuracy 0.9327, train auc 0.0000, test accuracy 0.8516, test auc 0.0000
2021-05-22 13:53:17,514 - classify.py[line:184] - INFO: Epoch 13, toal_loss 77.8177, aver loss 0.0123, train accuracy 0.9341, train auc 0.0000, test accuracy 0.8501, test auc 0.0000
2021-05-22 13:53:23,359 - classify.py[line:184] - INFO: Epoch 14, toal_loss 76.0901, aver loss 0.0112, train accuracy 0.9358, train auc 0.0000, test accuracy 0.8508, test auc 0.0000
2021-05-22 13:53:28,859 - classify.py[line:184] - INFO: Epoch 15, toal_loss 75.7920, aver loss 0.0105, train accuracy 0.9349, train auc 0.0000, test accuracy 0.8496, test auc 0.0000
2021-05-22 13:53:34,397 - classify.py[line:184] - INFO: Epoch 16, toal_loss 75.3901, aver loss 0.0098, train accuracy 0.9353, train auc 0.0000, test accuracy 0.8501, test auc 0.0000
2021-05-22 13:53:39,876 - classify.py[line:184] - INFO: Epoch 17, toal_loss 74.6276, aver loss 0.0092, train accuracy 0.9381, train auc 0.0000, test accuracy 0.8506, test auc 0.0000
2021-05-22 13:53:45,343 - classify.py[line:184] - INFO: Epoch 18, toal_loss 74.0193, aver loss 0.0086, train accuracy 0.9395, train auc 0.0000, test accuracy 0.8499, test auc 0.0000
2021-05-22 13:53:51,078 - classify.py[line:184] - INFO: Epoch 19, toal_loss 73.0979, aver loss 0.0081, train accuracy 0.9393, train auc 0.0000, test accuracy 0.8510, test auc 0.0000
2021-05-22 13:53:56,720 - classify.py[line:184] - INFO: Epoch 20, toal_loss 71.6612, aver loss 0.0076, train accuracy 0.9389, train auc 0.0000, test accuracy 0.8479, test auc 0.0000
2021-05-22 13:54:02,181 - classify.py[line:184] - INFO: Epoch 21, toal_loss 71.7602, aver loss 0.0072, train accuracy 0.9389, train auc 0.0000, test accuracy 0.8512, test auc 0.0000
2021-05-22 13:54:07,665 - classify.py[line:184] - INFO: Epoch 22, toal_loss 70.6017, aver loss 0.0068, train accuracy 0.9412, train auc 0.0000, test accuracy 0.8517, test auc 0.0000
2021-05-22 13:54:13,218 - classify.py[line:184] - INFO: Epoch 23, toal_loss 70.2033, aver loss 0.0065, train accuracy 0.9416, train auc 0.0000, test accuracy 0.8502, test auc 0.0000
2021-05-22 13:54:18,776 - classify.py[line:184] - INFO: Epoch 24, toal_loss 69.4861, aver loss 0.0062, train accuracy 0.9412, train auc 0.0000, test accuracy 0.8490, test auc 0.0000
2021-05-22 13:54:24,255 - classify.py[line:184] - INFO: Epoch 25, toal_loss 69.0848, aver loss 0.0059, train accuracy 0.9418, train auc 0.0000, test accuracy 0.8506, test auc 0.0000
2021-05-22 13:54:30,005 - classify.py[line:184] - INFO: Epoch 26, toal_loss 68.7980, aver loss 0.0056, train accuracy 0.9435, train auc 0.0000, test accuracy 0.8507, test auc 0.0000
2021-05-22 13:54:35,510 - classify.py[line:184] - INFO: Epoch 27, toal_loss 68.6643, aver loss 0.0054, train accuracy 0.9424, train auc 0.0000, test accuracy 0.8500, test auc 0.0000
2021-05-22 13:54:41,098 - classify.py[line:184] - INFO: Epoch 28, toal_loss 67.8635, aver loss 0.0052, train accuracy 0.9433, train auc 0.0000, test accuracy 0.8496, test auc 0.0000
2021-05-22 13:54:46,492 - classify.py[line:184] - INFO: Epoch 29, toal_loss 67.8597, aver loss 0.0050, train accuracy 0.9438, train auc 0.0000, test accuracy 0.8502, test auc 0.0000
2021-05-22 13:54:47,518 - classify.py[line:134] - INFO: {'word_embedding_dimension': 300, 'Epoch1': 5, 'Epoch2': 30, 'dropout': 0.1, 'label_num': 2, 'learning_rate1': 1e-05, 'learning_rate2': 0.0001, 'batch_size': 64, 'cuda': 1, 'negSampleNum': 3, 'poSampleNum': 1, 'max_bound': 1, 'kernel_sizes': [3, 4, 5], 'hidden_size': 256, 'hidden_layers': 1, 'bidirectional': True}
2021-05-22 13:54:47,535 - classify.py[line:140] - INFO: before training: 0.5168602466583252
2021-05-22 13:54:47,536 - classify.py[line:154] - INFO: ...start training...
2021-05-22 13:54:53,685 - classify.py[line:184] - INFO: Epoch 0, toal_loss 173.7790, aver loss 0.3428, train accuracy 0.8664, train auc 0.0000, test accuracy 0.8325, test auc 0.0000
2021-05-22 13:54:59,949 - classify.py[line:184] - INFO: Epoch 1, toal_loss 120.7385, aver loss 0.1191, train accuracy 0.9060, train auc 0.0000, test accuracy 0.8405, test auc 0.0000
2021-05-22 13:55:06,126 - classify.py[line:184] - INFO: Epoch 2, toal_loss 111.7634, aver loss 0.0735, train accuracy 0.9135, train auc 0.0000, test accuracy 0.8445, test auc 0.0000
2021-05-22 13:55:12,202 - classify.py[line:184] - INFO: Epoch 3, toal_loss 107.2935, aver loss 0.0529, train accuracy 0.9184, train auc 0.0000, test accuracy 0.8471, test auc 0.0000
2021-05-22 13:55:18,598 - classify.py[line:184] - INFO: Epoch 4, toal_loss 102.3103, aver loss 0.0404, train accuracy 0.9216, train auc 0.0000, test accuracy 0.8472, test auc 0.0000
2021-05-22 13:55:24,824 - classify.py[line:184] - INFO: Epoch 5, toal_loss 99.9165, aver loss 0.0328, train accuracy 0.9222, train auc 0.0000, test accuracy 0.8505, test auc 0.0000
2021-05-22 13:55:30,969 - classify.py[line:184] - INFO: Epoch 6, toal_loss 96.9565, aver loss 0.0273, train accuracy 0.9245, train auc 0.0000, test accuracy 0.8483, test auc 0.0000
2021-05-22 13:55:37,391 - classify.py[line:184] - INFO: Epoch 7, toal_loss 96.2193, aver loss 0.0237, train accuracy 0.9257, train auc 0.0000, test accuracy 0.8521, test auc 0.0000
2021-05-22 13:55:43,760 - classify.py[line:184] - INFO: Epoch 8, toal_loss 94.1308, aver loss 0.0206, train accuracy 0.9282, train auc 0.0000, test accuracy 0.8480, test auc 0.0000
2021-05-22 13:55:50,184 - classify.py[line:184] - INFO: Epoch 9, toal_loss 92.7054, aver loss 0.0183, train accuracy 0.9292, train auc 0.0000, test accuracy 0.8482, test auc 0.0000
2021-05-22 13:55:56,405 - classify.py[line:184] - INFO: Epoch 10, toal_loss 91.4036, aver loss 0.0164, train accuracy 0.9303, train auc 0.0000, test accuracy 0.8476, test auc 0.0000
2021-05-22 13:56:02,590 - classify.py[line:184] - INFO: Epoch 11, toal_loss 89.8207, aver loss 0.0148, train accuracy 0.9318, train auc 0.0000, test accuracy 0.8499, test auc 0.0000
2021-05-22 13:56:08,652 - classify.py[line:184] - INFO: Epoch 12, toal_loss 89.1101, aver loss 0.0135, train accuracy 0.9325, train auc 0.0000, test accuracy 0.8475, test auc 0.0000
2021-05-22 13:56:15,048 - classify.py[line:184] - INFO: Epoch 13, toal_loss 87.6434, aver loss 0.0123, train accuracy 0.9336, train auc 0.0000, test accuracy 0.8479, test auc 0.0000
2021-05-22 13:56:21,384 - classify.py[line:184] - INFO: Epoch 14, toal_loss 86.5720, aver loss 0.0114, train accuracy 0.9337, train auc 0.0000, test accuracy 0.8464, test auc 0.0000
2021-05-22 13:56:27,515 - classify.py[line:184] - INFO: Epoch 15, toal_loss 85.8976, aver loss 0.0106, train accuracy 0.9347, train auc 0.0000, test accuracy 0.8458, test auc 0.0000
2021-05-22 13:56:33,659 - classify.py[line:184] - INFO: Epoch 16, toal_loss 84.3106, aver loss 0.0098, train accuracy 0.9355, train auc 0.0000, test accuracy 0.8492, test auc 0.0000
2021-05-22 13:56:39,902 - classify.py[line:184] - INFO: Epoch 17, toal_loss 83.5956, aver loss 0.0092, train accuracy 0.9364, train auc 0.0000, test accuracy 0.8487, test auc 0.0000
2021-05-22 13:56:46,019 - classify.py[line:184] - INFO: Epoch 18, toal_loss 82.6780, aver loss 0.0086, train accuracy 0.9361, train auc 0.0000, test accuracy 0.8467, test auc 0.0000
2021-05-22 13:56:52,343 - classify.py[line:184] - INFO: Epoch 19, toal_loss 82.4988, aver loss 0.0081, train accuracy 0.9370, train auc 0.0000, test accuracy 0.8437, test auc 0.0000
2021-05-22 13:56:58,464 - classify.py[line:184] - INFO: Epoch 20, toal_loss 81.7055, aver loss 0.0077, train accuracy 0.9382, train auc 0.0000, test accuracy 0.8464, test auc 0.0000
2021-05-22 13:57:04,830 - classify.py[line:184] - INFO: Epoch 21, toal_loss 82.0008, aver loss 0.0074, train accuracy 0.9379, train auc 0.0000, test accuracy 0.8474, test auc 0.0000
2021-05-22 13:57:11,103 - classify.py[line:184] - INFO: Epoch 22, toal_loss 80.2207, aver loss 0.0069, train accuracy 0.9378, train auc 0.0000, test accuracy 0.8476, test auc 0.0000
2021-05-22 13:57:17,196 - classify.py[line:184] - INFO: Epoch 23, toal_loss 79.4741, aver loss 0.0065, train accuracy 0.9398, train auc 0.0000, test accuracy 0.8459, test auc 0.0000
2021-05-22 13:57:23,388 - classify.py[line:184] - INFO: Epoch 24, toal_loss 79.4474, aver loss 0.0063, train accuracy 0.9392, train auc 0.0000, test accuracy 0.8468, test auc 0.0000
2021-05-22 13:57:29,762 - classify.py[line:184] - INFO: Epoch 25, toal_loss 79.1387, aver loss 0.0060, train accuracy 0.9401, train auc 0.0000, test accuracy 0.8447, test auc 0.0000
2021-05-22 13:57:36,034 - classify.py[line:184] - INFO: Epoch 26, toal_loss 78.7079, aver loss 0.0057, train accuracy 0.9403, train auc 0.0000, test accuracy 0.8502, test auc 0.0000
2021-05-22 13:57:42,358 - classify.py[line:184] - INFO: Epoch 27, toal_loss 77.2175, aver loss 0.0054, train accuracy 0.9407, train auc 0.0000, test accuracy 0.8467, test auc 0.0000
2021-05-22 13:57:48,540 - classify.py[line:184] - INFO: Epoch 28, toal_loss 76.8542, aver loss 0.0052, train accuracy 0.9422, train auc 0.0000, test accuracy 0.8445, test auc 0.0000
2021-05-22 13:57:54,675 - classify.py[line:184] - INFO: Epoch 29, toal_loss 76.6196, aver loss 0.0050, train accuracy 0.9430, train auc 0.0000, test accuracy 0.8435, test auc 0.0000
2021-05-22 13:57:55,696 - classify.py[line:134] - INFO: {'word_embedding_dimension': 300, 'Epoch1': 5, 'Epoch2': 30, 'dropout': 0.1, 'label_num': 2, 'learning_rate1': 1e-05, 'learning_rate2': 0.0001, 'batch_size': 64, 'cuda': 1, 'negSampleNum': 3, 'poSampleNum': 1, 'max_bound': 1, 'kernel_sizes': [3, 4, 5], 'hidden_size': 256, 'hidden_layers': 1, 'bidirectional': True}
2021-05-22 13:57:55,714 - classify.py[line:140] - INFO: before training: 0.528589129447937
2021-05-22 13:57:55,715 - classify.py[line:154] - INFO: ...start training...
2021-05-22 13:58:02,550 - classify.py[line:184] - INFO: Epoch 0, toal_loss 186.2993, aver loss 0.3303, train accuracy 0.8789, train auc 0.0000, test accuracy 0.8361, test auc 0.0000
2021-05-22 13:58:09,366 - classify.py[line:184] - INFO: Epoch 1, toal_loss 131.3066, aver loss 0.1164, train accuracy 0.9107, train auc 0.0000, test accuracy 0.8440, test auc 0.0000
2021-05-22 13:58:16,130 - classify.py[line:184] - INFO: Epoch 2, toal_loss 120.8725, aver loss 0.0714, train accuracy 0.9154, train auc 0.0000, test accuracy 0.8465, test auc 0.0000
2021-05-22 13:58:22,887 - classify.py[line:184] - INFO: Epoch 3, toal_loss 115.7428, aver loss 0.0513, train accuracy 0.9195, train auc 0.0000, test accuracy 0.8491, test auc 0.0000
2021-05-22 13:58:29,860 - classify.py[line:184] - INFO: Epoch 4, toal_loss 111.9446, aver loss 0.0397, train accuracy 0.9230, train auc 0.0000, test accuracy 0.8520, test auc 0.0000
2021-05-22 13:58:36,779 - classify.py[line:184] - INFO: Epoch 5, toal_loss 109.4766, aver loss 0.0324, train accuracy 0.9262, train auc 0.0000, test accuracy 0.8498, test auc 0.0000
2021-05-22 13:58:43,743 - classify.py[line:184] - INFO: Epoch 6, toal_loss 106.5271, aver loss 0.0270, train accuracy 0.9281, train auc 0.0000, test accuracy 0.8523, test auc 0.0000
2021-05-22 13:58:50,518 - classify.py[line:184] - INFO: Epoch 7, toal_loss 104.0609, aver loss 0.0231, train accuracy 0.9274, train auc 0.0000, test accuracy 0.8559, test auc 0.0000
2021-05-22 13:58:57,336 - classify.py[line:184] - INFO: Epoch 8, toal_loss 102.7007, aver loss 0.0202, train accuracy 0.9306, train auc 0.0000, test accuracy 0.8535, test auc 0.0000
2021-05-22 13:59:04,443 - classify.py[line:184] - INFO: Epoch 9, toal_loss 100.9938, aver loss 0.0179, train accuracy 0.9311, train auc 0.0000, test accuracy 0.8523, test auc 0.0000
2021-05-22 13:59:11,331 - classify.py[line:184] - INFO: Epoch 10, toal_loss 100.2187, aver loss 0.0162, train accuracy 0.9334, train auc 0.0000, test accuracy 0.8506, test auc 0.0000
2021-05-22 13:59:18,200 - classify.py[line:184] - INFO: Epoch 11, toal_loss 97.8033, aver loss 0.0145, train accuracy 0.9315, train auc 0.0000, test accuracy 0.8494, test auc 0.0000
2021-05-22 13:59:24,959 - classify.py[line:184] - INFO: Epoch 12, toal_loss 96.9763, aver loss 0.0132, train accuracy 0.9331, train auc 0.0000, test accuracy 0.8511, test auc 0.0000
2021-05-22 13:59:31,889 - classify.py[line:184] - INFO: Epoch 13, toal_loss 95.5035, aver loss 0.0121, train accuracy 0.9344, train auc 0.0000, test accuracy 0.8544, test auc 0.0000
2021-05-22 13:59:38,747 - classify.py[line:184] - INFO: Epoch 14, toal_loss 95.0626, aver loss 0.0112, train accuracy 0.9357, train auc 0.0000, test accuracy 0.8534, test auc 0.0000
2021-05-22 13:59:45,553 - classify.py[line:184] - INFO: Epoch 15, toal_loss 94.2737, aver loss 0.0104, train accuracy 0.9352, train auc 0.0000, test accuracy 0.8559, test auc 0.0000
2021-05-22 13:59:52,300 - classify.py[line:184] - INFO: Epoch 16, toal_loss 92.7822, aver loss 0.0097, train accuracy 0.9370, train auc 0.0000, test accuracy 0.8540, test auc 0.0000
2021-05-22 13:59:59,117 - classify.py[line:184] - INFO: Epoch 17, toal_loss 92.2618, aver loss 0.0091, train accuracy 0.9365, train auc 0.0000, test accuracy 0.8544, test auc 0.0000
2021-05-22 14:00:06,104 - classify.py[line:184] - INFO: Epoch 18, toal_loss 91.4537, aver loss 0.0085, train accuracy 0.9383, train auc 0.0000, test accuracy 0.8543, test auc 0.0000
2021-05-22 14:00:13,001 - classify.py[line:184] - INFO: Epoch 19, toal_loss 90.4349, aver loss 0.0080, train accuracy 0.9375, train auc 0.0000, test accuracy 0.8534, test auc 0.0000
2021-05-22 14:00:19,901 - classify.py[line:184] - INFO: Epoch 20, toal_loss 90.0706, aver loss 0.0076, train accuracy 0.9387, train auc 0.0000, test accuracy 0.8560, test auc 0.0000
2021-05-22 14:00:26,722 - classify.py[line:184] - INFO: Epoch 21, toal_loss 89.0240, aver loss 0.0072, train accuracy 0.9387, train auc 0.0000, test accuracy 0.8551, test auc 0.0000
2021-05-22 14:00:33,651 - classify.py[line:184] - INFO: Epoch 22, toal_loss 88.4682, aver loss 0.0068, train accuracy 0.9399, train auc 0.0000, test accuracy 0.8578, test auc 0.0000
2021-05-22 14:00:40,333 - classify.py[line:184] - INFO: Epoch 23, toal_loss 87.5962, aver loss 0.0065, train accuracy 0.9392, train auc 0.0000, test accuracy 0.8499, test auc 0.0000
2021-05-22 14:00:47,307 - classify.py[line:184] - INFO: Epoch 24, toal_loss 86.9447, aver loss 0.0062, train accuracy 0.9397, train auc 0.0000, test accuracy 0.8550, test auc 0.0000
2021-05-22 14:00:54,059 - classify.py[line:184] - INFO: Epoch 25, toal_loss 86.5967, aver loss 0.0059, train accuracy 0.9412, train auc 0.0000, test accuracy 0.8540, test auc 0.0000
2021-05-22 14:01:00,860 - classify.py[line:184] - INFO: Epoch 26, toal_loss 86.5293, aver loss 0.0057, train accuracy 0.9409, train auc 0.0000, test accuracy 0.8526, test auc 0.0000
2021-05-22 14:01:07,726 - classify.py[line:184] - INFO: Epoch 27, toal_loss 85.9336, aver loss 0.0054, train accuracy 0.9411, train auc 0.0000, test accuracy 0.8556, test auc 0.0000
2021-05-22 14:01:14,530 - classify.py[line:184] - INFO: Epoch 28, toal_loss 84.7553, aver loss 0.0052, train accuracy 0.9417, train auc 0.0000, test accuracy 0.8549, test auc 0.0000
2021-05-22 14:01:21,535 - classify.py[line:184] - INFO: Epoch 29, toal_loss 84.3776, aver loss 0.0050, train accuracy 0.9424, train auc 0.0000, test accuracy 0.8541, test auc 0.0000
