2021-05-16 14:41:36,538 - classify.py[line:65] - INFO: Namespace(batch_size=64, dataset='TREC', epoch=80, gpu=1, lr=0.001, modelname='TextCNN', modelnum=0, seed=1, use_aug=1)
2021-05-16 14:41:40,112 - classify.py[line:101] - INFO: <config.Config object at 0x7fe4277c5280>
2021-05-16 14:41:40,431 - classify.py[line:119] - INFO: before training: 0.16499999165534973
2021-05-16 14:41:40,431 - classify.py[line:130] - INFO: ...start training...
2021-05-16 14:41:41,395 - classify.py[line:156] - INFO: Epoch 0, toal_loss 251.5832, aver loss 2.9254, test accuracy 0.1600
2021-05-16 14:41:42,370 - classify.py[line:156] - INFO: Epoch 1, toal_loss 202.2170, aver loss 1.1757, test accuracy 0.2050
2021-05-16 14:41:43,277 - classify.py[line:156] - INFO: Epoch 2, toal_loss 165.6812, aver loss 0.6422, test accuracy 0.2450
2021-05-16 14:41:44,203 - classify.py[line:156] - INFO: Epoch 3, toal_loss 145.8258, aver loss 0.4239, test accuracy 0.3050
2021-05-16 14:41:45,139 - classify.py[line:156] - INFO: Epoch 4, toal_loss 141.0480, aver loss 0.3280, test accuracy 0.3750
2021-05-16 14:41:46,133 - classify.py[line:156] - INFO: Epoch 5, toal_loss 139.5643, aver loss 0.2705, test accuracy 0.3650
2021-05-16 14:41:47,064 - classify.py[line:156] - INFO: Epoch 6, toal_loss 137.0984, aver loss 0.2277, test accuracy 0.3800
2021-05-16 14:41:48,019 - classify.py[line:156] - INFO: Epoch 7, toal_loss 133.3871, aver loss 0.1939, test accuracy 0.3850
2021-05-16 14:41:48,890 - classify.py[line:156] - INFO: Epoch 8, toal_loss 130.0981, aver loss 0.1681, test accuracy 0.4450
2021-05-16 14:41:49,874 - classify.py[line:156] - INFO: Epoch 9, toal_loss 128.7424, aver loss 0.1497, test accuracy 0.4400
2021-05-16 14:41:50,775 - classify.py[line:156] - INFO: Epoch 10, toal_loss 125.7899, aver loss 0.1330, test accuracy 0.4400
2021-05-16 14:41:51,684 - classify.py[line:156] - INFO: Epoch 11, toal_loss 125.2911, aver loss 0.1214, test accuracy 0.4500
2021-05-16 14:41:52,594 - classify.py[line:156] - INFO: Epoch 12, toal_loss 123.6111, aver loss 0.1106, test accuracy 0.4350
2021-05-16 14:41:53,442 - classify.py[line:156] - INFO: Epoch 13, toal_loss 122.5240, aver loss 0.1018, test accuracy 0.4550
2021-05-16 14:41:54,463 - classify.py[line:156] - INFO: Epoch 14, toal_loss 120.7992, aver loss 0.0936, test accuracy 0.4950
2021-05-16 14:41:55,422 - classify.py[line:156] - INFO: Epoch 15, toal_loss 118.7251, aver loss 0.0863, test accuracy 0.4800
2021-05-16 14:41:56,351 - classify.py[line:156] - INFO: Epoch 16, toal_loss 119.0321, aver loss 0.0814, test accuracy 0.5050
2021-05-16 14:41:57,278 - classify.py[line:156] - INFO: Epoch 17, toal_loss 118.2880, aver loss 0.0764, test accuracy 0.5100
2021-05-16 14:41:58,242 - classify.py[line:156] - INFO: Epoch 18, toal_loss 116.5861, aver loss 0.0714, test accuracy 0.5050
2021-05-16 14:41:59,162 - classify.py[line:156] - INFO: Epoch 19, toal_loss 117.4518, aver loss 0.0683, test accuracy 0.5050
2021-05-16 14:42:00,059 - classify.py[line:156] - INFO: Epoch 20, toal_loss 116.1340, aver loss 0.0643, test accuracy 0.5000
2021-05-16 14:42:00,929 - classify.py[line:156] - INFO: Epoch 21, toal_loss 116.4742, aver loss 0.0616, test accuracy 0.5050
2021-05-16 14:42:01,851 - classify.py[line:156] - INFO: Epoch 22, toal_loss 116.0762, aver loss 0.0587, test accuracy 0.5000
2021-05-16 14:42:02,747 - classify.py[line:156] - INFO: Epoch 23, toal_loss 113.4420, aver loss 0.0550, test accuracy 0.5100
2021-05-16 14:42:03,737 - classify.py[line:156] - INFO: Epoch 24, toal_loss 114.4685, aver loss 0.0532, test accuracy 0.5500
2021-05-16 14:42:04,661 - classify.py[line:156] - INFO: Epoch 25, toal_loss 112.7461, aver loss 0.0504, test accuracy 0.5300
2021-05-16 14:42:05,545 - classify.py[line:156] - INFO: Epoch 26, toal_loss 112.2097, aver loss 0.0483, test accuracy 0.5100
2021-05-16 14:42:06,480 - classify.py[line:156] - INFO: Epoch 27, toal_loss 112.0679, aver loss 0.0465, test accuracy 0.5000
2021-05-16 14:42:07,416 - classify.py[line:156] - INFO: Epoch 28, toal_loss 112.1863, aver loss 0.0450, test accuracy 0.5500
2021-05-16 14:42:08,352 - classify.py[line:156] - INFO: Epoch 29, toal_loss 112.0110, aver loss 0.0434, test accuracy 0.4900
2021-05-16 14:42:09,244 - classify.py[line:156] - INFO: Epoch 30, toal_loss 111.6868, aver loss 0.0419, test accuracy 0.5250
2021-05-16 14:42:10,125 - classify.py[line:156] - INFO: Epoch 31, toal_loss 110.8997, aver loss 0.0403, test accuracy 0.5200
2021-05-16 14:42:11,007 - classify.py[line:156] - INFO: Epoch 32, toal_loss 109.9291, aver loss 0.0387, test accuracy 0.4900
2021-05-16 14:42:11,888 - classify.py[line:156] - INFO: Epoch 33, toal_loss 110.5978, aver loss 0.0378, test accuracy 0.5150
2021-05-16 14:42:12,791 - classify.py[line:156] - INFO: Epoch 34, toal_loss 109.9024, aver loss 0.0365, test accuracy 0.5250
2021-05-16 14:42:13,659 - classify.py[line:156] - INFO: Epoch 35, toal_loss 110.2791, aver loss 0.0356, test accuracy 0.4900
2021-05-16 14:42:14,509 - classify.py[line:156] - INFO: Epoch 36, toal_loss 110.8228, aver loss 0.0348, test accuracy 0.5050
2021-05-16 14:42:15,328 - classify.py[line:156] - INFO: Epoch 37, toal_loss 109.3312, aver loss 0.0335, test accuracy 0.5300
2021-05-16 14:42:16,334 - classify.py[line:156] - INFO: Epoch 38, toal_loss 109.7622, aver loss 0.0327, test accuracy 0.5200
2021-05-16 14:42:17,303 - classify.py[line:156] - INFO: Epoch 39, toal_loss 109.2855, aver loss 0.0318, test accuracy 0.5250
2021-05-16 14:42:18,223 - classify.py[line:156] - INFO: Epoch 40, toal_loss 108.7969, aver loss 0.0309, test accuracy 0.5200
2021-05-16 14:42:19,102 - classify.py[line:156] - INFO: Epoch 41, toal_loss 108.3760, aver loss 0.0300, test accuracy 0.5100
2021-05-16 14:42:20,055 - classify.py[line:156] - INFO: Epoch 42, toal_loss 108.4899, aver loss 0.0293, test accuracy 0.5000
2021-05-16 14:42:21,007 - classify.py[line:156] - INFO: Epoch 43, toal_loss 108.9038, aver loss 0.0288, test accuracy 0.5500
2021-05-16 14:42:21,932 - classify.py[line:156] - INFO: Epoch 44, toal_loss 108.0370, aver loss 0.0279, test accuracy 0.5000
2021-05-16 14:42:22,826 - classify.py[line:156] - INFO: Epoch 45, toal_loss 108.2880, aver loss 0.0274, test accuracy 0.4800
2021-05-16 14:42:23,763 - classify.py[line:156] - INFO: Epoch 46, toal_loss 107.8214, aver loss 0.0267, test accuracy 0.5000
2021-05-16 14:42:24,675 - classify.py[line:156] - INFO: Epoch 47, toal_loss 107.3494, aver loss 0.0260, test accuracy 0.5250
2021-05-16 14:42:25,601 - classify.py[line:156] - INFO: Epoch 48, toal_loss 107.2611, aver loss 0.0255, test accuracy 0.5000
2021-05-16 14:42:26,471 - classify.py[line:156] - INFO: Epoch 49, toal_loss 107.1001, aver loss 0.0249, test accuracy 0.5100
2021-05-16 14:42:27,351 - classify.py[line:156] - INFO: Epoch 50, toal_loss 107.7275, aver loss 0.0246, test accuracy 0.5050
2021-05-16 14:42:28,313 - classify.py[line:156] - INFO: Epoch 51, toal_loss 107.0961, aver loss 0.0239, test accuracy 0.5000
2021-05-16 14:42:29,176 - classify.py[line:156] - INFO: Epoch 52, toal_loss 107.0321, aver loss 0.0235, test accuracy 0.5400
2021-05-16 14:42:30,099 - classify.py[line:156] - INFO: Epoch 53, toal_loss 106.6109, aver loss 0.0230, test accuracy 0.4700
2021-05-16 14:42:30,919 - classify.py[line:156] - INFO: Epoch 54, toal_loss 106.6547, aver loss 0.0225, test accuracy 0.5000
2021-05-16 14:42:31,870 - classify.py[line:156] - INFO: Epoch 55, toal_loss 106.8980, aver loss 0.0222, test accuracy 0.5100
2021-05-16 14:42:32,795 - classify.py[line:156] - INFO: Epoch 56, toal_loss 106.5097, aver loss 0.0217, test accuracy 0.5100
2021-05-16 14:42:33,731 - classify.py[line:156] - INFO: Epoch 57, toal_loss 107.4131, aver loss 0.0215, test accuracy 0.5000
2021-05-16 14:42:34,651 - classify.py[line:156] - INFO: Epoch 58, toal_loss 106.7323, aver loss 0.0210, test accuracy 0.5050
2021-05-16 14:42:35,634 - classify.py[line:156] - INFO: Epoch 59, toal_loss 106.1292, aver loss 0.0206, test accuracy 0.5050
2021-05-16 14:42:36,549 - classify.py[line:156] - INFO: Epoch 60, toal_loss 106.1680, aver loss 0.0202, test accuracy 0.5450
2021-05-16 14:42:37,471 - classify.py[line:156] - INFO: Epoch 61, toal_loss 106.6665, aver loss 0.0200, test accuracy 0.4950
2021-05-16 14:42:38,362 - classify.py[line:156] - INFO: Epoch 62, toal_loss 105.6873, aver loss 0.0195, test accuracy 0.5300
2021-05-16 14:42:39,216 - classify.py[line:156] - INFO: Epoch 63, toal_loss 105.9109, aver loss 0.0192, test accuracy 0.5100
2021-05-16 14:42:40,119 - classify.py[line:156] - INFO: Epoch 64, toal_loss 106.2361, aver loss 0.0190, test accuracy 0.4950
2021-05-16 14:42:41,084 - classify.py[line:156] - INFO: Epoch 65, toal_loss 105.7234, aver loss 0.0186, test accuracy 0.5450
2021-05-16 14:42:41,973 - classify.py[line:156] - INFO: Epoch 66, toal_loss 106.7817, aver loss 0.0185, test accuracy 0.4900
2021-05-16 14:42:42,875 - classify.py[line:156] - INFO: Epoch 67, toal_loss 104.8457, aver loss 0.0179, test accuracy 0.5250
2021-05-16 14:42:43,816 - classify.py[line:156] - INFO: Epoch 68, toal_loss 106.2903, aver loss 0.0179, test accuracy 0.4950
2021-05-16 14:42:44,707 - classify.py[line:156] - INFO: Epoch 69, toal_loss 106.6128, aver loss 0.0177, test accuracy 0.5100
2021-05-16 14:42:45,602 - classify.py[line:156] - INFO: Epoch 70, toal_loss 105.6485, aver loss 0.0173, test accuracy 0.5350
2021-05-16 14:42:46,536 - classify.py[line:156] - INFO: Epoch 71, toal_loss 105.4266, aver loss 0.0170, test accuracy 0.5150
2021-05-16 14:42:47,496 - classify.py[line:156] - INFO: Epoch 72, toal_loss 106.0061, aver loss 0.0169, test accuracy 0.5100
2021-05-16 14:42:48,453 - classify.py[line:156] - INFO: Epoch 73, toal_loss 104.8569, aver loss 0.0165, test accuracy 0.5100
2021-05-16 14:42:49,294 - classify.py[line:156] - INFO: Epoch 74, toal_loss 105.8218, aver loss 0.0164, test accuracy 0.5200
2021-05-16 14:42:50,135 - classify.py[line:156] - INFO: Epoch 75, toal_loss 104.3847, aver loss 0.0160, test accuracy 0.4800
2021-05-16 14:42:51,089 - classify.py[line:156] - INFO: Epoch 76, toal_loss 106.2212, aver loss 0.0160, test accuracy 0.5150
2021-05-16 14:42:51,964 - classify.py[line:156] - INFO: Epoch 77, toal_loss 105.4098, aver loss 0.0157, test accuracy 0.5100
2021-05-16 14:42:52,900 - classify.py[line:156] - INFO: Epoch 78, toal_loss 105.0962, aver loss 0.0155, test accuracy 0.5050
2021-05-16 14:42:53,830 - classify.py[line:156] - INFO: Epoch 79, toal_loss 105.6574, aver loss 0.0154, test accuracy 0.5050
