2021-05-20 15:22:15,632 - classify.py[line:68] - INFO: Namespace(batch_size=64, dataset='IMDB', epoch=30, gpu=1, l2=0.0001, lr=0.0001, modelfilename='', modelname='TextCNN', modelnum=0, resultnum=110, seed=1, use_aug=0)
2021-05-20 15:22:29,518 - classify.py[line:134] - INFO: {'word_embedding_dimension': 300, 'Epoch1': 5, 'Epoch2': 30, 'dropout': 0.1, 'label_num': 2, 'learning_rate1': 1e-05, 'learning_rate2': 0.0001, 'batch_size': 64, 'cuda': 1, 'negSampleNum': 3, 'poSampleNum': 1, 'max_bound': 1, 'kernel_sizes': [3, 4, 5], 'hidden_size': 256, 'hidden_layers': 1, 'bidirectional': True}
2021-05-20 15:22:29,955 - classify.py[line:140] - INFO: before training: 0.499500036239624
2021-05-20 15:22:29,955 - classify.py[line:154] - INFO: ...start training...
2021-05-20 15:22:30,475 - classify.py[line:184] - INFO: Epoch 0, toal_loss 2.9891, aver loss 0.7473, train accuracy 0.5098, train auc 0.0000, test accuracy 0.5130, test auc 0.0000
2021-05-20 15:22:30,981 - classify.py[line:184] - INFO: Epoch 1, toal_loss 2.6338, aver loss 0.3292, train accuracy 0.5974, train auc 0.0000, test accuracy 0.5105, test auc 0.0000
2021-05-20 15:22:31,492 - classify.py[line:184] - INFO: Epoch 2, toal_loss 2.6432, aver loss 0.2203, train accuracy 0.6220, train auc 0.0000, test accuracy 0.5265, test auc 0.0000
2021-05-20 15:22:32,001 - classify.py[line:184] - INFO: Epoch 3, toal_loss 2.6116, aver loss 0.1632, train accuracy 0.6482, train auc 0.0000, test accuracy 0.5265, test auc 0.0000
2021-05-20 15:22:32,543 - classify.py[line:184] - INFO: Epoch 4, toal_loss 2.5918, aver loss 0.1296, train accuracy 0.6732, train auc 0.0000, test accuracy 0.5450, test auc 0.0000
2021-05-20 15:22:33,051 - classify.py[line:184] - INFO: Epoch 5, toal_loss 2.4653, aver loss 0.1027, train accuracy 0.6979, train auc 0.0000, test accuracy 0.5515, test auc 0.0000
2021-05-20 15:22:33,567 - classify.py[line:184] - INFO: Epoch 6, toal_loss 2.3640, aver loss 0.0844, train accuracy 0.7076, train auc 0.0000, test accuracy 0.5360, test auc 0.0000
2021-05-20 15:22:34,075 - classify.py[line:184] - INFO: Epoch 7, toal_loss 2.4191, aver loss 0.0756, train accuracy 0.6979, train auc 0.0000, test accuracy 0.5330, test auc 0.0000
2021-05-20 15:22:34,579 - classify.py[line:184] - INFO: Epoch 8, toal_loss 2.3454, aver loss 0.0651, train accuracy 0.7045, train auc 0.0000, test accuracy 0.5410, test auc 0.0000
2021-05-20 15:22:35,086 - classify.py[line:184] - INFO: Epoch 9, toal_loss 2.2846, aver loss 0.0571, train accuracy 0.7600, train auc 0.0000, test accuracy 0.5665, test auc 0.0000
2021-05-20 15:22:35,592 - classify.py[line:184] - INFO: Epoch 10, toal_loss 2.0898, aver loss 0.0475, train accuracy 0.7729, train auc 0.0000, test accuracy 0.5755, test auc 0.0000
2021-05-20 15:22:36,094 - classify.py[line:184] - INFO: Epoch 11, toal_loss 2.1073, aver loss 0.0439, train accuracy 0.7651, train auc 0.0000, test accuracy 0.5530, test auc 0.0000
2021-05-20 15:22:36,599 - classify.py[line:184] - INFO: Epoch 12, toal_loss 2.0721, aver loss 0.0398, train accuracy 0.8416, train auc 0.0000, test accuracy 0.5700, test auc 0.0000
2021-05-20 15:22:37,150 - classify.py[line:184] - INFO: Epoch 13, toal_loss 2.0138, aver loss 0.0360, train accuracy 0.8483, train auc 0.0000, test accuracy 0.5675, test auc 0.0000
2021-05-20 15:22:37,657 - classify.py[line:184] - INFO: Epoch 14, toal_loss 1.9737, aver loss 0.0329, train accuracy 0.8159, train auc 0.0000, test accuracy 0.5575, test auc 0.0000
2021-05-20 15:22:38,165 - classify.py[line:184] - INFO: Epoch 15, toal_loss 1.9509, aver loss 0.0305, train accuracy 0.7951, train auc 0.0000, test accuracy 0.5750, test auc 0.0000
2021-05-20 15:22:38,671 - classify.py[line:184] - INFO: Epoch 16, toal_loss 1.9583, aver loss 0.0288, train accuracy 0.8413, train auc 0.0000, test accuracy 0.5795, test auc 0.0000
2021-05-20 15:22:39,177 - classify.py[line:184] - INFO: Epoch 17, toal_loss 1.8314, aver loss 0.0254, train accuracy 0.7729, train auc 0.0000, test accuracy 0.5900, test auc 0.0000
2021-05-20 15:22:39,679 - classify.py[line:184] - INFO: Epoch 18, toal_loss 1.8847, aver loss 0.0248, train accuracy 0.8179, train auc 0.0000, test accuracy 0.5875, test auc 0.0000
2021-05-20 15:22:40,183 - classify.py[line:184] - INFO: Epoch 19, toal_loss 1.8273, aver loss 0.0228, train accuracy 0.8640, train auc 0.0000, test accuracy 0.5750, test auc 0.0000
2021-05-20 15:22:40,695 - classify.py[line:184] - INFO: Epoch 20, toal_loss 1.7757, aver loss 0.0211, train accuracy 0.8800, train auc 0.0000, test accuracy 0.5760, test auc 0.0000
2021-05-20 15:22:41,205 - classify.py[line:184] - INFO: Epoch 21, toal_loss 1.6962, aver loss 0.0193, train accuracy 0.8358, train auc 0.0000, test accuracy 0.5870, test auc 0.0000
2021-05-20 15:22:41,714 - classify.py[line:184] - INFO: Epoch 22, toal_loss 1.7290, aver loss 0.0188, train accuracy 0.8561, train auc 0.0000, test accuracy 0.5850, test auc 0.0000
2021-05-20 15:22:42,221 - classify.py[line:184] - INFO: Epoch 23, toal_loss 1.7603, aver loss 0.0183, train accuracy 0.8722, train auc 0.0000, test accuracy 0.5900, test auc 0.0000
2021-05-20 15:22:42,727 - classify.py[line:184] - INFO: Epoch 24, toal_loss 1.6545, aver loss 0.0165, train accuracy 0.8565, train auc 0.0000, test accuracy 0.5790, test auc 0.0000
2021-05-20 15:22:43,233 - classify.py[line:184] - INFO: Epoch 25, toal_loss 1.7235, aver loss 0.0166, train accuracy 0.8565, train auc 0.0000, test accuracy 0.5800, test auc 0.0000
2021-05-20 15:22:43,739 - classify.py[line:184] - INFO: Epoch 26, toal_loss 1.6559, aver loss 0.0153, train accuracy 0.8804, train auc 0.0000, test accuracy 0.6100, test auc 0.0000
2021-05-20 15:22:44,256 - classify.py[line:184] - INFO: Epoch 27, toal_loss 1.5360, aver loss 0.0137, train accuracy 0.9003, train auc 0.0000, test accuracy 0.5795, test auc 0.0000
2021-05-20 15:22:44,765 - classify.py[line:184] - INFO: Epoch 28, toal_loss 1.5470, aver loss 0.0133, train accuracy 0.8913, train auc 0.0000, test accuracy 0.5965, test auc 0.0000
2021-05-20 15:22:45,272 - classify.py[line:184] - INFO: Epoch 29, toal_loss 1.6629, aver loss 0.0139, train accuracy 0.9155, train auc 0.0000, test accuracy 0.5975, test auc 0.0000
2021-05-20 15:22:46,922 - classify.py[line:134] - INFO: {'word_embedding_dimension': 300, 'Epoch1': 5, 'Epoch2': 30, 'dropout': 0.1, 'label_num': 2, 'learning_rate1': 1e-05, 'learning_rate2': 0.0001, 'batch_size': 64, 'cuda': 1, 'negSampleNum': 3, 'poSampleNum': 1, 'max_bound': 1, 'kernel_sizes': [3, 4, 5], 'hidden_size': 256, 'hidden_layers': 1, 'bidirectional': True}
2021-05-20 15:22:47,083 - classify.py[line:140] - INFO: before training: 0.4830000102519989
2021-05-20 15:22:47,084 - classify.py[line:154] - INFO: ...start training...
2021-05-20 15:22:47,998 - classify.py[line:184] - INFO: Epoch 0, toal_loss 5.8241, aver loss 0.7280, train accuracy 0.5257, train auc 0.0000, test accuracy 0.4875, test auc 0.0000
2021-05-20 15:22:48,912 - classify.py[line:184] - INFO: Epoch 1, toal_loss 5.6474, aver loss 0.3530, train accuracy 0.5361, train auc 0.0000, test accuracy 0.4935, test auc 0.0000
2021-05-20 15:22:49,822 - classify.py[line:184] - INFO: Epoch 2, toal_loss 5.3811, aver loss 0.2242, train accuracy 0.5774, train auc 0.0000, test accuracy 0.5070, test auc 0.0000
2021-05-20 15:22:50,733 - classify.py[line:184] - INFO: Epoch 3, toal_loss 5.3828, aver loss 0.1682, train accuracy 0.6014, train auc 0.0000, test accuracy 0.5265, test auc 0.0000
2021-05-20 15:22:51,650 - classify.py[line:184] - INFO: Epoch 4, toal_loss 5.2711, aver loss 0.1318, train accuracy 0.6271, train auc 0.0000, test accuracy 0.5315, test auc 0.0000
2021-05-20 15:22:52,573 - classify.py[line:184] - INFO: Epoch 5, toal_loss 5.1689, aver loss 0.1077, train accuracy 0.6403, train auc 0.0000, test accuracy 0.5415, test auc 0.0000
2021-05-20 15:22:53,484 - classify.py[line:184] - INFO: Epoch 6, toal_loss 5.1063, aver loss 0.0912, train accuracy 0.6651, train auc 0.0000, test accuracy 0.5410, test auc 0.0000
2021-05-20 15:22:54,394 - classify.py[line:184] - INFO: Epoch 7, toal_loss 5.1854, aver loss 0.0810, train accuracy 0.7111, train auc 0.0000, test accuracy 0.5595, test auc 0.0000
2021-05-20 15:22:55,301 - classify.py[line:184] - INFO: Epoch 8, toal_loss 5.0188, aver loss 0.0697, train accuracy 0.7216, train auc 0.0000, test accuracy 0.5710, test auc 0.0000
2021-05-20 15:22:56,206 - classify.py[line:184] - INFO: Epoch 9, toal_loss 4.8718, aver loss 0.0609, train accuracy 0.7012, train auc 0.0000, test accuracy 0.5665, test auc 0.0000
2021-05-20 15:22:57,114 - classify.py[line:184] - INFO: Epoch 10, toal_loss 4.8425, aver loss 0.0550, train accuracy 0.7455, train auc 0.0000, test accuracy 0.5600, test auc 0.0000
2021-05-20 15:22:58,032 - classify.py[line:184] - INFO: Epoch 11, toal_loss 4.7651, aver loss 0.0496, train accuracy 0.7495, train auc 0.0000, test accuracy 0.5795, test auc 0.0000
2021-05-20 15:22:58,935 - classify.py[line:184] - INFO: Epoch 12, toal_loss 4.6898, aver loss 0.0451, train accuracy 0.7812, train auc 0.0000, test accuracy 0.5700, test auc 0.0000
2021-05-20 15:22:59,847 - classify.py[line:184] - INFO: Epoch 13, toal_loss 4.6497, aver loss 0.0415, train accuracy 0.7658, train auc 0.0000, test accuracy 0.5785, test auc 0.0000
2021-05-20 15:23:00,759 - classify.py[line:184] - INFO: Epoch 14, toal_loss 4.5647, aver loss 0.0380, train accuracy 0.8075, train auc 0.0000, test accuracy 0.5955, test auc 0.0000
2021-05-20 15:23:01,674 - classify.py[line:184] - INFO: Epoch 15, toal_loss 4.5109, aver loss 0.0352, train accuracy 0.8080, train auc 0.0000, test accuracy 0.5805, test auc 0.0000
2021-05-20 15:23:02,589 - classify.py[line:184] - INFO: Epoch 16, toal_loss 4.4161, aver loss 0.0325, train accuracy 0.7895, train auc 0.0000, test accuracy 0.5875, test auc 0.0000
2021-05-20 15:23:03,482 - classify.py[line:184] - INFO: Epoch 17, toal_loss 4.4017, aver loss 0.0306, train accuracy 0.8012, train auc 0.0000, test accuracy 0.5930, test auc 0.0000
2021-05-20 15:23:04,390 - classify.py[line:184] - INFO: Epoch 18, toal_loss 4.3766, aver loss 0.0288, train accuracy 0.7876, train auc 0.0000, test accuracy 0.6065, test auc 0.0000
2021-05-20 15:23:05,301 - classify.py[line:184] - INFO: Epoch 19, toal_loss 4.3989, aver loss 0.0275, train accuracy 0.8319, train auc 0.0000, test accuracy 0.6090, test auc 0.0000
2021-05-20 15:23:06,215 - classify.py[line:184] - INFO: Epoch 20, toal_loss 4.2932, aver loss 0.0256, train accuracy 0.8323, train auc 0.0000, test accuracy 0.6005, test auc 0.0000
2021-05-20 15:23:07,125 - classify.py[line:184] - INFO: Epoch 21, toal_loss 4.3513, aver loss 0.0247, train accuracy 0.8586, train auc 0.0000, test accuracy 0.6130, test auc 0.0000
2021-05-20 15:23:08,040 - classify.py[line:184] - INFO: Epoch 22, toal_loss 4.2409, aver loss 0.0230, train accuracy 0.8412, train auc 0.0000, test accuracy 0.6235, test auc 0.0000
2021-05-20 15:23:08,951 - classify.py[line:184] - INFO: Epoch 23, toal_loss 4.1829, aver loss 0.0218, train accuracy 0.8179, train auc 0.0000, test accuracy 0.6105, test auc 0.0000
2021-05-20 15:23:09,863 - classify.py[line:184] - INFO: Epoch 24, toal_loss 4.0141, aver loss 0.0201, train accuracy 0.8314, train auc 0.0000, test accuracy 0.6180, test auc 0.0000
2021-05-20 15:23:10,776 - classify.py[line:184] - INFO: Epoch 25, toal_loss 4.0912, aver loss 0.0197, train accuracy 0.8534, train auc 0.0000, test accuracy 0.6255, test auc 0.0000
2021-05-20 15:23:11,698 - classify.py[line:184] - INFO: Epoch 26, toal_loss 4.1357, aver loss 0.0191, train accuracy 0.8245, train auc 0.0000, test accuracy 0.6080, test auc 0.0000
2021-05-20 15:23:12,612 - classify.py[line:184] - INFO: Epoch 27, toal_loss 3.9989, aver loss 0.0179, train accuracy 0.8694, train auc 0.0000, test accuracy 0.6255, test auc 0.0000
2021-05-20 15:23:13,524 - classify.py[line:184] - INFO: Epoch 28, toal_loss 3.8750, aver loss 0.0167, train accuracy 0.8484, train auc 0.0000, test accuracy 0.6280, test auc 0.0000
2021-05-20 15:23:14,436 - classify.py[line:184] - INFO: Epoch 29, toal_loss 3.8617, aver loss 0.0161, train accuracy 0.8640, train auc 0.0000, test accuracy 0.6360, test auc 0.0000
2021-05-20 15:23:16,138 - classify.py[line:134] - INFO: {'word_embedding_dimension': 300, 'Epoch1': 5, 'Epoch2': 30, 'dropout': 0.1, 'label_num': 2, 'learning_rate1': 1e-05, 'learning_rate2': 0.0001, 'batch_size': 64, 'cuda': 1, 'negSampleNum': 3, 'poSampleNum': 1, 'max_bound': 1, 'kernel_sizes': [3, 4, 5], 'hidden_size': 256, 'hidden_layers': 1, 'bidirectional': True}
2021-05-20 15:23:16,326 - classify.py[line:140] - INFO: before training: 0.5145000219345093
2021-05-20 15:23:16,326 - classify.py[line:154] - INFO: ...start training...
2021-05-20 15:23:17,964 - classify.py[line:184] - INFO: Epoch 0, toal_loss 12.8431, aver loss 0.8027, train accuracy 0.4826, train auc 0.0000, test accuracy 0.5055, test auc 0.0000
2021-05-20 15:23:19,589 - classify.py[line:184] - INFO: Epoch 1, toal_loss 11.5076, aver loss 0.3596, train accuracy 0.5230, train auc 0.0000, test accuracy 0.5190, test auc 0.0000
2021-05-20 15:23:21,186 - classify.py[line:184] - INFO: Epoch 2, toal_loss 10.9962, aver loss 0.2291, train accuracy 0.5900, train auc 0.0000, test accuracy 0.5315, test auc 0.0000
2021-05-20 15:23:22,786 - classify.py[line:184] - INFO: Epoch 3, toal_loss 10.6508, aver loss 0.1664, train accuracy 0.6125, train auc 0.0000, test accuracy 0.5270, test auc 0.0000
2021-05-20 15:23:24,384 - classify.py[line:184] - INFO: Epoch 4, toal_loss 10.4661, aver loss 0.1308, train accuracy 0.6449, train auc 0.0000, test accuracy 0.5705, test auc 0.0000
2021-05-20 15:23:25,979 - classify.py[line:184] - INFO: Epoch 5, toal_loss 10.1627, aver loss 0.1059, train accuracy 0.6662, train auc 0.0000, test accuracy 0.5750, test auc 0.0000
2021-05-20 15:23:27,576 - classify.py[line:184] - INFO: Epoch 6, toal_loss 9.9071, aver loss 0.0885, train accuracy 0.6842, train auc 0.0000, test accuracy 0.5885, test auc 0.0000
2021-05-20 15:23:29,165 - classify.py[line:184] - INFO: Epoch 7, toal_loss 9.6831, aver loss 0.0756, train accuracy 0.6893, train auc 0.0000, test accuracy 0.5630, test auc 0.0000
2021-05-20 15:23:30,772 - classify.py[line:184] - INFO: Epoch 8, toal_loss 9.7632, aver loss 0.0678, train accuracy 0.6943, train auc 0.0000, test accuracy 0.5880, test auc 0.0000
2021-05-20 15:23:32,392 - classify.py[line:184] - INFO: Epoch 9, toal_loss 9.4470, aver loss 0.0590, train accuracy 0.7154, train auc 0.0000, test accuracy 0.6100, test auc 0.0000
2021-05-20 15:23:34,001 - classify.py[line:184] - INFO: Epoch 10, toal_loss 9.3106, aver loss 0.0529, train accuracy 0.7234, train auc 0.0000, test accuracy 0.6015, test auc 0.0000
2021-05-20 15:23:35,596 - classify.py[line:184] - INFO: Epoch 11, toal_loss 9.1402, aver loss 0.0476, train accuracy 0.7439, train auc 0.0000, test accuracy 0.6200, test auc 0.0000
2021-05-20 15:23:37,188 - classify.py[line:184] - INFO: Epoch 12, toal_loss 8.9630, aver loss 0.0431, train accuracy 0.7521, train auc 0.0000, test accuracy 0.6075, test auc 0.0000
2021-05-20 15:23:38,811 - classify.py[line:184] - INFO: Epoch 13, toal_loss 8.8507, aver loss 0.0395, train accuracy 0.7373, train auc 0.0000, test accuracy 0.6170, test auc 0.0000
2021-05-20 15:23:40,781 - classify.py[line:184] - INFO: Epoch 14, toal_loss 8.6546, aver loss 0.0361, train accuracy 0.7563, train auc 0.0000, test accuracy 0.6125, test auc 0.0000
2021-05-20 15:23:43,289 - classify.py[line:184] - INFO: Epoch 15, toal_loss 8.4929, aver loss 0.0332, train accuracy 0.7760, train auc 0.0000, test accuracy 0.6295, test auc 0.0000
2021-05-20 15:23:45,753 - classify.py[line:184] - INFO: Epoch 16, toal_loss 8.4838, aver loss 0.0312, train accuracy 0.7744, train auc 0.0000, test accuracy 0.6230, test auc 0.0000
2021-05-20 15:23:48,197 - classify.py[line:184] - INFO: Epoch 17, toal_loss 8.2863, aver loss 0.0288, train accuracy 0.7949, train auc 0.0000, test accuracy 0.6265, test auc 0.0000
2021-05-20 15:23:50,672 - classify.py[line:184] - INFO: Epoch 18, toal_loss 8.0550, aver loss 0.0265, train accuracy 0.7941, train auc 0.0000, test accuracy 0.6275, test auc 0.0000
2021-05-20 15:23:53,179 - classify.py[line:184] - INFO: Epoch 19, toal_loss 8.0592, aver loss 0.0252, train accuracy 0.8012, train auc 0.0000, test accuracy 0.6370, test auc 0.0000
2021-05-20 15:23:55,623 - classify.py[line:184] - INFO: Epoch 20, toal_loss 7.6606, aver loss 0.0228, train accuracy 0.7715, train auc 0.0000, test accuracy 0.6530, test auc 0.0000
2021-05-20 15:23:57,590 - classify.py[line:184] - INFO: Epoch 21, toal_loss 8.0073, aver loss 0.0227, train accuracy 0.8205, train auc 0.0000, test accuracy 0.6510, test auc 0.0000
2021-05-20 15:23:59,189 - classify.py[line:184] - INFO: Epoch 22, toal_loss 7.7065, aver loss 0.0209, train accuracy 0.7973, train auc 0.0000, test accuracy 0.6525, test auc 0.0000
2021-05-20 15:24:00,800 - classify.py[line:184] - INFO: Epoch 23, toal_loss 7.5388, aver loss 0.0196, train accuracy 0.8141, train auc 0.0000, test accuracy 0.6690, test auc 0.0000
2021-05-20 15:24:02,408 - classify.py[line:184] - INFO: Epoch 24, toal_loss 7.4299, aver loss 0.0186, train accuracy 0.8223, train auc 0.0000, test accuracy 0.6595, test auc 0.0000
2021-05-20 15:24:04,015 - classify.py[line:184] - INFO: Epoch 25, toal_loss 7.1530, aver loss 0.0172, train accuracy 0.8066, train auc 0.0000, test accuracy 0.6585, test auc 0.0000
2021-05-20 15:24:05,606 - classify.py[line:184] - INFO: Epoch 26, toal_loss 7.3578, aver loss 0.0170, train accuracy 0.8232, train auc 0.0000, test accuracy 0.6495, test auc 0.0000
2021-05-20 15:24:07,203 - classify.py[line:184] - INFO: Epoch 27, toal_loss 7.2930, aver loss 0.0163, train accuracy 0.8348, train auc 0.0000, test accuracy 0.6695, test auc 0.0000
2021-05-20 15:24:08,805 - classify.py[line:184] - INFO: Epoch 28, toal_loss 7.1312, aver loss 0.0154, train accuracy 0.8426, train auc 0.0000, test accuracy 0.6590, test auc 0.0000
2021-05-20 15:24:10,418 - classify.py[line:184] - INFO: Epoch 29, toal_loss 6.8774, aver loss 0.0143, train accuracy 0.8385, train auc 0.0000, test accuracy 0.6520, test auc 0.0000
2021-05-20 15:24:12,042 - classify.py[line:134] - INFO: {'word_embedding_dimension': 300, 'Epoch1': 5, 'Epoch2': 30, 'dropout': 0.1, 'label_num': 2, 'learning_rate1': 1e-05, 'learning_rate2': 0.0001, 'batch_size': 64, 'cuda': 1, 'negSampleNum': 3, 'poSampleNum': 1, 'max_bound': 1, 'kernel_sizes': [3, 4, 5], 'hidden_size': 256, 'hidden_layers': 1, 'bidirectional': True}
2021-05-20 15:24:12,204 - classify.py[line:140] - INFO: before training: 0.5020000338554382
2021-05-20 15:24:12,204 - classify.py[line:154] - INFO: ...start training...
2021-05-20 15:24:14,606 - classify.py[line:184] - INFO: Epoch 0, toal_loss 17.9731, aver loss 0.7489, train accuracy 0.4773, train auc 0.0000, test accuracy 0.4925, test auc 0.0000
2021-05-20 15:24:16,999 - classify.py[line:184] - INFO: Epoch 1, toal_loss 16.9997, aver loss 0.3542, train accuracy 0.5335, train auc 0.0000, test accuracy 0.5490, test auc 0.0000
2021-05-20 15:24:19,407 - classify.py[line:184] - INFO: Epoch 2, toal_loss 16.1608, aver loss 0.2245, train accuracy 0.5751, train auc 0.0000, test accuracy 0.5555, test auc 0.0000
2021-05-20 15:24:21,807 - classify.py[line:184] - INFO: Epoch 3, toal_loss 15.9167, aver loss 0.1658, train accuracy 0.6256, train auc 0.0000, test accuracy 0.5785, test auc 0.0000
2021-05-20 15:24:24,226 - classify.py[line:184] - INFO: Epoch 4, toal_loss 15.5674, aver loss 0.1297, train accuracy 0.6337, train auc 0.0000, test accuracy 0.5875, test auc 0.0000
2021-05-20 15:24:26,588 - classify.py[line:184] - INFO: Epoch 5, toal_loss 15.3405, aver loss 0.1065, train accuracy 0.6652, train auc 0.0000, test accuracy 0.5880, test auc 0.0000
2021-05-20 15:24:29,014 - classify.py[line:184] - INFO: Epoch 6, toal_loss 14.9398, aver loss 0.0889, train accuracy 0.6802, train auc 0.0000, test accuracy 0.6140, test auc 0.0000
2021-05-20 15:24:31,394 - classify.py[line:184] - INFO: Epoch 7, toal_loss 14.5850, aver loss 0.0760, train accuracy 0.7179, train auc 0.0000, test accuracy 0.6170, test auc 0.0000
2021-05-20 15:24:33,775 - classify.py[line:184] - INFO: Epoch 8, toal_loss 14.5048, aver loss 0.0672, train accuracy 0.7313, train auc 0.0000, test accuracy 0.6370, test auc 0.0000
2021-05-20 15:24:36,154 - classify.py[line:184] - INFO: Epoch 9, toal_loss 13.7874, aver loss 0.0574, train accuracy 0.7402, train auc 0.0000, test accuracy 0.6280, test auc 0.0000
2021-05-20 15:24:38,548 - classify.py[line:184] - INFO: Epoch 10, toal_loss 13.7095, aver loss 0.0519, train accuracy 0.7595, train auc 0.0000, test accuracy 0.6480, test auc 0.0000
2021-05-20 15:24:41,190 - classify.py[line:184] - INFO: Epoch 11, toal_loss 13.2357, aver loss 0.0460, train accuracy 0.7671, train auc 0.0000, test accuracy 0.6665, test auc 0.0000
2021-05-20 15:24:43,915 - classify.py[line:184] - INFO: Epoch 12, toal_loss 12.9233, aver loss 0.0414, train accuracy 0.7482, train auc 0.0000, test accuracy 0.6530, test auc 0.0000
2021-05-20 15:24:46,777 - classify.py[line:184] - INFO: Epoch 13, toal_loss 12.8380, aver loss 0.0382, train accuracy 0.7832, train auc 0.0000, test accuracy 0.6800, test auc 0.0000
2021-05-20 15:24:49,944 - classify.py[line:184] - INFO: Epoch 14, toal_loss 12.1870, aver loss 0.0339, train accuracy 0.7766, train auc 0.0000, test accuracy 0.6900, test auc 0.0000
2021-05-20 15:24:53,605 - classify.py[line:184] - INFO: Epoch 15, toal_loss 11.9907, aver loss 0.0312, train accuracy 0.7905, train auc 0.0000, test accuracy 0.6825, test auc 0.0000
2021-05-20 15:24:56,211 - classify.py[line:184] - INFO: Epoch 16, toal_loss 11.6433, aver loss 0.0285, train accuracy 0.8031, train auc 0.0000, test accuracy 0.6885, test auc 0.0000
2021-05-20 15:24:58,611 - classify.py[line:184] - INFO: Epoch 17, toal_loss 11.3773, aver loss 0.0263, train accuracy 0.8126, train auc 0.0000, test accuracy 0.6825, test auc 0.0000
2021-05-20 15:25:01,002 - classify.py[line:184] - INFO: Epoch 18, toal_loss 11.2225, aver loss 0.0246, train accuracy 0.8172, train auc 0.0000, test accuracy 0.6990, test auc 0.0000
2021-05-20 15:25:03,390 - classify.py[line:184] - INFO: Epoch 19, toal_loss 10.7321, aver loss 0.0224, train accuracy 0.8284, train auc 0.0000, test accuracy 0.7090, test auc 0.0000
2021-05-20 15:25:05,749 - classify.py[line:184] - INFO: Epoch 20, toal_loss 10.6833, aver loss 0.0212, train accuracy 0.8336, train auc 0.0000, test accuracy 0.6920, test auc 0.0000
2021-05-20 15:25:08,119 - classify.py[line:184] - INFO: Epoch 21, toal_loss 10.6272, aver loss 0.0201, train accuracy 0.8150, train auc 0.0000, test accuracy 0.7145, test auc 0.0000
2021-05-20 15:25:10,502 - classify.py[line:184] - INFO: Epoch 22, toal_loss 10.3297, aver loss 0.0187, train accuracy 0.8488, train auc 0.0000, test accuracy 0.7280, test auc 0.0000
2021-05-20 15:25:12,922 - classify.py[line:184] - INFO: Epoch 23, toal_loss 10.0164, aver loss 0.0174, train accuracy 0.8512, train auc 0.0000, test accuracy 0.7220, test auc 0.0000
2021-05-20 15:25:15,304 - classify.py[line:184] - INFO: Epoch 24, toal_loss 9.9344, aver loss 0.0166, train accuracy 0.8309, train auc 0.0000, test accuracy 0.7330, test auc 0.0000
2021-05-20 15:25:17,690 - classify.py[line:184] - INFO: Epoch 25, toal_loss 9.4339, aver loss 0.0151, train accuracy 0.8517, train auc 0.0000, test accuracy 0.7345, test auc 0.0000
2021-05-20 15:25:20,069 - classify.py[line:184] - INFO: Epoch 26, toal_loss 9.2691, aver loss 0.0143, train accuracy 0.8523, train auc 0.0000, test accuracy 0.7255, test auc 0.0000
2021-05-20 15:25:22,467 - classify.py[line:184] - INFO: Epoch 27, toal_loss 9.1831, aver loss 0.0137, train accuracy 0.8414, train auc 0.0000, test accuracy 0.7425, test auc 0.0000
2021-05-20 15:25:24,873 - classify.py[line:184] - INFO: Epoch 28, toal_loss 9.0825, aver loss 0.0130, train accuracy 0.8540, train auc 0.0000, test accuracy 0.7385, test auc 0.0000
2021-05-20 15:25:27,331 - classify.py[line:184] - INFO: Epoch 29, toal_loss 8.7706, aver loss 0.0122, train accuracy 0.8668, train auc 0.0000, test accuracy 0.7370, test auc 0.0000
2021-05-20 15:25:28,979 - classify.py[line:134] - INFO: {'word_embedding_dimension': 300, 'Epoch1': 5, 'Epoch2': 30, 'dropout': 0.1, 'label_num': 2, 'learning_rate1': 1e-05, 'learning_rate2': 0.0001, 'batch_size': 64, 'cuda': 1, 'negSampleNum': 3, 'poSampleNum': 1, 'max_bound': 1, 'kernel_sizes': [3, 4, 5], 'hidden_size': 256, 'hidden_layers': 1, 'bidirectional': True}
2021-05-20 15:25:29,140 - classify.py[line:140] - INFO: before training: 0.5
2021-05-20 15:25:29,140 - classify.py[line:154] - INFO: ...start training...
2021-05-20 15:25:32,262 - classify.py[line:184] - INFO: Epoch 0, toal_loss 23.4184, aver loss 0.7318, train accuracy 0.5269, train auc 0.0000, test accuracy 0.5435, test auc 0.0000
2021-05-20 15:25:36,195 - classify.py[line:184] - INFO: Epoch 1, toal_loss 21.5385, aver loss 0.3365, train accuracy 0.5737, train auc 0.0000, test accuracy 0.5735, test auc 0.0000
2021-05-20 15:25:41,000 - classify.py[line:184] - INFO: Epoch 2, toal_loss 20.8461, aver loss 0.2171, train accuracy 0.6260, train auc 0.0000, test accuracy 0.5960, test auc 0.0000
2021-05-20 15:25:45,766 - classify.py[line:184] - INFO: Epoch 3, toal_loss 19.7331, aver loss 0.1542, train accuracy 0.6831, train auc 0.0000, test accuracy 0.6230, test auc 0.0000
2021-05-20 15:25:49,873 - classify.py[line:184] - INFO: Epoch 4, toal_loss 19.2355, aver loss 0.1202, train accuracy 0.6860, train auc 0.0000, test accuracy 0.6395, test auc 0.0000
2021-05-20 15:25:52,997 - classify.py[line:184] - INFO: Epoch 5, toal_loss 18.4282, aver loss 0.0960, train accuracy 0.7290, train auc 0.0000, test accuracy 0.6600, test auc 0.0000
2021-05-20 15:25:56,078 - classify.py[line:184] - INFO: Epoch 6, toal_loss 17.7113, aver loss 0.0791, train accuracy 0.7397, train auc 0.0000, test accuracy 0.6755, test auc 0.0000
2021-05-20 15:25:59,131 - classify.py[line:184] - INFO: Epoch 7, toal_loss 16.9886, aver loss 0.0664, train accuracy 0.7632, train auc 0.0000, test accuracy 0.6765, test auc 0.0000
2021-05-20 15:26:02,238 - classify.py[line:184] - INFO: Epoch 8, toal_loss 16.6222, aver loss 0.0577, train accuracy 0.7598, train auc 0.0000, test accuracy 0.6610, test auc 0.0000
2021-05-20 15:26:05,317 - classify.py[line:184] - INFO: Epoch 9, toal_loss 16.2314, aver loss 0.0507, train accuracy 0.7656, train auc 0.0000, test accuracy 0.6910, test auc 0.0000
2021-05-20 15:26:08,429 - classify.py[line:184] - INFO: Epoch 10, toal_loss 15.5046, aver loss 0.0440, train accuracy 0.7764, train auc 0.0000, test accuracy 0.6950, test auc 0.0000
2021-05-20 15:26:11,533 - classify.py[line:184] - INFO: Epoch 11, toal_loss 15.1281, aver loss 0.0394, train accuracy 0.7861, train auc 0.0000, test accuracy 0.6970, test auc 0.0000
2021-05-20 15:26:14,658 - classify.py[line:184] - INFO: Epoch 12, toal_loss 14.9152, aver loss 0.0359, train accuracy 0.8169, train auc 0.0000, test accuracy 0.7095, test auc 0.0000
2021-05-20 15:26:17,753 - classify.py[line:184] - INFO: Epoch 13, toal_loss 14.4474, aver loss 0.0322, train accuracy 0.8164, train auc 0.0000, test accuracy 0.7165, test auc 0.0000
2021-05-20 15:26:20,833 - classify.py[line:184] - INFO: Epoch 14, toal_loss 14.0253, aver loss 0.0292, train accuracy 0.8208, train auc 0.0000, test accuracy 0.7070, test auc 0.0000
2021-05-20 15:26:23,912 - classify.py[line:184] - INFO: Epoch 15, toal_loss 13.8126, aver loss 0.0270, train accuracy 0.8228, train auc 0.0000, test accuracy 0.7325, test auc 0.0000
2021-05-20 15:26:27,009 - classify.py[line:184] - INFO: Epoch 16, toal_loss 13.4138, aver loss 0.0247, train accuracy 0.8110, train auc 0.0000, test accuracy 0.7300, test auc 0.0000
2021-05-20 15:26:30,076 - classify.py[line:184] - INFO: Epoch 17, toal_loss 12.8390, aver loss 0.0223, train accuracy 0.8315, train auc 0.0000, test accuracy 0.7250, test auc 0.0000
2021-05-20 15:26:33,183 - classify.py[line:184] - INFO: Epoch 18, toal_loss 13.3067, aver loss 0.0219, train accuracy 0.8262, train auc 0.0000, test accuracy 0.7240, test auc 0.0000
2021-05-20 15:26:36,242 - classify.py[line:184] - INFO: Epoch 19, toal_loss 12.6251, aver loss 0.0197, train accuracy 0.8472, train auc 0.0000, test accuracy 0.7300, test auc 0.0000
2021-05-20 15:26:39,284 - classify.py[line:184] - INFO: Epoch 20, toal_loss 12.3405, aver loss 0.0184, train accuracy 0.8496, train auc 0.0000, test accuracy 0.7310, test auc 0.0000
2021-05-20 15:26:42,364 - classify.py[line:184] - INFO: Epoch 21, toal_loss 12.1896, aver loss 0.0173, train accuracy 0.8516, train auc 0.0000, test accuracy 0.7430, test auc 0.0000
2021-05-20 15:26:45,440 - classify.py[line:184] - INFO: Epoch 22, toal_loss 11.6134, aver loss 0.0158, train accuracy 0.8569, train auc 0.0000, test accuracy 0.7525, test auc 0.0000
2021-05-20 15:26:48,513 - classify.py[line:184] - INFO: Epoch 23, toal_loss 11.8525, aver loss 0.0154, train accuracy 0.8594, train auc 0.0000, test accuracy 0.7350, test auc 0.0000
2021-05-20 15:26:51,607 - classify.py[line:184] - INFO: Epoch 24, toal_loss 11.6913, aver loss 0.0146, train accuracy 0.8472, train auc 0.0000, test accuracy 0.7355, test auc 0.0000
2021-05-20 15:26:54,708 - classify.py[line:184] - INFO: Epoch 25, toal_loss 11.8718, aver loss 0.0143, train accuracy 0.8711, train auc 0.0000, test accuracy 0.7550, test auc 0.0000
2021-05-20 15:26:57,772 - classify.py[line:184] - INFO: Epoch 26, toal_loss 11.0923, aver loss 0.0128, train accuracy 0.8501, train auc 0.0000, test accuracy 0.7410, test auc 0.0000
2021-05-20 15:27:00,871 - classify.py[line:184] - INFO: Epoch 27, toal_loss 10.8473, aver loss 0.0121, train accuracy 0.8594, train auc 0.0000, test accuracy 0.7400, test auc 0.0000
2021-05-20 15:27:03,958 - classify.py[line:184] - INFO: Epoch 28, toal_loss 10.8769, aver loss 0.0117, train accuracy 0.8789, train auc 0.0000, test accuracy 0.7555, test auc 0.0000
2021-05-20 15:27:07,023 - classify.py[line:184] - INFO: Epoch 29, toal_loss 10.9410, aver loss 0.0114, train accuracy 0.8721, train auc 0.0000, test accuracy 0.7560, test auc 0.0000
2021-05-20 15:27:08,616 - classify.py[line:134] - INFO: {'word_embedding_dimension': 300, 'Epoch1': 5, 'Epoch2': 30, 'dropout': 0.1, 'label_num': 2, 'learning_rate1': 1e-05, 'learning_rate2': 0.0001, 'batch_size': 64, 'cuda': 1, 'negSampleNum': 3, 'poSampleNum': 1, 'max_bound': 1, 'kernel_sizes': [3, 4, 5], 'hidden_size': 256, 'hidden_layers': 1, 'bidirectional': True}
2021-05-20 15:27:08,777 - classify.py[line:140] - INFO: before training: 0.4815000295639038
2021-05-20 15:27:08,778 - classify.py[line:154] - INFO: ...start training...
2021-05-20 15:27:12,632 - classify.py[line:184] - INFO: Epoch 0, toal_loss 45.1553, aver loss 1.1289, train accuracy 0.4863, train auc 0.0000, test accuracy 0.4815, test auc 0.0000
2021-05-20 15:27:16,524 - classify.py[line:184] - INFO: Epoch 1, toal_loss 36.4289, aver loss 0.4554, train accuracy 0.4863, train auc 0.0000, test accuracy 0.4815, test auc 0.0000
2021-05-20 15:27:20,704 - classify.py[line:184] - INFO: Epoch 2, toal_loss 31.7292, aver loss 0.2644, train accuracy 0.4867, train auc 0.0000, test accuracy 0.4825, test auc 0.0000
2021-05-20 15:27:24,642 - classify.py[line:184] - INFO: Epoch 3, toal_loss 28.9824, aver loss 0.1811, train accuracy 0.4996, train auc 0.0000, test accuracy 0.4905, test auc 0.0000
2021-05-20 15:27:28,661 - classify.py[line:184] - INFO: Epoch 4, toal_loss 27.3403, aver loss 0.1367, train accuracy 0.5496, train auc 0.0000, test accuracy 0.5330, test auc 0.0000
2021-05-20 15:27:32,941 - classify.py[line:184] - INFO: Epoch 5, toal_loss 26.1167, aver loss 0.1088, train accuracy 0.6090, train auc 0.0000, test accuracy 0.5785, test auc 0.0000
2021-05-20 15:27:36,960 - classify.py[line:184] - INFO: Epoch 6, toal_loss 25.2060, aver loss 0.0900, train accuracy 0.6867, train auc 0.0000, test accuracy 0.6325, test auc 0.0000
2021-05-20 15:27:40,868 - classify.py[line:184] - INFO: Epoch 7, toal_loss 24.5950, aver loss 0.0769, train accuracy 0.6988, train auc 0.0000, test accuracy 0.6455, test auc 0.0000
2021-05-20 15:27:44,770 - classify.py[line:184] - INFO: Epoch 8, toal_loss 23.6792, aver loss 0.0658, train accuracy 0.7250, train auc 0.0000, test accuracy 0.6680, test auc 0.0000
2021-05-20 15:27:48,708 - classify.py[line:184] - INFO: Epoch 9, toal_loss 23.1312, aver loss 0.0578, train accuracy 0.7402, train auc 0.0000, test accuracy 0.6975, test auc 0.0000
2021-05-20 15:27:52,578 - classify.py[line:184] - INFO: Epoch 10, toal_loss 22.2692, aver loss 0.0506, train accuracy 0.7398, train auc 0.0000, test accuracy 0.6995, test auc 0.0000
2021-05-20 15:27:57,608 - classify.py[line:184] - INFO: Epoch 11, toal_loss 21.7175, aver loss 0.0452, train accuracy 0.7500, train auc 0.0000, test accuracy 0.7000, test auc 0.0000
2021-05-20 15:28:01,504 - classify.py[line:184] - INFO: Epoch 12, toal_loss 21.3300, aver loss 0.0410, train accuracy 0.7492, train auc 0.0000, test accuracy 0.7050, test auc 0.0000
2021-05-20 15:28:05,390 - classify.py[line:184] - INFO: Epoch 13, toal_loss 20.5343, aver loss 0.0367, train accuracy 0.7672, train auc 0.0000, test accuracy 0.7080, test auc 0.0000
2021-05-20 15:28:09,336 - classify.py[line:184] - INFO: Epoch 14, toal_loss 20.1165, aver loss 0.0335, train accuracy 0.7641, train auc 0.0000, test accuracy 0.7185, test auc 0.0000
2021-05-20 15:28:13,276 - classify.py[line:184] - INFO: Epoch 15, toal_loss 20.2953, aver loss 0.0317, train accuracy 0.7613, train auc 0.0000, test accuracy 0.7195, test auc 0.0000
2021-05-20 15:28:17,120 - classify.py[line:184] - INFO: Epoch 16, toal_loss 19.8207, aver loss 0.0291, train accuracy 0.7668, train auc 0.0000, test accuracy 0.7370, test auc 0.0000
2021-05-20 15:28:21,020 - classify.py[line:184] - INFO: Epoch 17, toal_loss 19.0920, aver loss 0.0265, train accuracy 0.7828, train auc 0.0000, test accuracy 0.7350, test auc 0.0000
2021-05-20 15:28:24,883 - classify.py[line:184] - INFO: Epoch 18, toal_loss 18.7059, aver loss 0.0246, train accuracy 0.7883, train auc 0.0000, test accuracy 0.7365, test auc 0.0000
2021-05-20 15:28:28,852 - classify.py[line:184] - INFO: Epoch 19, toal_loss 18.8340, aver loss 0.0235, train accuracy 0.7785, train auc 0.0000, test accuracy 0.7325, test auc 0.0000
2021-05-20 15:28:32,731 - classify.py[line:184] - INFO: Epoch 20, toal_loss 18.0883, aver loss 0.0215, train accuracy 0.8074, train auc 0.0000, test accuracy 0.7360, test auc 0.0000
2021-05-20 15:28:36,570 - classify.py[line:184] - INFO: Epoch 21, toal_loss 18.0198, aver loss 0.0205, train accuracy 0.7902, train auc 0.0000, test accuracy 0.7345, test auc 0.0000
2021-05-20 15:28:40,422 - classify.py[line:184] - INFO: Epoch 22, toal_loss 18.0606, aver loss 0.0196, train accuracy 0.7957, train auc 0.0000, test accuracy 0.7480, test auc 0.0000
2021-05-20 15:28:44,261 - classify.py[line:184] - INFO: Epoch 23, toal_loss 17.3204, aver loss 0.0180, train accuracy 0.7961, train auc 0.0000, test accuracy 0.7515, test auc 0.0000
2021-05-20 15:28:48,194 - classify.py[line:184] - INFO: Epoch 24, toal_loss 17.5905, aver loss 0.0176, train accuracy 0.8086, train auc 0.0000, test accuracy 0.7495, test auc 0.0000
2021-05-20 15:28:52,051 - classify.py[line:184] - INFO: Epoch 25, toal_loss 17.0663, aver loss 0.0164, train accuracy 0.8121, train auc 0.0000, test accuracy 0.7535, test auc 0.0000
2021-05-20 15:28:55,902 - classify.py[line:184] - INFO: Epoch 26, toal_loss 16.7486, aver loss 0.0155, train accuracy 0.8125, train auc 0.0000, test accuracy 0.7630, test auc 0.0000
2021-05-20 15:28:59,791 - classify.py[line:184] - INFO: Epoch 27, toal_loss 16.5615, aver loss 0.0148, train accuracy 0.8211, train auc 0.0000, test accuracy 0.7465, test auc 0.0000
2021-05-20 15:29:03,625 - classify.py[line:184] - INFO: Epoch 28, toal_loss 16.1456, aver loss 0.0139, train accuracy 0.8270, train auc 0.0000, test accuracy 0.7570, test auc 0.0000
2021-05-20 15:29:07,494 - classify.py[line:184] - INFO: Epoch 29, toal_loss 16.2266, aver loss 0.0135, train accuracy 0.8250, train auc 0.0000, test accuracy 0.7645, test auc 0.0000
2021-05-20 15:29:09,173 - classify.py[line:134] - INFO: {'word_embedding_dimension': 300, 'Epoch1': 5, 'Epoch2': 30, 'dropout': 0.1, 'label_num': 2, 'learning_rate1': 1e-05, 'learning_rate2': 0.0001, 'batch_size': 64, 'cuda': 1, 'negSampleNum': 3, 'poSampleNum': 1, 'max_bound': 1, 'kernel_sizes': [3, 4, 5], 'hidden_size': 256, 'hidden_layers': 1, 'bidirectional': True}
2021-05-20 15:29:09,335 - classify.py[line:140] - INFO: before training: 0.4855000376701355
2021-05-20 15:29:09,335 - classify.py[line:154] - INFO: ...start training...
2021-05-20 15:29:13,869 - classify.py[line:184] - INFO: Epoch 0, toal_loss 39.3557, aver loss 0.8374, train accuracy 0.5088, train auc 0.0000, test accuracy 0.5085, test auc 0.0000
2021-05-20 15:29:18,426 - classify.py[line:184] - INFO: Epoch 1, toal_loss 33.7615, aver loss 0.3592, train accuracy 0.5682, train auc 0.0000, test accuracy 0.5685, test auc 0.0000
2021-05-20 15:29:23,056 - classify.py[line:184] - INFO: Epoch 2, toal_loss 31.3540, aver loss 0.2224, train accuracy 0.6282, train auc 0.0000, test accuracy 0.5980, test auc 0.0000
2021-05-20 15:29:27,643 - classify.py[line:184] - INFO: Epoch 3, toal_loss 29.4780, aver loss 0.1568, train accuracy 0.6667, train auc 0.0000, test accuracy 0.6355, test auc 0.0000
2021-05-20 15:29:32,295 - classify.py[line:184] - INFO: Epoch 4, toal_loss 28.0558, aver loss 0.1194, train accuracy 0.7074, train auc 0.0000, test accuracy 0.6590, test auc 0.0000
2021-05-20 15:29:37,076 - classify.py[line:184] - INFO: Epoch 5, toal_loss 26.9870, aver loss 0.0957, train accuracy 0.7298, train auc 0.0000, test accuracy 0.6835, test auc 0.0000
2021-05-20 15:29:44,168 - classify.py[line:184] - INFO: Epoch 6, toal_loss 25.6951, aver loss 0.0781, train accuracy 0.7330, train auc 0.0000, test accuracy 0.6890, test auc 0.0000
2021-05-20 15:29:51,237 - classify.py[line:184] - INFO: Epoch 7, toal_loss 24.6009, aver loss 0.0654, train accuracy 0.7404, train auc 0.0000, test accuracy 0.7045, test auc 0.0000
2021-05-20 15:29:58,249 - classify.py[line:184] - INFO: Epoch 8, toal_loss 23.8822, aver loss 0.0565, train accuracy 0.7662, train auc 0.0000, test accuracy 0.7065, test auc 0.0000
2021-05-20 15:30:04,815 - classify.py[line:184] - INFO: Epoch 9, toal_loss 23.2024, aver loss 0.0494, train accuracy 0.7690, train auc 0.0000, test accuracy 0.7295, test auc 0.0000
2021-05-20 15:30:09,597 - classify.py[line:184] - INFO: Epoch 10, toal_loss 22.7445, aver loss 0.0440, train accuracy 0.7832, train auc 0.0000, test accuracy 0.7375, test auc 0.0000
2021-05-20 15:30:15,065 - classify.py[line:184] - INFO: Epoch 11, toal_loss 21.7331, aver loss 0.0385, train accuracy 0.7854, train auc 0.0000, test accuracy 0.7355, test auc 0.0000
2021-05-20 15:30:20,208 - classify.py[line:184] - INFO: Epoch 12, toal_loss 21.3118, aver loss 0.0349, train accuracy 0.7922, train auc 0.0000, test accuracy 0.7330, test auc 0.0000
2021-05-20 15:30:24,948 - classify.py[line:184] - INFO: Epoch 13, toal_loss 20.9743, aver loss 0.0319, train accuracy 0.7976, train auc 0.0000, test accuracy 0.7590, test auc 0.0000
2021-05-20 15:30:29,568 - classify.py[line:184] - INFO: Epoch 14, toal_loss 20.4374, aver loss 0.0290, train accuracy 0.8121, train auc 0.0000, test accuracy 0.7530, test auc 0.0000
2021-05-20 15:30:34,186 - classify.py[line:184] - INFO: Epoch 15, toal_loss 20.5479, aver loss 0.0273, train accuracy 0.8144, train auc 0.0000, test accuracy 0.7695, test auc 0.0000
2021-05-20 15:30:38,750 - classify.py[line:184] - INFO: Epoch 16, toal_loss 19.8631, aver loss 0.0249, train accuracy 0.8167, train auc 0.0000, test accuracy 0.7575, test auc 0.0000
2021-05-20 15:30:44,004 - classify.py[line:184] - INFO: Epoch 17, toal_loss 19.2031, aver loss 0.0227, train accuracy 0.8097, train auc 0.0000, test accuracy 0.7605, test auc 0.0000
2021-05-20 15:30:48,579 - classify.py[line:184] - INFO: Epoch 18, toal_loss 19.3067, aver loss 0.0216, train accuracy 0.8236, train auc 0.0000, test accuracy 0.7560, test auc 0.0000
2021-05-20 15:30:53,203 - classify.py[line:184] - INFO: Epoch 19, toal_loss 18.8771, aver loss 0.0201, train accuracy 0.8270, train auc 0.0000, test accuracy 0.7575, test auc 0.0000
2021-05-20 15:30:57,783 - classify.py[line:184] - INFO: Epoch 20, toal_loss 17.7417, aver loss 0.0180, train accuracy 0.8366, train auc 0.0000, test accuracy 0.7705, test auc 0.0000
2021-05-20 15:31:02,412 - classify.py[line:184] - INFO: Epoch 21, toal_loss 17.9514, aver loss 0.0174, train accuracy 0.8373, train auc 0.0000, test accuracy 0.7705, test auc 0.0000
2021-05-20 15:31:07,074 - classify.py[line:184] - INFO: Epoch 22, toal_loss 17.9503, aver loss 0.0166, train accuracy 0.8331, train auc 0.0000, test accuracy 0.7780, test auc 0.0000
2021-05-20 15:31:11,654 - classify.py[line:184] - INFO: Epoch 23, toal_loss 17.5438, aver loss 0.0156, train accuracy 0.8422, train auc 0.0000, test accuracy 0.7745, test auc 0.0000
2021-05-20 15:31:16,186 - classify.py[line:184] - INFO: Epoch 24, toal_loss 17.4978, aver loss 0.0149, train accuracy 0.8400, train auc 0.0000, test accuracy 0.7720, test auc 0.0000
2021-05-20 15:31:20,748 - classify.py[line:184] - INFO: Epoch 25, toal_loss 17.1806, aver loss 0.0141, train accuracy 0.8480, train auc 0.0000, test accuracy 0.7750, test auc 0.0000
2021-05-20 15:31:25,333 - classify.py[line:184] - INFO: Epoch 26, toal_loss 16.6712, aver loss 0.0131, train accuracy 0.8596, train auc 0.0000, test accuracy 0.7750, test auc 0.0000
2021-05-20 15:31:29,846 - classify.py[line:184] - INFO: Epoch 27, toal_loss 17.0234, aver loss 0.0129, train accuracy 0.8586, train auc 0.0000, test accuracy 0.7730, test auc 0.0000
2021-05-20 15:31:34,464 - classify.py[line:184] - INFO: Epoch 28, toal_loss 16.0615, aver loss 0.0118, train accuracy 0.8589, train auc 0.0000, test accuracy 0.7725, test auc 0.0000
2021-05-20 15:31:39,011 - classify.py[line:184] - INFO: Epoch 29, toal_loss 15.9430, aver loss 0.0113, train accuracy 0.8570, train auc 0.0000, test accuracy 0.7745, test auc 0.0000
2021-05-20 15:31:40,658 - classify.py[line:134] - INFO: {'word_embedding_dimension': 300, 'Epoch1': 5, 'Epoch2': 30, 'dropout': 0.1, 'label_num': 2, 'learning_rate1': 1e-05, 'learning_rate2': 0.0001, 'batch_size': 64, 'cuda': 1, 'negSampleNum': 3, 'poSampleNum': 1, 'max_bound': 1, 'kernel_sizes': [3, 4, 5], 'hidden_size': 256, 'hidden_layers': 1, 'bidirectional': True}
2021-05-20 15:31:40,819 - classify.py[line:140] - INFO: before training: 0.5245000123977661
2021-05-20 15:31:40,820 - classify.py[line:154] - INFO: ...start training...
2021-05-20 15:31:49,025 - classify.py[line:184] - INFO: Epoch 0, toal_loss 38.0406, aver loss 0.6916, train accuracy 0.5623, train auc 0.0000, test accuracy 0.5800, test auc 0.0000
2021-05-20 15:31:57,362 - classify.py[line:184] - INFO: Epoch 1, toal_loss 35.7527, aver loss 0.3250, train accuracy 0.6405, train auc 0.0000, test accuracy 0.6285, test auc 0.0000
2021-05-20 15:32:05,609 - classify.py[line:184] - INFO: Epoch 2, toal_loss 34.1897, aver loss 0.2072, train accuracy 0.6843, train auc 0.0000, test accuracy 0.6490, test auc 0.0000
2021-05-20 15:32:12,599 - classify.py[line:184] - INFO: Epoch 3, toal_loss 32.5646, aver loss 0.1480, train accuracy 0.7127, train auc 0.0000, test accuracy 0.6950, test auc 0.0000
2021-05-20 15:32:17,941 - classify.py[line:184] - INFO: Epoch 4, toal_loss 31.1882, aver loss 0.1134, train accuracy 0.7349, train auc 0.0000, test accuracy 0.6970, test auc 0.0000
2021-05-20 15:32:23,394 - classify.py[line:184] - INFO: Epoch 5, toal_loss 29.3223, aver loss 0.0889, train accuracy 0.7568, train auc 0.0000, test accuracy 0.7125, test auc 0.0000
2021-05-20 15:32:28,737 - classify.py[line:184] - INFO: Epoch 6, toal_loss 28.4347, aver loss 0.0739, train accuracy 0.7714, train auc 0.0000, test accuracy 0.7295, test auc 0.0000
2021-05-20 15:32:34,085 - classify.py[line:184] - INFO: Epoch 7, toal_loss 27.2035, aver loss 0.0618, train accuracy 0.7751, train auc 0.0000, test accuracy 0.7540, test auc 0.0000
2021-05-20 15:32:39,538 - classify.py[line:184] - INFO: Epoch 8, toal_loss 26.0227, aver loss 0.0526, train accuracy 0.7855, train auc 0.0000, test accuracy 0.7415, test auc 0.0000
2021-05-20 15:32:47,604 - classify.py[line:184] - INFO: Epoch 9, toal_loss 24.7937, aver loss 0.0451, train accuracy 0.7992, train auc 0.0000, test accuracy 0.7530, test auc 0.0000
2021-05-20 15:32:53,717 - classify.py[line:184] - INFO: Epoch 10, toal_loss 24.0579, aver loss 0.0398, train accuracy 0.8180, train auc 0.0000, test accuracy 0.7605, test auc 0.0000
2021-05-20 15:32:59,137 - classify.py[line:184] - INFO: Epoch 11, toal_loss 23.4830, aver loss 0.0356, train accuracy 0.8184, train auc 0.0000, test accuracy 0.7665, test auc 0.0000
2021-05-20 15:33:04,583 - classify.py[line:184] - INFO: Epoch 12, toal_loss 22.7182, aver loss 0.0318, train accuracy 0.8243, train auc 0.0000, test accuracy 0.7775, test auc 0.0000
2021-05-20 15:33:09,893 - classify.py[line:184] - INFO: Epoch 13, toal_loss 22.0544, aver loss 0.0286, train accuracy 0.8342, train auc 0.0000, test accuracy 0.7785, test auc 0.0000
2021-05-20 15:33:15,246 - classify.py[line:184] - INFO: Epoch 14, toal_loss 21.4508, aver loss 0.0260, train accuracy 0.8376, train auc 0.0000, test accuracy 0.7830, test auc 0.0000
2021-05-20 15:33:21,644 - classify.py[line:184] - INFO: Epoch 15, toal_loss 21.1913, aver loss 0.0241, train accuracy 0.8336, train auc 0.0000, test accuracy 0.7835, test auc 0.0000
2021-05-20 15:33:27,970 - classify.py[line:184] - INFO: Epoch 16, toal_loss 20.4024, aver loss 0.0218, train accuracy 0.8398, train auc 0.0000, test accuracy 0.7790, test auc 0.0000
2021-05-20 15:33:33,313 - classify.py[line:184] - INFO: Epoch 17, toal_loss 20.3366, aver loss 0.0205, train accuracy 0.8471, train auc 0.0000, test accuracy 0.7770, test auc 0.0000
2021-05-20 15:33:38,705 - classify.py[line:184] - INFO: Epoch 18, toal_loss 20.1057, aver loss 0.0192, train accuracy 0.8495, train auc 0.0000, test accuracy 0.7885, test auc 0.0000
2021-05-20 15:33:44,028 - classify.py[line:184] - INFO: Epoch 19, toal_loss 19.1516, aver loss 0.0174, train accuracy 0.8536, train auc 0.0000, test accuracy 0.7930, test auc 0.0000
2021-05-20 15:33:49,383 - classify.py[line:184] - INFO: Epoch 20, toal_loss 18.9244, aver loss 0.0164, train accuracy 0.8557, train auc 0.0000, test accuracy 0.7800, test auc 0.0000
2021-05-20 15:33:54,748 - classify.py[line:184] - INFO: Epoch 21, toal_loss 18.6903, aver loss 0.0154, train accuracy 0.8606, train auc 0.0000, test accuracy 0.7910, test auc 0.0000
2021-05-20 15:34:00,109 - classify.py[line:184] - INFO: Epoch 22, toal_loss 18.1113, aver loss 0.0143, train accuracy 0.8631, train auc 0.0000, test accuracy 0.7870, test auc 0.0000
2021-05-20 15:34:05,505 - classify.py[line:184] - INFO: Epoch 23, toal_loss 18.3319, aver loss 0.0139, train accuracy 0.8640, train auc 0.0000, test accuracy 0.7935, test auc 0.0000
2021-05-20 15:34:11,044 - classify.py[line:184] - INFO: Epoch 24, toal_loss 17.9223, aver loss 0.0130, train accuracy 0.8654, train auc 0.0000, test accuracy 0.7905, test auc 0.0000
2021-05-20 15:34:16,939 - classify.py[line:184] - INFO: Epoch 25, toal_loss 17.7669, aver loss 0.0124, train accuracy 0.8734, train auc 0.0000, test accuracy 0.7915, test auc 0.0000
2021-05-20 15:34:24,832 - classify.py[line:184] - INFO: Epoch 26, toal_loss 17.4744, aver loss 0.0118, train accuracy 0.8704, train auc 0.0000, test accuracy 0.7955, test auc 0.0000
2021-05-20 15:34:32,112 - classify.py[line:184] - INFO: Epoch 27, toal_loss 16.9351, aver loss 0.0110, train accuracy 0.8742, train auc 0.0000, test accuracy 0.7850, test auc 0.0000
2021-05-20 15:34:37,517 - classify.py[line:184] - INFO: Epoch 28, toal_loss 17.1675, aver loss 0.0108, train accuracy 0.8828, train auc 0.0000, test accuracy 0.7900, test auc 0.0000
2021-05-20 15:34:42,899 - classify.py[line:184] - INFO: Epoch 29, toal_loss 17.0009, aver loss 0.0103, train accuracy 0.8762, train auc 0.0000, test accuracy 0.7890, test auc 0.0000
2021-05-20 15:34:44,431 - classify.py[line:134] - INFO: {'word_embedding_dimension': 300, 'Epoch1': 5, 'Epoch2': 30, 'dropout': 0.1, 'label_num': 2, 'learning_rate1': 1e-05, 'learning_rate2': 0.0001, 'batch_size': 64, 'cuda': 1, 'negSampleNum': 3, 'poSampleNum': 1, 'max_bound': 1, 'kernel_sizes': [3, 4, 5], 'hidden_size': 256, 'hidden_layers': 1, 'bidirectional': True}
2021-05-20 15:34:44,592 - classify.py[line:140] - INFO: before training: 0.5245000123977661
2021-05-20 15:34:44,592 - classify.py[line:154] - INFO: ...start training...
2021-05-20 15:34:50,698 - classify.py[line:184] - INFO: Epoch 0, toal_loss 49.7418, aver loss 0.7896, train accuracy 0.5290, train auc 0.0000, test accuracy 0.5795, test auc 0.0000
2021-05-20 15:34:56,831 - classify.py[line:184] - INFO: Epoch 1, toal_loss 41.9588, aver loss 0.3330, train accuracy 0.6069, train auc 0.0000, test accuracy 0.6035, test auc 0.0000
2021-05-20 15:35:03,025 - classify.py[line:184] - INFO: Epoch 2, toal_loss 38.9777, aver loss 0.2062, train accuracy 0.6691, train auc 0.0000, test accuracy 0.6700, test auc 0.0000
2021-05-20 15:35:09,246 - classify.py[line:184] - INFO: Epoch 3, toal_loss 36.6320, aver loss 0.1454, train accuracy 0.6880, train auc 0.0000, test accuracy 0.6875, test auc 0.0000
2021-05-20 15:35:15,406 - classify.py[line:184] - INFO: Epoch 4, toal_loss 34.9851, aver loss 0.1111, train accuracy 0.7324, train auc 0.0000, test accuracy 0.7065, test auc 0.0000
2021-05-20 15:35:21,562 - classify.py[line:184] - INFO: Epoch 5, toal_loss 33.2748, aver loss 0.0880, train accuracy 0.7458, train auc 0.0000, test accuracy 0.7155, test auc 0.0000
2021-05-20 15:35:27,895 - classify.py[line:184] - INFO: Epoch 6, toal_loss 31.6051, aver loss 0.0717, train accuracy 0.7649, train auc 0.0000, test accuracy 0.7325, test auc 0.0000
2021-05-20 15:35:34,086 - classify.py[line:184] - INFO: Epoch 7, toal_loss 30.1227, aver loss 0.0598, train accuracy 0.7738, train auc 0.0000, test accuracy 0.7415, test auc 0.0000
2021-05-20 15:35:41,060 - classify.py[line:184] - INFO: Epoch 8, toal_loss 29.4286, aver loss 0.0519, train accuracy 0.7929, train auc 0.0000, test accuracy 0.7575, test auc 0.0000
2021-05-20 15:35:47,868 - classify.py[line:184] - INFO: Epoch 9, toal_loss 28.7591, aver loss 0.0456, train accuracy 0.8003, train auc 0.0000, test accuracy 0.7565, test auc 0.0000
2021-05-20 15:35:54,072 - classify.py[line:184] - INFO: Epoch 10, toal_loss 27.0086, aver loss 0.0390, train accuracy 0.8105, train auc 0.0000, test accuracy 0.7665, test auc 0.0000
2021-05-20 15:36:00,225 - classify.py[line:184] - INFO: Epoch 11, toal_loss 26.3938, aver loss 0.0349, train accuracy 0.8155, train auc 0.0000, test accuracy 0.7600, test auc 0.0000
2021-05-20 15:36:06,368 - classify.py[line:184] - INFO: Epoch 12, toal_loss 25.3900, aver loss 0.0310, train accuracy 0.8224, train auc 0.0000, test accuracy 0.7735, test auc 0.0000
2021-05-20 15:36:12,507 - classify.py[line:184] - INFO: Epoch 13, toal_loss 24.9296, aver loss 0.0283, train accuracy 0.8212, train auc 0.0000, test accuracy 0.7805, test auc 0.0000
2021-05-20 15:36:18,651 - classify.py[line:184] - INFO: Epoch 14, toal_loss 24.5481, aver loss 0.0260, train accuracy 0.8363, train auc 0.0000, test accuracy 0.7775, test auc 0.0000
2021-05-20 15:36:24,768 - classify.py[line:184] - INFO: Epoch 15, toal_loss 24.0754, aver loss 0.0239, train accuracy 0.8353, train auc 0.0000, test accuracy 0.7770, test auc 0.0000
2021-05-20 15:36:30,839 - classify.py[line:184] - INFO: Epoch 16, toal_loss 23.6709, aver loss 0.0221, train accuracy 0.8445, train auc 0.0000, test accuracy 0.7985, test auc 0.0000
2021-05-20 15:36:36,890 - classify.py[line:184] - INFO: Epoch 17, toal_loss 22.5444, aver loss 0.0199, train accuracy 0.8507, train auc 0.0000, test accuracy 0.7880, test auc 0.0000
2021-05-20 15:36:43,045 - classify.py[line:184] - INFO: Epoch 18, toal_loss 22.6307, aver loss 0.0189, train accuracy 0.8500, train auc 0.0000, test accuracy 0.7850, test auc 0.0000
2021-05-20 15:36:49,190 - classify.py[line:184] - INFO: Epoch 19, toal_loss 22.1472, aver loss 0.0176, train accuracy 0.8557, train auc 0.0000, test accuracy 0.7885, test auc 0.0000
2021-05-20 15:36:57,884 - classify.py[line:184] - INFO: Epoch 20, toal_loss 21.1070, aver loss 0.0160, train accuracy 0.8470, train auc 0.0000, test accuracy 0.7860, test auc 0.0000
2021-05-20 15:37:04,073 - classify.py[line:184] - INFO: Epoch 21, toal_loss 21.1705, aver loss 0.0153, train accuracy 0.8542, train auc 0.0000, test accuracy 0.7775, test auc 0.0000
2021-05-20 15:37:10,213 - classify.py[line:184] - INFO: Epoch 22, toal_loss 20.8136, aver loss 0.0144, train accuracy 0.8557, train auc 0.0000, test accuracy 0.7755, test auc 0.0000
2021-05-20 15:37:16,321 - classify.py[line:184] - INFO: Epoch 23, toal_loss 20.7729, aver loss 0.0137, train accuracy 0.8626, train auc 0.0000, test accuracy 0.7905, test auc 0.0000
2021-05-20 15:37:23,516 - classify.py[line:184] - INFO: Epoch 24, toal_loss 20.1985, aver loss 0.0128, train accuracy 0.8728, train auc 0.0000, test accuracy 0.7890, test auc 0.0000
2021-05-20 15:37:32,888 - classify.py[line:184] - INFO: Epoch 25, toal_loss 19.4296, aver loss 0.0119, train accuracy 0.8777, train auc 0.0000, test accuracy 0.7985, test auc 0.0000
2021-05-20 15:37:41,634 - classify.py[line:184] - INFO: Epoch 26, toal_loss 19.4339, aver loss 0.0114, train accuracy 0.8713, train auc 0.0000, test accuracy 0.7980, test auc 0.0000
2021-05-20 15:37:47,707 - classify.py[line:184] - INFO: Epoch 27, toal_loss 19.6865, aver loss 0.0112, train accuracy 0.8757, train auc 0.0000, test accuracy 0.7965, test auc 0.0000
2021-05-20 15:37:53,799 - classify.py[line:184] - INFO: Epoch 28, toal_loss 19.3696, aver loss 0.0106, train accuracy 0.8824, train auc 0.0000, test accuracy 0.7880, test auc 0.0000
2021-05-20 15:37:59,864 - classify.py[line:184] - INFO: Epoch 29, toal_loss 19.2779, aver loss 0.0102, train accuracy 0.8802, train auc 0.0000, test accuracy 0.7955, test auc 0.0000
2021-05-20 15:38:01,457 - classify.py[line:134] - INFO: {'word_embedding_dimension': 300, 'Epoch1': 5, 'Epoch2': 30, 'dropout': 0.1, 'label_num': 2, 'learning_rate1': 1e-05, 'learning_rate2': 0.0001, 'batch_size': 64, 'cuda': 1, 'negSampleNum': 3, 'poSampleNum': 1, 'max_bound': 1, 'kernel_sizes': [3, 4, 5], 'hidden_size': 256, 'hidden_layers': 1, 'bidirectional': True}
2021-05-20 15:38:01,619 - classify.py[line:140] - INFO: before training: 0.5090000033378601
2021-05-20 15:38:01,619 - classify.py[line:154] - INFO: ...start training...
2021-05-20 15:38:08,450 - classify.py[line:184] - INFO: Epoch 0, toal_loss 54.8248, aver loss 0.7722, train accuracy 0.5236, train auc 0.0000, test accuracy 0.5435, test auc 0.0000
2021-05-20 15:38:15,285 - classify.py[line:184] - INFO: Epoch 1, toal_loss 47.1990, aver loss 0.3324, train accuracy 0.6134, train auc 0.0000, test accuracy 0.6130, test auc 0.0000
2021-05-20 15:38:22,144 - classify.py[line:184] - INFO: Epoch 2, toal_loss 43.8655, aver loss 0.2059, train accuracy 0.6690, train auc 0.0000, test accuracy 0.6390, test auc 0.0000
2021-05-20 15:38:28,974 - classify.py[line:184] - INFO: Epoch 3, toal_loss 40.6708, aver loss 0.1432, train accuracy 0.7122, train auc 0.0000, test accuracy 0.6725, test auc 0.0000
2021-05-20 15:38:38,805 - classify.py[line:184] - INFO: Epoch 4, toal_loss 38.9543, aver loss 0.1097, train accuracy 0.7238, train auc 0.0000, test accuracy 0.6940, test auc 0.0000
2021-05-20 15:38:46,195 - classify.py[line:184] - INFO: Epoch 5, toal_loss 36.4091, aver loss 0.0855, train accuracy 0.7494, train auc 0.0000, test accuracy 0.7095, test auc 0.0000
2021-05-20 15:38:53,150 - classify.py[line:184] - INFO: Epoch 6, toal_loss 34.8914, aver loss 0.0702, train accuracy 0.7717, train auc 0.0000, test accuracy 0.7355, test auc 0.0000
2021-05-20 15:39:00,034 - classify.py[line:184] - INFO: Epoch 7, toal_loss 33.9099, aver loss 0.0597, train accuracy 0.7769, train auc 0.0000, test accuracy 0.7385, test auc 0.0000
2021-05-20 15:39:06,868 - classify.py[line:184] - INFO: Epoch 8, toal_loss 32.4250, aver loss 0.0507, train accuracy 0.7849, train auc 0.0000, test accuracy 0.7340, test auc 0.0000
2021-05-20 15:39:13,679 - classify.py[line:184] - INFO: Epoch 9, toal_loss 32.1897, aver loss 0.0453, train accuracy 0.7928, train auc 0.0000, test accuracy 0.7525, test auc 0.0000
2021-05-20 15:39:20,560 - classify.py[line:184] - INFO: Epoch 10, toal_loss 30.8359, aver loss 0.0395, train accuracy 0.8027, train auc 0.0000, test accuracy 0.7610, test auc 0.0000
2021-05-20 15:39:27,371 - classify.py[line:184] - INFO: Epoch 11, toal_loss 29.7894, aver loss 0.0350, train accuracy 0.8195, train auc 0.0000, test accuracy 0.7645, test auc 0.0000
2021-05-20 15:39:34,208 - classify.py[line:184] - INFO: Epoch 12, toal_loss 30.2294, aver loss 0.0328, train accuracy 0.8132, train auc 0.0000, test accuracy 0.7675, test auc 0.0000
2021-05-20 15:39:41,120 - classify.py[line:184] - INFO: Epoch 13, toal_loss 28.8974, aver loss 0.0291, train accuracy 0.8224, train auc 0.0000, test accuracy 0.7770, test auc 0.0000
2021-05-20 15:39:47,931 - classify.py[line:184] - INFO: Epoch 14, toal_loss 28.3686, aver loss 0.0266, train accuracy 0.8240, train auc 0.0000, test accuracy 0.7655, test auc 0.0000
2021-05-20 15:39:54,737 - classify.py[line:184] - INFO: Epoch 15, toal_loss 28.7162, aver loss 0.0253, train accuracy 0.8287, train auc 0.0000, test accuracy 0.7605, test auc 0.0000
2021-05-20 15:40:01,562 - classify.py[line:184] - INFO: Epoch 16, toal_loss 27.1144, aver loss 0.0225, train accuracy 0.8329, train auc 0.0000, test accuracy 0.7675, test auc 0.0000
2021-05-20 15:40:08,392 - classify.py[line:184] - INFO: Epoch 17, toal_loss 26.6326, aver loss 0.0208, train accuracy 0.8379, train auc 0.0000, test accuracy 0.7790, test auc 0.0000
2021-05-20 15:40:15,339 - classify.py[line:184] - INFO: Epoch 18, toal_loss 26.3955, aver loss 0.0196, train accuracy 0.8463, train auc 0.0000, test accuracy 0.7760, test auc 0.0000
2021-05-20 15:40:22,193 - classify.py[line:184] - INFO: Epoch 19, toal_loss 25.8827, aver loss 0.0182, train accuracy 0.8376, train auc 0.0000, test accuracy 0.7715, test auc 0.0000
2021-05-20 15:40:29,060 - classify.py[line:184] - INFO: Epoch 20, toal_loss 25.5813, aver loss 0.0172, train accuracy 0.8529, train auc 0.0000, test accuracy 0.7655, test auc 0.0000
2021-05-20 15:40:35,993 - classify.py[line:184] - INFO: Epoch 21, toal_loss 25.5151, aver loss 0.0163, train accuracy 0.8498, train auc 0.0000, test accuracy 0.7895, test auc 0.0000
2021-05-20 15:40:42,837 - classify.py[line:184] - INFO: Epoch 22, toal_loss 24.9995, aver loss 0.0153, train accuracy 0.8550, train auc 0.0000, test accuracy 0.7740, test auc 0.0000
2021-05-20 15:40:49,668 - classify.py[line:184] - INFO: Epoch 23, toal_loss 24.6303, aver loss 0.0145, train accuracy 0.8551, train auc 0.0000, test accuracy 0.7835, test auc 0.0000
2021-05-20 15:40:56,422 - classify.py[line:184] - INFO: Epoch 24, toal_loss 24.3116, aver loss 0.0137, train accuracy 0.8562, train auc 0.0000, test accuracy 0.7875, test auc 0.0000
2021-05-20 15:41:03,583 - classify.py[line:184] - INFO: Epoch 25, toal_loss 24.0393, aver loss 0.0130, train accuracy 0.8651, train auc 0.0000, test accuracy 0.7820, test auc 0.0000
2021-05-20 15:41:11,611 - classify.py[line:184] - INFO: Epoch 26, toal_loss 23.9769, aver loss 0.0125, train accuracy 0.8666, train auc 0.0000, test accuracy 0.7750, test auc 0.0000
2021-05-20 15:41:19,384 - classify.py[line:184] - INFO: Epoch 27, toal_loss 23.8470, aver loss 0.0120, train accuracy 0.8697, train auc 0.0000, test accuracy 0.7720, test auc 0.0000
2021-05-20 15:41:26,947 - classify.py[line:184] - INFO: Epoch 28, toal_loss 22.7611, aver loss 0.0111, train accuracy 0.8743, train auc 0.0000, test accuracy 0.7960, test auc 0.0000
2021-05-20 15:41:33,852 - classify.py[line:184] - INFO: Epoch 29, toal_loss 21.8267, aver loss 0.0102, train accuracy 0.8785, train auc 0.0000, test accuracy 0.7745, test auc 0.0000
2021-05-20 15:41:35,418 - classify.py[line:134] - INFO: {'word_embedding_dimension': 300, 'Epoch1': 5, 'Epoch2': 30, 'dropout': 0.1, 'label_num': 2, 'learning_rate1': 1e-05, 'learning_rate2': 0.0001, 'batch_size': 64, 'cuda': 1, 'negSampleNum': 3, 'poSampleNum': 1, 'max_bound': 1, 'kernel_sizes': [3, 4, 5], 'hidden_size': 256, 'hidden_layers': 1, 'bidirectional': True}
2021-05-20 15:41:35,579 - classify.py[line:140] - INFO: before training: 0.5240000486373901
2021-05-20 15:41:35,580 - classify.py[line:154] - INFO: ...start training...
2021-05-20 15:41:43,241 - classify.py[line:184] - INFO: Epoch 0, toal_loss 56.7878, aver loss 0.7188, train accuracy 0.5562, train auc 0.0000, test accuracy 0.6130, test auc 0.0000
2021-05-20 15:41:51,124 - classify.py[line:184] - INFO: Epoch 1, toal_loss 49.2913, aver loss 0.3120, train accuracy 0.6612, train auc 0.0000, test accuracy 0.6475, test auc 0.0000
2021-05-20 15:41:58,798 - classify.py[line:184] - INFO: Epoch 2, toal_loss 45.7850, aver loss 0.1932, train accuracy 0.7023, train auc 0.0000, test accuracy 0.6885, test auc 0.0000
2021-05-20 15:42:06,465 - classify.py[line:184] - INFO: Epoch 3, toal_loss 42.4098, aver loss 0.1342, train accuracy 0.7401, train auc 0.0000, test accuracy 0.7335, test auc 0.0000
2021-05-20 15:42:14,908 - classify.py[line:184] - INFO: Epoch 4, toal_loss 39.9240, aver loss 0.1011, train accuracy 0.7551, train auc 0.0000, test accuracy 0.7300, test auc 0.0000
2021-05-20 15:42:24,162 - classify.py[line:184] - INFO: Epoch 5, toal_loss 38.5749, aver loss 0.0814, train accuracy 0.7720, train auc 0.0000, test accuracy 0.7410, test auc 0.0000
2021-05-20 15:42:35,769 - classify.py[line:184] - INFO: Epoch 6, toal_loss 36.3432, aver loss 0.0657, train accuracy 0.7838, train auc 0.0000, test accuracy 0.7435, test auc 0.0000
2021-05-20 15:42:46,851 - classify.py[line:184] - INFO: Epoch 7, toal_loss 35.5205, aver loss 0.0562, train accuracy 0.7947, train auc 0.0000, test accuracy 0.7500, test auc 0.0000
2021-05-20 15:42:54,462 - classify.py[line:184] - INFO: Epoch 8, toal_loss 34.6763, aver loss 0.0488, train accuracy 0.8054, train auc 0.0000, test accuracy 0.7565, test auc 0.0000
2021-05-20 15:43:02,026 - classify.py[line:184] - INFO: Epoch 9, toal_loss 33.3029, aver loss 0.0422, train accuracy 0.8074, train auc 0.0000, test accuracy 0.7645, test auc 0.0000
2021-05-20 15:43:09,554 - classify.py[line:184] - INFO: Epoch 10, toal_loss 32.0432, aver loss 0.0369, train accuracy 0.8123, train auc 0.0000, test accuracy 0.7650, test auc 0.0000
2021-05-20 15:43:17,076 - classify.py[line:184] - INFO: Epoch 11, toal_loss 32.2165, aver loss 0.0340, train accuracy 0.8275, train auc 0.0000, test accuracy 0.7805, test auc 0.0000
2021-05-20 15:43:24,585 - classify.py[line:184] - INFO: Epoch 12, toal_loss 31.1297, aver loss 0.0303, train accuracy 0.8329, train auc 0.0000, test accuracy 0.7865, test auc 0.0000
2021-05-20 15:43:32,207 - classify.py[line:184] - INFO: Epoch 13, toal_loss 30.1518, aver loss 0.0273, train accuracy 0.8360, train auc 0.0000, test accuracy 0.7855, test auc 0.0000
2021-05-20 15:43:39,702 - classify.py[line:184] - INFO: Epoch 14, toal_loss 29.9004, aver loss 0.0252, train accuracy 0.8335, train auc 0.0000, test accuracy 0.7820, test auc 0.0000
2021-05-20 15:43:47,431 - classify.py[line:184] - INFO: Epoch 15, toal_loss 29.5158, aver loss 0.0234, train accuracy 0.8439, train auc 0.0000, test accuracy 0.7900, test auc 0.0000
2021-05-20 15:43:56,854 - classify.py[line:184] - INFO: Epoch 16, toal_loss 28.6529, aver loss 0.0213, train accuracy 0.8441, train auc 0.0000, test accuracy 0.7870, test auc 0.0000
2021-05-20 15:44:05,702 - classify.py[line:184] - INFO: Epoch 17, toal_loss 27.8360, aver loss 0.0196, train accuracy 0.8530, train auc 0.0000, test accuracy 0.7805, test auc 0.0000
2021-05-20 15:44:13,248 - classify.py[line:184] - INFO: Epoch 18, toal_loss 27.2930, aver loss 0.0182, train accuracy 0.8602, train auc 0.0000, test accuracy 0.7910, test auc 0.0000
2021-05-20 15:44:20,921 - classify.py[line:184] - INFO: Epoch 19, toal_loss 27.3452, aver loss 0.0173, train accuracy 0.8530, train auc 0.0000, test accuracy 0.8065, test auc 0.0000
2021-05-20 15:44:28,479 - classify.py[line:184] - INFO: Epoch 20, toal_loss 27.3124, aver loss 0.0165, train accuracy 0.8525, train auc 0.0000, test accuracy 0.8055, test auc 0.0000
2021-05-20 15:44:36,021 - classify.py[line:184] - INFO: Epoch 21, toal_loss 26.4439, aver loss 0.0152, train accuracy 0.8621, train auc 0.0000, test accuracy 0.8010, test auc 0.0000
2021-05-20 15:44:43,600 - classify.py[line:184] - INFO: Epoch 22, toal_loss 25.8775, aver loss 0.0142, train accuracy 0.8619, train auc 0.0000, test accuracy 0.7970, test auc 0.0000
2021-05-20 15:44:51,128 - classify.py[line:184] - INFO: Epoch 23, toal_loss 26.0067, aver loss 0.0137, train accuracy 0.8714, train auc 0.0000, test accuracy 0.7925, test auc 0.0000
2021-05-20 15:44:58,738 - classify.py[line:184] - INFO: Epoch 24, toal_loss 25.3382, aver loss 0.0128, train accuracy 0.8661, train auc 0.0000, test accuracy 0.7970, test auc 0.0000
2021-05-20 15:45:06,324 - classify.py[line:184] - INFO: Epoch 25, toal_loss 25.3651, aver loss 0.0123, train accuracy 0.8661, train auc 0.0000, test accuracy 0.8000, test auc 0.0000
2021-05-20 15:45:13,826 - classify.py[line:184] - INFO: Epoch 26, toal_loss 25.5249, aver loss 0.0120, train accuracy 0.8677, train auc 0.0000, test accuracy 0.7980, test auc 0.0000
2021-05-20 15:45:21,366 - classify.py[line:184] - INFO: Epoch 27, toal_loss 24.0149, aver loss 0.0109, train accuracy 0.8746, train auc 0.0000, test accuracy 0.7980, test auc 0.0000
2021-05-20 15:45:28,913 - classify.py[line:184] - INFO: Epoch 28, toal_loss 23.6197, aver loss 0.0103, train accuracy 0.8770, train auc 0.0000, test accuracy 0.8040, test auc 0.0000
2021-05-20 15:45:36,456 - classify.py[line:184] - INFO: Epoch 29, toal_loss 22.8370, aver loss 0.0096, train accuracy 0.8752, train auc 0.0000, test accuracy 0.7855, test auc 0.0000
