2021-05-16 19:15:11,225 - classify.py[line:67] - INFO: Namespace(batch_size=64, dataset='TREC', epoch=80, gpu=1, lr=0.001, modelname='TextCNN', modelnum=0, seed=1, use_aug=0)
2021-05-16 19:15:14,356 - classify.py[line:120] - INFO: {'word_embedding_dimension': 300, 'Epoch1': 5, 'Epoch2': 80, 'dropout': 0.1, 'label_num': 6, 'learning_rate1': 1e-05, 'learning_rate2': 0.001, 'batch_size': 64, 'cuda': 1, 'negSampleNum': 3, 'max_bound': 1, 'kernel_sizes': [3, 4, 5], 'hidden_size': 256, 'hidden_layers': 1, 'bidirectional': True}
2021-05-16 19:15:14,635 - classify.py[line:126] - INFO: before training: 0.1850000023841858
2021-05-16 19:15:14,635 - classify.py[line:138] - INFO: ...start training...
2021-05-16 19:15:15,508 - classify.py[line:166] - INFO: Epoch 0, toal_loss 147.2346, aver loss 1.7120, train accuracy 0.2465, test accuracy 0.2900
2021-05-16 19:15:16,398 - classify.py[line:166] - INFO: Epoch 1, toal_loss 133.0120, aver loss 0.7733, train accuracy 0.3515, test accuracy 0.4200
2021-05-16 19:15:17,288 - classify.py[line:166] - INFO: Epoch 2, toal_loss 126.3669, aver loss 0.4898, train accuracy 0.4165, test accuracy 0.5000
2021-05-16 19:15:18,127 - classify.py[line:166] - INFO: Epoch 3, toal_loss 122.9231, aver loss 0.3573, train accuracy 0.4203, test accuracy 0.4700
2021-05-16 19:15:18,927 - classify.py[line:166] - INFO: Epoch 4, toal_loss 120.4372, aver loss 0.2801, train accuracy 0.4289, test accuracy 0.5000
2021-05-16 19:15:19,803 - classify.py[line:166] - INFO: Epoch 5, toal_loss 119.1418, aver loss 0.2309, train accuracy 0.4430, test accuracy 0.5250
2021-05-16 19:15:20,697 - classify.py[line:166] - INFO: Epoch 6, toal_loss 117.4904, aver loss 0.1952, train accuracy 0.4458, test accuracy 0.5250
2021-05-16 19:15:21,633 - classify.py[line:166] - INFO: Epoch 7, toal_loss 116.4652, aver loss 0.1693, train accuracy 0.4514, test accuracy 0.5050
2021-05-16 19:15:22,582 - classify.py[line:166] - INFO: Epoch 8, toal_loss 115.5438, aver loss 0.1493, train accuracy 0.4626, test accuracy 0.5100
2021-05-16 19:15:23,561 - classify.py[line:166] - INFO: Epoch 9, toal_loss 114.9585, aver loss 0.1337, train accuracy 0.4568, test accuracy 0.4700
2021-05-16 19:15:24,475 - classify.py[line:166] - INFO: Epoch 10, toal_loss 114.1629, aver loss 0.1207, train accuracy 0.4612, test accuracy 0.5250
2021-05-16 19:15:25,441 - classify.py[line:166] - INFO: Epoch 11, toal_loss 114.2898, aver loss 0.1107, train accuracy 0.4639, test accuracy 0.5000
2021-05-16 19:15:26,253 - classify.py[line:166] - INFO: Epoch 12, toal_loss 112.5832, aver loss 0.1007, train accuracy 0.4654, test accuracy 0.4900
2021-05-16 19:15:27,143 - classify.py[line:166] - INFO: Epoch 13, toal_loss 112.1542, aver loss 0.0932, train accuracy 0.4643, test accuracy 0.5150
2021-05-16 19:15:27,962 - classify.py[line:166] - INFO: Epoch 14, toal_loss 112.1334, aver loss 0.0869, train accuracy 0.4652, test accuracy 0.5050
2021-05-16 19:15:28,828 - classify.py[line:166] - INFO: Epoch 15, toal_loss 111.2013, aver loss 0.0808, train accuracy 0.4627, test accuracy 0.5000
2021-05-16 19:15:29,661 - classify.py[line:166] - INFO: Epoch 16, toal_loss 112.3642, aver loss 0.0769, train accuracy 0.4730, test accuracy 0.4900
2021-05-16 19:15:30,553 - classify.py[line:166] - INFO: Epoch 17, toal_loss 111.5021, aver loss 0.0720, train accuracy 0.4700, test accuracy 0.5150
2021-05-16 19:15:31,347 - classify.py[line:166] - INFO: Epoch 18, toal_loss 111.8761, aver loss 0.0685, train accuracy 0.4723, test accuracy 0.5300
2021-05-16 19:15:32,253 - classify.py[line:166] - INFO: Epoch 19, toal_loss 111.3036, aver loss 0.0647, train accuracy 0.4639, test accuracy 0.5000
2021-05-16 19:15:33,167 - classify.py[line:166] - INFO: Epoch 20, toal_loss 110.5217, aver loss 0.0612, train accuracy 0.4801, test accuracy 0.5350
2021-05-16 19:15:34,013 - classify.py[line:166] - INFO: Epoch 21, toal_loss 110.3807, aver loss 0.0583, train accuracy 0.4759, test accuracy 0.5000
2021-05-16 19:15:34,748 - classify.py[line:166] - INFO: Epoch 22, toal_loss 110.3314, aver loss 0.0558, train accuracy 0.4756, test accuracy 0.5150
2021-05-16 19:15:35,629 - classify.py[line:166] - INFO: Epoch 23, toal_loss 109.9300, aver loss 0.0533, train accuracy 0.4717, test accuracy 0.5200
2021-05-16 19:15:36,464 - classify.py[line:166] - INFO: Epoch 24, toal_loss 109.7248, aver loss 0.0510, train accuracy 0.4779, test accuracy 0.5200
2021-05-16 19:15:37,281 - classify.py[line:166] - INFO: Epoch 25, toal_loss 110.3551, aver loss 0.0494, train accuracy 0.4825, test accuracy 0.5100
2021-05-16 19:15:38,187 - classify.py[line:166] - INFO: Epoch 26, toal_loss 109.2093, aver loss 0.0470, train accuracy 0.4807, test accuracy 0.5250
2021-05-16 19:15:39,046 - classify.py[line:166] - INFO: Epoch 27, toal_loss 109.0881, aver loss 0.0453, train accuracy 0.4819, test accuracy 0.4950
2021-05-16 19:15:39,815 - classify.py[line:166] - INFO: Epoch 28, toal_loss 109.2970, aver loss 0.0438, train accuracy 0.4783, test accuracy 0.5100
2021-05-16 19:15:40,613 - classify.py[line:166] - INFO: Epoch 29, toal_loss 108.4712, aver loss 0.0420, train accuracy 0.4810, test accuracy 0.5100
2021-05-16 19:15:41,428 - classify.py[line:166] - INFO: Epoch 30, toal_loss 109.1482, aver loss 0.0409, train accuracy 0.4815, test accuracy 0.4800
2021-05-16 19:15:42,232 - classify.py[line:166] - INFO: Epoch 31, toal_loss 107.8019, aver loss 0.0392, train accuracy 0.4854, test accuracy 0.5350
2021-05-16 19:15:43,019 - classify.py[line:166] - INFO: Epoch 32, toal_loss 108.4180, aver loss 0.0382, train accuracy 0.4801, test accuracy 0.5150
2021-05-16 19:15:43,871 - classify.py[line:166] - INFO: Epoch 33, toal_loss 108.4619, aver loss 0.0371, train accuracy 0.4841, test accuracy 0.5200
2021-05-16 19:15:44,667 - classify.py[line:166] - INFO: Epoch 34, toal_loss 108.4053, aver loss 0.0360, train accuracy 0.4841, test accuracy 0.5100
2021-05-16 19:15:45,509 - classify.py[line:166] - INFO: Epoch 35, toal_loss 109.0173, aver loss 0.0352, train accuracy 0.4812, test accuracy 0.5100
2021-05-16 19:15:46,294 - classify.py[line:166] - INFO: Epoch 36, toal_loss 108.4837, aver loss 0.0341, train accuracy 0.4814, test accuracy 0.5250
2021-05-16 19:15:47,096 - classify.py[line:166] - INFO: Epoch 37, toal_loss 107.9929, aver loss 0.0330, train accuracy 0.4875, test accuracy 0.5150
2021-05-16 19:15:48,007 - classify.py[line:166] - INFO: Epoch 38, toal_loss 107.4739, aver loss 0.0320, train accuracy 0.4863, test accuracy 0.5100
2021-05-16 19:15:48,804 - classify.py[line:166] - INFO: Epoch 39, toal_loss 108.2874, aver loss 0.0315, train accuracy 0.4838, test accuracy 0.5500
2021-05-16 19:15:49,613 - classify.py[line:166] - INFO: Epoch 40, toal_loss 107.7361, aver loss 0.0306, train accuracy 0.4919, test accuracy 0.5150
2021-05-16 19:15:50,462 - classify.py[line:166] - INFO: Epoch 41, toal_loss 107.5497, aver loss 0.0298, train accuracy 0.4846, test accuracy 0.4950
2021-05-16 19:15:51,315 - classify.py[line:166] - INFO: Epoch 42, toal_loss 108.0557, aver loss 0.0292, train accuracy 0.4861, test accuracy 0.5200
2021-05-16 19:15:52,226 - classify.py[line:166] - INFO: Epoch 43, toal_loss 106.9764, aver loss 0.0283, train accuracy 0.4846, test accuracy 0.5200
2021-05-16 19:15:53,142 - classify.py[line:166] - INFO: Epoch 44, toal_loss 108.1234, aver loss 0.0279, train accuracy 0.4861, test accuracy 0.4850
2021-05-16 19:15:53,998 - classify.py[line:166] - INFO: Epoch 45, toal_loss 108.1016, aver loss 0.0273, train accuracy 0.4921, test accuracy 0.5300
2021-05-16 19:15:54,921 - classify.py[line:166] - INFO: Epoch 46, toal_loss 107.1708, aver loss 0.0265, train accuracy 0.4872, test accuracy 0.5050
2021-05-16 19:15:55,757 - classify.py[line:166] - INFO: Epoch 47, toal_loss 107.5153, aver loss 0.0260, train accuracy 0.4860, test accuracy 0.5300
2021-05-16 19:15:56,615 - classify.py[line:166] - INFO: Epoch 48, toal_loss 107.4913, aver loss 0.0255, train accuracy 0.4895, test accuracy 0.5200
2021-05-16 19:15:57,395 - classify.py[line:166] - INFO: Epoch 49, toal_loss 106.1353, aver loss 0.0247, train accuracy 0.4838, test accuracy 0.5450
2021-05-16 19:15:58,186 - classify.py[line:166] - INFO: Epoch 50, toal_loss 107.4733, aver loss 0.0245, train accuracy 0.4885, test accuracy 0.5400
2021-05-16 19:15:58,967 - classify.py[line:166] - INFO: Epoch 51, toal_loss 106.8350, aver loss 0.0239, train accuracy 0.4923, test accuracy 0.5500
2021-05-16 19:15:59,883 - classify.py[line:166] - INFO: Epoch 52, toal_loss 106.4959, aver loss 0.0234, train accuracy 0.4877, test accuracy 0.5000
2021-05-16 19:16:00,813 - classify.py[line:166] - INFO: Epoch 53, toal_loss 106.9878, aver loss 0.0230, train accuracy 0.4948, test accuracy 0.5200
2021-05-16 19:16:01,642 - classify.py[line:166] - INFO: Epoch 54, toal_loss 105.7757, aver loss 0.0224, train accuracy 0.4837, test accuracy 0.5000
2021-05-16 19:16:02,510 - classify.py[line:166] - INFO: Epoch 55, toal_loss 106.2069, aver loss 0.0221, train accuracy 0.4905, test accuracy 0.5150
2021-05-16 19:16:03,381 - classify.py[line:166] - INFO: Epoch 56, toal_loss 105.6338, aver loss 0.0215, train accuracy 0.4879, test accuracy 0.5050
2021-05-16 19:16:04,285 - classify.py[line:166] - INFO: Epoch 57, toal_loss 106.4479, aver loss 0.0213, train accuracy 0.4852, test accuracy 0.5000
2021-05-16 19:16:05,039 - classify.py[line:166] - INFO: Epoch 58, toal_loss 105.8112, aver loss 0.0209, train accuracy 0.4919, test accuracy 0.5050
2021-05-16 19:16:05,905 - classify.py[line:166] - INFO: Epoch 59, toal_loss 105.7482, aver loss 0.0205, train accuracy 0.4927, test accuracy 0.4950
2021-05-16 19:16:06,734 - classify.py[line:166] - INFO: Epoch 60, toal_loss 105.8442, aver loss 0.0202, train accuracy 0.4937, test accuracy 0.5050
2021-05-16 19:16:07,656 - classify.py[line:166] - INFO: Epoch 61, toal_loss 105.2367, aver loss 0.0197, train accuracy 0.4921, test accuracy 0.5250
2021-05-16 19:16:08,578 - classify.py[line:166] - INFO: Epoch 62, toal_loss 105.4605, aver loss 0.0195, train accuracy 0.4915, test accuracy 0.5250
2021-05-16 19:16:09,427 - classify.py[line:166] - INFO: Epoch 63, toal_loss 105.7962, aver loss 0.0192, train accuracy 0.4948, test accuracy 0.5100
2021-05-16 19:16:10,323 - classify.py[line:166] - INFO: Epoch 64, toal_loss 105.0389, aver loss 0.0188, train accuracy 0.4902, test accuracy 0.4950
2021-05-16 19:16:11,122 - classify.py[line:166] - INFO: Epoch 65, toal_loss 105.1118, aver loss 0.0185, train accuracy 0.4877, test accuracy 0.5500
2021-05-16 19:16:11,959 - classify.py[line:166] - INFO: Epoch 66, toal_loss 105.2374, aver loss 0.0183, train accuracy 0.4937, test accuracy 0.5300
2021-05-16 19:16:12,792 - classify.py[line:166] - INFO: Epoch 67, toal_loss 105.1836, aver loss 0.0180, train accuracy 0.4984, test accuracy 0.5300
2021-05-16 19:16:13,647 - classify.py[line:166] - INFO: Epoch 68, toal_loss 105.1519, aver loss 0.0177, train accuracy 0.4967, test accuracy 0.5250
2021-05-16 19:16:14,501 - classify.py[line:166] - INFO: Epoch 69, toal_loss 105.3108, aver loss 0.0175, train accuracy 0.4946, test accuracy 0.5450
2021-05-16 19:16:15,340 - classify.py[line:166] - INFO: Epoch 70, toal_loss 105.7399, aver loss 0.0173, train accuracy 0.4978, test accuracy 0.5100
2021-05-16 19:16:16,174 - classify.py[line:166] - INFO: Epoch 71, toal_loss 105.6136, aver loss 0.0171, train accuracy 0.4915, test accuracy 0.5450
2021-05-16 19:16:17,002 - classify.py[line:166] - INFO: Epoch 72, toal_loss 104.6832, aver loss 0.0167, train accuracy 0.4944, test accuracy 0.5150
2021-05-16 19:16:17,829 - classify.py[line:166] - INFO: Epoch 73, toal_loss 104.2600, aver loss 0.0164, train accuracy 0.4944, test accuracy 0.5350
2021-05-16 19:16:18,758 - classify.py[line:166] - INFO: Epoch 74, toal_loss 105.1901, aver loss 0.0163, train accuracy 0.4990, test accuracy 0.5500
2021-05-16 19:16:19,653 - classify.py[line:166] - INFO: Epoch 75, toal_loss 104.8782, aver loss 0.0160, train accuracy 0.4993, test accuracy 0.5550
2021-05-16 19:16:20,522 - classify.py[line:166] - INFO: Epoch 76, toal_loss 104.7764, aver loss 0.0158, train accuracy 0.4929, test accuracy 0.5300
2021-05-16 19:16:21,375 - classify.py[line:166] - INFO: Epoch 77, toal_loss 105.2221, aver loss 0.0157, train accuracy 0.5001, test accuracy 0.5300
2021-05-16 19:16:22,183 - classify.py[line:166] - INFO: Epoch 78, toal_loss 104.1885, aver loss 0.0153, train accuracy 0.4974, test accuracy 0.4900
2021-05-16 19:16:22,959 - classify.py[line:166] - INFO: Epoch 79, toal_loss 104.6885, aver loss 0.0152, train accuracy 0.4970, test accuracy 0.5250
