2021-05-16 15:03:56,683 - classify.py[line:65] - INFO: Namespace(batch_size=64, dataset='PC', epoch=80, gpu=1, lr=0.001, modelname='TextCNN', modelnum=0, seed=1, use_aug=0)
2021-05-16 15:04:01,665 - classify.py[line:113] - INFO: {'word_embedding_dimension': 300, 'Epoch1': 5, 'Epoch2': 80, 'dropout': 0.1, 'label_num': 2, 'learning_rate1': 1e-05, 'learning_rate2': 0.001, 'batch_size': 64, 'cuda': 1, 'negSampleNum': 3, 'max_bound': 1, 'kernel_sizes': [3, 4, 5], 'hidden_size': 256, 'hidden_layers': 1, 'bidirectional': True}
2021-05-16 15:04:01,956 - classify.py[line:119] - INFO: before training: 1.0
2021-05-16 15:04:01,956 - classify.py[line:130] - INFO: ...start training...
2021-05-16 15:04:08,490 - classify.py[line:156] - INFO: Epoch 0, toal_loss 170.8371, aver loss 0.3002, test accuracy 0.7920
2021-05-16 15:04:14,797 - classify.py[line:156] - INFO: Epoch 1, toal_loss 147.7692, aver loss 0.1298, test accuracy 0.7965
2021-05-16 15:04:21,065 - classify.py[line:156] - INFO: Epoch 2, toal_loss 139.9343, aver loss 0.0820, test accuracy 0.7906
2021-05-16 15:04:27,262 - classify.py[line:156] - INFO: Epoch 3, toal_loss 135.3906, aver loss 0.0595, test accuracy 0.7767
2021-05-16 15:04:33,592 - classify.py[line:156] - INFO: Epoch 4, toal_loss 132.1270, aver loss 0.0464, test accuracy 0.7804
2021-05-16 15:04:39,856 - classify.py[line:156] - INFO: Epoch 5, toal_loss 129.4767, aver loss 0.0379, test accuracy 0.7793
2021-05-16 15:04:46,133 - classify.py[line:156] - INFO: Epoch 6, toal_loss 126.7235, aver loss 0.0318, test accuracy 0.7753
2021-05-16 15:04:52,273 - classify.py[line:156] - INFO: Epoch 7, toal_loss 124.3807, aver loss 0.0273, test accuracy 0.7787
2021-05-16 15:04:58,465 - classify.py[line:156] - INFO: Epoch 8, toal_loss 123.2332, aver loss 0.0241, test accuracy 0.7773
2021-05-16 15:05:04,784 - classify.py[line:156] - INFO: Epoch 9, toal_loss 121.2500, aver loss 0.0213, test accuracy 0.7708
2021-05-16 15:05:11,002 - classify.py[line:156] - INFO: Epoch 10, toal_loss 120.1130, aver loss 0.0192, test accuracy 0.7765
2021-05-16 15:05:17,568 - classify.py[line:156] - INFO: Epoch 11, toal_loss 120.5824, aver loss 0.0177, test accuracy 0.7759
2021-05-16 15:05:28,230 - classify.py[line:156] - INFO: Epoch 12, toal_loss 118.0849, aver loss 0.0160, test accuracy 0.7651
2021-05-16 15:05:34,577 - classify.py[line:156] - INFO: Epoch 13, toal_loss 117.3389, aver loss 0.0147, test accuracy 0.7722
2021-05-16 15:05:40,197 - classify.py[line:156] - INFO: Epoch 14, toal_loss 116.0658, aver loss 0.0136, test accuracy 0.7581
2021-05-16 15:05:45,591 - classify.py[line:156] - INFO: Epoch 15, toal_loss 116.1190, aver loss 0.0128, test accuracy 0.7688
2021-05-16 15:05:51,292 - classify.py[line:156] - INFO: Epoch 16, toal_loss 114.5261, aver loss 0.0118, test accuracy 0.7668
2021-05-16 15:05:56,709 - classify.py[line:156] - INFO: Epoch 17, toal_loss 113.6797, aver loss 0.0111, test accuracy 0.7609
2021-05-16 15:06:02,228 - classify.py[line:156] - INFO: Epoch 18, toal_loss 113.4006, aver loss 0.0105, test accuracy 0.7671
2021-05-16 15:06:07,430 - classify.py[line:156] - INFO: Epoch 19, toal_loss 113.5099, aver loss 0.0100, test accuracy 0.7646
2021-05-16 15:06:12,917 - classify.py[line:156] - INFO: Epoch 20, toal_loss 111.1414, aver loss 0.0093, test accuracy 0.7572
2021-05-16 15:06:18,313 - classify.py[line:156] - INFO: Epoch 21, toal_loss 111.2861, aver loss 0.0089, test accuracy 0.7666
2021-05-16 15:06:23,826 - classify.py[line:156] - INFO: Epoch 22, toal_loss 110.8412, aver loss 0.0085, test accuracy 0.7725
2021-05-16 15:06:29,464 - classify.py[line:156] - INFO: Epoch 23, toal_loss 110.9911, aver loss 0.0081, test accuracy 0.7719
2021-05-16 15:06:35,045 - classify.py[line:156] - INFO: Epoch 24, toal_loss 109.1591, aver loss 0.0077, test accuracy 0.7680
2021-05-16 15:06:40,880 - classify.py[line:156] - INFO: Epoch 25, toal_loss 110.0222, aver loss 0.0074, test accuracy 0.7654
2021-05-16 15:06:46,656 - classify.py[line:156] - INFO: Epoch 26, toal_loss 109.1682, aver loss 0.0071, test accuracy 0.7640
2021-05-16 15:06:52,181 - classify.py[line:156] - INFO: Epoch 27, toal_loss 108.7918, aver loss 0.0068, test accuracy 0.7719
2021-05-16 15:06:57,962 - classify.py[line:156] - INFO: Epoch 28, toal_loss 108.4308, aver loss 0.0066, test accuracy 0.7583
2021-05-16 15:07:03,663 - classify.py[line:156] - INFO: Epoch 29, toal_loss 107.0692, aver loss 0.0063, test accuracy 0.7708
2021-05-16 15:07:09,588 - classify.py[line:156] - INFO: Epoch 30, toal_loss 106.7453, aver loss 0.0061, test accuracy 0.7731
2021-05-16 15:07:15,667 - classify.py[line:156] - INFO: Epoch 31, toal_loss 107.1416, aver loss 0.0059, test accuracy 0.7657
2021-05-16 15:07:21,180 - classify.py[line:156] - INFO: Epoch 32, toal_loss 106.4769, aver loss 0.0057, test accuracy 0.7632
2021-05-16 15:07:26,999 - classify.py[line:156] - INFO: Epoch 33, toal_loss 107.0513, aver loss 0.0055, test accuracy 0.7711
2021-05-16 15:07:32,734 - classify.py[line:156] - INFO: Epoch 34, toal_loss 106.2349, aver loss 0.0053, test accuracy 0.7691
2021-05-16 15:07:38,605 - classify.py[line:156] - INFO: Epoch 35, toal_loss 105.4984, aver loss 0.0052, test accuracy 0.7677
2021-05-16 15:07:44,184 - classify.py[line:156] - INFO: Epoch 36, toal_loss 104.8012, aver loss 0.0050, test accuracy 0.7671
2021-05-16 15:07:49,796 - classify.py[line:156] - INFO: Epoch 37, toal_loss 105.1644, aver loss 0.0049, test accuracy 0.7637
2021-05-16 15:07:55,259 - classify.py[line:156] - INFO: Epoch 38, toal_loss 104.2767, aver loss 0.0047, test accuracy 0.7722
2021-05-16 15:08:01,144 - classify.py[line:156] - INFO: Epoch 39, toal_loss 104.8524, aver loss 0.0046, test accuracy 0.7699
2021-05-16 15:08:06,850 - classify.py[line:156] - INFO: Epoch 40, toal_loss 103.9606, aver loss 0.0045, test accuracy 0.7685
2021-05-16 15:08:12,592 - classify.py[line:156] - INFO: Epoch 41, toal_loss 104.5029, aver loss 0.0044, test accuracy 0.7674
2021-05-16 15:08:18,329 - classify.py[line:156] - INFO: Epoch 42, toal_loss 103.3051, aver loss 0.0042, test accuracy 0.7807
2021-05-16 15:08:23,893 - classify.py[line:156] - INFO: Epoch 43, toal_loss 102.4667, aver loss 0.0041, test accuracy 0.7756
2021-05-16 15:08:29,672 - classify.py[line:156] - INFO: Epoch 44, toal_loss 102.6045, aver loss 0.0040, test accuracy 0.7725
2021-05-16 15:08:35,356 - classify.py[line:156] - INFO: Epoch 45, toal_loss 102.4928, aver loss 0.0039, test accuracy 0.7646
2021-05-16 15:08:41,167 - classify.py[line:156] - INFO: Epoch 46, toal_loss 103.2882, aver loss 0.0039, test accuracy 0.7705
2021-05-16 15:08:46,679 - classify.py[line:156] - INFO: Epoch 47, toal_loss 101.9860, aver loss 0.0037, test accuracy 0.7742
2021-05-16 15:08:52,374 - classify.py[line:156] - INFO: Epoch 48, toal_loss 101.8385, aver loss 0.0037, test accuracy 0.7736
2021-05-16 15:08:58,080 - classify.py[line:156] - INFO: Epoch 49, toal_loss 101.8027, aver loss 0.0036, test accuracy 0.7731
2021-05-16 15:09:03,863 - classify.py[line:156] - INFO: Epoch 50, toal_loss 102.3891, aver loss 0.0035, test accuracy 0.7646
2021-05-16 15:09:09,532 - classify.py[line:156] - INFO: Epoch 51, toal_loss 101.8319, aver loss 0.0034, test accuracy 0.7640
2021-05-16 15:09:15,318 - classify.py[line:156] - INFO: Epoch 52, toal_loss 101.5608, aver loss 0.0034, test accuracy 0.7699
2021-05-16 15:09:21,033 - classify.py[line:156] - INFO: Epoch 53, toal_loss 101.7825, aver loss 0.0033, test accuracy 0.7694
2021-05-16 15:09:26,572 - classify.py[line:156] - INFO: Epoch 54, toal_loss 101.1555, aver loss 0.0032, test accuracy 0.7736
2021-05-16 15:09:32,251 - classify.py[line:156] - INFO: Epoch 55, toal_loss 100.7107, aver loss 0.0032, test accuracy 0.7680
2021-05-16 15:09:37,714 - classify.py[line:156] - INFO: Epoch 56, toal_loss 101.4443, aver loss 0.0031, test accuracy 0.7784
2021-05-16 15:09:43,442 - classify.py[line:156] - INFO: Epoch 57, toal_loss 99.8383, aver loss 0.0030, test accuracy 0.7668
2021-05-16 15:09:48,934 - classify.py[line:156] - INFO: Epoch 58, toal_loss 100.1441, aver loss 0.0030, test accuracy 0.7733
2021-05-16 15:09:54,504 - classify.py[line:156] - INFO: Epoch 59, toal_loss 99.6993, aver loss 0.0029, test accuracy 0.7739
2021-05-16 15:09:59,923 - classify.py[line:156] - INFO: Epoch 60, toal_loss 100.0038, aver loss 0.0029, test accuracy 0.7714
2021-05-16 15:10:05,681 - classify.py[line:156] - INFO: Epoch 61, toal_loss 99.3037, aver loss 0.0028, test accuracy 0.7745
2021-05-16 15:10:11,270 - classify.py[line:156] - INFO: Epoch 62, toal_loss 98.9790, aver loss 0.0028, test accuracy 0.7733
2021-05-16 15:10:16,751 - classify.py[line:156] - INFO: Epoch 63, toal_loss 99.6019, aver loss 0.0027, test accuracy 0.7745
2021-05-16 15:10:22,263 - classify.py[line:156] - INFO: Epoch 64, toal_loss 99.3109, aver loss 0.0027, test accuracy 0.7683
2021-05-16 15:10:27,853 - classify.py[line:156] - INFO: Epoch 65, toal_loss 98.1148, aver loss 0.0026, test accuracy 0.7722
2021-05-16 15:10:33,748 - classify.py[line:156] - INFO: Epoch 66, toal_loss 99.3063, aver loss 0.0026, test accuracy 0.7736
2021-05-16 15:10:39,458 - classify.py[line:156] - INFO: Epoch 67, toal_loss 98.0560, aver loss 0.0025, test accuracy 0.7767
2021-05-16 15:10:45,186 - classify.py[line:156] - INFO: Epoch 68, toal_loss 98.9298, aver loss 0.0025, test accuracy 0.7708
2021-05-16 15:10:50,704 - classify.py[line:156] - INFO: Epoch 69, toal_loss 98.5856, aver loss 0.0025, test accuracy 0.7699
2021-05-16 15:10:56,356 - classify.py[line:156] - INFO: Epoch 70, toal_loss 98.1017, aver loss 0.0024, test accuracy 0.7776
2021-05-16 15:11:02,233 - classify.py[line:156] - INFO: Epoch 71, toal_loss 97.6434, aver loss 0.0024, test accuracy 0.7745
2021-05-16 15:11:07,771 - classify.py[line:156] - INFO: Epoch 72, toal_loss 98.8669, aver loss 0.0024, test accuracy 0.7750
2021-05-16 15:11:13,344 - classify.py[line:156] - INFO: Epoch 73, toal_loss 97.2646, aver loss 0.0023, test accuracy 0.7592
2021-05-16 15:11:19,053 - classify.py[line:156] - INFO: Epoch 74, toal_loss 98.0173, aver loss 0.0023, test accuracy 0.7683
2021-05-16 15:11:24,652 - classify.py[line:156] - INFO: Epoch 75, toal_loss 97.1505, aver loss 0.0022, test accuracy 0.7683
2021-05-16 15:11:30,274 - classify.py[line:156] - INFO: Epoch 76, toal_loss 97.1990, aver loss 0.0022, test accuracy 0.7671
2021-05-16 15:11:35,798 - classify.py[line:156] - INFO: Epoch 77, toal_loss 97.3629, aver loss 0.0022, test accuracy 0.7733
2021-05-16 15:11:41,389 - classify.py[line:156] - INFO: Epoch 78, toal_loss 96.6925, aver loss 0.0022, test accuracy 0.7683
2021-05-16 15:11:47,165 - classify.py[line:156] - INFO: Epoch 79, toal_loss 96.6455, aver loss 0.0021, test accuracy 0.7711
