2021-05-16 18:48:00,047 - classify.py[line:67] - INFO: Namespace(batch_size=64, dataset='Subj', epoch=80, gpu=1, lr=0.001, modelname='TextCNN', modelnum=0, seed=1, use_aug=1)
2021-05-16 18:48:03,979 - classify.py[line:108] - INFO: {'word_embedding_dimension': 300, 'Epoch1': 20, 'Epoch2': 10, 'dropout': 0.1, 'label_num': 2, 'learning_rate1': 0.001, 'learning_rate2': 1e-05, 'batch_size': 64, 'cuda': True, 'negSampleNum': 4, 'max_bound': 0.5, 'kernel_sizes': [3, 4, 5], 'hidden_size': 256, 'hidden_layers': 1, 'bidirectional': True}
2021-05-16 18:48:04,263 - classify.py[line:126] - INFO: before training: 0.6533166766166687
2021-05-16 18:48:04,263 - classify.py[line:138] - INFO: ...start training...
2021-05-16 18:48:06,217 - classify.py[line:166] - INFO: Epoch 0, toal_loss 50.8976, aver loss 0.4072, train accuracy 0.8535, test accuracy 0.8636
2021-05-16 18:48:08,412 - classify.py[line:166] - INFO: Epoch 1, toal_loss 42.9437, aver loss 0.1718, train accuracy 0.8661, test accuracy 0.8448
2021-05-16 18:48:10,217 - classify.py[line:166] - INFO: Epoch 2, toal_loss 41.6181, aver loss 0.1110, train accuracy 0.8696, test accuracy 0.8561
2021-05-16 18:48:12,035 - classify.py[line:166] - INFO: Epoch 3, toal_loss 40.2639, aver loss 0.0805, train accuracy 0.8741, test accuracy 0.8423
2021-05-16 18:48:13,816 - classify.py[line:166] - INFO: Epoch 4, toal_loss 39.5562, aver loss 0.0633, train accuracy 0.8757, test accuracy 0.8586
2021-05-16 18:48:15,723 - classify.py[line:166] - INFO: Epoch 5, toal_loss 38.8644, aver loss 0.0518, train accuracy 0.8754, test accuracy 0.8811
2021-05-16 18:48:17,509 - classify.py[line:166] - INFO: Epoch 6, toal_loss 38.7860, aver loss 0.0443, train accuracy 0.8769, test accuracy 0.8523
2021-05-16 18:48:19,306 - classify.py[line:166] - INFO: Epoch 7, toal_loss 38.1264, aver loss 0.0381, train accuracy 0.8770, test accuracy 0.8548
2021-05-16 18:48:21,099 - classify.py[line:166] - INFO: Epoch 8, toal_loss 37.0939, aver loss 0.0330, train accuracy 0.8815, test accuracy 0.8473
2021-05-16 18:48:23,285 - classify.py[line:166] - INFO: Epoch 9, toal_loss 36.7782, aver loss 0.0294, train accuracy 0.8830, test accuracy 0.8661
2021-05-16 18:48:25,225 - classify.py[line:166] - INFO: Epoch 10, toal_loss 36.4147, aver loss 0.0265, train accuracy 0.8867, test accuracy 0.8548
2021-05-16 18:48:27,040 - classify.py[line:166] - INFO: Epoch 11, toal_loss 36.4248, aver loss 0.0243, train accuracy 0.8841, test accuracy 0.8673
2021-05-16 18:48:28,862 - classify.py[line:166] - INFO: Epoch 12, toal_loss 35.5345, aver loss 0.0219, train accuracy 0.8871, test accuracy 0.8461
2021-05-16 18:48:30,636 - classify.py[line:166] - INFO: Epoch 13, toal_loss 35.4479, aver loss 0.0203, train accuracy 0.8871, test accuracy 0.8548
2021-05-16 18:48:32,449 - classify.py[line:166] - INFO: Epoch 14, toal_loss 35.3465, aver loss 0.0189, train accuracy 0.8932, test accuracy 0.8598
2021-05-16 18:48:34,165 - classify.py[line:166] - INFO: Epoch 15, toal_loss 35.0657, aver loss 0.0175, train accuracy 0.8920, test accuracy 0.8661
2021-05-16 18:48:36,173 - classify.py[line:166] - INFO: Epoch 16, toal_loss 34.9299, aver loss 0.0164, train accuracy 0.8914, test accuracy 0.8461
2021-05-16 18:48:38,539 - classify.py[line:166] - INFO: Epoch 17, toal_loss 34.1502, aver loss 0.0152, train accuracy 0.8917, test accuracy 0.8611
2021-05-16 18:48:40,344 - classify.py[line:166] - INFO: Epoch 18, toal_loss 34.3892, aver loss 0.0145, train accuracy 0.8924, test accuracy 0.8623
2021-05-16 18:48:42,098 - classify.py[line:166] - INFO: Epoch 19, toal_loss 33.8667, aver loss 0.0135, train accuracy 0.8952, test accuracy 0.8723
2021-05-16 18:48:43,884 - classify.py[line:166] - INFO: Epoch 20, toal_loss 33.9690, aver loss 0.0129, train accuracy 0.8995, test accuracy 0.8661
2021-05-16 18:48:45,704 - classify.py[line:166] - INFO: Epoch 21, toal_loss 33.6339, aver loss 0.0122, train accuracy 0.8970, test accuracy 0.8548
2021-05-16 18:48:47,508 - classify.py[line:166] - INFO: Epoch 22, toal_loss 33.2978, aver loss 0.0116, train accuracy 0.8964, test accuracy 0.8586
2021-05-16 18:48:49,299 - classify.py[line:166] - INFO: Epoch 23, toal_loss 34.1035, aver loss 0.0114, train accuracy 0.8976, test accuracy 0.8598
2021-05-16 18:48:51,063 - classify.py[line:166] - INFO: Epoch 24, toal_loss 33.2966, aver loss 0.0107, train accuracy 0.8976, test accuracy 0.8636
2021-05-16 18:48:52,835 - classify.py[line:166] - INFO: Epoch 25, toal_loss 33.2587, aver loss 0.0102, train accuracy 0.8984, test accuracy 0.8536
2021-05-16 18:48:55,092 - classify.py[line:166] - INFO: Epoch 26, toal_loss 33.0716, aver loss 0.0098, train accuracy 0.8991, test accuracy 0.8636
2021-05-16 18:48:56,915 - classify.py[line:166] - INFO: Epoch 27, toal_loss 32.5825, aver loss 0.0093, train accuracy 0.8985, test accuracy 0.8511
2021-05-16 18:48:58,711 - classify.py[line:166] - INFO: Epoch 28, toal_loss 33.4318, aver loss 0.0092, train accuracy 0.8985, test accuracy 0.8486
2021-05-16 18:49:00,528 - classify.py[line:166] - INFO: Epoch 29, toal_loss 32.6020, aver loss 0.0087, train accuracy 0.8956, test accuracy 0.8648
2021-05-16 18:49:02,431 - classify.py[line:166] - INFO: Epoch 30, toal_loss 32.2711, aver loss 0.0083, train accuracy 0.8985, test accuracy 0.8536
2021-05-16 18:49:04,165 - classify.py[line:166] - INFO: Epoch 31, toal_loss 31.6672, aver loss 0.0079, train accuracy 0.9022, test accuracy 0.8511
2021-05-16 18:49:06,133 - classify.py[line:166] - INFO: Epoch 32, toal_loss 32.1139, aver loss 0.0078, train accuracy 0.8977, test accuracy 0.8686
2021-05-16 18:49:07,863 - classify.py[line:166] - INFO: Epoch 33, toal_loss 32.1618, aver loss 0.0076, train accuracy 0.9020, test accuracy 0.8623
2021-05-16 18:49:09,671 - classify.py[line:166] - INFO: Epoch 34, toal_loss 31.3370, aver loss 0.0072, train accuracy 0.9009, test accuracy 0.8536
2021-05-16 18:49:11,451 - classify.py[line:166] - INFO: Epoch 35, toal_loss 32.5849, aver loss 0.0072, train accuracy 0.9001, test accuracy 0.8798
2021-05-16 18:49:13,195 - classify.py[line:166] - INFO: Epoch 36, toal_loss 31.8353, aver loss 0.0069, train accuracy 0.9022, test accuracy 0.8623
2021-05-16 18:49:14,979 - classify.py[line:166] - INFO: Epoch 37, toal_loss 31.6310, aver loss 0.0067, train accuracy 0.8990, test accuracy 0.8748
2021-05-16 18:49:16,758 - classify.py[line:166] - INFO: Epoch 38, toal_loss 31.1487, aver loss 0.0064, train accuracy 0.9006, test accuracy 0.8573
2021-05-16 18:49:18,555 - classify.py[line:166] - INFO: Epoch 39, toal_loss 31.3308, aver loss 0.0063, train accuracy 0.9012, test accuracy 0.8598
2021-05-16 18:49:20,297 - classify.py[line:166] - INFO: Epoch 40, toal_loss 31.2500, aver loss 0.0061, train accuracy 0.9037, test accuracy 0.8511
2021-05-16 18:49:22,056 - classify.py[line:166] - INFO: Epoch 41, toal_loss 31.1134, aver loss 0.0059, train accuracy 0.9012, test accuracy 0.8486
2021-05-16 18:49:23,843 - classify.py[line:166] - INFO: Epoch 42, toal_loss 31.0264, aver loss 0.0058, train accuracy 0.9052, test accuracy 0.8573
2021-05-16 18:49:25,572 - classify.py[line:166] - INFO: Epoch 43, toal_loss 31.0919, aver loss 0.0057, train accuracy 0.9022, test accuracy 0.8498
2021-05-16 18:49:27,341 - classify.py[line:166] - INFO: Epoch 44, toal_loss 31.0924, aver loss 0.0055, train accuracy 0.9057, test accuracy 0.8473
2021-05-16 18:49:29,098 - classify.py[line:166] - INFO: Epoch 45, toal_loss 30.2179, aver loss 0.0053, train accuracy 0.9034, test accuracy 0.8636
2021-05-16 18:49:30,873 - classify.py[line:166] - INFO: Epoch 46, toal_loss 30.4111, aver loss 0.0052, train accuracy 0.9066, test accuracy 0.8686
2021-05-16 18:49:32,605 - classify.py[line:166] - INFO: Epoch 47, toal_loss 30.4386, aver loss 0.0051, train accuracy 0.9052, test accuracy 0.8824
2021-05-16 18:49:34,359 - classify.py[line:166] - INFO: Epoch 48, toal_loss 30.5492, aver loss 0.0050, train accuracy 0.9025, test accuracy 0.8736
2021-05-16 18:49:36,052 - classify.py[line:166] - INFO: Epoch 49, toal_loss 30.0782, aver loss 0.0048, train accuracy 0.9065, test accuracy 0.8723
2021-05-16 18:49:37,827 - classify.py[line:166] - INFO: Epoch 50, toal_loss 29.5254, aver loss 0.0046, train accuracy 0.9057, test accuracy 0.8523
2021-05-16 18:49:39,567 - classify.py[line:166] - INFO: Epoch 51, toal_loss 29.7740, aver loss 0.0046, train accuracy 0.9065, test accuracy 0.8486
2021-05-16 18:49:41,387 - classify.py[line:166] - INFO: Epoch 52, toal_loss 30.4945, aver loss 0.0046, train accuracy 0.9079, test accuracy 0.8573
2021-05-16 18:49:43,081 - classify.py[line:166] - INFO: Epoch 53, toal_loss 29.7275, aver loss 0.0044, train accuracy 0.9081, test accuracy 0.8698
2021-05-16 18:49:44,831 - classify.py[line:166] - INFO: Epoch 54, toal_loss 30.5356, aver loss 0.0044, train accuracy 0.9104, test accuracy 0.8673
2021-05-16 18:49:46,543 - classify.py[line:166] - INFO: Epoch 55, toal_loss 30.0912, aver loss 0.0043, train accuracy 0.9035, test accuracy 0.8561
2021-05-16 18:49:48,312 - classify.py[line:166] - INFO: Epoch 56, toal_loss 29.7834, aver loss 0.0042, train accuracy 0.9091, test accuracy 0.8573
2021-05-16 18:49:50,052 - classify.py[line:166] - INFO: Epoch 57, toal_loss 29.5076, aver loss 0.0041, train accuracy 0.9082, test accuracy 0.8686
2021-05-16 18:49:51,773 - classify.py[line:166] - INFO: Epoch 58, toal_loss 29.9290, aver loss 0.0041, train accuracy 0.9070, test accuracy 0.8623
2021-05-16 18:49:53,541 - classify.py[line:166] - INFO: Epoch 59, toal_loss 29.6657, aver loss 0.0040, train accuracy 0.9044, test accuracy 0.8511
2021-05-16 18:49:55,309 - classify.py[line:166] - INFO: Epoch 60, toal_loss 29.1579, aver loss 0.0038, train accuracy 0.9106, test accuracy 0.8661
2021-05-16 18:49:57,024 - classify.py[line:166] - INFO: Epoch 61, toal_loss 29.5449, aver loss 0.0038, train accuracy 0.9077, test accuracy 0.8586
2021-05-16 18:49:58,873 - classify.py[line:166] - INFO: Epoch 62, toal_loss 29.7362, aver loss 0.0038, train accuracy 0.9104, test accuracy 0.8536
2021-05-16 18:50:00,641 - classify.py[line:166] - INFO: Epoch 63, toal_loss 29.2957, aver loss 0.0037, train accuracy 0.9102, test accuracy 0.8523
2021-05-16 18:50:02,436 - classify.py[line:166] - INFO: Epoch 64, toal_loss 29.1938, aver loss 0.0036, train accuracy 0.9112, test accuracy 0.8611
2021-05-16 18:50:04,261 - classify.py[line:166] - INFO: Epoch 65, toal_loss 28.9437, aver loss 0.0035, train accuracy 0.9079, test accuracy 0.8448
2021-05-16 18:50:05,989 - classify.py[line:166] - INFO: Epoch 66, toal_loss 29.3358, aver loss 0.0035, train accuracy 0.9102, test accuracy 0.8611
2021-05-16 18:50:07,757 - classify.py[line:166] - INFO: Epoch 67, toal_loss 29.4680, aver loss 0.0035, train accuracy 0.9087, test accuracy 0.8486
2021-05-16 18:50:09,544 - classify.py[line:166] - INFO: Epoch 68, toal_loss 28.8573, aver loss 0.0033, train accuracy 0.9136, test accuracy 0.8586
2021-05-16 18:50:11,221 - classify.py[line:166] - INFO: Epoch 69, toal_loss 28.7011, aver loss 0.0033, train accuracy 0.9112, test accuracy 0.8498
2021-05-16 18:50:12,971 - classify.py[line:166] - INFO: Epoch 70, toal_loss 28.5722, aver loss 0.0032, train accuracy 0.9072, test accuracy 0.8598
2021-05-16 18:50:14,771 - classify.py[line:166] - INFO: Epoch 71, toal_loss 28.6137, aver loss 0.0032, train accuracy 0.9114, test accuracy 0.8611
2021-05-16 18:50:16,463 - classify.py[line:166] - INFO: Epoch 72, toal_loss 28.7980, aver loss 0.0032, train accuracy 0.9119, test accuracy 0.8548
2021-05-16 18:50:18,231 - classify.py[line:166] - INFO: Epoch 73, toal_loss 28.5105, aver loss 0.0031, train accuracy 0.9111, test accuracy 0.8598
2021-05-16 18:50:20,059 - classify.py[line:166] - INFO: Epoch 74, toal_loss 28.3056, aver loss 0.0030, train accuracy 0.9130, test accuracy 0.8561
2021-05-16 18:50:22,597 - classify.py[line:166] - INFO: Epoch 75, toal_loss 28.8418, aver loss 0.0030, train accuracy 0.9140, test accuracy 0.8586
2021-05-16 18:50:24,761 - classify.py[line:166] - INFO: Epoch 76, toal_loss 28.3622, aver loss 0.0029, train accuracy 0.9084, test accuracy 0.8511
2021-05-16 18:50:26,496 - classify.py[line:166] - INFO: Epoch 77, toal_loss 28.6481, aver loss 0.0029, train accuracy 0.9106, test accuracy 0.8398
2021-05-16 18:50:28,230 - classify.py[line:166] - INFO: Epoch 78, toal_loss 28.2854, aver loss 0.0029, train accuracy 0.9090, test accuracy 0.8511
2021-05-16 18:50:30,003 - classify.py[line:166] - INFO: Epoch 79, toal_loss 28.3302, aver loss 0.0028, train accuracy 0.9092, test accuracy 0.8498
