2021-05-20 15:45:37,804 - classify.py[line:68] - INFO: Namespace(batch_size=64, dataset='IMDB', epoch=30, gpu=1, l2=0.0001, lr=0.0001, modelfilename='110_Epoch_20_model_1_12_0.752.pt', modelname='TextCNN', modelnum=0, resultnum=110, seed=1, use_aug=1)
2021-05-20 15:45:52,199 - classify.py[line:122] - INFO: {'word_embedding_dimension': 300, 'Epoch1': 13, 'Epoch2': 10, 'dropout': 0.1, 'label_num': 2, 'learning_rate1': 0.0005, 'learning_rate2': 1e-05, 'batch_size': 64, 'cuda': True, 'negSampleNum': 12, 'poSampleNum': 1, 'max_bound': 0.8, 'kernel_sizes': [3, 4, 5], 'hidden_size': 256, 'hidden_layers': 1, 'bidirectional': True}
2021-05-20 15:45:52,661 - classify.py[line:140] - INFO: before training: 0.7390000224113464
2021-05-20 15:45:52,661 - classify.py[line:154] - INFO: ...start training...
2021-05-20 15:45:53,209 - classify.py[line:184] - INFO: Epoch 0, toal_loss 3.5170, aver loss 0.8793, train accuracy 0.8561, train auc 0.0000, test accuracy 0.7540, test auc 0.0000
2021-05-20 15:45:53,718 - classify.py[line:184] - INFO: Epoch 1, toal_loss 3.4640, aver loss 0.4330, train accuracy 0.8671, train auc 0.0000, test accuracy 0.7570, test auc 0.0000
2021-05-20 15:45:54,222 - classify.py[line:184] - INFO: Epoch 2, toal_loss 3.2820, aver loss 0.2735, train accuracy 0.8631, train auc 0.0000, test accuracy 0.7460, test auc 0.0000
2021-05-20 15:45:54,734 - classify.py[line:184] - INFO: Epoch 3, toal_loss 3.0221, aver loss 0.1889, train accuracy 0.8467, train auc 0.0000, test accuracy 0.7580, test auc 0.0000
2021-05-20 15:45:55,241 - classify.py[line:184] - INFO: Epoch 4, toal_loss 2.6888, aver loss 0.1344, train accuracy 0.8600, train auc 0.0000, test accuracy 0.7555, test auc 0.0000
2021-05-20 15:45:55,759 - classify.py[line:184] - INFO: Epoch 5, toal_loss 2.6801, aver loss 0.1117, train accuracy 0.8561, train auc 0.0000, test accuracy 0.7535, test auc 0.0000
2021-05-20 15:45:56,327 - classify.py[line:184] - INFO: Epoch 6, toal_loss 2.4585, aver loss 0.0878, train accuracy 0.8800, train auc 0.0000, test accuracy 0.7525, test auc 0.0000
2021-05-20 15:45:56,853 - classify.py[line:184] - INFO: Epoch 7, toal_loss 2.5804, aver loss 0.0806, train accuracy 0.8800, train auc 0.0000, test accuracy 0.7500, test auc 0.0000
2021-05-20 15:45:57,390 - classify.py[line:184] - INFO: Epoch 8, toal_loss 2.2633, aver loss 0.0629, train accuracy 0.8882, train auc 0.0000, test accuracy 0.7550, test auc 0.0000
2021-05-20 15:45:57,900 - classify.py[line:184] - INFO: Epoch 9, toal_loss 1.9850, aver loss 0.0496, train accuracy 0.8886, train auc 0.0000, test accuracy 0.7600, test auc 0.0000
2021-05-20 15:45:58,620 - classify.py[line:184] - INFO: Epoch 10, toal_loss 1.8777, aver loss 0.0427, train accuracy 0.8917, train auc 0.0000, test accuracy 0.7555, test auc 0.0000
2021-05-20 15:45:59,319 - classify.py[line:184] - INFO: Epoch 11, toal_loss 1.8042, aver loss 0.0376, train accuracy 0.8796, train auc 0.0000, test accuracy 0.7585, test auc 0.0000
2021-05-20 15:45:59,932 - classify.py[line:184] - INFO: Epoch 12, toal_loss 1.6513, aver loss 0.0318, train accuracy 0.8866, train auc 0.0000, test accuracy 0.7625, test auc 0.0000
2021-05-20 15:46:00,453 - classify.py[line:184] - INFO: Epoch 13, toal_loss 1.5936, aver loss 0.0285, train accuracy 0.9203, train auc 0.0000, test accuracy 0.7610, test auc 0.0000
2021-05-20 15:46:00,965 - classify.py[line:184] - INFO: Epoch 14, toal_loss 1.4537, aver loss 0.0242, train accuracy 0.9203, train auc 0.0000, test accuracy 0.7645, test auc 0.0000
2021-05-20 15:46:01,481 - classify.py[line:184] - INFO: Epoch 15, toal_loss 1.3620, aver loss 0.0213, train accuracy 0.9277, train auc 0.0000, test accuracy 0.7665, test auc 0.0000
2021-05-20 15:46:01,999 - classify.py[line:184] - INFO: Epoch 16, toal_loss 1.3259, aver loss 0.0195, train accuracy 0.9133, train auc 0.0000, test accuracy 0.7710, test auc 0.0000
2021-05-20 15:46:02,538 - classify.py[line:184] - INFO: Epoch 17, toal_loss 1.2357, aver loss 0.0172, train accuracy 0.9159, train auc 0.0000, test accuracy 0.7745, test auc 0.0000
2021-05-20 15:46:03,056 - classify.py[line:184] - INFO: Epoch 18, toal_loss 1.1859, aver loss 0.0156, train accuracy 0.9285, train auc 0.0000, test accuracy 0.7750, test auc 0.0000
2021-05-20 15:46:03,567 - classify.py[line:184] - INFO: Epoch 19, toal_loss 1.0170, aver loss 0.0127, train accuracy 0.9398, train auc 0.0000, test accuracy 0.7845, test auc 0.0000
2021-05-20 15:46:04,088 - classify.py[line:184] - INFO: Epoch 20, toal_loss 1.1419, aver loss 0.0136, train accuracy 0.9476, train auc 0.0000, test accuracy 0.7695, test auc 0.0000
2021-05-20 15:46:04,614 - classify.py[line:184] - INFO: Epoch 21, toal_loss 0.8522, aver loss 0.0097, train accuracy 0.9316, train auc 0.0000, test accuracy 0.7840, test auc 0.0000
2021-05-20 15:46:05,131 - classify.py[line:184] - INFO: Epoch 22, toal_loss 0.9104, aver loss 0.0099, train accuracy 0.9445, train auc 0.0000, test accuracy 0.7795, test auc 0.0000
2021-05-20 15:46:05,683 - classify.py[line:184] - INFO: Epoch 23, toal_loss 0.8743, aver loss 0.0091, train accuracy 0.9398, train auc 0.0000, test accuracy 0.7725, test auc 0.0000
2021-05-20 15:46:06,204 - classify.py[line:184] - INFO: Epoch 24, toal_loss 0.7414, aver loss 0.0074, train accuracy 0.9433, train auc 0.0000, test accuracy 0.7825, test auc 0.0000
2021-05-20 15:46:06,720 - classify.py[line:184] - INFO: Epoch 25, toal_loss 0.8615, aver loss 0.0083, train accuracy 0.9562, train auc 0.0000, test accuracy 0.7835, test auc 0.0000
2021-05-20 15:46:07,238 - classify.py[line:184] - INFO: Epoch 26, toal_loss 0.7194, aver loss 0.0067, train accuracy 0.9519, train auc 0.0000, test accuracy 0.7790, test auc 0.0000
2021-05-20 15:46:07,762 - classify.py[line:184] - INFO: Epoch 27, toal_loss 0.7416, aver loss 0.0066, train accuracy 0.9558, train auc 0.0000, test accuracy 0.7865, test auc 0.0000
2021-05-20 15:46:08,283 - classify.py[line:184] - INFO: Epoch 28, toal_loss 0.6965, aver loss 0.0060, train accuracy 0.9597, train auc 0.0000, test accuracy 0.7775, test auc 0.0000
2021-05-20 15:46:08,790 - classify.py[line:184] - INFO: Epoch 29, toal_loss 0.6791, aver loss 0.0057, train accuracy 0.9558, train auc 0.0000, test accuracy 0.7880, test auc 0.0000
2021-05-20 15:46:10,597 - classify.py[line:122] - INFO: {'word_embedding_dimension': 300, 'Epoch1': 13, 'Epoch2': 10, 'dropout': 0.1, 'label_num': 2, 'learning_rate1': 0.0005, 'learning_rate2': 1e-05, 'batch_size': 64, 'cuda': True, 'negSampleNum': 12, 'poSampleNum': 1, 'max_bound': 0.8, 'kernel_sizes': [3, 4, 5], 'hidden_size': 256, 'hidden_layers': 1, 'bidirectional': True}
2021-05-20 15:46:10,783 - classify.py[line:140] - INFO: before training: 0.7355000376701355
2021-05-20 15:46:10,783 - classify.py[line:154] - INFO: ...start training...
2021-05-20 15:46:11,736 - classify.py[line:184] - INFO: Epoch 0, toal_loss 6.2669, aver loss 0.7834, train accuracy 0.8801, train auc 0.0000, test accuracy 0.7535, test auc 0.0000
2021-05-20 15:46:12,677 - classify.py[line:184] - INFO: Epoch 1, toal_loss 5.3109, aver loss 0.3319, train accuracy 0.8807, train auc 0.0000, test accuracy 0.7485, test auc 0.0000
2021-05-20 15:46:13,601 - classify.py[line:184] - INFO: Epoch 2, toal_loss 4.6674, aver loss 0.1945, train accuracy 0.8812, train auc 0.0000, test accuracy 0.7540, test auc 0.0000
2021-05-20 15:46:14,537 - classify.py[line:184] - INFO: Epoch 3, toal_loss 4.5192, aver loss 0.1412, train accuracy 0.8807, train auc 0.0000, test accuracy 0.7590, test auc 0.0000
2021-05-20 15:46:15,473 - classify.py[line:184] - INFO: Epoch 4, toal_loss 4.1299, aver loss 0.1032, train accuracy 0.8918, train auc 0.0000, test accuracy 0.7595, test auc 0.0000
2021-05-20 15:46:16,397 - classify.py[line:184] - INFO: Epoch 5, toal_loss 3.8503, aver loss 0.0802, train accuracy 0.8933, train auc 0.0000, test accuracy 0.7475, test auc 0.0000
2021-05-20 15:46:17,334 - classify.py[line:184] - INFO: Epoch 6, toal_loss 3.3659, aver loss 0.0601, train accuracy 0.8953, train auc 0.0000, test accuracy 0.7625, test auc 0.0000
2021-05-20 15:46:18,296 - classify.py[line:184] - INFO: Epoch 7, toal_loss 3.3205, aver loss 0.0519, train accuracy 0.8876, train auc 0.0000, test accuracy 0.7650, test auc 0.0000
2021-05-20 15:46:19,229 - classify.py[line:184] - INFO: Epoch 8, toal_loss 2.9770, aver loss 0.0413, train accuracy 0.9011, train auc 0.0000, test accuracy 0.7640, test auc 0.0000
2021-05-20 15:46:20,153 - classify.py[line:184] - INFO: Epoch 9, toal_loss 2.5879, aver loss 0.0323, train accuracy 0.8983, train auc 0.0000, test accuracy 0.7795, test auc 0.0000
2021-05-20 15:46:21,082 - classify.py[line:184] - INFO: Epoch 10, toal_loss 2.5922, aver loss 0.0295, train accuracy 0.9105, train auc 0.0000, test accuracy 0.7695, test auc 0.0000
2021-05-20 15:46:22,054 - classify.py[line:184] - INFO: Epoch 11, toal_loss 2.6028, aver loss 0.0271, train accuracy 0.9050, train auc 0.0000, test accuracy 0.7740, test auc 0.0000
2021-05-20 15:46:22,972 - classify.py[line:184] - INFO: Epoch 12, toal_loss 2.5294, aver loss 0.0243, train accuracy 0.9231, train auc 0.0000, test accuracy 0.7795, test auc 0.0000
2021-05-20 15:46:23,896 - classify.py[line:184] - INFO: Epoch 13, toal_loss 2.0353, aver loss 0.0182, train accuracy 0.9270, train auc 0.0000, test accuracy 0.7860, test auc 0.0000
2021-05-20 15:46:24,816 - classify.py[line:184] - INFO: Epoch 14, toal_loss 2.0686, aver loss 0.0172, train accuracy 0.9352, train auc 0.0000, test accuracy 0.7815, test auc 0.0000
2021-05-20 15:46:25,766 - classify.py[line:184] - INFO: Epoch 15, toal_loss 1.9443, aver loss 0.0152, train accuracy 0.9285, train auc 0.0000, test accuracy 0.7905, test auc 0.0000
2021-05-20 15:46:26,740 - classify.py[line:184] - INFO: Epoch 16, toal_loss 1.8863, aver loss 0.0139, train accuracy 0.9465, train auc 0.0000, test accuracy 0.7945, test auc 0.0000
2021-05-20 15:46:27,794 - classify.py[line:184] - INFO: Epoch 17, toal_loss 1.7558, aver loss 0.0122, train accuracy 0.9270, train auc 0.0000, test accuracy 0.7850, test auc 0.0000
2021-05-20 15:46:28,821 - classify.py[line:184] - INFO: Epoch 18, toal_loss 1.7143, aver loss 0.0113, train accuracy 0.9411, train auc 0.0000, test accuracy 0.7935, test auc 0.0000
2021-05-20 15:46:29,954 - classify.py[line:184] - INFO: Epoch 19, toal_loss 1.5438, aver loss 0.0096, train accuracy 0.9498, train auc 0.0000, test accuracy 0.7875, test auc 0.0000
2021-05-20 15:46:30,962 - classify.py[line:184] - INFO: Epoch 20, toal_loss 1.5285, aver loss 0.0091, train accuracy 0.9450, train auc 0.0000, test accuracy 0.7955, test auc 0.0000
2021-05-20 15:46:32,046 - classify.py[line:184] - INFO: Epoch 21, toal_loss 1.4560, aver loss 0.0083, train accuracy 0.9202, train auc 0.0000, test accuracy 0.7830, test auc 0.0000
2021-05-20 15:46:33,122 - classify.py[line:184] - INFO: Epoch 22, toal_loss 1.5250, aver loss 0.0083, train accuracy 0.9572, train auc 0.0000, test accuracy 0.7855, test auc 0.0000
2021-05-20 15:46:34,155 - classify.py[line:184] - INFO: Epoch 23, toal_loss 1.4528, aver loss 0.0076, train accuracy 0.9513, train auc 0.0000, test accuracy 0.8080, test auc 0.0000
2021-05-20 15:46:35,183 - classify.py[line:184] - INFO: Epoch 24, toal_loss 1.4257, aver loss 0.0071, train accuracy 0.9537, train auc 0.0000, test accuracy 0.7905, test auc 0.0000
2021-05-20 15:46:36,136 - classify.py[line:184] - INFO: Epoch 25, toal_loss 1.4025, aver loss 0.0067, train accuracy 0.9644, train auc 0.0000, test accuracy 0.7980, test auc 0.0000
2021-05-20 15:46:37,094 - classify.py[line:184] - INFO: Epoch 26, toal_loss 1.3058, aver loss 0.0060, train accuracy 0.9489, train auc 0.0000, test accuracy 0.7985, test auc 0.0000
2021-05-20 15:46:38,049 - classify.py[line:184] - INFO: Epoch 27, toal_loss 1.2623, aver loss 0.0056, train accuracy 0.9703, train auc 0.0000, test accuracy 0.8020, test auc 0.0000
2021-05-20 15:46:39,036 - classify.py[line:184] - INFO: Epoch 28, toal_loss 1.2626, aver loss 0.0054, train accuracy 0.9635, train auc 0.0000, test accuracy 0.7980, test auc 0.0000
2021-05-20 15:46:40,010 - classify.py[line:184] - INFO: Epoch 29, toal_loss 1.1649, aver loss 0.0049, train accuracy 0.9698, train auc 0.0000, test accuracy 0.7935, test auc 0.0000
2021-05-20 15:46:41,714 - classify.py[line:122] - INFO: {'word_embedding_dimension': 300, 'Epoch1': 13, 'Epoch2': 10, 'dropout': 0.1, 'label_num': 2, 'learning_rate1': 0.0005, 'learning_rate2': 1e-05, 'batch_size': 64, 'cuda': True, 'negSampleNum': 12, 'poSampleNum': 1, 'max_bound': 0.8, 'kernel_sizes': [3, 4, 5], 'hidden_size': 256, 'hidden_layers': 1, 'bidirectional': True}
2021-05-20 15:46:41,876 - classify.py[line:140] - INFO: before training: 0.753000020980835
2021-05-20 15:46:41,876 - classify.py[line:154] - INFO: ...start training...
2021-05-20 15:46:43,629 - classify.py[line:184] - INFO: Epoch 0, toal_loss 14.8894, aver loss 0.9306, train accuracy 0.8393, train auc 0.0000, test accuracy 0.7470, test auc 0.0000
2021-05-20 15:46:45,347 - classify.py[line:184] - INFO: Epoch 1, toal_loss 12.2829, aver loss 0.3838, train accuracy 0.8602, train auc 0.0000, test accuracy 0.7525, test auc 0.0000
2021-05-20 15:46:46,990 - classify.py[line:184] - INFO: Epoch 2, toal_loss 10.4711, aver loss 0.2181, train accuracy 0.8521, train auc 0.0000, test accuracy 0.7610, test auc 0.0000
2021-05-20 15:46:48,654 - classify.py[line:184] - INFO: Epoch 3, toal_loss 8.6206, aver loss 0.1347, train accuracy 0.8574, train auc 0.0000, test accuracy 0.7725, test auc 0.0000
2021-05-20 15:46:50,615 - classify.py[line:184] - INFO: Epoch 4, toal_loss 7.0305, aver loss 0.0879, train accuracy 0.8740, train auc 0.0000, test accuracy 0.7770, test auc 0.0000
2021-05-20 15:46:52,766 - classify.py[line:184] - INFO: Epoch 5, toal_loss 6.5247, aver loss 0.0680, train accuracy 0.8705, train auc 0.0000, test accuracy 0.7905, test auc 0.0000
2021-05-20 15:46:55,023 - classify.py[line:184] - INFO: Epoch 6, toal_loss 5.7269, aver loss 0.0511, train accuracy 0.8770, train auc 0.0000, test accuracy 0.7965, test auc 0.0000
2021-05-20 15:46:56,841 - classify.py[line:184] - INFO: Epoch 7, toal_loss 5.3240, aver loss 0.0416, train accuracy 0.8850, train auc 0.0000, test accuracy 0.7895, test auc 0.0000
2021-05-20 15:46:58,543 - classify.py[line:184] - INFO: Epoch 8, toal_loss 4.7935, aver loss 0.0333, train accuracy 0.8934, train auc 0.0000, test accuracy 0.7950, test auc 0.0000
2021-05-20 15:47:00,162 - classify.py[line:184] - INFO: Epoch 9, toal_loss 4.6630, aver loss 0.0291, train accuracy 0.8990, train auc 0.0000, test accuracy 0.7955, test auc 0.0000
2021-05-20 15:47:01,829 - classify.py[line:184] - INFO: Epoch 10, toal_loss 4.5316, aver loss 0.0257, train accuracy 0.9080, train auc 0.0000, test accuracy 0.7970, test auc 0.0000
2021-05-20 15:47:03,449 - classify.py[line:184] - INFO: Epoch 11, toal_loss 4.4283, aver loss 0.0231, train accuracy 0.9055, train auc 0.0000, test accuracy 0.8075, test auc 0.0000
2021-05-20 15:47:05,041 - classify.py[line:184] - INFO: Epoch 12, toal_loss 3.9225, aver loss 0.0189, train accuracy 0.9127, train auc 0.0000, test accuracy 0.8060, test auc 0.0000
2021-05-20 15:47:06,691 - classify.py[line:184] - INFO: Epoch 13, toal_loss 4.2685, aver loss 0.0191, train accuracy 0.9234, train auc 0.0000, test accuracy 0.8060, test auc 0.0000
2021-05-20 15:47:08,368 - classify.py[line:184] - INFO: Epoch 14, toal_loss 3.9605, aver loss 0.0165, train accuracy 0.9191, train auc 0.0000, test accuracy 0.7910, test auc 0.0000
2021-05-20 15:47:09,972 - classify.py[line:184] - INFO: Epoch 15, toal_loss 3.7151, aver loss 0.0145, train accuracy 0.9307, train auc 0.0000, test accuracy 0.7950, test auc 0.0000
2021-05-20 15:47:11,561 - classify.py[line:184] - INFO: Epoch 16, toal_loss 3.6564, aver loss 0.0134, train accuracy 0.9262, train auc 0.0000, test accuracy 0.8065, test auc 0.0000
2021-05-20 15:47:13,215 - classify.py[line:184] - INFO: Epoch 17, toal_loss 3.6604, aver loss 0.0127, train accuracy 0.9473, train auc 0.0000, test accuracy 0.7975, test auc 0.0000
2021-05-20 15:47:15,285 - classify.py[line:184] - INFO: Epoch 18, toal_loss 3.4923, aver loss 0.0115, train accuracy 0.9387, train auc 0.0000, test accuracy 0.7990, test auc 0.0000
2021-05-20 15:47:16,905 - classify.py[line:184] - INFO: Epoch 19, toal_loss 3.3555, aver loss 0.0105, train accuracy 0.9436, train auc 0.0000, test accuracy 0.8005, test auc 0.0000
2021-05-20 15:47:18,589 - classify.py[line:184] - INFO: Epoch 20, toal_loss 3.0949, aver loss 0.0092, train accuracy 0.9385, train auc 0.0000, test accuracy 0.8115, test auc 0.0000
2021-05-20 15:47:20,235 - classify.py[line:184] - INFO: Epoch 21, toal_loss 3.5282, aver loss 0.0100, train accuracy 0.9523, train auc 0.0000, test accuracy 0.8050, test auc 0.0000
2021-05-20 15:47:21,926 - classify.py[line:184] - INFO: Epoch 22, toal_loss 3.4092, aver loss 0.0093, train accuracy 0.9469, train auc 0.0000, test accuracy 0.8000, test auc 0.0000
2021-05-20 15:47:23,582 - classify.py[line:184] - INFO: Epoch 23, toal_loss 3.1112, aver loss 0.0081, train accuracy 0.9467, train auc 0.0000, test accuracy 0.8015, test auc 0.0000
2021-05-20 15:47:25,256 - classify.py[line:184] - INFO: Epoch 24, toal_loss 3.0930, aver loss 0.0077, train accuracy 0.9555, train auc 0.0000, test accuracy 0.8115, test auc 0.0000
2021-05-20 15:47:27,045 - classify.py[line:184] - INFO: Epoch 25, toal_loss 2.8775, aver loss 0.0069, train accuracy 0.9443, train auc 0.0000, test accuracy 0.8005, test auc 0.0000
2021-05-20 15:47:28,706 - classify.py[line:184] - INFO: Epoch 26, toal_loss 2.9663, aver loss 0.0069, train accuracy 0.9506, train auc 0.0000, test accuracy 0.7890, test auc 0.0000
2021-05-20 15:47:30,386 - classify.py[line:184] - INFO: Epoch 27, toal_loss 2.7134, aver loss 0.0061, train accuracy 0.9445, train auc 0.0000, test accuracy 0.7950, test auc 0.0000
2021-05-20 15:47:32,082 - classify.py[line:184] - INFO: Epoch 28, toal_loss 2.9162, aver loss 0.0063, train accuracy 0.9506, train auc 0.0000, test accuracy 0.8045, test auc 0.0000
2021-05-20 15:47:33,730 - classify.py[line:184] - INFO: Epoch 29, toal_loss 2.7246, aver loss 0.0057, train accuracy 0.9668, train auc 0.0000, test accuracy 0.7955, test auc 0.0000
2021-05-20 15:47:35,372 - classify.py[line:122] - INFO: {'word_embedding_dimension': 300, 'Epoch1': 13, 'Epoch2': 10, 'dropout': 0.1, 'label_num': 2, 'learning_rate1': 0.0005, 'learning_rate2': 1e-05, 'batch_size': 64, 'cuda': True, 'negSampleNum': 12, 'poSampleNum': 1, 'max_bound': 0.8, 'kernel_sizes': [3, 4, 5], 'hidden_size': 256, 'hidden_layers': 1, 'bidirectional': True}
2021-05-20 15:47:35,534 - classify.py[line:140] - INFO: before training: 0.7480000257492065
2021-05-20 15:47:35,535 - classify.py[line:154] - INFO: ...start training...
2021-05-20 15:47:37,978 - classify.py[line:184] - INFO: Epoch 0, toal_loss 19.2427, aver loss 0.8018, train accuracy 0.8634, train auc 0.0000, test accuracy 0.7550, test auc 0.0000
2021-05-20 15:47:40,390 - classify.py[line:184] - INFO: Epoch 1, toal_loss 15.2861, aver loss 0.3185, train accuracy 0.8686, train auc 0.0000, test accuracy 0.7595, test auc 0.0000
2021-05-20 15:47:42,829 - classify.py[line:184] - INFO: Epoch 2, toal_loss 11.7658, aver loss 0.1634, train accuracy 0.8779, train auc 0.0000, test accuracy 0.7730, test auc 0.0000
2021-05-20 15:47:45,763 - classify.py[line:184] - INFO: Epoch 3, toal_loss 9.9860, aver loss 0.1040, train accuracy 0.8839, train auc 0.0000, test accuracy 0.7830, test auc 0.0000
2021-05-20 15:47:48,158 - classify.py[line:184] - INFO: Epoch 4, toal_loss 8.4058, aver loss 0.0700, train accuracy 0.8909, train auc 0.0000, test accuracy 0.7800, test auc 0.0000
2021-05-20 15:47:50,613 - classify.py[line:184] - INFO: Epoch 5, toal_loss 7.9100, aver loss 0.0549, train accuracy 0.8972, train auc 0.0000, test accuracy 0.7950, test auc 0.0000
2021-05-20 15:47:53,004 - classify.py[line:184] - INFO: Epoch 6, toal_loss 7.3083, aver loss 0.0435, train accuracy 0.8955, train auc 0.0000, test accuracy 0.8005, test auc 0.0000
2021-05-20 15:47:55,481 - classify.py[line:184] - INFO: Epoch 7, toal_loss 6.9287, aver loss 0.0361, train accuracy 0.9015, train auc 0.0000, test accuracy 0.7980, test auc 0.0000
2021-05-20 15:47:58,150 - classify.py[line:184] - INFO: Epoch 8, toal_loss 6.4643, aver loss 0.0299, train accuracy 0.9106, train auc 0.0000, test accuracy 0.8080, test auc 0.0000
2021-05-20 15:48:00,516 - classify.py[line:184] - INFO: Epoch 9, toal_loss 6.1854, aver loss 0.0258, train accuracy 0.9115, train auc 0.0000, test accuracy 0.8055, test auc 0.0000
2021-05-20 15:48:02,892 - classify.py[line:184] - INFO: Epoch 10, toal_loss 5.9020, aver loss 0.0224, train accuracy 0.9212, train auc 0.0000, test accuracy 0.8040, test auc 0.0000
2021-05-20 15:48:05,289 - classify.py[line:184] - INFO: Epoch 11, toal_loss 5.9228, aver loss 0.0206, train accuracy 0.9197, train auc 0.0000, test accuracy 0.8015, test auc 0.0000
2021-05-20 15:48:07,657 - classify.py[line:184] - INFO: Epoch 12, toal_loss 5.6766, aver loss 0.0182, train accuracy 0.9258, train auc 0.0000, test accuracy 0.8060, test auc 0.0000
2021-05-20 15:48:10,075 - classify.py[line:184] - INFO: Epoch 13, toal_loss 5.2868, aver loss 0.0157, train accuracy 0.9408, train auc 0.0000, test accuracy 0.8110, test auc 0.0000
2021-05-20 15:48:12,473 - classify.py[line:184] - INFO: Epoch 14, toal_loss 5.1979, aver loss 0.0144, train accuracy 0.9367, train auc 0.0000, test accuracy 0.8075, test auc 0.0000
2021-05-20 15:48:14,858 - classify.py[line:184] - INFO: Epoch 15, toal_loss 5.1181, aver loss 0.0133, train accuracy 0.9354, train auc 0.0000, test accuracy 0.8090, test auc 0.0000
2021-05-20 15:48:17,225 - classify.py[line:184] - INFO: Epoch 16, toal_loss 4.8805, aver loss 0.0120, train accuracy 0.9479, train auc 0.0000, test accuracy 0.8015, test auc 0.0000
2021-05-20 15:48:19,585 - classify.py[line:184] - INFO: Epoch 17, toal_loss 5.0473, aver loss 0.0117, train accuracy 0.9323, train auc 0.0000, test accuracy 0.8050, test auc 0.0000
2021-05-20 15:48:22,007 - classify.py[line:184] - INFO: Epoch 18, toal_loss 4.7688, aver loss 0.0105, train accuracy 0.9382, train auc 0.0000, test accuracy 0.8135, test auc 0.0000
2021-05-20 15:48:24,424 - classify.py[line:184] - INFO: Epoch 19, toal_loss 4.5363, aver loss 0.0095, train accuracy 0.9451, train auc 0.0000, test accuracy 0.8095, test auc 0.0000
2021-05-20 15:48:27,185 - classify.py[line:184] - INFO: Epoch 20, toal_loss 4.3889, aver loss 0.0087, train accuracy 0.9399, train auc 0.0000, test accuracy 0.8015, test auc 0.0000
2021-05-20 15:48:29,549 - classify.py[line:184] - INFO: Epoch 21, toal_loss 4.4260, aver loss 0.0084, train accuracy 0.9499, train auc 0.0000, test accuracy 0.8035, test auc 0.0000
2021-05-20 15:48:31,919 - classify.py[line:184] - INFO: Epoch 22, toal_loss 4.3039, aver loss 0.0078, train accuracy 0.9518, train auc 0.0000, test accuracy 0.8155, test auc 0.0000
2021-05-20 15:48:34,260 - classify.py[line:184] - INFO: Epoch 23, toal_loss 4.3801, aver loss 0.0076, train accuracy 0.9497, train auc 0.0000, test accuracy 0.8025, test auc 0.0000
2021-05-20 15:48:36,673 - classify.py[line:184] - INFO: Epoch 24, toal_loss 4.0598, aver loss 0.0068, train accuracy 0.9518, train auc 0.0000, test accuracy 0.8075, test auc 0.0000
2021-05-20 15:48:39,063 - classify.py[line:184] - INFO: Epoch 25, toal_loss 4.0425, aver loss 0.0065, train accuracy 0.9473, train auc 0.0000, test accuracy 0.7980, test auc 0.0000
2021-05-20 15:48:41,466 - classify.py[line:184] - INFO: Epoch 26, toal_loss 4.1544, aver loss 0.0064, train accuracy 0.9570, train auc 0.0000, test accuracy 0.8120, test auc 0.0000
2021-05-20 15:48:43,874 - classify.py[line:184] - INFO: Epoch 27, toal_loss 4.0392, aver loss 0.0060, train accuracy 0.9557, train auc 0.0000, test accuracy 0.8065, test auc 0.0000
2021-05-20 15:48:46,258 - classify.py[line:184] - INFO: Epoch 28, toal_loss 3.8245, aver loss 0.0055, train accuracy 0.9551, train auc 0.0000, test accuracy 0.8000, test auc 0.0000
2021-05-20 15:48:48,634 - classify.py[line:184] - INFO: Epoch 29, toal_loss 3.5180, aver loss 0.0049, train accuracy 0.9629, train auc 0.0000, test accuracy 0.8070, test auc 0.0000
2021-05-20 15:48:50,287 - classify.py[line:122] - INFO: {'word_embedding_dimension': 300, 'Epoch1': 13, 'Epoch2': 10, 'dropout': 0.1, 'label_num': 2, 'learning_rate1': 0.0005, 'learning_rate2': 1e-05, 'batch_size': 64, 'cuda': True, 'negSampleNum': 12, 'poSampleNum': 1, 'max_bound': 0.8, 'kernel_sizes': [3, 4, 5], 'hidden_size': 256, 'hidden_layers': 1, 'bidirectional': True}
2021-05-20 15:48:50,449 - classify.py[line:140] - INFO: before training: 0.7550000548362732
2021-05-20 15:48:50,449 - classify.py[line:154] - INFO: ...start training...
2021-05-20 15:48:53,538 - classify.py[line:184] - INFO: Epoch 0, toal_loss 25.1020, aver loss 0.7844, train accuracy 0.8599, train auc 0.0000, test accuracy 0.7575, test auc 0.0000
2021-05-20 15:48:56,604 - classify.py[line:184] - INFO: Epoch 1, toal_loss 18.5527, aver loss 0.2899, train accuracy 0.8687, train auc 0.0000, test accuracy 0.7715, test auc 0.0000
2021-05-20 15:48:59,683 - classify.py[line:184] - INFO: Epoch 2, toal_loss 14.5671, aver loss 0.1517, train accuracy 0.8667, train auc 0.0000, test accuracy 0.7865, test auc 0.0000
2021-05-20 15:49:02,968 - classify.py[line:184] - INFO: Epoch 3, toal_loss 12.5951, aver loss 0.0984, train accuracy 0.8745, train auc 0.0000, test accuracy 0.7870, test auc 0.0000
2021-05-20 15:49:06,177 - classify.py[line:184] - INFO: Epoch 4, toal_loss 11.4270, aver loss 0.0714, train accuracy 0.8862, train auc 0.0000, test accuracy 0.7880, test auc 0.0000
2021-05-20 15:49:09,359 - classify.py[line:184] - INFO: Epoch 5, toal_loss 10.5182, aver loss 0.0548, train accuracy 0.8857, train auc 0.0000, test accuracy 0.7940, test auc 0.0000
2021-05-20 15:49:12,764 - classify.py[line:184] - INFO: Epoch 6, toal_loss 9.7924, aver loss 0.0437, train accuracy 0.8970, train auc 0.0000, test accuracy 0.7940, test auc 0.0000
2021-05-20 15:49:16,436 - classify.py[line:184] - INFO: Epoch 7, toal_loss 9.6082, aver loss 0.0375, train accuracy 0.9102, train auc 0.0000, test accuracy 0.7990, test auc 0.0000
2021-05-20 15:49:19,649 - classify.py[line:184] - INFO: Epoch 8, toal_loss 8.9588, aver loss 0.0311, train accuracy 0.9126, train auc 0.0000, test accuracy 0.7960, test auc 0.0000
2021-05-20 15:49:23,396 - classify.py[line:184] - INFO: Epoch 9, toal_loss 8.6828, aver loss 0.0271, train accuracy 0.9121, train auc 0.0000, test accuracy 0.7985, test auc 0.0000
2021-05-20 15:49:26,767 - classify.py[line:184] - INFO: Epoch 10, toal_loss 8.2512, aver loss 0.0234, train accuracy 0.9253, train auc 0.0000, test accuracy 0.8150, test auc 0.0000
2021-05-20 15:49:30,261 - classify.py[line:184] - INFO: Epoch 11, toal_loss 7.9139, aver loss 0.0206, train accuracy 0.9233, train auc 0.0000, test accuracy 0.8140, test auc 0.0000
2021-05-20 15:49:33,584 - classify.py[line:184] - INFO: Epoch 12, toal_loss 8.3467, aver loss 0.0201, train accuracy 0.9180, train auc 0.0000, test accuracy 0.8105, test auc 0.0000
2021-05-20 15:49:36,809 - classify.py[line:184] - INFO: Epoch 13, toal_loss 7.4123, aver loss 0.0165, train accuracy 0.9253, train auc 0.0000, test accuracy 0.8140, test auc 0.0000
2021-05-20 15:49:40,640 - classify.py[line:184] - INFO: Epoch 14, toal_loss 7.2482, aver loss 0.0151, train accuracy 0.9243, train auc 0.0000, test accuracy 0.8175, test auc 0.0000
2021-05-20 15:49:43,939 - classify.py[line:184] - INFO: Epoch 15, toal_loss 7.3612, aver loss 0.0144, train accuracy 0.9365, train auc 0.0000, test accuracy 0.8110, test auc 0.0000
2021-05-20 15:49:47,096 - classify.py[line:184] - INFO: Epoch 16, toal_loss 6.9204, aver loss 0.0127, train accuracy 0.9331, train auc 0.0000, test accuracy 0.8045, test auc 0.0000
2021-05-20 15:49:50,285 - classify.py[line:184] - INFO: Epoch 17, toal_loss 7.4389, aver loss 0.0129, train accuracy 0.9316, train auc 0.0000, test accuracy 0.8125, test auc 0.0000
2021-05-20 15:49:53,991 - classify.py[line:184] - INFO: Epoch 18, toal_loss 6.9971, aver loss 0.0115, train accuracy 0.9326, train auc 0.0000, test accuracy 0.8080, test auc 0.0000
2021-05-20 15:49:57,395 - classify.py[line:184] - INFO: Epoch 19, toal_loss 6.7073, aver loss 0.0105, train accuracy 0.9326, train auc 0.0000, test accuracy 0.8210, test auc 0.0000
2021-05-20 15:50:00,691 - classify.py[line:184] - INFO: Epoch 20, toal_loss 6.5550, aver loss 0.0098, train accuracy 0.9414, train auc 0.0000, test accuracy 0.8170, test auc 0.0000
2021-05-20 15:50:03,802 - classify.py[line:184] - INFO: Epoch 21, toal_loss 6.6267, aver loss 0.0094, train accuracy 0.9438, train auc 0.0000, test accuracy 0.8055, test auc 0.0000
2021-05-20 15:50:06,924 - classify.py[line:184] - INFO: Epoch 22, toal_loss 6.1823, aver loss 0.0084, train accuracy 0.9370, train auc 0.0000, test accuracy 0.8170, test auc 0.0000
2021-05-20 15:50:10,037 - classify.py[line:184] - INFO: Epoch 23, toal_loss 6.3750, aver loss 0.0083, train accuracy 0.9497, train auc 0.0000, test accuracy 0.8175, test auc 0.0000
2021-05-20 15:50:13,124 - classify.py[line:184] - INFO: Epoch 24, toal_loss 6.0110, aver loss 0.0075, train accuracy 0.9512, train auc 0.0000, test accuracy 0.8195, test auc 0.0000
2021-05-20 15:50:16,259 - classify.py[line:184] - INFO: Epoch 25, toal_loss 5.8013, aver loss 0.0070, train accuracy 0.9424, train auc 0.0000, test accuracy 0.8235, test auc 0.0000
2021-05-20 15:50:19,557 - classify.py[line:184] - INFO: Epoch 26, toal_loss 5.7709, aver loss 0.0067, train accuracy 0.9512, train auc 0.0000, test accuracy 0.8155, test auc 0.0000
2021-05-20 15:50:22,830 - classify.py[line:184] - INFO: Epoch 27, toal_loss 5.5551, aver loss 0.0062, train accuracy 0.9502, train auc 0.0000, test accuracy 0.8130, test auc 0.0000
2021-05-20 15:50:26,439 - classify.py[line:184] - INFO: Epoch 28, toal_loss 5.6911, aver loss 0.0061, train accuracy 0.9463, train auc 0.0000, test accuracy 0.8100, test auc 0.0000
2021-05-20 15:50:29,539 - classify.py[line:184] - INFO: Epoch 29, toal_loss 5.6170, aver loss 0.0059, train accuracy 0.9536, train auc 0.0000, test accuracy 0.8180, test auc 0.0000
2021-05-20 15:50:31,199 - classify.py[line:122] - INFO: {'word_embedding_dimension': 300, 'Epoch1': 13, 'Epoch2': 10, 'dropout': 0.1, 'label_num': 2, 'learning_rate1': 0.0005, 'learning_rate2': 1e-05, 'batch_size': 64, 'cuda': True, 'negSampleNum': 12, 'poSampleNum': 1, 'max_bound': 0.8, 'kernel_sizes': [3, 4, 5], 'hidden_size': 256, 'hidden_layers': 1, 'bidirectional': True}
2021-05-20 15:50:31,362 - classify.py[line:140] - INFO: before training: 0.7465000152587891
2021-05-20 15:50:31,362 - classify.py[line:154] - INFO: ...start training...
2021-05-20 15:50:35,218 - classify.py[line:184] - INFO: Epoch 0, toal_loss 31.3051, aver loss 0.7826, train accuracy 0.8500, train auc 0.0000, test accuracy 0.7640, test auc 0.0000
2021-05-20 15:50:39,069 - classify.py[line:184] - INFO: Epoch 1, toal_loss 21.8631, aver loss 0.2733, train accuracy 0.8633, train auc 0.0000, test accuracy 0.7805, test auc 0.0000
2021-05-20 15:50:43,024 - classify.py[line:184] - INFO: Epoch 2, toal_loss 16.2374, aver loss 0.1353, train accuracy 0.8750, train auc 0.0000, test accuracy 0.7815, test auc 0.0000
2021-05-20 15:50:46,942 - classify.py[line:184] - INFO: Epoch 3, toal_loss 13.5703, aver loss 0.0848, train accuracy 0.8859, train auc 0.0000, test accuracy 0.8000, test auc 0.0000
2021-05-20 15:50:50,881 - classify.py[line:184] - INFO: Epoch 4, toal_loss 12.5913, aver loss 0.0630, train accuracy 0.8957, train auc 0.0000, test accuracy 0.8045, test auc 0.0000
2021-05-20 15:50:54,913 - classify.py[line:184] - INFO: Epoch 5, toal_loss 11.6706, aver loss 0.0486, train accuracy 0.8996, train auc 0.0000, test accuracy 0.8050, test auc 0.0000
2021-05-20 15:50:58,906 - classify.py[line:184] - INFO: Epoch 6, toal_loss 11.0886, aver loss 0.0396, train accuracy 0.8992, train auc 0.0000, test accuracy 0.8005, test auc 0.0000
2021-05-20 15:51:02,798 - classify.py[line:184] - INFO: Epoch 7, toal_loss 11.0120, aver loss 0.0344, train accuracy 0.9016, train auc 0.0000, test accuracy 0.8105, test auc 0.0000
2021-05-20 15:51:07,139 - classify.py[line:184] - INFO: Epoch 8, toal_loss 10.4143, aver loss 0.0289, train accuracy 0.9129, train auc 0.0000, test accuracy 0.8025, test auc 0.0000
2021-05-20 15:51:11,096 - classify.py[line:184] - INFO: Epoch 9, toal_loss 10.3691, aver loss 0.0259, train accuracy 0.9148, train auc 0.0000, test accuracy 0.8030, test auc 0.0000
2021-05-20 15:51:15,102 - classify.py[line:184] - INFO: Epoch 10, toal_loss 9.9954, aver loss 0.0227, train accuracy 0.9152, train auc 0.0000, test accuracy 0.8055, test auc 0.0000
2021-05-20 15:51:19,110 - classify.py[line:184] - INFO: Epoch 11, toal_loss 9.5782, aver loss 0.0200, train accuracy 0.9234, train auc 0.0000, test accuracy 0.8140, test auc 0.0000
2021-05-20 15:51:23,553 - classify.py[line:184] - INFO: Epoch 12, toal_loss 9.2931, aver loss 0.0179, train accuracy 0.9234, train auc 0.0000, test accuracy 0.8130, test auc 0.0000
2021-05-20 15:51:27,655 - classify.py[line:184] - INFO: Epoch 13, toal_loss 9.0696, aver loss 0.0162, train accuracy 0.9332, train auc 0.0000, test accuracy 0.7945, test auc 0.0000
2021-05-20 15:51:31,786 - classify.py[line:184] - INFO: Epoch 14, toal_loss 8.7400, aver loss 0.0146, train accuracy 0.9301, train auc 0.0000, test accuracy 0.8180, test auc 0.0000
2021-05-20 15:51:36,142 - classify.py[line:184] - INFO: Epoch 15, toal_loss 8.9556, aver loss 0.0140, train accuracy 0.9266, train auc 0.0000, test accuracy 0.8050, test auc 0.0000
2021-05-20 15:51:40,721 - classify.py[line:184] - INFO: Epoch 16, toal_loss 8.4095, aver loss 0.0124, train accuracy 0.9336, train auc 0.0000, test accuracy 0.8175, test auc 0.0000
2021-05-20 15:51:44,692 - classify.py[line:184] - INFO: Epoch 17, toal_loss 8.5244, aver loss 0.0118, train accuracy 0.9332, train auc 0.0000, test accuracy 0.8110, test auc 0.0000
2021-05-20 15:51:48,830 - classify.py[line:184] - INFO: Epoch 18, toal_loss 8.1408, aver loss 0.0107, train accuracy 0.9332, train auc 0.0000, test accuracy 0.8030, test auc 0.0000
2021-05-20 15:51:52,971 - classify.py[line:184] - INFO: Epoch 19, toal_loss 7.8806, aver loss 0.0099, train accuracy 0.9328, train auc 0.0000, test accuracy 0.8150, test auc 0.0000
2021-05-20 15:51:57,368 - classify.py[line:184] - INFO: Epoch 20, toal_loss 8.0919, aver loss 0.0096, train accuracy 0.9363, train auc 0.0000, test accuracy 0.8245, test auc 0.0000
2021-05-20 15:52:01,778 - classify.py[line:184] - INFO: Epoch 21, toal_loss 7.8791, aver loss 0.0090, train accuracy 0.9398, train auc 0.0000, test accuracy 0.8105, test auc 0.0000
2021-05-20 15:52:05,837 - classify.py[line:184] - INFO: Epoch 22, toal_loss 7.6034, aver loss 0.0083, train accuracy 0.9375, train auc 0.0000, test accuracy 0.8180, test auc 0.0000
2021-05-20 15:52:10,006 - classify.py[line:184] - INFO: Epoch 23, toal_loss 7.3288, aver loss 0.0076, train accuracy 0.9383, train auc 0.0000, test accuracy 0.8195, test auc 0.0000
2021-05-20 15:52:14,149 - classify.py[line:184] - INFO: Epoch 24, toal_loss 7.4094, aver loss 0.0074, train accuracy 0.9437, train auc 0.0000, test accuracy 0.8180, test auc 0.0000
2021-05-20 15:52:18,505 - classify.py[line:184] - INFO: Epoch 25, toal_loss 7.0833, aver loss 0.0068, train accuracy 0.9473, train auc 0.0000, test accuracy 0.8240, test auc 0.0000
2021-05-20 15:52:23,953 - classify.py[line:184] - INFO: Epoch 26, toal_loss 7.1784, aver loss 0.0066, train accuracy 0.9477, train auc 0.0000, test accuracy 0.8100, test auc 0.0000
2021-05-20 15:52:28,953 - classify.py[line:184] - INFO: Epoch 27, toal_loss 6.7610, aver loss 0.0060, train accuracy 0.9535, train auc 0.0000, test accuracy 0.8060, test auc 0.0000
2021-05-20 15:52:33,992 - classify.py[line:184] - INFO: Epoch 28, toal_loss 6.5068, aver loss 0.0056, train accuracy 0.9445, train auc 0.0000, test accuracy 0.8175, test auc 0.0000
2021-05-20 15:52:38,058 - classify.py[line:184] - INFO: Epoch 29, toal_loss 6.9514, aver loss 0.0058, train accuracy 0.9430, train auc 0.0000, test accuracy 0.8160, test auc 0.0000
2021-05-20 15:52:39,897 - classify.py[line:122] - INFO: {'word_embedding_dimension': 300, 'Epoch1': 13, 'Epoch2': 10, 'dropout': 0.1, 'label_num': 2, 'learning_rate1': 0.0005, 'learning_rate2': 1e-05, 'batch_size': 64, 'cuda': True, 'negSampleNum': 12, 'poSampleNum': 1, 'max_bound': 0.8, 'kernel_sizes': [3, 4, 5], 'hidden_size': 256, 'hidden_layers': 1, 'bidirectional': True}
2021-05-20 15:52:40,061 - classify.py[line:140] - INFO: before training: 0.7475000619888306
2021-05-20 15:52:40,062 - classify.py[line:154] - INFO: ...start training...
2021-05-20 15:52:46,412 - classify.py[line:184] - INFO: Epoch 0, toal_loss 35.0575, aver loss 0.7459, train accuracy 0.8577, train auc 0.0000, test accuracy 0.7595, test auc 0.0000
2021-05-20 15:52:51,538 - classify.py[line:184] - INFO: Epoch 1, toal_loss 23.6531, aver loss 0.2516, train accuracy 0.8647, train auc 0.0000, test accuracy 0.7805, test auc 0.0000
2021-05-20 15:52:56,216 - classify.py[line:184] - INFO: Epoch 2, toal_loss 18.6137, aver loss 0.1320, train accuracy 0.8783, train auc 0.0000, test accuracy 0.7990, test auc 0.0000
2021-05-20 15:53:01,316 - classify.py[line:184] - INFO: Epoch 3, toal_loss 15.9716, aver loss 0.0850, train accuracy 0.8787, train auc 0.0000, test accuracy 0.7990, test auc 0.0000
2021-05-20 15:53:05,939 - classify.py[line:184] - INFO: Epoch 4, toal_loss 15.2347, aver loss 0.0648, train accuracy 0.8924, train auc 0.0000, test accuracy 0.8015, test auc 0.0000
2021-05-20 15:53:10,542 - classify.py[line:184] - INFO: Epoch 5, toal_loss 13.6571, aver loss 0.0484, train accuracy 0.8940, train auc 0.0000, test accuracy 0.8095, test auc 0.0000
2021-05-20 15:53:15,279 - classify.py[line:184] - INFO: Epoch 6, toal_loss 13.1978, aver loss 0.0401, train accuracy 0.9067, train auc 0.0000, test accuracy 0.8055, test auc 0.0000
2021-05-20 15:53:19,954 - classify.py[line:184] - INFO: Epoch 7, toal_loss 12.7177, aver loss 0.0338, train accuracy 0.9073, train auc 0.0000, test accuracy 0.8110, test auc 0.0000
2021-05-20 15:53:24,663 - classify.py[line:184] - INFO: Epoch 8, toal_loss 12.1711, aver loss 0.0288, train accuracy 0.9147, train auc 0.0000, test accuracy 0.8195, test auc 0.0000
2021-05-20 15:53:29,827 - classify.py[line:184] - INFO: Epoch 9, toal_loss 11.6813, aver loss 0.0249, train accuracy 0.9157, train auc 0.0000, test accuracy 0.8210, test auc 0.0000
2021-05-20 15:53:34,451 - classify.py[line:184] - INFO: Epoch 10, toal_loss 11.3202, aver loss 0.0219, train accuracy 0.9248, train auc 0.0000, test accuracy 0.8165, test auc 0.0000
2021-05-20 15:53:39,140 - classify.py[line:184] - INFO: Epoch 11, toal_loss 11.3175, aver loss 0.0201, train accuracy 0.9223, train auc 0.0000, test accuracy 0.8195, test auc 0.0000
2021-05-20 15:53:43,784 - classify.py[line:184] - INFO: Epoch 12, toal_loss 10.5472, aver loss 0.0173, train accuracy 0.9289, train auc 0.0000, test accuracy 0.8225, test auc 0.0000
2021-05-20 15:53:48,433 - classify.py[line:184] - INFO: Epoch 13, toal_loss 10.6280, aver loss 0.0162, train accuracy 0.9247, train auc 0.0000, test accuracy 0.8220, test auc 0.0000
2021-05-20 15:53:53,028 - classify.py[line:184] - INFO: Epoch 14, toal_loss 10.3584, aver loss 0.0147, train accuracy 0.9307, train auc 0.0000, test accuracy 0.8175, test auc 0.0000
2021-05-20 15:53:58,857 - classify.py[line:184] - INFO: Epoch 15, toal_loss 9.7910, aver loss 0.0130, train accuracy 0.9320, train auc 0.0000, test accuracy 0.8240, test auc 0.0000
2021-05-20 15:54:04,244 - classify.py[line:184] - INFO: Epoch 16, toal_loss 10.1162, aver loss 0.0127, train accuracy 0.9337, train auc 0.0000, test accuracy 0.8200, test auc 0.0000
2021-05-20 15:54:09,335 - classify.py[line:184] - INFO: Epoch 17, toal_loss 9.3442, aver loss 0.0110, train accuracy 0.9412, train auc 0.0000, test accuracy 0.8140, test auc 0.0000
2021-05-20 15:54:14,173 - classify.py[line:184] - INFO: Epoch 18, toal_loss 9.2180, aver loss 0.0103, train accuracy 0.9347, train auc 0.0000, test accuracy 0.8160, test auc 0.0000
2021-05-20 15:54:19,086 - classify.py[line:184] - INFO: Epoch 19, toal_loss 9.3510, aver loss 0.0099, train accuracy 0.9397, train auc 0.0000, test accuracy 0.8200, test auc 0.0000
2021-05-20 15:54:23,965 - classify.py[line:184] - INFO: Epoch 20, toal_loss 9.0818, aver loss 0.0092, train accuracy 0.9441, train auc 0.0000, test accuracy 0.8130, test auc 0.0000
2021-05-20 15:54:28,794 - classify.py[line:184] - INFO: Epoch 21, toal_loss 8.9164, aver loss 0.0086, train accuracy 0.9397, train auc 0.0000, test accuracy 0.8230, test auc 0.0000
2021-05-20 15:54:33,489 - classify.py[line:184] - INFO: Epoch 22, toal_loss 8.7349, aver loss 0.0081, train accuracy 0.9463, train auc 0.0000, test accuracy 0.8215, test auc 0.0000
2021-05-20 15:54:38,159 - classify.py[line:184] - INFO: Epoch 23, toal_loss 8.4286, aver loss 0.0075, train accuracy 0.9477, train auc 0.0000, test accuracy 0.8105, test auc 0.0000
2021-05-20 15:54:43,489 - classify.py[line:184] - INFO: Epoch 24, toal_loss 8.3441, aver loss 0.0071, train accuracy 0.9503, train auc 0.0000, test accuracy 0.8175, test auc 0.0000
2021-05-20 15:54:48,828 - classify.py[line:184] - INFO: Epoch 25, toal_loss 8.1622, aver loss 0.0067, train accuracy 0.9494, train auc 0.0000, test accuracy 0.8100, test auc 0.0000
2021-05-20 15:54:53,623 - classify.py[line:184] - INFO: Epoch 26, toal_loss 8.0015, aver loss 0.0063, train accuracy 0.9446, train auc 0.0000, test accuracy 0.8205, test auc 0.0000
2021-05-20 15:54:59,072 - classify.py[line:184] - INFO: Epoch 27, toal_loss 7.7603, aver loss 0.0059, train accuracy 0.9470, train auc 0.0000, test accuracy 0.8115, test auc 0.0000
2021-05-20 15:55:05,112 - classify.py[line:184] - INFO: Epoch 28, toal_loss 7.9014, aver loss 0.0058, train accuracy 0.9554, train auc 0.0000, test accuracy 0.8110, test auc 0.0000
2021-05-20 15:55:09,844 - classify.py[line:184] - INFO: Epoch 29, toal_loss 7.7165, aver loss 0.0055, train accuracy 0.9540, train auc 0.0000, test accuracy 0.8100, test auc 0.0000
2021-05-20 15:55:11,552 - classify.py[line:122] - INFO: {'word_embedding_dimension': 300, 'Epoch1': 13, 'Epoch2': 10, 'dropout': 0.1, 'label_num': 2, 'learning_rate1': 0.0005, 'learning_rate2': 1e-05, 'batch_size': 64, 'cuda': True, 'negSampleNum': 12, 'poSampleNum': 1, 'max_bound': 0.8, 'kernel_sizes': [3, 4, 5], 'hidden_size': 256, 'hidden_layers': 1, 'bidirectional': True}
2021-05-20 15:55:11,715 - classify.py[line:140] - INFO: before training: 0.7570000290870667
2021-05-20 15:55:11,715 - classify.py[line:154] - INFO: ...start training...
2021-05-20 15:55:17,174 - classify.py[line:184] - INFO: Epoch 0, toal_loss 39.9553, aver loss 0.7265, train accuracy 0.8586, train auc 0.0000, test accuracy 0.7665, test auc 0.0000
2021-05-20 15:55:23,304 - classify.py[line:184] - INFO: Epoch 1, toal_loss 25.5631, aver loss 0.2324, train accuracy 0.8687, train auc 0.0000, test accuracy 0.7810, test auc 0.0000
2021-05-20 15:55:28,868 - classify.py[line:184] - INFO: Epoch 2, toal_loss 20.2685, aver loss 0.1228, train accuracy 0.8779, train auc 0.0000, test accuracy 0.7875, test auc 0.0000
2021-05-20 15:55:34,374 - classify.py[line:184] - INFO: Epoch 3, toal_loss 18.0134, aver loss 0.0819, train accuracy 0.8864, train auc 0.0000, test accuracy 0.7960, test auc 0.0000
2021-05-20 15:55:40,110 - classify.py[line:184] - INFO: Epoch 4, toal_loss 16.2148, aver loss 0.0590, train accuracy 0.8979, train auc 0.0000, test accuracy 0.8120, test auc 0.0000
2021-05-20 15:55:45,606 - classify.py[line:184] - INFO: Epoch 5, toal_loss 15.8758, aver loss 0.0481, train accuracy 0.9047, train auc 0.0000, test accuracy 0.8100, test auc 0.0000
2021-05-20 15:55:51,082 - classify.py[line:184] - INFO: Epoch 6, toal_loss 14.3382, aver loss 0.0372, train accuracy 0.9073, train auc 0.0000, test accuracy 0.8170, test auc 0.0000
2021-05-20 15:55:56,629 - classify.py[line:184] - INFO: Epoch 7, toal_loss 14.4335, aver loss 0.0328, train accuracy 0.9036, train auc 0.0000, test accuracy 0.8170, test auc 0.0000
2021-05-20 15:56:03,143 - classify.py[line:184] - INFO: Epoch 8, toal_loss 13.8183, aver loss 0.0279, train accuracy 0.9102, train auc 0.0000, test accuracy 0.8220, test auc 0.0000
2021-05-20 15:56:09,548 - classify.py[line:184] - INFO: Epoch 9, toal_loss 13.3402, aver loss 0.0243, train accuracy 0.9175, train auc 0.0000, test accuracy 0.8160, test auc 0.0000
2021-05-20 15:56:15,087 - classify.py[line:184] - INFO: Epoch 10, toal_loss 13.3246, aver loss 0.0220, train accuracy 0.9207, train auc 0.0000, test accuracy 0.8010, test auc 0.0000
2021-05-20 15:56:20,509 - classify.py[line:184] - INFO: Epoch 11, toal_loss 12.8133, aver loss 0.0194, train accuracy 0.9171, train auc 0.0000, test accuracy 0.8100, test auc 0.0000
2021-05-20 15:56:27,212 - classify.py[line:184] - INFO: Epoch 12, toal_loss 12.4981, aver loss 0.0175, train accuracy 0.9242, train auc 0.0000, test accuracy 0.8170, test auc 0.0000
2021-05-20 15:56:32,893 - classify.py[line:184] - INFO: Epoch 13, toal_loss 11.7920, aver loss 0.0153, train accuracy 0.9233, train auc 0.0000, test accuracy 0.8140, test auc 0.0000
2021-05-20 15:56:38,890 - classify.py[line:184] - INFO: Epoch 14, toal_loss 12.0994, aver loss 0.0147, train accuracy 0.9270, train auc 0.0000, test accuracy 0.8160, test auc 0.0000
2021-05-20 15:56:44,694 - classify.py[line:184] - INFO: Epoch 15, toal_loss 11.3821, aver loss 0.0129, train accuracy 0.9246, train auc 0.0000, test accuracy 0.8240, test auc 0.0000
2021-05-20 15:56:50,966 - classify.py[line:184] - INFO: Epoch 16, toal_loss 11.0057, aver loss 0.0118, train accuracy 0.9347, train auc 0.0000, test accuracy 0.8150, test auc 0.0000
2021-05-20 15:56:57,416 - classify.py[line:184] - INFO: Epoch 17, toal_loss 10.9847, aver loss 0.0111, train accuracy 0.9301, train auc 0.0000, test accuracy 0.8240, test auc 0.0000
2021-05-20 15:57:03,809 - classify.py[line:184] - INFO: Epoch 18, toal_loss 11.0474, aver loss 0.0106, train accuracy 0.9347, train auc 0.0000, test accuracy 0.8245, test auc 0.0000
2021-05-20 15:57:09,443 - classify.py[line:184] - INFO: Epoch 19, toal_loss 10.8452, aver loss 0.0099, train accuracy 0.9396, train auc 0.0000, test accuracy 0.8205, test auc 0.0000
2021-05-20 15:57:15,217 - classify.py[line:184] - INFO: Epoch 20, toal_loss 10.6825, aver loss 0.0092, train accuracy 0.9403, train auc 0.0000, test accuracy 0.8160, test auc 0.0000
2021-05-20 15:57:20,767 - classify.py[line:184] - INFO: Epoch 21, toal_loss 10.1012, aver loss 0.0083, train accuracy 0.9360, train auc 0.0000, test accuracy 0.8220, test auc 0.0000
2021-05-20 15:57:26,871 - classify.py[line:184] - INFO: Epoch 22, toal_loss 10.1156, aver loss 0.0080, train accuracy 0.9384, train auc 0.0000, test accuracy 0.8230, test auc 0.0000
2021-05-20 15:57:32,841 - classify.py[line:184] - INFO: Epoch 23, toal_loss 9.6811, aver loss 0.0073, train accuracy 0.9396, train auc 0.0000, test accuracy 0.8155, test auc 0.0000
2021-05-20 15:57:38,331 - classify.py[line:184] - INFO: Epoch 24, toal_loss 9.7630, aver loss 0.0071, train accuracy 0.9406, train auc 0.0000, test accuracy 0.8145, test auc 0.0000
2021-05-20 15:57:43,908 - classify.py[line:184] - INFO: Epoch 25, toal_loss 9.7665, aver loss 0.0068, train accuracy 0.9476, train auc 0.0000, test accuracy 0.8125, test auc 0.0000
2021-05-20 15:57:49,308 - classify.py[line:184] - INFO: Epoch 26, toal_loss 9.4345, aver loss 0.0064, train accuracy 0.9429, train auc 0.0000, test accuracy 0.8205, test auc 0.0000
2021-05-20 15:57:54,751 - classify.py[line:184] - INFO: Epoch 27, toal_loss 9.0220, aver loss 0.0059, train accuracy 0.9456, train auc 0.0000, test accuracy 0.8265, test auc 0.0000
2021-05-20 15:58:00,149 - classify.py[line:184] - INFO: Epoch 28, toal_loss 9.6449, aver loss 0.0060, train accuracy 0.9429, train auc 0.0000, test accuracy 0.8225, test auc 0.0000
2021-05-20 15:58:05,578 - classify.py[line:184] - INFO: Epoch 29, toal_loss 9.2040, aver loss 0.0056, train accuracy 0.9551, train auc 0.0000, test accuracy 0.8190, test auc 0.0000
2021-05-20 15:58:07,171 - classify.py[line:122] - INFO: {'word_embedding_dimension': 300, 'Epoch1': 13, 'Epoch2': 10, 'dropout': 0.1, 'label_num': 2, 'learning_rate1': 0.0005, 'learning_rate2': 1e-05, 'batch_size': 64, 'cuda': True, 'negSampleNum': 12, 'poSampleNum': 1, 'max_bound': 0.8, 'kernel_sizes': [3, 4, 5], 'hidden_size': 256, 'hidden_layers': 1, 'bidirectional': True}
2021-05-20 15:58:07,333 - classify.py[line:140] - INFO: before training: 0.7410000562667847
2021-05-20 15:58:07,333 - classify.py[line:154] - INFO: ...start training...
2021-05-20 15:58:13,460 - classify.py[line:184] - INFO: Epoch 0, toal_loss 45.0232, aver loss 0.7147, train accuracy 0.8554, train auc 0.0000, test accuracy 0.7755, test auc 0.0000
2021-05-20 15:58:19,712 - classify.py[line:184] - INFO: Epoch 1, toal_loss 27.9956, aver loss 0.2222, train accuracy 0.8663, train auc 0.0000, test accuracy 0.7945, test auc 0.0000
2021-05-20 15:58:26,040 - classify.py[line:184] - INFO: Epoch 2, toal_loss 22.0938, aver loss 0.1169, train accuracy 0.8817, train auc 0.0000, test accuracy 0.7995, test auc 0.0000
2021-05-20 15:58:32,102 - classify.py[line:184] - INFO: Epoch 3, toal_loss 20.3587, aver loss 0.0808, train accuracy 0.8931, train auc 0.0000, test accuracy 0.8085, test auc 0.0000
2021-05-20 15:58:38,152 - classify.py[line:184] - INFO: Epoch 4, toal_loss 19.1108, aver loss 0.0607, train accuracy 0.8901, train auc 0.0000, test accuracy 0.8065, test auc 0.0000
2021-05-20 15:58:44,310 - classify.py[line:184] - INFO: Epoch 5, toal_loss 17.9969, aver loss 0.0476, train accuracy 0.9005, train auc 0.0000, test accuracy 0.8100, test auc 0.0000
2021-05-20 15:58:50,419 - classify.py[line:184] - INFO: Epoch 6, toal_loss 17.6878, aver loss 0.0401, train accuracy 0.9062, train auc 0.0000, test accuracy 0.8225, test auc 0.0000
2021-05-20 15:58:56,528 - classify.py[line:184] - INFO: Epoch 7, toal_loss 16.1745, aver loss 0.0321, train accuracy 0.9060, train auc 0.0000, test accuracy 0.8200, test auc 0.0000
2021-05-20 15:59:02,699 - classify.py[line:184] - INFO: Epoch 8, toal_loss 16.0130, aver loss 0.0282, train accuracy 0.9105, train auc 0.0000, test accuracy 0.8150, test auc 0.0000
2021-05-20 15:59:08,797 - classify.py[line:184] - INFO: Epoch 9, toal_loss 15.8818, aver loss 0.0252, train accuracy 0.9107, train auc 0.0000, test accuracy 0.8200, test auc 0.0000
2021-05-20 15:59:14,901 - classify.py[line:184] - INFO: Epoch 10, toal_loss 15.3495, aver loss 0.0221, train accuracy 0.9189, train auc 0.0000, test accuracy 0.8095, test auc 0.0000
2021-05-20 15:59:21,025 - classify.py[line:184] - INFO: Epoch 11, toal_loss 14.5954, aver loss 0.0193, train accuracy 0.9263, train auc 0.0000, test accuracy 0.8150, test auc 0.0000
2021-05-20 15:59:27,149 - classify.py[line:184] - INFO: Epoch 12, toal_loss 14.4995, aver loss 0.0177, train accuracy 0.9244, train auc 0.0000, test accuracy 0.8140, test auc 0.0000
2021-05-20 15:59:33,261 - classify.py[line:184] - INFO: Epoch 13, toal_loss 14.1402, aver loss 0.0160, train accuracy 0.9179, train auc 0.0000, test accuracy 0.8230, test auc 0.0000
2021-05-20 15:59:39,382 - classify.py[line:184] - INFO: Epoch 14, toal_loss 14.4391, aver loss 0.0153, train accuracy 0.9229, train auc 0.0000, test accuracy 0.8205, test auc 0.0000
2021-05-20 15:59:45,491 - classify.py[line:184] - INFO: Epoch 15, toal_loss 13.5703, aver loss 0.0135, train accuracy 0.9206, train auc 0.0000, test accuracy 0.8100, test auc 0.0000
2021-05-20 15:59:52,162 - classify.py[line:184] - INFO: Epoch 16, toal_loss 13.4447, aver loss 0.0126, train accuracy 0.9298, train auc 0.0000, test accuracy 0.8205, test auc 0.0000
2021-05-20 15:59:58,284 - classify.py[line:184] - INFO: Epoch 17, toal_loss 12.9127, aver loss 0.0114, train accuracy 0.9330, train auc 0.0000, test accuracy 0.8145, test auc 0.0000
2021-05-20 16:00:04,905 - classify.py[line:184] - INFO: Epoch 18, toal_loss 12.8214, aver loss 0.0107, train accuracy 0.9303, train auc 0.0000, test accuracy 0.8195, test auc 0.0000
2021-05-20 16:00:11,325 - classify.py[line:184] - INFO: Epoch 19, toal_loss 12.6855, aver loss 0.0101, train accuracy 0.9377, train auc 0.0000, test accuracy 0.8185, test auc 0.0000
2021-05-20 16:00:17,855 - classify.py[line:184] - INFO: Epoch 20, toal_loss 12.1304, aver loss 0.0092, train accuracy 0.9358, train auc 0.0000, test accuracy 0.8200, test auc 0.0000
2021-05-20 16:00:24,918 - classify.py[line:184] - INFO: Epoch 21, toal_loss 12.4518, aver loss 0.0090, train accuracy 0.9412, train auc 0.0000, test accuracy 0.8190, test auc 0.0000
2021-05-20 16:00:31,301 - classify.py[line:184] - INFO: Epoch 22, toal_loss 11.6493, aver loss 0.0080, train accuracy 0.9380, train auc 0.0000, test accuracy 0.8185, test auc 0.0000
2021-05-20 16:00:37,930 - classify.py[line:184] - INFO: Epoch 23, toal_loss 11.4430, aver loss 0.0076, train accuracy 0.9422, train auc 0.0000, test accuracy 0.8070, test auc 0.0000
2021-05-20 16:00:44,422 - classify.py[line:184] - INFO: Epoch 24, toal_loss 11.6519, aver loss 0.0074, train accuracy 0.9439, train auc 0.0000, test accuracy 0.8245, test auc 0.0000
2021-05-20 16:00:50,876 - classify.py[line:184] - INFO: Epoch 25, toal_loss 11.3599, aver loss 0.0069, train accuracy 0.9392, train auc 0.0000, test accuracy 0.8195, test auc 0.0000
2021-05-20 16:00:57,226 - classify.py[line:184] - INFO: Epoch 26, toal_loss 10.8500, aver loss 0.0064, train accuracy 0.9430, train auc 0.0000, test accuracy 0.8180, test auc 0.0000
2021-05-20 16:01:03,814 - classify.py[line:184] - INFO: Epoch 27, toal_loss 10.5545, aver loss 0.0060, train accuracy 0.9444, train auc 0.0000, test accuracy 0.8235, test auc 0.0000
2021-05-20 16:01:10,207 - classify.py[line:184] - INFO: Epoch 28, toal_loss 10.8655, aver loss 0.0059, train accuracy 0.9439, train auc 0.0000, test accuracy 0.8105, test auc 0.0000
2021-05-20 16:01:16,744 - classify.py[line:184] - INFO: Epoch 29, toal_loss 10.5746, aver loss 0.0056, train accuracy 0.9402, train auc 0.0000, test accuracy 0.8250, test auc 0.0000
2021-05-20 16:01:18,371 - classify.py[line:122] - INFO: {'word_embedding_dimension': 300, 'Epoch1': 13, 'Epoch2': 10, 'dropout': 0.1, 'label_num': 2, 'learning_rate1': 0.0005, 'learning_rate2': 1e-05, 'batch_size': 64, 'cuda': True, 'negSampleNum': 12, 'poSampleNum': 1, 'max_bound': 0.8, 'kernel_sizes': [3, 4, 5], 'hidden_size': 256, 'hidden_layers': 1, 'bidirectional': True}
2021-05-20 16:01:18,533 - classify.py[line:140] - INFO: before training: 0.7390000224113464
2021-05-20 16:01:18,533 - classify.py[line:154] - INFO: ...start training...
2021-05-20 16:01:25,417 - classify.py[line:184] - INFO: Epoch 0, toal_loss 48.8765, aver loss 0.6884, train accuracy 0.8581, train auc 0.0000, test accuracy 0.7695, test auc 0.0000
2021-05-20 16:01:32,432 - classify.py[line:184] - INFO: Epoch 1, toal_loss 29.2124, aver loss 0.2057, train accuracy 0.8739, train auc 0.0000, test accuracy 0.7940, test auc 0.0000
2021-05-20 16:01:39,600 - classify.py[line:184] - INFO: Epoch 2, toal_loss 23.7844, aver loss 0.1117, train accuracy 0.8824, train auc 0.0000, test accuracy 0.7995, test auc 0.0000
2021-05-20 16:01:46,729 - classify.py[line:184] - INFO: Epoch 3, toal_loss 22.1186, aver loss 0.0779, train accuracy 0.8889, train auc 0.0000, test accuracy 0.7965, test auc 0.0000
2021-05-20 16:01:53,660 - classify.py[line:184] - INFO: Epoch 4, toal_loss 20.3818, aver loss 0.0574, train accuracy 0.8947, train auc 0.0000, test accuracy 0.8165, test auc 0.0000
2021-05-20 16:02:00,735 - classify.py[line:184] - INFO: Epoch 5, toal_loss 19.4139, aver loss 0.0456, train accuracy 0.8998, train auc 0.0000, test accuracy 0.8170, test auc 0.0000
2021-05-20 16:02:08,165 - classify.py[line:184] - INFO: Epoch 6, toal_loss 18.9407, aver loss 0.0381, train accuracy 0.9010, train auc 0.0000, test accuracy 0.8230, test auc 0.0000
2021-05-20 16:02:15,345 - classify.py[line:184] - INFO: Epoch 7, toal_loss 17.7923, aver loss 0.0313, train accuracy 0.9079, train auc 0.0000, test accuracy 0.8215, test auc 0.0000
2021-05-20 16:02:22,358 - classify.py[line:184] - INFO: Epoch 8, toal_loss 17.8327, aver loss 0.0279, train accuracy 0.9113, train auc 0.0000, test accuracy 0.8145, test auc 0.0000
2021-05-20 16:02:31,023 - classify.py[line:184] - INFO: Epoch 9, toal_loss 17.5311, aver loss 0.0247, train accuracy 0.9108, train auc 0.0000, test accuracy 0.8250, test auc 0.0000
2021-05-20 16:02:38,242 - classify.py[line:184] - INFO: Epoch 10, toal_loss 16.7743, aver loss 0.0215, train accuracy 0.9186, train auc 0.0000, test accuracy 0.8135, test auc 0.0000
2021-05-20 16:02:45,315 - classify.py[line:184] - INFO: Epoch 11, toal_loss 16.2495, aver loss 0.0191, train accuracy 0.9206, train auc 0.0000, test accuracy 0.8215, test auc 0.0000
2021-05-20 16:02:52,692 - classify.py[line:184] - INFO: Epoch 12, toal_loss 15.9319, aver loss 0.0173, train accuracy 0.9219, train auc 0.0000, test accuracy 0.8090, test auc 0.0000
2021-05-20 16:03:00,431 - classify.py[line:184] - INFO: Epoch 13, toal_loss 16.0708, aver loss 0.0162, train accuracy 0.9280, train auc 0.0000, test accuracy 0.8250, test auc 0.0000
2021-05-20 16:03:07,431 - classify.py[line:184] - INFO: Epoch 14, toal_loss 15.8190, aver loss 0.0149, train accuracy 0.9284, train auc 0.0000, test accuracy 0.8215, test auc 0.0000
2021-05-20 16:03:14,367 - classify.py[line:184] - INFO: Epoch 15, toal_loss 15.0597, aver loss 0.0133, train accuracy 0.9296, train auc 0.0000, test accuracy 0.8220, test auc 0.0000
2021-05-20 16:03:21,409 - classify.py[line:184] - INFO: Epoch 16, toal_loss 14.7028, aver loss 0.0122, train accuracy 0.9298, train auc 0.0000, test accuracy 0.8045, test auc 0.0000
2021-05-20 16:03:28,771 - classify.py[line:184] - INFO: Epoch 17, toal_loss 14.7551, aver loss 0.0115, train accuracy 0.9311, train auc 0.0000, test accuracy 0.8290, test auc 0.0000
2021-05-20 16:03:35,829 - classify.py[line:184] - INFO: Epoch 18, toal_loss 14.5204, aver loss 0.0108, train accuracy 0.9320, train auc 0.0000, test accuracy 0.8200, test auc 0.0000
2021-05-20 16:03:43,064 - classify.py[line:184] - INFO: Epoch 19, toal_loss 13.8309, aver loss 0.0097, train accuracy 0.9304, train auc 0.0000, test accuracy 0.8205, test auc 0.0000
2021-05-20 16:03:50,270 - classify.py[line:184] - INFO: Epoch 20, toal_loss 14.1287, aver loss 0.0095, train accuracy 0.9395, train auc 0.0000, test accuracy 0.8175, test auc 0.0000
2021-05-20 16:03:57,342 - classify.py[line:184] - INFO: Epoch 21, toal_loss 13.5710, aver loss 0.0087, train accuracy 0.9395, train auc 0.0000, test accuracy 0.8195, test auc 0.0000
2021-05-20 16:04:04,609 - classify.py[line:184] - INFO: Epoch 22, toal_loss 13.6643, aver loss 0.0084, train accuracy 0.9399, train auc 0.0000, test accuracy 0.8180, test auc 0.0000
2021-05-20 16:04:12,434 - classify.py[line:184] - INFO: Epoch 23, toal_loss 12.8272, aver loss 0.0075, train accuracy 0.9401, train auc 0.0000, test accuracy 0.8220, test auc 0.0000
2021-05-20 16:04:19,572 - classify.py[line:184] - INFO: Epoch 24, toal_loss 13.3247, aver loss 0.0075, train accuracy 0.9416, train auc 0.0000, test accuracy 0.8245, test auc 0.0000
2021-05-20 16:04:26,650 - classify.py[line:184] - INFO: Epoch 25, toal_loss 12.9169, aver loss 0.0070, train accuracy 0.9443, train auc 0.0000, test accuracy 0.8245, test auc 0.0000
2021-05-20 16:04:34,576 - classify.py[line:184] - INFO: Epoch 26, toal_loss 12.1499, aver loss 0.0063, train accuracy 0.9448, train auc 0.0000, test accuracy 0.8215, test auc 0.0000
2021-05-20 16:04:41,953 - classify.py[line:184] - INFO: Epoch 27, toal_loss 12.2283, aver loss 0.0062, train accuracy 0.9441, train auc 0.0000, test accuracy 0.8205, test auc 0.0000
2021-05-20 16:04:48,998 - classify.py[line:184] - INFO: Epoch 28, toal_loss 12.3406, aver loss 0.0060, train accuracy 0.9459, train auc 0.0000, test accuracy 0.8210, test auc 0.0000
2021-05-20 16:04:55,859 - classify.py[line:184] - INFO: Epoch 29, toal_loss 11.9702, aver loss 0.0056, train accuracy 0.9527, train auc 0.0000, test accuracy 0.8190, test auc 0.0000
2021-05-20 16:04:57,471 - classify.py[line:122] - INFO: {'word_embedding_dimension': 300, 'Epoch1': 13, 'Epoch2': 10, 'dropout': 0.1, 'label_num': 2, 'learning_rate1': 0.0005, 'learning_rate2': 1e-05, 'batch_size': 64, 'cuda': True, 'negSampleNum': 12, 'poSampleNum': 1, 'max_bound': 0.8, 'kernel_sizes': [3, 4, 5], 'hidden_size': 256, 'hidden_layers': 1, 'bidirectional': True}
2021-05-20 16:04:57,633 - classify.py[line:140] - INFO: before training: 0.7485000491142273
2021-05-20 16:04:57,633 - classify.py[line:154] - INFO: ...start training...
2021-05-20 16:05:05,937 - classify.py[line:184] - INFO: Epoch 0, toal_loss 51.6702, aver loss 0.6541, train accuracy 0.8544, train auc 0.0000, test accuracy 0.7745, test auc 0.0000
2021-05-20 16:05:13,907 - classify.py[line:184] - INFO: Epoch 1, toal_loss 30.4638, aver loss 0.1928, train accuracy 0.8819, train auc 0.0000, test accuracy 0.7960, test auc 0.0000
2021-05-20 16:05:22,100 - classify.py[line:184] - INFO: Epoch 2, toal_loss 26.3742, aver loss 0.1113, train accuracy 0.8888, train auc 0.0000, test accuracy 0.8090, test auc 0.0000
2021-05-20 16:05:30,505 - classify.py[line:184] - INFO: Epoch 3, toal_loss 24.1632, aver loss 0.0765, train accuracy 0.8928, train auc 0.0000, test accuracy 0.8140, test auc 0.0000
2021-05-20 16:05:38,298 - classify.py[line:184] - INFO: Epoch 4, toal_loss 23.0642, aver loss 0.0584, train accuracy 0.8934, train auc 0.0000, test accuracy 0.8105, test auc 0.0000
2021-05-20 16:05:46,571 - classify.py[line:184] - INFO: Epoch 5, toal_loss 21.4207, aver loss 0.0452, train accuracy 0.8977, train auc 0.0000, test accuracy 0.8165, test auc 0.0000
2021-05-20 16:05:54,722 - classify.py[line:184] - INFO: Epoch 6, toal_loss 20.6884, aver loss 0.0374, train accuracy 0.9057, train auc 0.0000, test accuracy 0.8130, test auc 0.0000
2021-05-20 16:06:02,392 - classify.py[line:184] - INFO: Epoch 7, toal_loss 20.5086, aver loss 0.0325, train accuracy 0.9140, train auc 0.0000, test accuracy 0.8105, test auc 0.0000
2021-05-20 16:06:10,841 - classify.py[line:184] - INFO: Epoch 8, toal_loss 19.7547, aver loss 0.0278, train accuracy 0.9096, train auc 0.0000, test accuracy 0.8075, test auc 0.0000
2021-05-20 16:06:19,662 - classify.py[line:184] - INFO: Epoch 9, toal_loss 18.5146, aver loss 0.0234, train accuracy 0.9159, train auc 0.0000, test accuracy 0.8205, test auc 0.0000
2021-05-20 16:06:28,511 - classify.py[line:184] - INFO: Epoch 10, toal_loss 18.4490, aver loss 0.0212, train accuracy 0.9124, train auc 0.0000, test accuracy 0.8170, test auc 0.0000
2021-05-20 16:06:37,282 - classify.py[line:184] - INFO: Epoch 11, toal_loss 18.1718, aver loss 0.0192, train accuracy 0.9169, train auc 0.0000, test accuracy 0.8120, test auc 0.0000
2021-05-20 16:06:46,158 - classify.py[line:184] - INFO: Epoch 12, toal_loss 17.4987, aver loss 0.0170, train accuracy 0.9250, train auc 0.0000, test accuracy 0.8080, test auc 0.0000
2021-05-20 16:06:54,864 - classify.py[line:184] - INFO: Epoch 13, toal_loss 17.4763, aver loss 0.0158, train accuracy 0.9229, train auc 0.0000, test accuracy 0.8170, test auc 0.0000
2021-05-20 16:07:03,587 - classify.py[line:184] - INFO: Epoch 14, toal_loss 16.8541, aver loss 0.0142, train accuracy 0.9280, train auc 0.0000, test accuracy 0.8175, test auc 0.0000
2021-05-20 16:07:12,176 - classify.py[line:184] - INFO: Epoch 15, toal_loss 16.8680, aver loss 0.0133, train accuracy 0.9276, train auc 0.0000, test accuracy 0.8235, test auc 0.0000
2021-05-20 16:07:21,178 - classify.py[line:184] - INFO: Epoch 16, toal_loss 16.4319, aver loss 0.0122, train accuracy 0.9288, train auc 0.0000, test accuracy 0.8175, test auc 0.0000
2021-05-20 16:07:29,837 - classify.py[line:184] - INFO: Epoch 17, toal_loss 16.4431, aver loss 0.0116, train accuracy 0.9272, train auc 0.0000, test accuracy 0.8265, test auc 0.0000
2021-05-20 16:07:38,639 - classify.py[line:184] - INFO: Epoch 18, toal_loss 15.9149, aver loss 0.0106, train accuracy 0.9312, train auc 0.0000, test accuracy 0.8145, test auc 0.0000
2021-05-20 16:07:47,224 - classify.py[line:184] - INFO: Epoch 19, toal_loss 15.5837, aver loss 0.0099, train accuracy 0.9318, train auc 0.0000, test accuracy 0.8195, test auc 0.0000
2021-05-20 16:07:56,250 - classify.py[line:184] - INFO: Epoch 20, toal_loss 15.1342, aver loss 0.0091, train accuracy 0.9343, train auc 0.0000, test accuracy 0.8355, test auc 0.0000
2021-05-20 16:08:05,314 - classify.py[line:184] - INFO: Epoch 21, toal_loss 15.4484, aver loss 0.0089, train accuracy 0.9369, train auc 0.0000, test accuracy 0.8175, test auc 0.0000
2021-05-20 16:08:14,043 - classify.py[line:184] - INFO: Epoch 22, toal_loss 14.8625, aver loss 0.0082, train accuracy 0.9379, train auc 0.0000, test accuracy 0.8220, test auc 0.0000
2021-05-20 16:08:22,871 - classify.py[line:184] - INFO: Epoch 23, toal_loss 14.8430, aver loss 0.0078, train accuracy 0.9375, train auc 0.0000, test accuracy 0.8220, test auc 0.0000
2021-05-20 16:08:31,972 - classify.py[line:184] - INFO: Epoch 24, toal_loss 14.3956, aver loss 0.0073, train accuracy 0.9419, train auc 0.0000, test accuracy 0.8250, test auc 0.0000
2021-05-20 16:08:41,026 - classify.py[line:184] - INFO: Epoch 25, toal_loss 14.2673, aver loss 0.0069, train accuracy 0.9413, train auc 0.0000, test accuracy 0.8315, test auc 0.0000
2021-05-20 16:08:53,382 - classify.py[line:184] - INFO: Epoch 26, toal_loss 14.7479, aver loss 0.0069, train accuracy 0.9440, train auc 0.0000, test accuracy 0.8260, test auc 0.0000
2021-05-20 16:09:05,187 - classify.py[line:184] - INFO: Epoch 27, toal_loss 13.6757, aver loss 0.0062, train accuracy 0.9498, train auc 0.0000, test accuracy 0.8190, test auc 0.0000
2021-05-20 16:09:12,862 - classify.py[line:184] - INFO: Epoch 28, toal_loss 13.7781, aver loss 0.0060, train accuracy 0.9474, train auc 0.0000, test accuracy 0.8155, test auc 0.0000
2021-05-20 16:09:20,514 - classify.py[line:184] - INFO: Epoch 29, toal_loss 13.3053, aver loss 0.0056, train accuracy 0.9450, train auc 0.0000, test accuracy 0.8190, test auc 0.0000
