2021-05-23 00:16:23,682 - classify.py[line:68] - INFO: Namespace(batch_size=64, dataset='IMDB', epoch=500, gpu=1, l2=0.0001, lr=0.0001, modelfilename='110_Epoch_25_model_1_12_0.753.pt', modelname='TextCNN', modelnum=0, resultnum=131, seed=1, use_aug=1)
2021-05-23 00:16:38,342 - classify.py[line:122] - INFO: {'word_embedding_dimension': 300, 'Epoch1': 13, 'Epoch2': 10, 'dropout': 0.1, 'label_num': 2, 'learning_rate1': 0.0005, 'learning_rate2': 1e-05, 'batch_size': 64, 'cuda': True, 'negSampleNum': 12, 'poSampleNum': 1, 'max_bound': 0.8, 'kernel_sizes': [3, 4, 5], 'hidden_size': 256, 'hidden_layers': 1, 'bidirectional': True}
2021-05-23 00:16:38,804 - classify.py[line:140] - INFO: before training: 0.7365000247955322
2021-05-23 00:16:38,805 - classify.py[line:154] - INFO: ...start training...
2021-05-23 00:16:47,479 - classify.py[line:184] - INFO: Epoch 0, toal_loss 49.0876, aver loss 0.6214, train accuracy 0.8645, train auc 0.0000, test accuracy 0.7790, test auc 0.0000
2021-05-23 00:16:56,243 - classify.py[line:184] - INFO: Epoch 1, toal_loss 30.1198, aver loss 0.1906, train accuracy 0.8853, train auc 0.0000, test accuracy 0.8020, test auc 0.0000
2021-05-23 00:17:04,925 - classify.py[line:184] - INFO: Epoch 2, toal_loss 24.7647, aver loss 0.1045, train accuracy 0.8950, train auc 0.0000, test accuracy 0.8040, test auc 0.0000
2021-05-23 00:17:13,471 - classify.py[line:184] - INFO: Epoch 3, toal_loss 22.8690, aver loss 0.0724, train accuracy 0.9001, train auc 0.0000, test accuracy 0.8170, test auc 0.0000
2021-05-23 00:17:22,357 - classify.py[line:184] - INFO: Epoch 4, toal_loss 21.4993, aver loss 0.0544, train accuracy 0.9013, train auc 0.0000, test accuracy 0.8235, test auc 0.0000
2021-05-23 00:17:30,941 - classify.py[line:184] - INFO: Epoch 5, toal_loss 20.7442, aver loss 0.0438, train accuracy 0.9082, train auc 0.0000, test accuracy 0.8155, test auc 0.0000
2021-05-23 00:17:39,463 - classify.py[line:184] - INFO: Epoch 6, toal_loss 20.1950, aver loss 0.0365, train accuracy 0.9112, train auc 0.0000, test accuracy 0.8210, test auc 0.0000
2021-05-23 00:17:47,881 - classify.py[line:184] - INFO: Epoch 7, toal_loss 19.2801, aver loss 0.0305, train accuracy 0.9193, train auc 0.0000, test accuracy 0.8135, test auc 0.0000
2021-05-23 00:17:56,200 - classify.py[line:184] - INFO: Epoch 8, toal_loss 18.5113, aver loss 0.0260, train accuracy 0.9217, train auc 0.0000, test accuracy 0.8150, test auc 0.0000
2021-05-23 00:18:04,618 - classify.py[line:184] - INFO: Epoch 9, toal_loss 18.1743, aver loss 0.0230, train accuracy 0.9258, train auc 0.0000, test accuracy 0.8290, test auc 0.0000
2021-05-23 00:18:13,251 - classify.py[line:184] - INFO: Epoch 10, toal_loss 17.8332, aver loss 0.0205, train accuracy 0.9250, train auc 0.0000, test accuracy 0.8215, test auc 0.0000
2021-05-23 00:18:21,718 - classify.py[line:184] - INFO: Epoch 11, toal_loss 17.3255, aver loss 0.0183, train accuracy 0.9268, train auc 0.0000, test accuracy 0.8300, test auc 0.0000
2021-05-23 00:18:30,166 - classify.py[line:184] - INFO: Epoch 12, toal_loss 17.2625, aver loss 0.0168, train accuracy 0.9272, train auc 0.0000, test accuracy 0.8165, test auc 0.0000
2021-05-23 00:18:38,461 - classify.py[line:184] - INFO: Epoch 13, toal_loss 16.4714, aver loss 0.0149, train accuracy 0.9341, train auc 0.0000, test accuracy 0.8205, test auc 0.0000
2021-05-23 00:18:46,944 - classify.py[line:184] - INFO: Epoch 14, toal_loss 15.7560, aver loss 0.0133, train accuracy 0.9320, train auc 0.0000, test accuracy 0.8175, test auc 0.0000
2021-05-23 00:18:55,295 - classify.py[line:184] - INFO: Epoch 15, toal_loss 15.6550, aver loss 0.0124, train accuracy 0.9330, train auc 0.0000, test accuracy 0.8240, test auc 0.0000
2021-05-23 00:19:03,671 - classify.py[line:184] - INFO: Epoch 16, toal_loss 14.9956, aver loss 0.0112, train accuracy 0.9379, train auc 0.0000, test accuracy 0.8230, test auc 0.0000
2021-05-23 00:19:12,068 - classify.py[line:184] - INFO: Epoch 17, toal_loss 15.1458, aver loss 0.0107, train accuracy 0.9405, train auc 0.0000, test accuracy 0.8215, test auc 0.0000
2021-05-23 00:19:20,625 - classify.py[line:184] - INFO: Epoch 18, toal_loss 14.6756, aver loss 0.0098, train accuracy 0.9381, train auc 0.0000, test accuracy 0.8320, test auc 0.0000
2021-05-23 00:19:29,004 - classify.py[line:184] - INFO: Epoch 19, toal_loss 14.5311, aver loss 0.0092, train accuracy 0.9373, train auc 0.0000, test accuracy 0.8325, test auc 0.0000
2021-05-23 00:19:37,338 - classify.py[line:184] - INFO: Epoch 20, toal_loss 14.0929, aver loss 0.0085, train accuracy 0.9395, train auc 0.0000, test accuracy 0.8295, test auc 0.0000
2021-05-23 00:19:45,946 - classify.py[line:184] - INFO: Epoch 21, toal_loss 14.3073, aver loss 0.0082, train accuracy 0.9474, train auc 0.0000, test accuracy 0.8255, test auc 0.0000
2021-05-23 00:19:54,526 - classify.py[line:184] - INFO: Epoch 22, toal_loss 13.6773, aver loss 0.0075, train accuracy 0.9458, train auc 0.0000, test accuracy 0.8230, test auc 0.0000
2021-05-23 00:20:03,100 - classify.py[line:184] - INFO: Epoch 23, toal_loss 13.9009, aver loss 0.0073, train accuracy 0.9456, train auc 0.0000, test accuracy 0.8170, test auc 0.0000
2021-05-23 00:20:11,605 - classify.py[line:184] - INFO: Epoch 24, toal_loss 13.1869, aver loss 0.0067, train accuracy 0.9500, train auc 0.0000, test accuracy 0.8230, test auc 0.0000
2021-05-23 00:20:20,209 - classify.py[line:184] - INFO: Epoch 25, toal_loss 12.6937, aver loss 0.0062, train accuracy 0.9478, train auc 0.0000, test accuracy 0.8185, test auc 0.0000
2021-05-23 00:20:28,765 - classify.py[line:184] - INFO: Epoch 26, toal_loss 12.6095, aver loss 0.0059, train accuracy 0.9521, train auc 0.0000, test accuracy 0.8280, test auc 0.0000
2021-05-23 00:20:37,317 - classify.py[line:184] - INFO: Epoch 27, toal_loss 12.7761, aver loss 0.0058, train accuracy 0.9547, train auc 0.0000, test accuracy 0.8250, test auc 0.0000
2021-05-23 00:20:46,087 - classify.py[line:184] - INFO: Epoch 28, toal_loss 12.3739, aver loss 0.0054, train accuracy 0.9527, train auc 0.0000, test accuracy 0.8265, test auc 0.0000
2021-05-23 00:20:54,562 - classify.py[line:184] - INFO: Epoch 29, toal_loss 11.7616, aver loss 0.0050, train accuracy 0.9543, train auc 0.0000, test accuracy 0.8305, test auc 0.0000
2021-05-23 00:21:03,434 - classify.py[line:184] - INFO: Epoch 30, toal_loss 12.2066, aver loss 0.0050, train accuracy 0.9559, train auc 0.0000, test accuracy 0.8205, test auc 0.0000
2021-05-23 00:21:12,403 - classify.py[line:184] - INFO: Epoch 31, toal_loss 11.5906, aver loss 0.0046, train accuracy 0.9557, train auc 0.0000, test accuracy 0.8250, test auc 0.0000
2021-05-23 00:21:21,047 - classify.py[line:184] - INFO: Epoch 32, toal_loss 11.5425, aver loss 0.0044, train accuracy 0.9559, train auc 0.0000, test accuracy 0.8215, test auc 0.0000
2021-05-23 00:21:29,785 - classify.py[line:184] - INFO: Epoch 33, toal_loss 11.1048, aver loss 0.0041, train accuracy 0.9612, train auc 0.0000, test accuracy 0.8255, test auc 0.0000
2021-05-23 00:21:38,286 - classify.py[line:184] - INFO: Epoch 34, toal_loss 11.3376, aver loss 0.0041, train accuracy 0.9579, train auc 0.0000, test accuracy 0.8145, test auc 0.0000
2021-05-23 00:21:46,760 - classify.py[line:184] - INFO: Epoch 35, toal_loss 10.8336, aver loss 0.0038, train accuracy 0.9567, train auc 0.0000, test accuracy 0.8285, test auc 0.0000
2021-05-23 00:21:55,452 - classify.py[line:184] - INFO: Epoch 36, toal_loss 11.0651, aver loss 0.0038, train accuracy 0.9551, train auc 0.0000, test accuracy 0.8165, test auc 0.0000
2021-05-23 00:22:04,003 - classify.py[line:184] - INFO: Epoch 37, toal_loss 10.4150, aver loss 0.0035, train accuracy 0.9589, train auc 0.0000, test accuracy 0.8165, test auc 0.0000
2021-05-23 00:22:12,758 - classify.py[line:184] - INFO: Epoch 38, toal_loss 10.4599, aver loss 0.0034, train accuracy 0.9571, train auc 0.0000, test accuracy 0.8245, test auc 0.0000
2021-05-23 00:22:21,194 - classify.py[line:184] - INFO: Epoch 39, toal_loss 10.5582, aver loss 0.0033, train accuracy 0.9612, train auc 0.0000, test accuracy 0.8220, test auc 0.0000
2021-05-23 00:22:29,839 - classify.py[line:184] - INFO: Epoch 40, toal_loss 10.6246, aver loss 0.0033, train accuracy 0.9598, train auc 0.0000, test accuracy 0.8170, test auc 0.0000
2021-05-23 00:22:38,694 - classify.py[line:184] - INFO: Epoch 41, toal_loss 9.9920, aver loss 0.0030, train accuracy 0.9612, train auc 0.0000, test accuracy 0.8215, test auc 0.0000
2021-05-23 00:22:47,408 - classify.py[line:184] - INFO: Epoch 42, toal_loss 10.0201, aver loss 0.0029, train accuracy 0.9598, train auc 0.0000, test accuracy 0.8280, test auc 0.0000
2021-05-23 00:22:55,791 - classify.py[line:184] - INFO: Epoch 43, toal_loss 9.7361, aver loss 0.0028, train accuracy 0.9644, train auc 0.0000, test accuracy 0.8275, test auc 0.0000
2021-05-23 00:23:04,286 - classify.py[line:184] - INFO: Epoch 44, toal_loss 9.5762, aver loss 0.0027, train accuracy 0.9606, train auc 0.0000, test accuracy 0.8170, test auc 0.0000
2021-05-23 00:23:12,765 - classify.py[line:184] - INFO: Epoch 45, toal_loss 9.3845, aver loss 0.0026, train accuracy 0.9668, train auc 0.0000, test accuracy 0.8280, test auc 0.0000
2021-05-23 00:23:21,293 - classify.py[line:184] - INFO: Epoch 46, toal_loss 9.3472, aver loss 0.0025, train accuracy 0.9650, train auc 0.0000, test accuracy 0.8350, test auc 0.0000
2021-05-23 00:23:29,715 - classify.py[line:184] - INFO: Epoch 47, toal_loss 9.4779, aver loss 0.0025, train accuracy 0.9666, train auc 0.0000, test accuracy 0.8155, test auc 0.0000
2021-05-23 00:23:38,215 - classify.py[line:184] - INFO: Epoch 48, toal_loss 9.6290, aver loss 0.0025, train accuracy 0.9648, train auc 0.0000, test accuracy 0.8170, test auc 0.0000
2021-05-23 00:23:46,605 - classify.py[line:184] - INFO: Epoch 49, toal_loss 9.2355, aver loss 0.0023, train accuracy 0.9707, train auc 0.0000, test accuracy 0.8180, test auc 0.0000
2021-05-23 00:23:54,992 - classify.py[line:184] - INFO: Epoch 50, toal_loss 8.6895, aver loss 0.0022, train accuracy 0.9672, train auc 0.0000, test accuracy 0.8270, test auc 0.0000
2021-05-23 00:24:03,498 - classify.py[line:184] - INFO: Epoch 51, toal_loss 8.3833, aver loss 0.0020, train accuracy 0.9680, train auc 0.0000, test accuracy 0.8230, test auc 0.0000
2021-05-23 00:24:12,091 - classify.py[line:184] - INFO: Epoch 52, toal_loss 8.6499, aver loss 0.0021, train accuracy 0.9660, train auc 0.0000, test accuracy 0.8330, test auc 0.0000
2021-05-23 00:24:20,710 - classify.py[line:184] - INFO: Epoch 53, toal_loss 8.3156, aver loss 0.0019, train accuracy 0.9707, train auc 0.0000, test accuracy 0.8215, test auc 0.0000
2021-05-23 00:24:29,274 - classify.py[line:184] - INFO: Epoch 54, toal_loss 8.4333, aver loss 0.0019, train accuracy 0.9725, train auc 0.0000, test accuracy 0.8310, test auc 0.0000
2021-05-23 00:24:37,938 - classify.py[line:184] - INFO: Epoch 55, toal_loss 8.5991, aver loss 0.0019, train accuracy 0.9664, train auc 0.0000, test accuracy 0.8175, test auc 0.0000
2021-05-23 00:24:46,590 - classify.py[line:184] - INFO: Epoch 56, toal_loss 8.3541, aver loss 0.0019, train accuracy 0.9699, train auc 0.0000, test accuracy 0.8230, test auc 0.0000
2021-05-23 00:24:54,940 - classify.py[line:184] - INFO: Epoch 57, toal_loss 7.9622, aver loss 0.0017, train accuracy 0.9729, train auc 0.0000, test accuracy 0.8240, test auc 0.0000
2021-05-23 00:25:03,363 - classify.py[line:184] - INFO: Epoch 58, toal_loss 8.0000, aver loss 0.0017, train accuracy 0.9723, train auc 0.0000, test accuracy 0.8280, test auc 0.0000
2021-05-23 00:25:11,877 - classify.py[line:184] - INFO: Epoch 59, toal_loss 7.7195, aver loss 0.0016, train accuracy 0.9684, train auc 0.0000, test accuracy 0.8235, test auc 0.0000
2021-05-23 00:25:20,316 - classify.py[line:184] - INFO: Epoch 60, toal_loss 8.0500, aver loss 0.0017, train accuracy 0.9743, train auc 0.0000, test accuracy 0.8330, test auc 0.0000
2021-05-23 00:25:28,843 - classify.py[line:184] - INFO: Epoch 61, toal_loss 7.3786, aver loss 0.0015, train accuracy 0.9721, train auc 0.0000, test accuracy 0.8180, test auc 0.0000
2021-05-23 00:25:37,264 - classify.py[line:184] - INFO: Epoch 62, toal_loss 7.8450, aver loss 0.0016, train accuracy 0.9737, train auc 0.0000, test accuracy 0.8250, test auc 0.0000
2021-05-23 00:25:45,539 - classify.py[line:184] - INFO: Epoch 63, toal_loss 7.0943, aver loss 0.0014, train accuracy 0.9729, train auc 0.0000, test accuracy 0.8220, test auc 0.0000
2021-05-23 00:25:53,802 - classify.py[line:184] - INFO: Epoch 64, toal_loss 7.5530, aver loss 0.0015, train accuracy 0.9737, train auc 0.0000, test accuracy 0.8370, test auc 0.0000
2021-05-23 00:26:01,901 - classify.py[line:184] - INFO: Epoch 65, toal_loss 7.4047, aver loss 0.0014, train accuracy 0.9743, train auc 0.0000, test accuracy 0.8300, test auc 0.0000
2021-05-23 00:26:10,145 - classify.py[line:184] - INFO: Epoch 66, toal_loss 7.0252, aver loss 0.0013, train accuracy 0.9741, train auc 0.0000, test accuracy 0.8245, test auc 0.0000
2021-05-23 00:26:18,575 - classify.py[line:184] - INFO: Epoch 67, toal_loss 7.1234, aver loss 0.0013, train accuracy 0.9759, train auc 0.0000, test accuracy 0.8340, test auc 0.0000
2021-05-23 00:26:27,017 - classify.py[line:184] - INFO: Epoch 68, toal_loss 7.2460, aver loss 0.0013, train accuracy 0.9737, train auc 0.0000, test accuracy 0.8155, test auc 0.0000
2021-05-23 00:26:35,455 - classify.py[line:184] - INFO: Epoch 69, toal_loss 7.3749, aver loss 0.0013, train accuracy 0.9777, train auc 0.0000, test accuracy 0.8180, test auc 0.0000
2021-05-23 00:26:44,022 - classify.py[line:184] - INFO: Epoch 70, toal_loss 6.7195, aver loss 0.0012, train accuracy 0.9751, train auc 0.0000, test accuracy 0.8400, test auc 0.0000
2021-05-23 00:26:52,369 - classify.py[line:184] - INFO: Epoch 71, toal_loss 6.5387, aver loss 0.0011, train accuracy 0.9777, train auc 0.0000, test accuracy 0.8355, test auc 0.0000
2021-05-23 00:27:00,817 - classify.py[line:184] - INFO: Epoch 72, toal_loss 6.7120, aver loss 0.0012, train accuracy 0.9800, train auc 0.0000, test accuracy 0.8315, test auc 0.0000
2021-05-23 00:27:09,273 - classify.py[line:184] - INFO: Epoch 73, toal_loss 6.6509, aver loss 0.0011, train accuracy 0.9814, train auc 0.0000, test accuracy 0.8200, test auc 0.0000
2021-05-23 00:27:17,622 - classify.py[line:184] - INFO: Epoch 74, toal_loss 7.2543, aver loss 0.0012, train accuracy 0.9800, train auc 0.0000, test accuracy 0.8220, test auc 0.0000
2021-05-23 00:27:25,992 - classify.py[line:184] - INFO: Epoch 75, toal_loss 6.5236, aver loss 0.0011, train accuracy 0.9755, train auc 0.0000, test accuracy 0.8260, test auc 0.0000
2021-05-23 00:27:34,615 - classify.py[line:184] - INFO: Epoch 76, toal_loss 6.6205, aver loss 0.0011, train accuracy 0.9775, train auc 0.0000, test accuracy 0.8205, test auc 0.0000
2021-05-23 00:27:42,981 - classify.py[line:184] - INFO: Epoch 77, toal_loss 6.3874, aver loss 0.0010, train accuracy 0.9771, train auc 0.0000, test accuracy 0.8285, test auc 0.0000
2021-05-23 00:27:51,632 - classify.py[line:184] - INFO: Epoch 78, toal_loss 6.4196, aver loss 0.0010, train accuracy 0.9777, train auc 0.0000, test accuracy 0.8165, test auc 0.0000
2021-05-23 00:28:00,418 - classify.py[line:184] - INFO: Epoch 79, toal_loss 6.9229, aver loss 0.0011, train accuracy 0.9786, train auc 0.0000, test accuracy 0.8235, test auc 0.0000
2021-05-23 00:28:09,131 - classify.py[line:184] - INFO: Epoch 80, toal_loss 6.3448, aver loss 0.0010, train accuracy 0.9804, train auc 0.0000, test accuracy 0.8200, test auc 0.0000
2021-05-23 00:28:17,837 - classify.py[line:184] - INFO: Epoch 81, toal_loss 6.2056, aver loss 0.0010, train accuracy 0.9767, train auc 0.0000, test accuracy 0.8335, test auc 0.0000
2021-05-23 00:28:26,466 - classify.py[line:184] - INFO: Epoch 82, toal_loss 6.1970, aver loss 0.0009, train accuracy 0.9800, train auc 0.0000, test accuracy 0.8250, test auc 0.0000
2021-05-23 00:28:34,970 - classify.py[line:184] - INFO: Epoch 83, toal_loss 6.4909, aver loss 0.0010, train accuracy 0.9808, train auc 0.0000, test accuracy 0.8295, test auc 0.0000
2021-05-23 00:28:43,424 - classify.py[line:184] - INFO: Epoch 84, toal_loss 6.0338, aver loss 0.0009, train accuracy 0.9782, train auc 0.0000, test accuracy 0.8235, test auc 0.0000
2021-05-23 00:28:52,126 - classify.py[line:184] - INFO: Epoch 85, toal_loss 5.8249, aver loss 0.0009, train accuracy 0.9840, train auc 0.0000, test accuracy 0.8275, test auc 0.0000
2021-05-23 00:29:00,669 - classify.py[line:184] - INFO: Epoch 86, toal_loss 5.7983, aver loss 0.0008, train accuracy 0.9820, train auc 0.0000, test accuracy 0.8285, test auc 0.0000
2021-05-23 00:29:09,252 - classify.py[line:184] - INFO: Epoch 87, toal_loss 5.9892, aver loss 0.0009, train accuracy 0.9810, train auc 0.0000, test accuracy 0.8290, test auc 0.0000
2021-05-23 00:29:17,800 - classify.py[line:184] - INFO: Epoch 88, toal_loss 5.8470, aver loss 0.0008, train accuracy 0.9808, train auc 0.0000, test accuracy 0.8180, test auc 0.0000
2021-05-23 00:29:26,633 - classify.py[line:184] - INFO: Epoch 89, toal_loss 5.5930, aver loss 0.0008, train accuracy 0.9834, train auc 0.0000, test accuracy 0.8215, test auc 0.0000
2021-05-23 00:29:35,222 - classify.py[line:184] - INFO: Epoch 90, toal_loss 5.6060, aver loss 0.0008, train accuracy 0.9838, train auc 0.0000, test accuracy 0.8255, test auc 0.0000
2021-05-23 00:29:43,951 - classify.py[line:184] - INFO: Epoch 91, toal_loss 5.8209, aver loss 0.0008, train accuracy 0.9814, train auc 0.0000, test accuracy 0.8195, test auc 0.0000
2021-05-23 00:29:52,655 - classify.py[line:184] - INFO: Epoch 92, toal_loss 5.1372, aver loss 0.0007, train accuracy 0.9804, train auc 0.0000, test accuracy 0.8250, test auc 0.0000
2021-05-23 00:30:01,291 - classify.py[line:184] - INFO: Epoch 93, toal_loss 5.3584, aver loss 0.0007, train accuracy 0.9818, train auc 0.0000, test accuracy 0.8240, test auc 0.0000
2021-05-23 00:30:09,926 - classify.py[line:184] - INFO: Epoch 94, toal_loss 5.5116, aver loss 0.0007, train accuracy 0.9778, train auc 0.0000, test accuracy 0.8260, test auc 0.0000
2021-05-23 00:30:18,535 - classify.py[line:184] - INFO: Epoch 95, toal_loss 5.1329, aver loss 0.0007, train accuracy 0.9830, train auc 0.0000, test accuracy 0.8145, test auc 0.0000
2021-05-23 00:30:26,982 - classify.py[line:184] - INFO: Epoch 96, toal_loss 5.3938, aver loss 0.0007, train accuracy 0.9828, train auc 0.0000, test accuracy 0.8165, test auc 0.0000
2021-05-23 00:30:35,375 - classify.py[line:184] - INFO: Epoch 97, toal_loss 5.8091, aver loss 0.0008, train accuracy 0.9844, train auc 0.0000, test accuracy 0.8375, test auc 0.0000
2021-05-23 00:30:44,020 - classify.py[line:184] - INFO: Epoch 98, toal_loss 5.3629, aver loss 0.0007, train accuracy 0.9806, train auc 0.0000, test accuracy 0.8180, test auc 0.0000
2021-05-23 00:30:52,720 - classify.py[line:184] - INFO: Epoch 99, toal_loss 4.8380, aver loss 0.0006, train accuracy 0.9810, train auc 0.0000, test accuracy 0.8255, test auc 0.0000
2021-05-23 00:31:01,165 - classify.py[line:184] - INFO: Epoch 100, toal_loss 4.9296, aver loss 0.0006, train accuracy 0.9860, train auc 0.0000, test accuracy 0.8270, test auc 0.0000
2021-05-23 00:31:09,874 - classify.py[line:184] - INFO: Epoch 101, toal_loss 5.0905, aver loss 0.0006, train accuracy 0.9824, train auc 0.0000, test accuracy 0.8240, test auc 0.0000
2021-05-23 00:31:18,190 - classify.py[line:184] - INFO: Epoch 102, toal_loss 4.8084, aver loss 0.0006, train accuracy 0.9836, train auc 0.0000, test accuracy 0.8270, test auc 0.0000
2021-05-23 00:31:26,672 - classify.py[line:184] - INFO: Epoch 103, toal_loss 4.9726, aver loss 0.0006, train accuracy 0.9812, train auc 0.0000, test accuracy 0.8210, test auc 0.0000
2021-05-23 00:31:35,292 - classify.py[line:184] - INFO: Epoch 104, toal_loss 5.1221, aver loss 0.0006, train accuracy 0.9810, train auc 0.0000, test accuracy 0.8180, test auc 0.0000
2021-05-23 00:31:43,873 - classify.py[line:184] - INFO: Epoch 105, toal_loss 4.8530, aver loss 0.0006, train accuracy 0.9838, train auc 0.0000, test accuracy 0.8330, test auc 0.0000
2021-05-23 00:31:52,607 - classify.py[line:184] - INFO: Epoch 106, toal_loss 5.2189, aver loss 0.0006, train accuracy 0.9814, train auc 0.0000, test accuracy 0.8330, test auc 0.0000
2021-05-23 00:32:01,216 - classify.py[line:184] - INFO: Epoch 107, toal_loss 4.8059, aver loss 0.0006, train accuracy 0.9830, train auc 0.0000, test accuracy 0.8210, test auc 0.0000
2021-05-23 00:32:09,949 - classify.py[line:184] - INFO: Epoch 108, toal_loss 4.9115, aver loss 0.0006, train accuracy 0.9850, train auc 0.0000, test accuracy 0.8250, test auc 0.0000
2021-05-23 00:32:18,642 - classify.py[line:184] - INFO: Epoch 109, toal_loss 4.4133, aver loss 0.0005, train accuracy 0.9852, train auc 0.0000, test accuracy 0.8245, test auc 0.0000
2021-05-23 00:32:27,155 - classify.py[line:184] - INFO: Epoch 110, toal_loss 4.6514, aver loss 0.0005, train accuracy 0.9820, train auc 0.0000, test accuracy 0.8315, test auc 0.0000
2021-05-23 00:32:35,791 - classify.py[line:184] - INFO: Epoch 111, toal_loss 4.3210, aver loss 0.0005, train accuracy 0.9875, train auc 0.0000, test accuracy 0.8245, test auc 0.0000
2021-05-23 00:32:44,275 - classify.py[line:184] - INFO: Epoch 112, toal_loss 4.4149, aver loss 0.0005, train accuracy 0.9854, train auc 0.0000, test accuracy 0.8180, test auc 0.0000
2021-05-23 00:32:52,825 - classify.py[line:184] - INFO: Epoch 113, toal_loss 4.4093, aver loss 0.0005, train accuracy 0.9860, train auc 0.0000, test accuracy 0.8215, test auc 0.0000
2021-05-23 00:33:01,572 - classify.py[line:184] - INFO: Epoch 114, toal_loss 4.5563, aver loss 0.0005, train accuracy 0.9850, train auc 0.0000, test accuracy 0.8345, test auc 0.0000
2021-05-23 00:33:10,457 - classify.py[line:184] - INFO: Epoch 115, toal_loss 4.5926, aver loss 0.0005, train accuracy 0.9860, train auc 0.0000, test accuracy 0.8215, test auc 0.0000
2021-05-23 00:33:19,286 - classify.py[line:184] - INFO: Epoch 116, toal_loss 4.6989, aver loss 0.0005, train accuracy 0.9852, train auc 0.0000, test accuracy 0.8230, test auc 0.0000
2021-05-23 00:33:28,372 - classify.py[line:184] - INFO: Epoch 117, toal_loss 4.3760, aver loss 0.0005, train accuracy 0.9854, train auc 0.0000, test accuracy 0.8300, test auc 0.0000
2021-05-23 00:33:37,341 - classify.py[line:184] - INFO: Epoch 118, toal_loss 4.5771, aver loss 0.0005, train accuracy 0.9860, train auc 0.0000, test accuracy 0.8240, test auc 0.0000
2021-05-23 00:33:46,306 - classify.py[line:184] - INFO: Epoch 119, toal_loss 4.5597, aver loss 0.0005, train accuracy 0.9867, train auc 0.0000, test accuracy 0.8180, test auc 0.0000
2021-05-23 00:33:55,194 - classify.py[line:184] - INFO: Epoch 120, toal_loss 4.2202, aver loss 0.0004, train accuracy 0.9850, train auc 0.0000, test accuracy 0.8145, test auc 0.0000
2021-05-23 00:34:04,082 - classify.py[line:184] - INFO: Epoch 121, toal_loss 3.9512, aver loss 0.0004, train accuracy 0.9848, train auc 0.0000, test accuracy 0.8255, test auc 0.0000
2021-05-23 00:34:13,229 - classify.py[line:184] - INFO: Epoch 122, toal_loss 4.2151, aver loss 0.0004, train accuracy 0.9854, train auc 0.0000, test accuracy 0.8230, test auc 0.0000
2021-05-23 00:34:22,285 - classify.py[line:184] - INFO: Epoch 123, toal_loss 4.0586, aver loss 0.0004, train accuracy 0.9826, train auc 0.0000, test accuracy 0.8235, test auc 0.0000
2021-05-23 00:34:31,313 - classify.py[line:184] - INFO: Epoch 124, toal_loss 4.3024, aver loss 0.0004, train accuracy 0.9844, train auc 0.0000, test accuracy 0.8195, test auc 0.0000
2021-05-23 00:34:40,485 - classify.py[line:184] - INFO: Epoch 125, toal_loss 4.0122, aver loss 0.0004, train accuracy 0.9840, train auc 0.0000, test accuracy 0.8215, test auc 0.0000
2021-05-23 00:34:49,530 - classify.py[line:184] - INFO: Epoch 126, toal_loss 3.8323, aver loss 0.0004, train accuracy 0.9856, train auc 0.0000, test accuracy 0.8280, test auc 0.0000
2021-05-23 00:34:58,574 - classify.py[line:184] - INFO: Epoch 127, toal_loss 4.1456, aver loss 0.0004, train accuracy 0.9858, train auc 0.0000, test accuracy 0.8270, test auc 0.0000
2021-05-23 00:35:07,635 - classify.py[line:184] - INFO: Epoch 128, toal_loss 4.0076, aver loss 0.0004, train accuracy 0.9867, train auc 0.0000, test accuracy 0.8210, test auc 0.0000
2021-05-23 00:35:16,669 - classify.py[line:184] - INFO: Epoch 129, toal_loss 3.9783, aver loss 0.0004, train accuracy 0.9860, train auc 0.0000, test accuracy 0.8105, test auc 0.0000
2021-05-23 00:35:25,776 - classify.py[line:184] - INFO: Epoch 130, toal_loss 3.8850, aver loss 0.0004, train accuracy 0.9846, train auc 0.0000, test accuracy 0.8250, test auc 0.0000
2021-05-23 00:35:34,784 - classify.py[line:184] - INFO: Epoch 131, toal_loss 3.4215, aver loss 0.0003, train accuracy 0.9891, train auc 0.0000, test accuracy 0.8220, test auc 0.0000
2021-05-23 00:35:43,979 - classify.py[line:184] - INFO: Epoch 132, toal_loss 4.1494, aver loss 0.0004, train accuracy 0.9873, train auc 0.0000, test accuracy 0.8265, test auc 0.0000
2021-05-23 00:35:52,782 - classify.py[line:184] - INFO: Epoch 133, toal_loss 4.0376, aver loss 0.0004, train accuracy 0.9889, train auc 0.0000, test accuracy 0.8215, test auc 0.0000
2021-05-23 00:36:01,759 - classify.py[line:184] - INFO: Epoch 134, toal_loss 3.7710, aver loss 0.0004, train accuracy 0.9856, train auc 0.0000, test accuracy 0.8220, test auc 0.0000
2021-05-23 00:36:10,646 - classify.py[line:184] - INFO: Epoch 135, toal_loss 3.6273, aver loss 0.0003, train accuracy 0.9858, train auc 0.0000, test accuracy 0.8250, test auc 0.0000
2021-05-23 00:36:19,831 - classify.py[line:184] - INFO: Epoch 136, toal_loss 3.6675, aver loss 0.0003, train accuracy 0.9883, train auc 0.0000, test accuracy 0.8195, test auc 0.0000
2021-05-23 00:36:28,847 - classify.py[line:184] - INFO: Epoch 137, toal_loss 3.9135, aver loss 0.0004, train accuracy 0.9875, train auc 0.0000, test accuracy 0.8145, test auc 0.0000
2021-05-23 00:36:37,842 - classify.py[line:184] - INFO: Epoch 138, toal_loss 3.8417, aver loss 0.0003, train accuracy 0.9883, train auc 0.0000, test accuracy 0.8260, test auc 0.0000
2021-05-23 00:36:46,977 - classify.py[line:184] - INFO: Epoch 139, toal_loss 3.8436, aver loss 0.0003, train accuracy 0.9895, train auc 0.0000, test accuracy 0.8090, test auc 0.0000
2021-05-23 00:36:56,113 - classify.py[line:184] - INFO: Epoch 140, toal_loss 3.4352, aver loss 0.0003, train accuracy 0.9885, train auc 0.0000, test accuracy 0.8275, test auc 0.0000
2021-05-23 00:37:05,094 - classify.py[line:184] - INFO: Epoch 141, toal_loss 3.5440, aver loss 0.0003, train accuracy 0.9873, train auc 0.0000, test accuracy 0.8205, test auc 0.0000
2021-05-23 00:37:14,055 - classify.py[line:184] - INFO: Epoch 142, toal_loss 3.7483, aver loss 0.0003, train accuracy 0.9867, train auc 0.0000, test accuracy 0.8190, test auc 0.0000
2021-05-23 00:37:23,043 - classify.py[line:184] - INFO: Epoch 143, toal_loss 3.8725, aver loss 0.0003, train accuracy 0.9875, train auc 0.0000, test accuracy 0.8130, test auc 0.0000
2021-05-23 00:37:31,935 - classify.py[line:184] - INFO: Epoch 144, toal_loss 3.5933, aver loss 0.0003, train accuracy 0.9893, train auc 0.0000, test accuracy 0.8220, test auc 0.0000
2021-05-23 00:37:40,893 - classify.py[line:184] - INFO: Epoch 145, toal_loss 3.5193, aver loss 0.0003, train accuracy 0.9895, train auc 0.0000, test accuracy 0.8220, test auc 0.0000
2021-05-23 00:37:49,727 - classify.py[line:184] - INFO: Epoch 146, toal_loss 3.9104, aver loss 0.0003, train accuracy 0.9842, train auc 0.0000, test accuracy 0.8220, test auc 0.0000
2021-05-23 00:37:58,649 - classify.py[line:184] - INFO: Epoch 147, toal_loss 3.3133, aver loss 0.0003, train accuracy 0.9879, train auc 0.0000, test accuracy 0.8195, test auc 0.0000
2021-05-23 00:38:07,569 - classify.py[line:184] - INFO: Epoch 148, toal_loss 3.8627, aver loss 0.0003, train accuracy 0.9881, train auc 0.0000, test accuracy 0.8260, test auc 0.0000
2021-05-23 00:38:16,353 - classify.py[line:184] - INFO: Epoch 149, toal_loss 3.5440, aver loss 0.0003, train accuracy 0.9915, train auc 0.0000, test accuracy 0.8230, test auc 0.0000
2021-05-23 00:38:25,456 - classify.py[line:184] - INFO: Epoch 150, toal_loss 3.6969, aver loss 0.0003, train accuracy 0.9897, train auc 0.0000, test accuracy 0.8275, test auc 0.0000
2021-05-23 00:38:34,335 - classify.py[line:184] - INFO: Epoch 151, toal_loss 3.2247, aver loss 0.0003, train accuracy 0.9881, train auc 0.0000, test accuracy 0.8280, test auc 0.0000
2021-05-23 00:38:43,291 - classify.py[line:184] - INFO: Epoch 152, toal_loss 3.5696, aver loss 0.0003, train accuracy 0.9871, train auc 0.0000, test accuracy 0.8160, test auc 0.0000
2021-05-23 00:38:52,368 - classify.py[line:184] - INFO: Epoch 153, toal_loss 3.5584, aver loss 0.0003, train accuracy 0.9883, train auc 0.0000, test accuracy 0.8215, test auc 0.0000
2021-05-23 00:39:01,397 - classify.py[line:184] - INFO: Epoch 154, toal_loss 3.3616, aver loss 0.0003, train accuracy 0.9905, train auc 0.0000, test accuracy 0.8210, test auc 0.0000
2021-05-23 00:39:10,167 - classify.py[line:184] - INFO: Epoch 155, toal_loss 3.4587, aver loss 0.0003, train accuracy 0.9893, train auc 0.0000, test accuracy 0.8185, test auc 0.0000
2021-05-23 00:39:18,988 - classify.py[line:184] - INFO: Epoch 156, toal_loss 3.1545, aver loss 0.0003, train accuracy 0.9891, train auc 0.0000, test accuracy 0.8255, test auc 0.0000
2021-05-23 00:39:27,978 - classify.py[line:184] - INFO: Epoch 157, toal_loss 3.2205, aver loss 0.0003, train accuracy 0.9903, train auc 0.0000, test accuracy 0.8200, test auc 0.0000
2021-05-23 00:39:36,992 - classify.py[line:184] - INFO: Epoch 158, toal_loss 2.9725, aver loss 0.0002, train accuracy 0.9885, train auc 0.0000, test accuracy 0.8170, test auc 0.0000
2021-05-23 00:39:46,026 - classify.py[line:184] - INFO: Epoch 159, toal_loss 3.3189, aver loss 0.0003, train accuracy 0.9881, train auc 0.0000, test accuracy 0.8220, test auc 0.0000
2021-05-23 00:39:55,183 - classify.py[line:184] - INFO: Epoch 160, toal_loss 3.1434, aver loss 0.0002, train accuracy 0.9913, train auc 0.0000, test accuracy 0.8195, test auc 0.0000
2021-05-23 00:40:04,189 - classify.py[line:184] - INFO: Epoch 161, toal_loss 3.0072, aver loss 0.0002, train accuracy 0.9889, train auc 0.0000, test accuracy 0.8215, test auc 0.0000
2021-05-23 00:40:13,117 - classify.py[line:184] - INFO: Epoch 162, toal_loss 3.2868, aver loss 0.0003, train accuracy 0.9875, train auc 0.0000, test accuracy 0.8220, test auc 0.0000
2021-05-23 00:40:22,188 - classify.py[line:184] - INFO: Epoch 163, toal_loss 3.2681, aver loss 0.0003, train accuracy 0.9905, train auc 0.0000, test accuracy 0.8195, test auc 0.0000
2021-05-23 00:40:31,081 - classify.py[line:184] - INFO: Epoch 164, toal_loss 3.3699, aver loss 0.0003, train accuracy 0.9893, train auc 0.0000, test accuracy 0.8220, test auc 0.0000
2021-05-23 00:40:40,009 - classify.py[line:184] - INFO: Epoch 165, toal_loss 2.8686, aver loss 0.0002, train accuracy 0.9907, train auc 0.0000, test accuracy 0.8165, test auc 0.0000
2021-05-23 00:40:48,898 - classify.py[line:184] - INFO: Epoch 166, toal_loss 3.0101, aver loss 0.0002, train accuracy 0.9887, train auc 0.0000, test accuracy 0.8220, test auc 0.0000
2021-05-23 00:40:58,049 - classify.py[line:184] - INFO: Epoch 167, toal_loss 3.2601, aver loss 0.0002, train accuracy 0.9873, train auc 0.0000, test accuracy 0.8250, test auc 0.0000
2021-05-23 00:41:06,992 - classify.py[line:184] - INFO: Epoch 168, toal_loss 3.1626, aver loss 0.0002, train accuracy 0.9864, train auc 0.0000, test accuracy 0.8135, test auc 0.0000
2021-05-23 00:41:16,082 - classify.py[line:184] - INFO: Epoch 169, toal_loss 3.0187, aver loss 0.0002, train accuracy 0.9883, train auc 0.0000, test accuracy 0.8180, test auc 0.0000
2021-05-23 00:41:25,222 - classify.py[line:184] - INFO: Epoch 170, toal_loss 2.8519, aver loss 0.0002, train accuracy 0.9915, train auc 0.0000, test accuracy 0.8260, test auc 0.0000
2021-05-23 00:41:34,022 - classify.py[line:184] - INFO: Epoch 171, toal_loss 3.2517, aver loss 0.0002, train accuracy 0.9889, train auc 0.0000, test accuracy 0.8235, test auc 0.0000
2021-05-23 00:41:43,067 - classify.py[line:184] - INFO: Epoch 172, toal_loss 2.7353, aver loss 0.0002, train accuracy 0.9909, train auc 0.0000, test accuracy 0.8230, test auc 0.0000
2021-05-23 00:41:51,910 - classify.py[line:184] - INFO: Epoch 173, toal_loss 2.8606, aver loss 0.0002, train accuracy 0.9893, train auc 0.0000, test accuracy 0.8140, test auc 0.0000
2021-05-23 00:42:00,707 - classify.py[line:184] - INFO: Epoch 174, toal_loss 3.0270, aver loss 0.0002, train accuracy 0.9891, train auc 0.0000, test accuracy 0.8155, test auc 0.0000
2021-05-23 00:42:09,631 - classify.py[line:184] - INFO: Epoch 175, toal_loss 2.8489, aver loss 0.0002, train accuracy 0.9905, train auc 0.0000, test accuracy 0.8135, test auc 0.0000
2021-05-23 00:42:18,611 - classify.py[line:184] - INFO: Epoch 176, toal_loss 2.7665, aver loss 0.0002, train accuracy 0.9901, train auc 0.0000, test accuracy 0.8185, test auc 0.0000
2021-05-23 00:42:27,361 - classify.py[line:184] - INFO: Epoch 177, toal_loss 3.1661, aver loss 0.0002, train accuracy 0.9889, train auc 0.0000, test accuracy 0.8220, test auc 0.0000
2021-05-23 00:42:36,258 - classify.py[line:184] - INFO: Epoch 178, toal_loss 2.9375, aver loss 0.0002, train accuracy 0.9913, train auc 0.0000, test accuracy 0.8220, test auc 0.0000
2021-05-23 00:42:45,127 - classify.py[line:184] - INFO: Epoch 179, toal_loss 2.9027, aver loss 0.0002, train accuracy 0.9911, train auc 0.0000, test accuracy 0.8250, test auc 0.0000
2021-05-23 00:42:54,317 - classify.py[line:184] - INFO: Epoch 180, toal_loss 2.8743, aver loss 0.0002, train accuracy 0.9879, train auc 0.0000, test accuracy 0.8200, test auc 0.0000
2021-05-23 00:43:03,439 - classify.py[line:184] - INFO: Epoch 181, toal_loss 3.1292, aver loss 0.0002, train accuracy 0.9893, train auc 0.0000, test accuracy 0.8125, test auc 0.0000
2021-05-23 00:43:12,418 - classify.py[line:184] - INFO: Epoch 182, toal_loss 2.8168, aver loss 0.0002, train accuracy 0.9897, train auc 0.0000, test accuracy 0.8165, test auc 0.0000
2021-05-23 00:43:21,593 - classify.py[line:184] - INFO: Epoch 183, toal_loss 2.7835, aver loss 0.0002, train accuracy 0.9903, train auc 0.0000, test accuracy 0.8135, test auc 0.0000
2021-05-23 00:43:30,572 - classify.py[line:184] - INFO: Epoch 184, toal_loss 3.2937, aver loss 0.0002, train accuracy 0.9899, train auc 0.0000, test accuracy 0.8150, test auc 0.0000
2021-05-23 00:43:39,657 - classify.py[line:184] - INFO: Epoch 185, toal_loss 2.6606, aver loss 0.0002, train accuracy 0.9903, train auc 0.0000, test accuracy 0.8225, test auc 0.0000
2021-05-23 00:43:48,674 - classify.py[line:184] - INFO: Epoch 186, toal_loss 2.9542, aver loss 0.0002, train accuracy 0.9913, train auc 0.0000, test accuracy 0.8160, test auc 0.0000
2021-05-23 00:43:57,610 - classify.py[line:184] - INFO: Epoch 187, toal_loss 2.7347, aver loss 0.0002, train accuracy 0.9913, train auc 0.0000, test accuracy 0.8190, test auc 0.0000
2021-05-23 00:44:06,609 - classify.py[line:184] - INFO: Epoch 188, toal_loss 2.6934, aver loss 0.0002, train accuracy 0.9875, train auc 0.0000, test accuracy 0.8255, test auc 0.0000
2021-05-23 00:44:15,411 - classify.py[line:184] - INFO: Epoch 189, toal_loss 3.2558, aver loss 0.0002, train accuracy 0.9911, train auc 0.0000, test accuracy 0.8130, test auc 0.0000
2021-05-23 00:44:24,399 - classify.py[line:184] - INFO: Epoch 190, toal_loss 2.8715, aver loss 0.0002, train accuracy 0.9911, train auc 0.0000, test accuracy 0.8180, test auc 0.0000
2021-05-23 00:44:33,337 - classify.py[line:184] - INFO: Epoch 191, toal_loss 2.5334, aver loss 0.0002, train accuracy 0.9909, train auc 0.0000, test accuracy 0.8185, test auc 0.0000
2021-05-23 00:44:42,318 - classify.py[line:184] - INFO: Epoch 192, toal_loss 2.5636, aver loss 0.0002, train accuracy 0.9929, train auc 0.0000, test accuracy 0.8280, test auc 0.0000
2021-05-23 00:44:51,224 - classify.py[line:184] - INFO: Epoch 193, toal_loss 2.5653, aver loss 0.0002, train accuracy 0.9893, train auc 0.0000, test accuracy 0.8165, test auc 0.0000
2021-05-23 00:45:00,002 - classify.py[line:184] - INFO: Epoch 194, toal_loss 2.9796, aver loss 0.0002, train accuracy 0.9915, train auc 0.0000, test accuracy 0.8205, test auc 0.0000
2021-05-23 00:45:09,029 - classify.py[line:184] - INFO: Epoch 195, toal_loss 2.7138, aver loss 0.0002, train accuracy 0.9905, train auc 0.0000, test accuracy 0.8280, test auc 0.0000
2021-05-23 00:45:18,028 - classify.py[line:184] - INFO: Epoch 196, toal_loss 2.7300, aver loss 0.0002, train accuracy 0.9885, train auc 0.0000, test accuracy 0.8160, test auc 0.0000
2021-05-23 00:45:26,851 - classify.py[line:184] - INFO: Epoch 197, toal_loss 2.7972, aver loss 0.0002, train accuracy 0.9893, train auc 0.0000, test accuracy 0.8170, test auc 0.0000
2021-05-23 00:45:35,779 - classify.py[line:184] - INFO: Epoch 198, toal_loss 2.5474, aver loss 0.0002, train accuracy 0.9911, train auc 0.0000, test accuracy 0.8135, test auc 0.0000
2021-05-23 00:45:44,667 - classify.py[line:184] - INFO: Epoch 199, toal_loss 2.4770, aver loss 0.0002, train accuracy 0.9921, train auc 0.0000, test accuracy 0.8230, test auc 0.0000
2021-05-23 00:45:53,431 - classify.py[line:184] - INFO: Epoch 200, toal_loss 2.8795, aver loss 0.0002, train accuracy 0.9897, train auc 0.0000, test accuracy 0.8140, test auc 0.0000
2021-05-23 00:46:02,252 - classify.py[line:184] - INFO: Epoch 201, toal_loss 2.4872, aver loss 0.0002, train accuracy 0.9907, train auc 0.0000, test accuracy 0.8235, test auc 0.0000
2021-05-23 00:46:11,122 - classify.py[line:184] - INFO: Epoch 202, toal_loss 2.8055, aver loss 0.0002, train accuracy 0.9899, train auc 0.0000, test accuracy 0.8195, test auc 0.0000
2021-05-23 00:46:19,987 - classify.py[line:184] - INFO: Epoch 203, toal_loss 2.5474, aver loss 0.0002, train accuracy 0.9887, train auc 0.0000, test accuracy 0.8240, test auc 0.0000
2021-05-23 00:46:28,859 - classify.py[line:184] - INFO: Epoch 204, toal_loss 2.8001, aver loss 0.0002, train accuracy 0.9921, train auc 0.0000, test accuracy 0.8210, test auc 0.0000
2021-05-23 00:46:38,076 - classify.py[line:184] - INFO: Epoch 205, toal_loss 2.9249, aver loss 0.0002, train accuracy 0.9921, train auc 0.0000, test accuracy 0.8180, test auc 0.0000
2021-05-23 00:46:47,115 - classify.py[line:184] - INFO: Epoch 206, toal_loss 2.7503, aver loss 0.0002, train accuracy 0.9881, train auc 0.0000, test accuracy 0.8180, test auc 0.0000
2021-05-23 00:46:56,275 - classify.py[line:184] - INFO: Epoch 207, toal_loss 2.4280, aver loss 0.0001, train accuracy 0.9913, train auc 0.0000, test accuracy 0.8205, test auc 0.0000
2021-05-23 00:47:05,184 - classify.py[line:184] - INFO: Epoch 208, toal_loss 2.0593, aver loss 0.0001, train accuracy 0.9919, train auc 0.0000, test accuracy 0.8145, test auc 0.0000
2021-05-23 00:47:14,143 - classify.py[line:184] - INFO: Epoch 209, toal_loss 2.6393, aver loss 0.0002, train accuracy 0.9909, train auc 0.0000, test accuracy 0.8120, test auc 0.0000
2021-05-23 00:47:23,298 - classify.py[line:184] - INFO: Epoch 210, toal_loss 2.5005, aver loss 0.0002, train accuracy 0.9921, train auc 0.0000, test accuracy 0.8180, test auc 0.0000
2021-05-23 00:47:32,383 - classify.py[line:184] - INFO: Epoch 211, toal_loss 2.2191, aver loss 0.0001, train accuracy 0.9907, train auc 0.0000, test accuracy 0.8205, test auc 0.0000
2021-05-23 00:47:41,286 - classify.py[line:184] - INFO: Epoch 212, toal_loss 2.5627, aver loss 0.0002, train accuracy 0.9927, train auc 0.0000, test accuracy 0.8185, test auc 0.0000
2021-05-23 00:47:50,157 - classify.py[line:184] - INFO: Epoch 213, toal_loss 2.9323, aver loss 0.0002, train accuracy 0.9929, train auc 0.0000, test accuracy 0.8150, test auc 0.0000
2021-05-23 00:47:59,102 - classify.py[line:184] - INFO: Epoch 214, toal_loss 2.1878, aver loss 0.0001, train accuracy 0.9913, train auc 0.0000, test accuracy 0.8315, test auc 0.0000
2021-05-23 00:48:08,144 - classify.py[line:184] - INFO: Epoch 215, toal_loss 2.3695, aver loss 0.0001, train accuracy 0.9929, train auc 0.0000, test accuracy 0.8185, test auc 0.0000
2021-05-23 00:48:17,202 - classify.py[line:184] - INFO: Epoch 216, toal_loss 2.6097, aver loss 0.0002, train accuracy 0.9913, train auc 0.0000, test accuracy 0.8165, test auc 0.0000
2021-05-23 00:48:26,170 - classify.py[line:184] - INFO: Epoch 217, toal_loss 2.5561, aver loss 0.0001, train accuracy 0.9907, train auc 0.0000, test accuracy 0.8185, test auc 0.0000
2021-05-23 00:48:35,144 - classify.py[line:184] - INFO: Epoch 218, toal_loss 2.3128, aver loss 0.0001, train accuracy 0.9925, train auc 0.0000, test accuracy 0.8205, test auc 0.0000
2021-05-23 00:48:44,105 - classify.py[line:184] - INFO: Epoch 219, toal_loss 2.5843, aver loss 0.0001, train accuracy 0.9933, train auc 0.0000, test accuracy 0.8305, test auc 0.0000
2021-05-23 00:48:53,071 - classify.py[line:184] - INFO: Epoch 220, toal_loss 2.3719, aver loss 0.0001, train accuracy 0.9931, train auc 0.0000, test accuracy 0.8230, test auc 0.0000
2021-05-23 00:49:02,045 - classify.py[line:184] - INFO: Epoch 221, toal_loss 2.3680, aver loss 0.0001, train accuracy 0.9927, train auc 0.0000, test accuracy 0.8220, test auc 0.0000
2021-05-23 00:49:10,968 - classify.py[line:184] - INFO: Epoch 222, toal_loss 2.0547, aver loss 0.0001, train accuracy 0.9921, train auc 0.0000, test accuracy 0.8300, test auc 0.0000
2021-05-23 00:49:19,926 - classify.py[line:184] - INFO: Epoch 223, toal_loss 2.2592, aver loss 0.0001, train accuracy 0.9921, train auc 0.0000, test accuracy 0.8190, test auc 0.0000
2021-05-23 00:49:29,013 - classify.py[line:184] - INFO: Epoch 224, toal_loss 2.2510, aver loss 0.0001, train accuracy 0.9905, train auc 0.0000, test accuracy 0.8245, test auc 0.0000
2021-05-23 00:49:38,009 - classify.py[line:184] - INFO: Epoch 225, toal_loss 2.3779, aver loss 0.0001, train accuracy 0.9935, train auc 0.0000, test accuracy 0.8140, test auc 0.0000
2021-05-23 00:49:46,976 - classify.py[line:184] - INFO: Epoch 226, toal_loss 2.5361, aver loss 0.0001, train accuracy 0.9929, train auc 0.0000, test accuracy 0.8240, test auc 0.0000
2021-05-23 00:49:56,081 - classify.py[line:184] - INFO: Epoch 227, toal_loss 2.2958, aver loss 0.0001, train accuracy 0.9939, train auc 0.0000, test accuracy 0.8170, test auc 0.0000
2021-05-23 00:50:05,141 - classify.py[line:184] - INFO: Epoch 228, toal_loss 2.1202, aver loss 0.0001, train accuracy 0.9925, train auc 0.0000, test accuracy 0.8200, test auc 0.0000
2021-05-23 00:50:14,159 - classify.py[line:184] - INFO: Epoch 229, toal_loss 2.0678, aver loss 0.0001, train accuracy 0.9921, train auc 0.0000, test accuracy 0.8205, test auc 0.0000
2021-05-23 00:50:23,163 - classify.py[line:184] - INFO: Epoch 230, toal_loss 2.3986, aver loss 0.0001, train accuracy 0.9917, train auc 0.0000, test accuracy 0.8235, test auc 0.0000
2021-05-23 00:50:32,219 - classify.py[line:184] - INFO: Epoch 231, toal_loss 2.0468, aver loss 0.0001, train accuracy 0.9907, train auc 0.0000, test accuracy 0.8215, test auc 0.0000
2021-05-23 00:50:41,012 - classify.py[line:184] - INFO: Epoch 232, toal_loss 2.0024, aver loss 0.0001, train accuracy 0.9919, train auc 0.0000, test accuracy 0.8170, test auc 0.0000
2021-05-23 00:50:49,955 - classify.py[line:184] - INFO: Epoch 233, toal_loss 2.1060, aver loss 0.0001, train accuracy 0.9939, train auc 0.0000, test accuracy 0.8180, test auc 0.0000
2021-05-23 00:50:58,940 - classify.py[line:184] - INFO: Epoch 234, toal_loss 2.2399, aver loss 0.0001, train accuracy 0.9923, train auc 0.0000, test accuracy 0.8235, test auc 0.0000
2021-05-23 00:51:07,816 - classify.py[line:184] - INFO: Epoch 235, toal_loss 2.1413, aver loss 0.0001, train accuracy 0.9937, train auc 0.0000, test accuracy 0.8200, test auc 0.0000
2021-05-23 00:51:16,835 - classify.py[line:184] - INFO: Epoch 236, toal_loss 2.3342, aver loss 0.0001, train accuracy 0.9921, train auc 0.0000, test accuracy 0.8185, test auc 0.0000
2021-05-23 00:51:26,018 - classify.py[line:184] - INFO: Epoch 237, toal_loss 2.0564, aver loss 0.0001, train accuracy 0.9927, train auc 0.0000, test accuracy 0.8180, test auc 0.0000
2021-05-23 00:51:35,138 - classify.py[line:184] - INFO: Epoch 238, toal_loss 2.0045, aver loss 0.0001, train accuracy 0.9947, train auc 0.0000, test accuracy 0.8195, test auc 0.0000
2021-05-23 00:51:44,161 - classify.py[line:184] - INFO: Epoch 239, toal_loss 2.2901, aver loss 0.0001, train accuracy 0.9923, train auc 0.0000, test accuracy 0.8120, test auc 0.0000
2021-05-23 00:51:53,008 - classify.py[line:184] - INFO: Epoch 240, toal_loss 1.9492, aver loss 0.0001, train accuracy 0.9941, train auc 0.0000, test accuracy 0.8270, test auc 0.0000
2021-05-23 00:52:01,905 - classify.py[line:184] - INFO: Epoch 241, toal_loss 1.9517, aver loss 0.0001, train accuracy 0.9921, train auc 0.0000, test accuracy 0.8190, test auc 0.0000
2021-05-23 00:52:11,012 - classify.py[line:184] - INFO: Epoch 242, toal_loss 2.0319, aver loss 0.0001, train accuracy 0.9927, train auc 0.0000, test accuracy 0.8125, test auc 0.0000
2021-05-23 00:52:20,307 - classify.py[line:184] - INFO: Epoch 243, toal_loss 1.7922, aver loss 0.0001, train accuracy 0.9951, train auc 0.0000, test accuracy 0.8130, test auc 0.0000
2021-05-23 00:52:29,536 - classify.py[line:184] - INFO: Epoch 244, toal_loss 2.0757, aver loss 0.0001, train accuracy 0.9915, train auc 0.0000, test accuracy 0.8170, test auc 0.0000
2021-05-23 00:52:38,660 - classify.py[line:184] - INFO: Epoch 245, toal_loss 2.2344, aver loss 0.0001, train accuracy 0.9915, train auc 0.0000, test accuracy 0.8205, test auc 0.0000
2021-05-23 00:52:47,640 - classify.py[line:184] - INFO: Epoch 246, toal_loss 2.0686, aver loss 0.0001, train accuracy 0.9923, train auc 0.0000, test accuracy 0.8140, test auc 0.0000
2021-05-23 00:52:56,771 - classify.py[line:184] - INFO: Epoch 247, toal_loss 2.2352, aver loss 0.0001, train accuracy 0.9943, train auc 0.0000, test accuracy 0.8220, test auc 0.0000
2021-05-23 00:53:05,818 - classify.py[line:184] - INFO: Epoch 248, toal_loss 2.0326, aver loss 0.0001, train accuracy 0.9929, train auc 0.0000, test accuracy 0.8180, test auc 0.0000
2021-05-23 00:53:14,442 - classify.py[line:184] - INFO: Epoch 249, toal_loss 2.2404, aver loss 0.0001, train accuracy 0.9953, train auc 0.0000, test accuracy 0.8140, test auc 0.0000
2021-05-23 00:53:23,375 - classify.py[line:184] - INFO: Epoch 250, toal_loss 2.2363, aver loss 0.0001, train accuracy 0.9923, train auc 0.0000, test accuracy 0.8230, test auc 0.0000
2021-05-23 00:53:32,451 - classify.py[line:184] - INFO: Epoch 251, toal_loss 2.1592, aver loss 0.0001, train accuracy 0.9941, train auc 0.0000, test accuracy 0.8235, test auc 0.0000
2021-05-23 00:53:41,351 - classify.py[line:184] - INFO: Epoch 252, toal_loss 2.3452, aver loss 0.0001, train accuracy 0.9927, train auc 0.0000, test accuracy 0.8245, test auc 0.0000
2021-05-23 00:53:50,470 - classify.py[line:184] - INFO: Epoch 253, toal_loss 2.4340, aver loss 0.0001, train accuracy 0.9939, train auc 0.0000, test accuracy 0.8185, test auc 0.0000
2021-05-23 00:53:59,421 - classify.py[line:184] - INFO: Epoch 254, toal_loss 2.2048, aver loss 0.0001, train accuracy 0.9931, train auc 0.0000, test accuracy 0.8125, test auc 0.0000
2021-05-23 00:54:08,448 - classify.py[line:184] - INFO: Epoch 255, toal_loss 2.0142, aver loss 0.0001, train accuracy 0.9933, train auc 0.0000, test accuracy 0.8315, test auc 0.0000
2021-05-23 00:54:17,450 - classify.py[line:184] - INFO: Epoch 256, toal_loss 2.2398, aver loss 0.0001, train accuracy 0.9903, train auc 0.0000, test accuracy 0.8210, test auc 0.0000
2021-05-23 00:54:26,537 - classify.py[line:184] - INFO: Epoch 257, toal_loss 1.8682, aver loss 0.0001, train accuracy 0.9923, train auc 0.0000, test accuracy 0.8160, test auc 0.0000
2021-05-23 00:54:35,272 - classify.py[line:184] - INFO: Epoch 258, toal_loss 1.5758, aver loss 0.0001, train accuracy 0.9937, train auc 0.0000, test accuracy 0.8245, test auc 0.0000
2021-05-23 00:54:44,099 - classify.py[line:184] - INFO: Epoch 259, toal_loss 1.9661, aver loss 0.0001, train accuracy 0.9915, train auc 0.0000, test accuracy 0.8225, test auc 0.0000
2021-05-23 00:54:53,080 - classify.py[line:184] - INFO: Epoch 260, toal_loss 1.9469, aver loss 0.0001, train accuracy 0.9945, train auc 0.0000, test accuracy 0.8140, test auc 0.0000
2021-05-23 00:55:02,065 - classify.py[line:184] - INFO: Epoch 261, toal_loss 2.4409, aver loss 0.0001, train accuracy 0.9925, train auc 0.0000, test accuracy 0.8170, test auc 0.0000
2021-05-23 00:55:10,890 - classify.py[line:184] - INFO: Epoch 262, toal_loss 2.2413, aver loss 0.0001, train accuracy 0.9943, train auc 0.0000, test accuracy 0.8160, test auc 0.0000
2021-05-23 00:55:19,879 - classify.py[line:184] - INFO: Epoch 263, toal_loss 1.9954, aver loss 0.0001, train accuracy 0.9947, train auc 0.0000, test accuracy 0.8225, test auc 0.0000
2021-05-23 00:55:28,707 - classify.py[line:184] - INFO: Epoch 264, toal_loss 2.2236, aver loss 0.0001, train accuracy 0.9951, train auc 0.0000, test accuracy 0.8135, test auc 0.0000
2021-05-23 00:55:37,779 - classify.py[line:184] - INFO: Epoch 265, toal_loss 2.0330, aver loss 0.0001, train accuracy 0.9917, train auc 0.0000, test accuracy 0.8145, test auc 0.0000
2021-05-23 00:55:46,929 - classify.py[line:184] - INFO: Epoch 266, toal_loss 1.9469, aver loss 0.0001, train accuracy 0.9933, train auc 0.0000, test accuracy 0.8240, test auc 0.0000
2021-05-23 00:55:55,705 - classify.py[line:184] - INFO: Epoch 267, toal_loss 1.7316, aver loss 0.0001, train accuracy 0.9939, train auc 0.0000, test accuracy 0.8220, test auc 0.0000
2021-05-23 00:56:04,607 - classify.py[line:184] - INFO: Epoch 268, toal_loss 1.5008, aver loss 0.0001, train accuracy 0.9935, train auc 0.0000, test accuracy 0.8190, test auc 0.0000
2021-05-23 00:56:13,559 - classify.py[line:184] - INFO: Epoch 269, toal_loss 2.0108, aver loss 0.0001, train accuracy 0.9909, train auc 0.0000, test accuracy 0.8255, test auc 0.0000
2021-05-23 00:56:22,583 - classify.py[line:184] - INFO: Epoch 270, toal_loss 1.6938, aver loss 0.0001, train accuracy 0.9931, train auc 0.0000, test accuracy 0.8190, test auc 0.0000
2021-05-23 00:56:31,347 - classify.py[line:184] - INFO: Epoch 271, toal_loss 1.8634, aver loss 0.0001, train accuracy 0.9939, train auc 0.0000, test accuracy 0.8155, test auc 0.0000
2021-05-23 00:56:40,363 - classify.py[line:184] - INFO: Epoch 272, toal_loss 1.6867, aver loss 0.0001, train accuracy 0.9939, train auc 0.0000, test accuracy 0.8170, test auc 0.0000
2021-05-23 00:56:49,546 - classify.py[line:184] - INFO: Epoch 273, toal_loss 1.9392, aver loss 0.0001, train accuracy 0.9949, train auc 0.0000, test accuracy 0.8125, test auc 0.0000
2021-05-23 00:56:58,384 - classify.py[line:184] - INFO: Epoch 274, toal_loss 1.7139, aver loss 0.0001, train accuracy 0.9939, train auc 0.0000, test accuracy 0.8185, test auc 0.0000
2021-05-23 00:57:07,247 - classify.py[line:184] - INFO: Epoch 275, toal_loss 1.8244, aver loss 0.0001, train accuracy 0.9941, train auc 0.0000, test accuracy 0.8120, test auc 0.0000
2021-05-23 00:57:15,953 - classify.py[line:184] - INFO: Epoch 276, toal_loss 1.7362, aver loss 0.0001, train accuracy 0.9951, train auc 0.0000, test accuracy 0.8180, test auc 0.0000
2021-05-23 00:57:24,924 - classify.py[line:184] - INFO: Epoch 277, toal_loss 1.8209, aver loss 0.0001, train accuracy 0.9935, train auc 0.0000, test accuracy 0.8215, test auc 0.0000
2021-05-23 00:57:33,911 - classify.py[line:184] - INFO: Epoch 278, toal_loss 1.5998, aver loss 0.0001, train accuracy 0.9925, train auc 0.0000, test accuracy 0.8225, test auc 0.0000
2021-05-23 00:57:42,804 - classify.py[line:184] - INFO: Epoch 279, toal_loss 1.9879, aver loss 0.0001, train accuracy 0.9941, train auc 0.0000, test accuracy 0.8195, test auc 0.0000
2021-05-23 00:57:51,975 - classify.py[line:184] - INFO: Epoch 280, toal_loss 2.1084, aver loss 0.0001, train accuracy 0.9937, train auc 0.0000, test accuracy 0.8230, test auc 0.0000
2021-05-23 00:58:00,919 - classify.py[line:184] - INFO: Epoch 281, toal_loss 1.8370, aver loss 0.0001, train accuracy 0.9949, train auc 0.0000, test accuracy 0.8105, test auc 0.0000
2021-05-23 00:58:09,547 - classify.py[line:184] - INFO: Epoch 282, toal_loss 1.8134, aver loss 0.0001, train accuracy 0.9941, train auc 0.0000, test accuracy 0.8190, test auc 0.0000
2021-05-23 00:58:18,424 - classify.py[line:184] - INFO: Epoch 283, toal_loss 1.7063, aver loss 0.0001, train accuracy 0.9929, train auc 0.0000, test accuracy 0.8215, test auc 0.0000
2021-05-23 00:58:27,330 - classify.py[line:184] - INFO: Epoch 284, toal_loss 1.6233, aver loss 0.0001, train accuracy 0.9933, train auc 0.0000, test accuracy 0.8275, test auc 0.0000
2021-05-23 00:58:36,160 - classify.py[line:184] - INFO: Epoch 285, toal_loss 1.9833, aver loss 0.0001, train accuracy 0.9953, train auc 0.0000, test accuracy 0.8235, test auc 0.0000
2021-05-23 00:58:45,004 - classify.py[line:184] - INFO: Epoch 286, toal_loss 1.7826, aver loss 0.0001, train accuracy 0.9943, train auc 0.0000, test accuracy 0.8195, test auc 0.0000
2021-05-23 00:58:53,966 - classify.py[line:184] - INFO: Epoch 287, toal_loss 1.9248, aver loss 0.0001, train accuracy 0.9943, train auc 0.0000, test accuracy 0.8205, test auc 0.0000
2021-05-23 00:59:02,968 - classify.py[line:184] - INFO: Epoch 288, toal_loss 2.0765, aver loss 0.0001, train accuracy 0.9945, train auc 0.0000, test accuracy 0.8160, test auc 0.0000
2021-05-23 00:59:12,338 - classify.py[line:184] - INFO: Epoch 289, toal_loss 1.5554, aver loss 0.0001, train accuracy 0.9949, train auc 0.0000, test accuracy 0.8075, test auc 0.0000
2021-05-23 00:59:21,390 - classify.py[line:184] - INFO: Epoch 290, toal_loss 1.7064, aver loss 0.0001, train accuracy 0.9947, train auc 0.0000, test accuracy 0.8270, test auc 0.0000
2021-05-23 00:59:30,243 - classify.py[line:184] - INFO: Epoch 291, toal_loss 1.9569, aver loss 0.0001, train accuracy 0.9933, train auc 0.0000, test accuracy 0.8215, test auc 0.0000
2021-05-23 00:59:39,464 - classify.py[line:184] - INFO: Epoch 292, toal_loss 1.7344, aver loss 0.0001, train accuracy 0.9927, train auc 0.0000, test accuracy 0.8255, test auc 0.0000
2021-05-23 00:59:48,385 - classify.py[line:184] - INFO: Epoch 293, toal_loss 1.5137, aver loss 0.0001, train accuracy 0.9941, train auc 0.0000, test accuracy 0.8320, test auc 0.0000
2021-05-23 00:59:57,277 - classify.py[line:184] - INFO: Epoch 294, toal_loss 1.7320, aver loss 0.0001, train accuracy 0.9960, train auc 0.0000, test accuracy 0.8255, test auc 0.0000
2021-05-23 01:00:06,014 - classify.py[line:184] - INFO: Epoch 295, toal_loss 1.6254, aver loss 0.0001, train accuracy 0.9939, train auc 0.0000, test accuracy 0.8255, test auc 0.0000
2021-05-23 01:00:14,663 - classify.py[line:184] - INFO: Epoch 296, toal_loss 2.0306, aver loss 0.0001, train accuracy 0.9949, train auc 0.0000, test accuracy 0.8220, test auc 0.0000
2021-05-23 01:00:23,539 - classify.py[line:184] - INFO: Epoch 297, toal_loss 1.7170, aver loss 0.0001, train accuracy 0.9958, train auc 0.0000, test accuracy 0.8215, test auc 0.0000
2021-05-23 01:00:32,586 - classify.py[line:184] - INFO: Epoch 298, toal_loss 1.8040, aver loss 0.0001, train accuracy 0.9941, train auc 0.0000, test accuracy 0.8160, test auc 0.0000
2021-05-23 01:00:41,398 - classify.py[line:184] - INFO: Epoch 299, toal_loss 1.8591, aver loss 0.0001, train accuracy 0.9931, train auc 0.0000, test accuracy 0.8260, test auc 0.0000
2021-05-23 01:00:50,261 - classify.py[line:184] - INFO: Epoch 300, toal_loss 1.8011, aver loss 0.0001, train accuracy 0.9927, train auc 0.0000, test accuracy 0.8195, test auc 0.0000
2021-05-23 01:00:59,160 - classify.py[line:184] - INFO: Epoch 301, toal_loss 1.4708, aver loss 0.0001, train accuracy 0.9958, train auc 0.0000, test accuracy 0.8140, test auc 0.0000
2021-05-23 01:01:08,039 - classify.py[line:184] - INFO: Epoch 302, toal_loss 1.7565, aver loss 0.0001, train accuracy 0.9935, train auc 0.0000, test accuracy 0.8205, test auc 0.0000
2021-05-23 01:01:16,923 - classify.py[line:184] - INFO: Epoch 303, toal_loss 1.5509, aver loss 0.0001, train accuracy 0.9955, train auc 0.0000, test accuracy 0.8180, test auc 0.0000
2021-05-23 01:01:25,807 - classify.py[line:184] - INFO: Epoch 304, toal_loss 1.6546, aver loss 0.0001, train accuracy 0.9931, train auc 0.0000, test accuracy 0.8195, test auc 0.0000
2021-05-23 01:01:34,441 - classify.py[line:184] - INFO: Epoch 305, toal_loss 1.4582, aver loss 0.0001, train accuracy 0.9923, train auc 0.0000, test accuracy 0.8160, test auc 0.0000
2021-05-23 01:01:43,530 - classify.py[line:184] - INFO: Epoch 306, toal_loss 1.8998, aver loss 0.0001, train accuracy 0.9927, train auc 0.0000, test accuracy 0.8215, test auc 0.0000
2021-05-23 01:01:52,322 - classify.py[line:184] - INFO: Epoch 307, toal_loss 1.6268, aver loss 0.0001, train accuracy 0.9925, train auc 0.0000, test accuracy 0.8210, test auc 0.0000
2021-05-23 01:02:01,177 - classify.py[line:184] - INFO: Epoch 308, toal_loss 1.6460, aver loss 0.0001, train accuracy 0.9943, train auc 0.0000, test accuracy 0.8185, test auc 0.0000
2021-05-23 01:02:10,077 - classify.py[line:184] - INFO: Epoch 309, toal_loss 1.8698, aver loss 0.0001, train accuracy 0.9949, train auc 0.0000, test accuracy 0.8225, test auc 0.0000
2021-05-23 01:02:18,731 - classify.py[line:184] - INFO: Epoch 310, toal_loss 1.8798, aver loss 0.0001, train accuracy 0.9949, train auc 0.0000, test accuracy 0.8150, test auc 0.0000
2021-05-23 01:02:27,695 - classify.py[line:184] - INFO: Epoch 311, toal_loss 1.8395, aver loss 0.0001, train accuracy 0.9945, train auc 0.0000, test accuracy 0.8165, test auc 0.0000
2021-05-23 01:02:36,686 - classify.py[line:184] - INFO: Epoch 312, toal_loss 1.6817, aver loss 0.0001, train accuracy 0.9929, train auc 0.0000, test accuracy 0.8305, test auc 0.0000
2021-05-23 01:02:45,424 - classify.py[line:184] - INFO: Epoch 313, toal_loss 1.6130, aver loss 0.0001, train accuracy 0.9939, train auc 0.0000, test accuracy 0.8170, test auc 0.0000
2021-05-23 01:02:54,171 - classify.py[line:184] - INFO: Epoch 314, toal_loss 1.7577, aver loss 0.0001, train accuracy 0.9947, train auc 0.0000, test accuracy 0.8230, test auc 0.0000
2021-05-23 01:03:03,109 - classify.py[line:184] - INFO: Epoch 315, toal_loss 1.6264, aver loss 0.0001, train accuracy 0.9947, train auc 0.0000, test accuracy 0.8240, test auc 0.0000
2021-05-23 01:03:12,101 - classify.py[line:184] - INFO: Epoch 316, toal_loss 1.4591, aver loss 0.0001, train accuracy 0.9947, train auc 0.0000, test accuracy 0.8195, test auc 0.0000
2021-05-23 01:03:20,937 - classify.py[line:184] - INFO: Epoch 317, toal_loss 1.7147, aver loss 0.0001, train accuracy 0.9960, train auc 0.0000, test accuracy 0.8145, test auc 0.0000
2021-05-23 01:03:29,899 - classify.py[line:184] - INFO: Epoch 318, toal_loss 1.4998, aver loss 0.0001, train accuracy 0.9956, train auc 0.0000, test accuracy 0.8185, test auc 0.0000
2021-05-23 01:03:38,999 - classify.py[line:184] - INFO: Epoch 319, toal_loss 1.6280, aver loss 0.0001, train accuracy 0.9947, train auc 0.0000, test accuracy 0.8195, test auc 0.0000
2021-05-23 01:03:48,065 - classify.py[line:184] - INFO: Epoch 320, toal_loss 1.6701, aver loss 0.0001, train accuracy 0.9953, train auc 0.0000, test accuracy 0.8180, test auc 0.0000
2021-05-23 01:03:56,970 - classify.py[line:184] - INFO: Epoch 321, toal_loss 1.6283, aver loss 0.0001, train accuracy 0.9945, train auc 0.0000, test accuracy 0.8220, test auc 0.0000
2021-05-23 01:04:05,856 - classify.py[line:184] - INFO: Epoch 322, toal_loss 1.8661, aver loss 0.0001, train accuracy 0.9945, train auc 0.0000, test accuracy 0.8175, test auc 0.0000
2021-05-23 01:04:14,922 - classify.py[line:184] - INFO: Epoch 323, toal_loss 1.6196, aver loss 0.0001, train accuracy 0.9953, train auc 0.0000, test accuracy 0.8215, test auc 0.0000
2021-05-23 01:04:23,843 - classify.py[line:184] - INFO: Epoch 324, toal_loss 1.7098, aver loss 0.0001, train accuracy 0.9953, train auc 0.0000, test accuracy 0.8205, test auc 0.0000
2021-05-23 01:04:32,713 - classify.py[line:184] - INFO: Epoch 325, toal_loss 1.8482, aver loss 0.0001, train accuracy 0.9949, train auc 0.0000, test accuracy 0.8195, test auc 0.0000
2021-05-23 01:04:41,619 - classify.py[line:184] - INFO: Epoch 326, toal_loss 1.7524, aver loss 0.0001, train accuracy 0.9927, train auc 0.0000, test accuracy 0.8240, test auc 0.0000
2021-05-23 01:04:50,473 - classify.py[line:184] - INFO: Epoch 327, toal_loss 1.6091, aver loss 0.0001, train accuracy 0.9953, train auc 0.0000, test accuracy 0.8240, test auc 0.0000
2021-05-23 01:04:59,386 - classify.py[line:184] - INFO: Epoch 328, toal_loss 1.8819, aver loss 0.0001, train accuracy 0.9964, train auc 0.0000, test accuracy 0.8175, test auc 0.0000
2021-05-23 01:05:08,161 - classify.py[line:184] - INFO: Epoch 329, toal_loss 1.4131, aver loss 0.0001, train accuracy 0.9939, train auc 0.0000, test accuracy 0.8230, test auc 0.0000
2021-05-23 01:05:17,112 - classify.py[line:184] - INFO: Epoch 330, toal_loss 1.6669, aver loss 0.0001, train accuracy 0.9951, train auc 0.0000, test accuracy 0.8230, test auc 0.0000
2021-05-23 01:05:26,254 - classify.py[line:184] - INFO: Epoch 331, toal_loss 1.3609, aver loss 0.0001, train accuracy 0.9949, train auc 0.0000, test accuracy 0.8240, test auc 0.0000
2021-05-23 01:05:35,174 - classify.py[line:184] - INFO: Epoch 332, toal_loss 1.8074, aver loss 0.0001, train accuracy 0.9958, train auc 0.0000, test accuracy 0.8180, test auc 0.0000
2021-05-23 01:05:44,322 - classify.py[line:184] - INFO: Epoch 333, toal_loss 1.6238, aver loss 0.0001, train accuracy 0.9962, train auc 0.0000, test accuracy 0.8195, test auc 0.0000
2021-05-23 01:05:53,248 - classify.py[line:184] - INFO: Epoch 334, toal_loss 1.5970, aver loss 0.0001, train accuracy 0.9927, train auc 0.0000, test accuracy 0.8195, test auc 0.0000
2021-05-23 01:06:02,230 - classify.py[line:184] - INFO: Epoch 335, toal_loss 1.5413, aver loss 0.0001, train accuracy 0.9955, train auc 0.0000, test accuracy 0.8260, test auc 0.0000
2021-05-23 01:06:10,953 - classify.py[line:184] - INFO: Epoch 336, toal_loss 1.8260, aver loss 0.0001, train accuracy 0.9960, train auc 0.0000, test accuracy 0.8080, test auc 0.0000
2021-05-23 01:06:19,844 - classify.py[line:184] - INFO: Epoch 337, toal_loss 1.6213, aver loss 0.0001, train accuracy 0.9927, train auc 0.0000, test accuracy 0.8275, test auc 0.0000
2021-05-23 01:06:28,807 - classify.py[line:184] - INFO: Epoch 338, toal_loss 1.6535, aver loss 0.0001, train accuracy 0.9958, train auc 0.0000, test accuracy 0.8180, test auc 0.0000
2021-05-23 01:06:37,714 - classify.py[line:184] - INFO: Epoch 339, toal_loss 1.4028, aver loss 0.0001, train accuracy 0.9951, train auc 0.0000, test accuracy 0.8255, test auc 0.0000
2021-05-23 01:06:46,782 - classify.py[line:184] - INFO: Epoch 340, toal_loss 1.6232, aver loss 0.0001, train accuracy 0.9941, train auc 0.0000, test accuracy 0.8155, test auc 0.0000
2021-05-23 01:06:55,712 - classify.py[line:184] - INFO: Epoch 341, toal_loss 1.6733, aver loss 0.0001, train accuracy 0.9945, train auc 0.0000, test accuracy 0.8190, test auc 0.0000
2021-05-23 01:07:04,550 - classify.py[line:184] - INFO: Epoch 342, toal_loss 1.3724, aver loss 0.0001, train accuracy 0.9945, train auc 0.0000, test accuracy 0.8195, test auc 0.0000
2021-05-23 01:07:13,587 - classify.py[line:184] - INFO: Epoch 343, toal_loss 1.6691, aver loss 0.0001, train accuracy 0.9947, train auc 0.0000, test accuracy 0.8165, test auc 0.0000
2021-05-23 01:07:22,681 - classify.py[line:184] - INFO: Epoch 344, toal_loss 1.4977, aver loss 0.0001, train accuracy 0.9943, train auc 0.0000, test accuracy 0.8260, test auc 0.0000
2021-05-23 01:07:31,498 - classify.py[line:184] - INFO: Epoch 345, toal_loss 1.1834, aver loss 0.0000, train accuracy 0.9945, train auc 0.0000, test accuracy 0.8115, test auc 0.0000
2021-05-23 01:07:40,446 - classify.py[line:184] - INFO: Epoch 346, toal_loss 2.0667, aver loss 0.0001, train accuracy 0.9931, train auc 0.0000, test accuracy 0.8205, test auc 0.0000
2021-05-23 01:07:49,368 - classify.py[line:184] - INFO: Epoch 347, toal_loss 1.8795, aver loss 0.0001, train accuracy 0.9966, train auc 0.0000, test accuracy 0.8230, test auc 0.0000
2021-05-23 01:07:58,286 - classify.py[line:184] - INFO: Epoch 348, toal_loss 1.8011, aver loss 0.0001, train accuracy 0.9941, train auc 0.0000, test accuracy 0.8120, test auc 0.0000
2021-05-23 01:08:07,120 - classify.py[line:184] - INFO: Epoch 349, toal_loss 1.5875, aver loss 0.0001, train accuracy 0.9945, train auc 0.0000, test accuracy 0.8165, test auc 0.0000
2021-05-23 01:08:15,998 - classify.py[line:184] - INFO: Epoch 350, toal_loss 1.5707, aver loss 0.0001, train accuracy 0.9956, train auc 0.0000, test accuracy 0.8235, test auc 0.0000
2021-05-23 01:08:25,024 - classify.py[line:184] - INFO: Epoch 351, toal_loss 1.3585, aver loss 0.0000, train accuracy 0.9953, train auc 0.0000, test accuracy 0.8220, test auc 0.0000
2021-05-23 01:08:33,870 - classify.py[line:184] - INFO: Epoch 352, toal_loss 1.4071, aver loss 0.0001, train accuracy 0.9949, train auc 0.0000, test accuracy 0.8165, test auc 0.0000
2021-05-23 01:08:42,809 - classify.py[line:184] - INFO: Epoch 353, toal_loss 1.8644, aver loss 0.0001, train accuracy 0.9951, train auc 0.0000, test accuracy 0.8215, test auc 0.0000
2021-05-23 01:08:51,753 - classify.py[line:184] - INFO: Epoch 354, toal_loss 1.3338, aver loss 0.0000, train accuracy 0.9958, train auc 0.0000, test accuracy 0.8245, test auc 0.0000
2021-05-23 01:09:00,738 - classify.py[line:184] - INFO: Epoch 355, toal_loss 1.2747, aver loss 0.0000, train accuracy 0.9927, train auc 0.0000, test accuracy 0.8215, test auc 0.0000
2021-05-23 01:09:09,779 - classify.py[line:184] - INFO: Epoch 356, toal_loss 1.3951, aver loss 0.0000, train accuracy 0.9947, train auc 0.0000, test accuracy 0.8155, test auc 0.0000
2021-05-23 01:09:18,613 - classify.py[line:184] - INFO: Epoch 357, toal_loss 1.6147, aver loss 0.0001, train accuracy 0.9951, train auc 0.0000, test accuracy 0.8240, test auc 0.0000
2021-05-23 01:09:27,302 - classify.py[line:184] - INFO: Epoch 358, toal_loss 1.8373, aver loss 0.0001, train accuracy 0.9943, train auc 0.0000, test accuracy 0.8215, test auc 0.0000
2021-05-23 01:09:36,130 - classify.py[line:184] - INFO: Epoch 359, toal_loss 1.3350, aver loss 0.0000, train accuracy 0.9972, train auc 0.0000, test accuracy 0.8250, test auc 0.0000
2021-05-23 01:09:45,145 - classify.py[line:184] - INFO: Epoch 360, toal_loss 1.3640, aver loss 0.0000, train accuracy 0.9955, train auc 0.0000, test accuracy 0.8290, test auc 0.0000
2021-05-23 01:09:54,029 - classify.py[line:184] - INFO: Epoch 361, toal_loss 1.2987, aver loss 0.0000, train accuracy 0.9947, train auc 0.0000, test accuracy 0.8240, test auc 0.0000
2021-05-23 01:10:02,963 - classify.py[line:184] - INFO: Epoch 362, toal_loss 1.6005, aver loss 0.0001, train accuracy 0.9960, train auc 0.0000, test accuracy 0.8090, test auc 0.0000
2021-05-23 01:10:11,813 - classify.py[line:184] - INFO: Epoch 363, toal_loss 1.5799, aver loss 0.0001, train accuracy 0.9966, train auc 0.0000, test accuracy 0.8260, test auc 0.0000
2021-05-23 01:10:20,754 - classify.py[line:184] - INFO: Epoch 364, toal_loss 1.5191, aver loss 0.0001, train accuracy 0.9962, train auc 0.0000, test accuracy 0.8175, test auc 0.0000
2021-05-23 01:10:29,582 - classify.py[line:184] - INFO: Epoch 365, toal_loss 1.2528, aver loss 0.0000, train accuracy 0.9943, train auc 0.0000, test accuracy 0.8255, test auc 0.0000
2021-05-23 01:10:38,512 - classify.py[line:184] - INFO: Epoch 366, toal_loss 1.5389, aver loss 0.0001, train accuracy 0.9945, train auc 0.0000, test accuracy 0.8135, test auc 0.0000
2021-05-23 01:10:47,390 - classify.py[line:184] - INFO: Epoch 367, toal_loss 1.2624, aver loss 0.0000, train accuracy 0.9927, train auc 0.0000, test accuracy 0.8250, test auc 0.0000
2021-05-23 01:10:56,301 - classify.py[line:184] - INFO: Epoch 368, toal_loss 1.3561, aver loss 0.0000, train accuracy 0.9960, train auc 0.0000, test accuracy 0.8150, test auc 0.0000
2021-05-23 01:11:05,253 - classify.py[line:184] - INFO: Epoch 369, toal_loss 1.1916, aver loss 0.0000, train accuracy 0.9951, train auc 0.0000, test accuracy 0.8255, test auc 0.0000
2021-05-23 01:11:14,116 - classify.py[line:184] - INFO: Epoch 370, toal_loss 1.5983, aver loss 0.0001, train accuracy 0.9931, train auc 0.0000, test accuracy 0.8165, test auc 0.0000
2021-05-23 01:11:23,014 - classify.py[line:184] - INFO: Epoch 371, toal_loss 1.3539, aver loss 0.0000, train accuracy 0.9953, train auc 0.0000, test accuracy 0.8155, test auc 0.0000
2021-05-23 01:11:31,714 - classify.py[line:184] - INFO: Epoch 372, toal_loss 1.1660, aver loss 0.0000, train accuracy 0.9949, train auc 0.0000, test accuracy 0.8195, test auc 0.0000
2021-05-23 01:11:40,824 - classify.py[line:184] - INFO: Epoch 373, toal_loss 1.5181, aver loss 0.0001, train accuracy 0.9956, train auc 0.0000, test accuracy 0.8160, test auc 0.0000
2021-05-23 01:11:50,009 - classify.py[line:184] - INFO: Epoch 374, toal_loss 1.3768, aver loss 0.0000, train accuracy 0.9951, train auc 0.0000, test accuracy 0.8220, test auc 0.0000
2021-05-23 01:11:58,871 - classify.py[line:184] - INFO: Epoch 375, toal_loss 1.2841, aver loss 0.0000, train accuracy 0.9947, train auc 0.0000, test accuracy 0.8185, test auc 0.0000
2021-05-23 01:12:08,001 - classify.py[line:184] - INFO: Epoch 376, toal_loss 1.2866, aver loss 0.0000, train accuracy 0.9945, train auc 0.0000, test accuracy 0.8125, test auc 0.0000
2021-05-23 01:12:16,629 - classify.py[line:184] - INFO: Epoch 377, toal_loss 1.3408, aver loss 0.0000, train accuracy 0.9941, train auc 0.0000, test accuracy 0.8120, test auc 0.0000
2021-05-23 01:12:25,509 - classify.py[line:184] - INFO: Epoch 378, toal_loss 1.2676, aver loss 0.0000, train accuracy 0.9933, train auc 0.0000, test accuracy 0.8220, test auc 0.0000
2021-05-23 01:12:34,488 - classify.py[line:184] - INFO: Epoch 379, toal_loss 1.1714, aver loss 0.0000, train accuracy 0.9956, train auc 0.0000, test accuracy 0.8195, test auc 0.0000
2021-05-23 01:12:43,339 - classify.py[line:184] - INFO: Epoch 380, toal_loss 1.3995, aver loss 0.0000, train accuracy 0.9972, train auc 0.0000, test accuracy 0.8220, test auc 0.0000
2021-05-23 01:12:52,320 - classify.py[line:184] - INFO: Epoch 381, toal_loss 1.3732, aver loss 0.0000, train accuracy 0.9947, train auc 0.0000, test accuracy 0.8295, test auc 0.0000
2021-05-23 01:13:01,319 - classify.py[line:184] - INFO: Epoch 382, toal_loss 1.4235, aver loss 0.0000, train accuracy 0.9955, train auc 0.0000, test accuracy 0.8240, test auc 0.0000
2021-05-23 01:13:10,422 - classify.py[line:184] - INFO: Epoch 383, toal_loss 1.4891, aver loss 0.0000, train accuracy 0.9953, train auc 0.0000, test accuracy 0.8240, test auc 0.0000
2021-05-23 01:13:19,191 - classify.py[line:184] - INFO: Epoch 384, toal_loss 1.5791, aver loss 0.0001, train accuracy 0.9956, train auc 0.0000, test accuracy 0.8260, test auc 0.0000
2021-05-23 01:13:28,192 - classify.py[line:184] - INFO: Epoch 385, toal_loss 1.5603, aver loss 0.0001, train accuracy 0.9958, train auc 0.0000, test accuracy 0.8170, test auc 0.0000
2021-05-23 01:13:36,717 - classify.py[line:184] - INFO: Epoch 386, toal_loss 1.3828, aver loss 0.0000, train accuracy 0.9941, train auc 0.0000, test accuracy 0.8205, test auc 0.0000
2021-05-23 01:13:45,660 - classify.py[line:184] - INFO: Epoch 387, toal_loss 1.7488, aver loss 0.0001, train accuracy 0.9958, train auc 0.0000, test accuracy 0.8220, test auc 0.0000
2021-05-23 01:13:54,744 - classify.py[line:184] - INFO: Epoch 388, toal_loss 1.5885, aver loss 0.0001, train accuracy 0.9949, train auc 0.0000, test accuracy 0.8115, test auc 0.0000
2021-05-23 01:14:03,797 - classify.py[line:184] - INFO: Epoch 389, toal_loss 1.3910, aver loss 0.0000, train accuracy 0.9939, train auc 0.0000, test accuracy 0.8255, test auc 0.0000
2021-05-23 01:14:12,808 - classify.py[line:184] - INFO: Epoch 390, toal_loss 1.4552, aver loss 0.0000, train accuracy 0.9933, train auc 0.0000, test accuracy 0.8270, test auc 0.0000
2021-05-23 01:14:21,720 - classify.py[line:184] - INFO: Epoch 391, toal_loss 1.5248, aver loss 0.0000, train accuracy 0.9949, train auc 0.0000, test accuracy 0.8185, test auc 0.0000
2021-05-23 01:14:30,691 - classify.py[line:184] - INFO: Epoch 392, toal_loss 1.3001, aver loss 0.0000, train accuracy 0.9939, train auc 0.0000, test accuracy 0.8155, test auc 0.0000
2021-05-23 01:14:39,499 - classify.py[line:184] - INFO: Epoch 393, toal_loss 1.5473, aver loss 0.0000, train accuracy 0.9943, train auc 0.0000, test accuracy 0.8245, test auc 0.0000
2021-05-23 01:14:48,359 - classify.py[line:184] - INFO: Epoch 394, toal_loss 1.2615, aver loss 0.0000, train accuracy 0.9960, train auc 0.0000, test accuracy 0.8090, test auc 0.0000
2021-05-23 01:14:57,411 - classify.py[line:184] - INFO: Epoch 395, toal_loss 1.3558, aver loss 0.0000, train accuracy 0.9955, train auc 0.0000, test accuracy 0.8205, test auc 0.0000
2021-05-23 01:15:06,261 - classify.py[line:184] - INFO: Epoch 396, toal_loss 1.4218, aver loss 0.0000, train accuracy 0.9949, train auc 0.0000, test accuracy 0.8175, test auc 0.0000
2021-05-23 01:15:15,131 - classify.py[line:184] - INFO: Epoch 397, toal_loss 1.0924, aver loss 0.0000, train accuracy 0.9949, train auc 0.0000, test accuracy 0.8195, test auc 0.0000
2021-05-23 01:15:24,171 - classify.py[line:184] - INFO: Epoch 398, toal_loss 1.4470, aver loss 0.0000, train accuracy 0.9945, train auc 0.0000, test accuracy 0.8175, test auc 0.0000
2021-05-23 01:15:33,108 - classify.py[line:184] - INFO: Epoch 399, toal_loss 1.8620, aver loss 0.0001, train accuracy 0.9972, train auc 0.0000, test accuracy 0.8235, test auc 0.0000
2021-05-23 01:15:41,916 - classify.py[line:184] - INFO: Epoch 400, toal_loss 1.4432, aver loss 0.0000, train accuracy 0.9962, train auc 0.0000, test accuracy 0.8120, test auc 0.0000
2021-05-23 01:15:50,831 - classify.py[line:184] - INFO: Epoch 401, toal_loss 1.2729, aver loss 0.0000, train accuracy 0.9949, train auc 0.0000, test accuracy 0.8165, test auc 0.0000
2021-05-23 01:15:59,835 - classify.py[line:184] - INFO: Epoch 402, toal_loss 1.2778, aver loss 0.0000, train accuracy 0.9955, train auc 0.0000, test accuracy 0.8105, test auc 0.0000
2021-05-23 01:16:08,764 - classify.py[line:184] - INFO: Epoch 403, toal_loss 1.1332, aver loss 0.0000, train accuracy 0.9955, train auc 0.0000, test accuracy 0.8180, test auc 0.0000
2021-05-23 01:16:17,621 - classify.py[line:184] - INFO: Epoch 404, toal_loss 1.2998, aver loss 0.0000, train accuracy 0.9953, train auc 0.0000, test accuracy 0.8105, test auc 0.0000
2021-05-23 01:16:26,609 - classify.py[line:184] - INFO: Epoch 405, toal_loss 1.3227, aver loss 0.0000, train accuracy 0.9949, train auc 0.0000, test accuracy 0.8175, test auc 0.0000
2021-05-23 01:16:35,323 - classify.py[line:184] - INFO: Epoch 406, toal_loss 1.3868, aver loss 0.0000, train accuracy 0.9966, train auc 0.0000, test accuracy 0.8075, test auc 0.0000
2021-05-23 01:16:44,180 - classify.py[line:184] - INFO: Epoch 407, toal_loss 1.6548, aver loss 0.0001, train accuracy 0.9966, train auc 0.0000, test accuracy 0.8070, test auc 0.0000
2021-05-23 01:16:53,294 - classify.py[line:184] - INFO: Epoch 408, toal_loss 1.3144, aver loss 0.0000, train accuracy 0.9947, train auc 0.0000, test accuracy 0.8230, test auc 0.0000
2021-05-23 01:17:02,260 - classify.py[line:184] - INFO: Epoch 409, toal_loss 1.4427, aver loss 0.0000, train accuracy 0.9970, train auc 0.0000, test accuracy 0.8210, test auc 0.0000
2021-05-23 01:17:11,243 - classify.py[line:184] - INFO: Epoch 410, toal_loss 1.5115, aver loss 0.0000, train accuracy 0.9945, train auc 0.0000, test accuracy 0.8160, test auc 0.0000
2021-05-23 01:17:20,321 - classify.py[line:184] - INFO: Epoch 411, toal_loss 1.1807, aver loss 0.0000, train accuracy 0.9966, train auc 0.0000, test accuracy 0.8190, test auc 0.0000
2021-05-23 01:17:29,319 - classify.py[line:184] - INFO: Epoch 412, toal_loss 1.3813, aver loss 0.0000, train accuracy 0.9949, train auc 0.0000, test accuracy 0.8215, test auc 0.0000
2021-05-23 01:17:38,123 - classify.py[line:184] - INFO: Epoch 413, toal_loss 1.0806, aver loss 0.0000, train accuracy 0.9956, train auc 0.0000, test accuracy 0.8250, test auc 0.0000
2021-05-23 01:17:46,965 - classify.py[line:184] - INFO: Epoch 414, toal_loss 1.1715, aver loss 0.0000, train accuracy 0.9966, train auc 0.0000, test accuracy 0.8200, test auc 0.0000
2021-05-23 01:17:55,840 - classify.py[line:184] - INFO: Epoch 415, toal_loss 1.1087, aver loss 0.0000, train accuracy 0.9970, train auc 0.0000, test accuracy 0.8160, test auc 0.0000
2021-05-23 01:18:04,789 - classify.py[line:184] - INFO: Epoch 416, toal_loss 1.1540, aver loss 0.0000, train accuracy 0.9966, train auc 0.0000, test accuracy 0.8195, test auc 0.0000
2021-05-23 01:18:13,710 - classify.py[line:184] - INFO: Epoch 417, toal_loss 1.1801, aver loss 0.0000, train accuracy 0.9951, train auc 0.0000, test accuracy 0.8245, test auc 0.0000
2021-05-23 01:18:22,657 - classify.py[line:184] - INFO: Epoch 418, toal_loss 1.6115, aver loss 0.0000, train accuracy 0.9949, train auc 0.0000, test accuracy 0.8165, test auc 0.0000
2021-05-23 01:18:31,454 - classify.py[line:184] - INFO: Epoch 419, toal_loss 1.1560, aver loss 0.0000, train accuracy 0.9970, train auc 0.0000, test accuracy 0.8200, test auc 0.0000
2021-05-23 01:18:40,297 - classify.py[line:184] - INFO: Epoch 420, toal_loss 1.2217, aver loss 0.0000, train accuracy 0.9953, train auc 0.0000, test accuracy 0.8175, test auc 0.0000
2021-05-23 01:18:49,347 - classify.py[line:184] - INFO: Epoch 421, toal_loss 1.2428, aver loss 0.0000, train accuracy 0.9935, train auc 0.0000, test accuracy 0.8175, test auc 0.0000
2021-05-23 01:18:58,228 - classify.py[line:184] - INFO: Epoch 422, toal_loss 1.4053, aver loss 0.0000, train accuracy 0.9955, train auc 0.0000, test accuracy 0.8235, test auc 0.0000
2021-05-23 01:19:07,155 - classify.py[line:184] - INFO: Epoch 423, toal_loss 1.3634, aver loss 0.0000, train accuracy 0.9949, train auc 0.0000, test accuracy 0.8270, test auc 0.0000
2021-05-23 01:19:15,888 - classify.py[line:184] - INFO: Epoch 424, toal_loss 1.2694, aver loss 0.0000, train accuracy 0.9968, train auc 0.0000, test accuracy 0.8145, test auc 0.0000
2021-05-23 01:19:24,850 - classify.py[line:184] - INFO: Epoch 425, toal_loss 1.1760, aver loss 0.0000, train accuracy 0.9953, train auc 0.0000, test accuracy 0.8170, test auc 0.0000
2021-05-23 01:19:33,535 - classify.py[line:184] - INFO: Epoch 426, toal_loss 1.2539, aver loss 0.0000, train accuracy 0.9956, train auc 0.0000, test accuracy 0.8235, test auc 0.0000
2021-05-23 01:19:42,399 - classify.py[line:184] - INFO: Epoch 427, toal_loss 1.0750, aver loss 0.0000, train accuracy 0.9956, train auc 0.0000, test accuracy 0.8185, test auc 0.0000
2021-05-23 01:19:51,168 - classify.py[line:184] - INFO: Epoch 428, toal_loss 1.2447, aver loss 0.0000, train accuracy 0.9958, train auc 0.0000, test accuracy 0.8185, test auc 0.0000
2021-05-23 01:20:00,072 - classify.py[line:184] - INFO: Epoch 429, toal_loss 1.1216, aver loss 0.0000, train accuracy 0.9958, train auc 0.0000, test accuracy 0.8175, test auc 0.0000
2021-05-23 01:20:08,942 - classify.py[line:184] - INFO: Epoch 430, toal_loss 1.2047, aver loss 0.0000, train accuracy 0.9970, train auc 0.0000, test accuracy 0.8185, test auc 0.0000
2021-05-23 01:20:17,882 - classify.py[line:184] - INFO: Epoch 431, toal_loss 1.2579, aver loss 0.0000, train accuracy 0.9958, train auc 0.0000, test accuracy 0.8230, test auc 0.0000
2021-05-23 01:20:27,054 - classify.py[line:184] - INFO: Epoch 432, toal_loss 1.0630, aver loss 0.0000, train accuracy 0.9949, train auc 0.0000, test accuracy 0.8190, test auc 0.0000
2021-05-23 01:20:36,154 - classify.py[line:184] - INFO: Epoch 433, toal_loss 1.3983, aver loss 0.0000, train accuracy 0.9962, train auc 0.0000, test accuracy 0.8160, test auc 0.0000
2021-05-23 01:20:45,152 - classify.py[line:184] - INFO: Epoch 434, toal_loss 0.9574, aver loss 0.0000, train accuracy 0.9943, train auc 0.0000, test accuracy 0.8195, test auc 0.0000
2021-05-23 01:20:54,121 - classify.py[line:184] - INFO: Epoch 435, toal_loss 1.2380, aver loss 0.0000, train accuracy 0.9949, train auc 0.0000, test accuracy 0.8190, test auc 0.0000
2021-05-23 01:21:03,033 - classify.py[line:184] - INFO: Epoch 436, toal_loss 1.3077, aver loss 0.0000, train accuracy 0.9964, train auc 0.0000, test accuracy 0.8145, test auc 0.0000
2021-05-23 01:21:11,960 - classify.py[line:184] - INFO: Epoch 437, toal_loss 1.4155, aver loss 0.0000, train accuracy 0.9964, train auc 0.0000, test accuracy 0.8155, test auc 0.0000
2021-05-23 01:21:20,797 - classify.py[line:184] - INFO: Epoch 438, toal_loss 1.4636, aver loss 0.0000, train accuracy 0.9953, train auc 0.0000, test accuracy 0.8170, test auc 0.0000
2021-05-23 01:21:29,563 - classify.py[line:184] - INFO: Epoch 439, toal_loss 1.1112, aver loss 0.0000, train accuracy 0.9970, train auc 0.0000, test accuracy 0.8205, test auc 0.0000
2021-05-23 01:21:38,698 - classify.py[line:184] - INFO: Epoch 440, toal_loss 1.1869, aver loss 0.0000, train accuracy 0.9955, train auc 0.0000, test accuracy 0.8195, test auc 0.0000
2021-05-23 01:21:47,594 - classify.py[line:184] - INFO: Epoch 441, toal_loss 1.3287, aver loss 0.0000, train accuracy 0.9947, train auc 0.0000, test accuracy 0.8150, test auc 0.0000
2021-05-23 01:21:56,577 - classify.py[line:184] - INFO: Epoch 442, toal_loss 1.1141, aver loss 0.0000, train accuracy 0.9956, train auc 0.0000, test accuracy 0.8190, test auc 0.0000
2021-05-23 01:22:05,872 - classify.py[line:184] - INFO: Epoch 443, toal_loss 1.1333, aver loss 0.0000, train accuracy 0.9939, train auc 0.0000, test accuracy 0.8065, test auc 0.0000
2021-05-23 01:22:15,059 - classify.py[line:184] - INFO: Epoch 444, toal_loss 1.1791, aver loss 0.0000, train accuracy 0.9968, train auc 0.0000, test accuracy 0.8180, test auc 0.0000
2021-05-23 01:22:23,918 - classify.py[line:184] - INFO: Epoch 445, toal_loss 1.0590, aver loss 0.0000, train accuracy 0.9956, train auc 0.0000, test accuracy 0.8230, test auc 0.0000
2021-05-23 01:22:32,955 - classify.py[line:184] - INFO: Epoch 446, toal_loss 1.0611, aver loss 0.0000, train accuracy 0.9972, train auc 0.0000, test accuracy 0.8215, test auc 0.0000
2021-05-23 01:22:42,022 - classify.py[line:184] - INFO: Epoch 447, toal_loss 0.8810, aver loss 0.0000, train accuracy 0.9966, train auc 0.0000, test accuracy 0.8235, test auc 0.0000
2021-05-23 01:22:51,113 - classify.py[line:184] - INFO: Epoch 448, toal_loss 1.1663, aver loss 0.0000, train accuracy 0.9976, train auc 0.0000, test accuracy 0.8180, test auc 0.0000
2021-05-23 01:22:59,872 - classify.py[line:184] - INFO: Epoch 449, toal_loss 1.4919, aver loss 0.0000, train accuracy 0.9960, train auc 0.0000, test accuracy 0.8180, test auc 0.0000
2021-05-23 01:23:08,629 - classify.py[line:184] - INFO: Epoch 450, toal_loss 1.2569, aver loss 0.0000, train accuracy 0.9945, train auc 0.0000, test accuracy 0.8115, test auc 0.0000
2021-05-23 01:23:17,284 - classify.py[line:184] - INFO: Epoch 451, toal_loss 1.0089, aver loss 0.0000, train accuracy 0.9960, train auc 0.0000, test accuracy 0.8160, test auc 0.0000
2021-05-23 01:23:26,180 - classify.py[line:184] - INFO: Epoch 452, toal_loss 1.1224, aver loss 0.0000, train accuracy 0.9955, train auc 0.0000, test accuracy 0.8155, test auc 0.0000
2021-05-23 01:23:35,002 - classify.py[line:184] - INFO: Epoch 453, toal_loss 1.3424, aver loss 0.0000, train accuracy 0.9970, train auc 0.0000, test accuracy 0.8205, test auc 0.0000
2021-05-23 01:23:43,841 - classify.py[line:184] - INFO: Epoch 454, toal_loss 1.2291, aver loss 0.0000, train accuracy 0.9951, train auc 0.0000, test accuracy 0.8250, test auc 0.0000
2021-05-23 01:23:52,732 - classify.py[line:184] - INFO: Epoch 455, toal_loss 1.1308, aver loss 0.0000, train accuracy 0.9953, train auc 0.0000, test accuracy 0.8185, test auc 0.0000
2021-05-23 01:24:01,524 - classify.py[line:184] - INFO: Epoch 456, toal_loss 1.2444, aver loss 0.0000, train accuracy 0.9939, train auc 0.0000, test accuracy 0.8140, test auc 0.0000
2021-05-23 01:24:10,608 - classify.py[line:184] - INFO: Epoch 457, toal_loss 1.0404, aver loss 0.0000, train accuracy 0.9960, train auc 0.0000, test accuracy 0.8190, test auc 0.0000
2021-05-23 01:24:19,734 - classify.py[line:184] - INFO: Epoch 458, toal_loss 1.1375, aver loss 0.0000, train accuracy 0.9947, train auc 0.0000, test accuracy 0.8265, test auc 0.0000
2021-05-23 01:24:28,641 - classify.py[line:184] - INFO: Epoch 459, toal_loss 1.3724, aver loss 0.0000, train accuracy 0.9974, train auc 0.0000, test accuracy 0.8250, test auc 0.0000
2021-05-23 01:24:37,604 - classify.py[line:184] - INFO: Epoch 460, toal_loss 1.2534, aver loss 0.0000, train accuracy 0.9968, train auc 0.0000, test accuracy 0.8170, test auc 0.0000
2021-05-23 01:24:46,603 - classify.py[line:184] - INFO: Epoch 461, toal_loss 1.1839, aver loss 0.0000, train accuracy 0.9964, train auc 0.0000, test accuracy 0.8130, test auc 0.0000
2021-05-23 01:24:55,283 - classify.py[line:184] - INFO: Epoch 462, toal_loss 1.1986, aver loss 0.0000, train accuracy 0.9962, train auc 0.0000, test accuracy 0.8195, test auc 0.0000
2021-05-23 01:25:03,943 - classify.py[line:184] - INFO: Epoch 463, toal_loss 1.2373, aver loss 0.0000, train accuracy 0.9966, train auc 0.0000, test accuracy 0.8235, test auc 0.0000
2021-05-23 01:25:12,992 - classify.py[line:184] - INFO: Epoch 464, toal_loss 1.0783, aver loss 0.0000, train accuracy 0.9964, train auc 0.0000, test accuracy 0.8200, test auc 0.0000
2021-05-23 01:25:21,936 - classify.py[line:184] - INFO: Epoch 465, toal_loss 0.8766, aver loss 0.0000, train accuracy 0.9964, train auc 0.0000, test accuracy 0.8170, test auc 0.0000
2021-05-23 01:25:30,731 - classify.py[line:184] - INFO: Epoch 466, toal_loss 1.1178, aver loss 0.0000, train accuracy 0.9968, train auc 0.0000, test accuracy 0.8265, test auc 0.0000
2021-05-23 01:25:39,551 - classify.py[line:184] - INFO: Epoch 467, toal_loss 1.2995, aver loss 0.0000, train accuracy 0.9955, train auc 0.0000, test accuracy 0.8185, test auc 0.0000
2021-05-23 01:25:48,352 - classify.py[line:184] - INFO: Epoch 468, toal_loss 1.2049, aver loss 0.0000, train accuracy 0.9958, train auc 0.0000, test accuracy 0.8140, test auc 0.0000
2021-05-23 01:25:57,301 - classify.py[line:184] - INFO: Epoch 469, toal_loss 1.1478, aver loss 0.0000, train accuracy 0.9955, train auc 0.0000, test accuracy 0.8195, test auc 0.0000
2021-05-23 01:26:06,439 - classify.py[line:184] - INFO: Epoch 470, toal_loss 1.5311, aver loss 0.0000, train accuracy 0.9962, train auc 0.0000, test accuracy 0.8135, test auc 0.0000
2021-05-23 01:26:15,487 - classify.py[line:184] - INFO: Epoch 471, toal_loss 1.2310, aver loss 0.0000, train accuracy 0.9974, train auc 0.0000, test accuracy 0.8235, test auc 0.0000
2021-05-23 01:26:24,901 - classify.py[line:184] - INFO: Epoch 472, toal_loss 1.0704, aver loss 0.0000, train accuracy 0.9960, train auc 0.0000, test accuracy 0.8140, test auc 0.0000
2021-05-23 01:26:33,858 - classify.py[line:184] - INFO: Epoch 473, toal_loss 0.9500, aver loss 0.0000, train accuracy 0.9964, train auc 0.0000, test accuracy 0.8230, test auc 0.0000
2021-05-23 01:26:42,759 - classify.py[line:184] - INFO: Epoch 474, toal_loss 1.4163, aver loss 0.0000, train accuracy 0.9956, train auc 0.0000, test accuracy 0.8180, test auc 0.0000
2021-05-23 01:26:51,663 - classify.py[line:184] - INFO: Epoch 475, toal_loss 1.1369, aver loss 0.0000, train accuracy 0.9972, train auc 0.0000, test accuracy 0.8100, test auc 0.0000
2021-05-23 01:27:00,577 - classify.py[line:184] - INFO: Epoch 476, toal_loss 1.2019, aver loss 0.0000, train accuracy 0.9956, train auc 0.0000, test accuracy 0.8150, test auc 0.0000
2021-05-23 01:27:09,230 - classify.py[line:184] - INFO: Epoch 477, toal_loss 1.0761, aver loss 0.0000, train accuracy 0.9956, train auc 0.0000, test accuracy 0.8140, test auc 0.0000
2021-05-23 01:27:17,814 - classify.py[line:184] - INFO: Epoch 478, toal_loss 1.1657, aver loss 0.0000, train accuracy 0.9972, train auc 0.0000, test accuracy 0.8185, test auc 0.0000
2021-05-23 01:27:26,513 - classify.py[line:184] - INFO: Epoch 479, toal_loss 1.1794, aver loss 0.0000, train accuracy 0.9960, train auc 0.0000, test accuracy 0.8145, test auc 0.0000
2021-05-23 01:27:35,423 - classify.py[line:184] - INFO: Epoch 480, toal_loss 0.9688, aver loss 0.0000, train accuracy 0.9960, train auc 0.0000, test accuracy 0.8185, test auc 0.0000
2021-05-23 01:27:44,192 - classify.py[line:184] - INFO: Epoch 481, toal_loss 1.1773, aver loss 0.0000, train accuracy 0.9964, train auc 0.0000, test accuracy 0.8180, test auc 0.0000
2021-05-23 01:27:52,869 - classify.py[line:184] - INFO: Epoch 482, toal_loss 1.2690, aver loss 0.0000, train accuracy 0.9945, train auc 0.0000, test accuracy 0.8100, test auc 0.0000
2021-05-23 01:28:01,483 - classify.py[line:184] - INFO: Epoch 483, toal_loss 1.3419, aver loss 0.0000, train accuracy 0.9968, train auc 0.0000, test accuracy 0.8195, test auc 0.0000
2021-05-23 01:28:10,186 - classify.py[line:184] - INFO: Epoch 484, toal_loss 0.9913, aver loss 0.0000, train accuracy 0.9970, train auc 0.0000, test accuracy 0.8105, test auc 0.0000
2021-05-23 01:28:18,956 - classify.py[line:184] - INFO: Epoch 485, toal_loss 1.3282, aver loss 0.0000, train accuracy 0.9960, train auc 0.0000, test accuracy 0.8180, test auc 0.0000
2021-05-23 01:28:27,798 - classify.py[line:184] - INFO: Epoch 486, toal_loss 0.8723, aver loss 0.0000, train accuracy 0.9956, train auc 0.0000, test accuracy 0.8200, test auc 0.0000
2021-05-23 01:28:36,677 - classify.py[line:184] - INFO: Epoch 487, toal_loss 1.1813, aver loss 0.0000, train accuracy 0.9960, train auc 0.0000, test accuracy 0.8125, test auc 0.0000
2021-05-23 01:28:45,527 - classify.py[line:184] - INFO: Epoch 488, toal_loss 1.2641, aver loss 0.0000, train accuracy 0.9951, train auc 0.0000, test accuracy 0.8220, test auc 0.0000
2021-05-23 01:28:54,580 - classify.py[line:184] - INFO: Epoch 489, toal_loss 1.0428, aver loss 0.0000, train accuracy 0.9962, train auc 0.0000, test accuracy 0.8220, test auc 0.0000
2021-05-23 01:29:03,450 - classify.py[line:184] - INFO: Epoch 490, toal_loss 1.0615, aver loss 0.0000, train accuracy 0.9945, train auc 0.0000, test accuracy 0.8160, test auc 0.0000
2021-05-23 01:29:12,148 - classify.py[line:184] - INFO: Epoch 491, toal_loss 1.0585, aver loss 0.0000, train accuracy 0.9964, train auc 0.0000, test accuracy 0.8170, test auc 0.0000
2021-05-23 01:29:20,827 - classify.py[line:184] - INFO: Epoch 492, toal_loss 1.0738, aver loss 0.0000, train accuracy 0.9974, train auc 0.0000, test accuracy 0.8090, test auc 0.0000
2021-05-23 01:29:29,621 - classify.py[line:184] - INFO: Epoch 493, toal_loss 1.3369, aver loss 0.0000, train accuracy 0.9958, train auc 0.0000, test accuracy 0.8130, test auc 0.0000
2021-05-23 01:29:38,313 - classify.py[line:184] - INFO: Epoch 494, toal_loss 1.4727, aver loss 0.0000, train accuracy 0.9970, train auc 0.0000, test accuracy 0.8175, test auc 0.0000
2021-05-23 01:29:47,160 - classify.py[line:184] - INFO: Epoch 495, toal_loss 1.0397, aver loss 0.0000, train accuracy 0.9958, train auc 0.0000, test accuracy 0.8180, test auc 0.0000
2021-05-23 01:29:56,205 - classify.py[line:184] - INFO: Epoch 496, toal_loss 1.0666, aver loss 0.0000, train accuracy 0.9968, train auc 0.0000, test accuracy 0.8170, test auc 0.0000
2021-05-23 01:30:05,122 - classify.py[line:184] - INFO: Epoch 497, toal_loss 1.0370, aver loss 0.0000, train accuracy 0.9947, train auc 0.0000, test accuracy 0.8240, test auc 0.0000
2021-05-23 01:30:14,102 - classify.py[line:184] - INFO: Epoch 498, toal_loss 1.0909, aver loss 0.0000, train accuracy 0.9955, train auc 0.0000, test accuracy 0.8130, test auc 0.0000
2021-05-23 01:30:23,148 - classify.py[line:184] - INFO: Epoch 499, toal_loss 1.1323, aver loss 0.0000, train accuracy 0.9947, train auc 0.0000, test accuracy 0.8190, test auc 0.0000
