2021-05-16 21:21:39,646 - classify.py[line:67] - INFO: Namespace(batch_size=64, dataset='IMDB', epoch=80, gpu=1, lr=0.001, modelname='TextCNN', modelnum=0, seed=2, use_aug=1)
2021-05-16 21:22:14,845 - classify.py[line:108] - INFO: {'word_embedding_dimension': 300, 'Epoch1': 20, 'Epoch2': 10, 'dropout': 0.1, 'label_num': 2, 'learning_rate1': 0.001, 'learning_rate2': 1e-05, 'batch_size': 64, 'cuda': True, 'negSampleNum': 2, 'max_bound': 1.0, 'kernel_sizes': [3, 4, 5], 'hidden_size': 256, 'hidden_layers': 1, 'bidirectional': True}
2021-05-16 21:22:15,897 - classify.py[line:126] - INFO: before training: 0.7197500467300415
2021-05-16 21:22:15,898 - classify.py[line:138] - INFO: ...start training...
2021-05-16 21:22:49,768 - classify.py[line:166] - INFO: Epoch 0, toal_loss 45.9551, aver loss 0.2927, train accuracy 0.9093, test accuracy 0.8133
2021-05-16 21:23:25,142 - classify.py[line:166] - INFO: Epoch 1, toal_loss 35.4035, aver loss 0.1127, train accuracy 0.9250, test accuracy 0.8220
2021-05-16 21:23:45,830 - classify.py[line:166] - INFO: Epoch 2, toal_loss 31.6527, aver loss 0.0672, train accuracy 0.9359, test accuracy 0.8230
2021-05-16 21:24:01,140 - classify.py[line:166] - INFO: Epoch 3, toal_loss 27.8354, aver loss 0.0443, train accuracy 0.9441, test accuracy 0.8293
2021-05-16 21:24:23,676 - classify.py[line:166] - INFO: Epoch 4, toal_loss 25.8287, aver loss 0.0329, train accuracy 0.9462, test accuracy 0.8238
2021-05-16 21:24:54,781 - classify.py[line:166] - INFO: Epoch 5, toal_loss 23.8992, aver loss 0.0254, train accuracy 0.9496, test accuracy 0.8243
2021-05-16 21:25:26,440 - classify.py[line:166] - INFO: Epoch 6, toal_loss 22.6279, aver loss 0.0206, train accuracy 0.9534, test accuracy 0.8365
2021-05-16 21:25:43,042 - classify.py[line:166] - INFO: Epoch 7, toal_loss 21.1912, aver loss 0.0169, train accuracy 0.9535, test accuracy 0.8290
2021-05-16 21:25:58,048 - classify.py[line:166] - INFO: Epoch 8, toal_loss 21.1436, aver loss 0.0150, train accuracy 0.9602, test accuracy 0.8145
2021-05-16 21:26:19,269 - classify.py[line:166] - INFO: Epoch 9, toal_loss 19.7058, aver loss 0.0126, train accuracy 0.9621, test accuracy 0.8233
2021-05-16 21:26:49,928 - classify.py[line:166] - INFO: Epoch 10, toal_loss 18.4255, aver loss 0.0107, train accuracy 0.9614, test accuracy 0.8310
2021-05-16 21:27:19,971 - classify.py[line:166] - INFO: Epoch 11, toal_loss 17.7366, aver loss 0.0094, train accuracy 0.9661, test accuracy 0.8270
2021-05-16 21:27:53,085 - classify.py[line:166] - INFO: Epoch 12, toal_loss 17.5402, aver loss 0.0086, train accuracy 0.9645, test accuracy 0.8240
2021-05-16 21:28:09,735 - classify.py[line:166] - INFO: Epoch 13, toal_loss 17.0914, aver loss 0.0078, train accuracy 0.9666, test accuracy 0.8203
2021-05-16 21:28:24,595 - classify.py[line:166] - INFO: Epoch 14, toal_loss 16.0788, aver loss 0.0068, train accuracy 0.9700, test accuracy 0.8165
2021-05-16 21:28:43,234 - classify.py[line:166] - INFO: Epoch 15, toal_loss 17.2053, aver loss 0.0068, train accuracy 0.9672, test accuracy 0.8113
2021-05-16 21:29:14,423 - classify.py[line:166] - INFO: Epoch 16, toal_loss 14.8623, aver loss 0.0056, train accuracy 0.9730, test accuracy 0.8003
2021-05-16 21:29:45,853 - classify.py[line:166] - INFO: Epoch 17, toal_loss 14.3415, aver loss 0.0051, train accuracy 0.9699, test accuracy 0.8233
2021-05-16 21:30:17,388 - classify.py[line:166] - INFO: Epoch 18, toal_loss 14.6215, aver loss 0.0049, train accuracy 0.9692, test accuracy 0.8035
2021-05-16 21:30:32,836 - classify.py[line:166] - INFO: Epoch 19, toal_loss 14.8820, aver loss 0.0047, train accuracy 0.9731, test accuracy 0.8415
2021-05-16 21:30:47,721 - classify.py[line:166] - INFO: Epoch 20, toal_loss 13.4509, aver loss 0.0041, train accuracy 0.9758, test accuracy 0.8215
2021-05-16 21:31:07,325 - classify.py[line:166] - INFO: Epoch 21, toal_loss 13.8259, aver loss 0.0040, train accuracy 0.9724, test accuracy 0.8175
2021-05-16 21:31:38,347 - classify.py[line:166] - INFO: Epoch 22, toal_loss 13.5618, aver loss 0.0038, train accuracy 0.9746, test accuracy 0.8228
2021-05-16 21:32:11,160 - classify.py[line:166] - INFO: Epoch 23, toal_loss 12.4088, aver loss 0.0033, train accuracy 0.9758, test accuracy 0.8110
2021-05-16 21:32:41,398 - classify.py[line:166] - INFO: Epoch 24, toal_loss 13.2886, aver loss 0.0034, train accuracy 0.9737, test accuracy 0.8363
2021-05-16 21:32:56,775 - classify.py[line:166] - INFO: Epoch 25, toal_loss 12.8780, aver loss 0.0032, train accuracy 0.9775, test accuracy 0.8330
2021-05-16 21:33:12,039 - classify.py[line:166] - INFO: Epoch 26, toal_loss 12.6231, aver loss 0.0030, train accuracy 0.9753, test accuracy 0.7988
2021-05-16 21:33:35,895 - classify.py[line:166] - INFO: Epoch 27, toal_loss 12.1725, aver loss 0.0028, train accuracy 0.9772, test accuracy 0.8360
2021-05-16 21:34:06,615 - classify.py[line:166] - INFO: Epoch 28, toal_loss 12.1468, aver loss 0.0027, train accuracy 0.9776, test accuracy 0.8090
2021-05-16 21:34:36,992 - classify.py[line:166] - INFO: Epoch 29, toal_loss 11.8356, aver loss 0.0025, train accuracy 0.9791, test accuracy 0.8183
2021-05-16 21:35:00,964 - classify.py[line:166] - INFO: Epoch 30, toal_loss 11.9218, aver loss 0.0024, train accuracy 0.9752, test accuracy 0.8393
2021-05-16 21:35:17,223 - classify.py[line:166] - INFO: Epoch 31, toal_loss 10.9239, aver loss 0.0022, train accuracy 0.9733, test accuracy 0.8300
2021-05-16 21:35:33,436 - classify.py[line:166] - INFO: Epoch 32, toal_loss 12.7130, aver loss 0.0025, train accuracy 0.9806, test accuracy 0.8045
2021-05-16 21:36:05,731 - classify.py[line:166] - INFO: Epoch 33, toal_loss 11.4506, aver loss 0.0021, train accuracy 0.9756, test accuracy 0.8298
2021-05-16 21:36:37,747 - classify.py[line:166] - INFO: Epoch 34, toal_loss 10.9513, aver loss 0.0020, train accuracy 0.9799, test accuracy 0.8230
2021-05-16 21:37:09,333 - classify.py[line:166] - INFO: Epoch 35, toal_loss 10.8328, aver loss 0.0019, train accuracy 0.9777, test accuracy 0.8270
2021-05-16 21:37:28,685 - classify.py[line:166] - INFO: Epoch 36, toal_loss 11.3623, aver loss 0.0020, train accuracy 0.9755, test accuracy 0.8120
2021-05-16 21:37:43,601 - classify.py[line:166] - INFO: Epoch 37, toal_loss 11.3347, aver loss 0.0019, train accuracy 0.9788, test accuracy 0.8203
2021-05-16 21:38:01,561 - classify.py[line:166] - INFO: Epoch 38, toal_loss 10.9444, aver loss 0.0018, train accuracy 0.9793, test accuracy 0.8280
2021-05-16 21:38:32,567 - classify.py[line:166] - INFO: Epoch 39, toal_loss 10.7409, aver loss 0.0017, train accuracy 0.9782, test accuracy 0.8243
2021-05-16 21:39:03,293 - classify.py[line:166] - INFO: Epoch 40, toal_loss 10.5401, aver loss 0.0016, train accuracy 0.9814, test accuracy 0.8115
2021-05-16 21:39:30,614 - classify.py[line:166] - INFO: Epoch 41, toal_loss 10.9741, aver loss 0.0017, train accuracy 0.9810, test accuracy 0.8320
2021-05-16 21:39:46,779 - classify.py[line:166] - INFO: Epoch 42, toal_loss 10.6582, aver loss 0.0016, train accuracy 0.9800, test accuracy 0.8233
2021-05-16 21:40:07,312 - classify.py[line:166] - INFO: Epoch 43, toal_loss 11.2774, aver loss 0.0016, train accuracy 0.9790, test accuracy 0.8388
2021-05-16 21:40:40,018 - classify.py[line:166] - INFO: Epoch 44, toal_loss 10.1754, aver loss 0.0014, train accuracy 0.9778, test accuracy 0.7935
2021-05-16 21:41:12,743 - classify.py[line:166] - INFO: Epoch 45, toal_loss 10.2409, aver loss 0.0014, train accuracy 0.9787, test accuracy 0.8310
2021-05-16 21:41:43,474 - classify.py[line:166] - INFO: Epoch 46, toal_loss 10.4551, aver loss 0.0014, train accuracy 0.9803, test accuracy 0.8193
2021-05-16 21:41:58,756 - classify.py[line:166] - INFO: Epoch 47, toal_loss 10.3708, aver loss 0.0014, train accuracy 0.9800, test accuracy 0.8063
2021-05-16 21:42:17,871 - classify.py[line:166] - INFO: Epoch 48, toal_loss 8.1580, aver loss 0.0011, train accuracy 0.9808, test accuracy 0.8605
2021-05-16 21:42:48,553 - classify.py[line:166] - INFO: Epoch 49, toal_loss 9.8324, aver loss 0.0013, train accuracy 0.9815, test accuracy 0.8205
2021-05-16 21:43:20,758 - classify.py[line:166] - INFO: Epoch 50, toal_loss 9.9754, aver loss 0.0012, train accuracy 0.9790, test accuracy 0.8225
2021-05-16 21:43:52,905 - classify.py[line:166] - INFO: Epoch 51, toal_loss 8.7778, aver loss 0.0011, train accuracy 0.9826, test accuracy 0.8355
2021-05-16 21:44:20,125 - classify.py[line:166] - INFO: Epoch 52, toal_loss 10.3098, aver loss 0.0012, train accuracy 0.9813, test accuracy 0.8090
2021-05-16 21:44:35,365 - classify.py[line:166] - INFO: Epoch 53, toal_loss 9.8098, aver loss 0.0012, train accuracy 0.9800, test accuracy 0.8275
2021-05-16 21:44:50,448 - classify.py[line:166] - INFO: Epoch 54, toal_loss 10.0413, aver loss 0.0012, train accuracy 0.9808, test accuracy 0.8200
2021-05-16 21:45:17,553 - classify.py[line:166] - INFO: Epoch 55, toal_loss 10.0398, aver loss 0.0011, train accuracy 0.9783, test accuracy 0.8335
2021-05-16 21:45:49,215 - classify.py[line:166] - INFO: Epoch 56, toal_loss 9.2973, aver loss 0.0010, train accuracy 0.9821, test accuracy 0.8305
2021-05-16 21:46:20,544 - classify.py[line:166] - INFO: Epoch 57, toal_loss 9.0253, aver loss 0.0010, train accuracy 0.9814, test accuracy 0.8075
2021-05-16 21:46:44,266 - classify.py[line:166] - INFO: Epoch 58, toal_loss 8.6037, aver loss 0.0009, train accuracy 0.9782, test accuracy 0.8285
2021-05-16 21:46:59,171 - classify.py[line:166] - INFO: Epoch 59, toal_loss 9.7489, aver loss 0.0010, train accuracy 0.9829, test accuracy 0.8340
2021-05-16 21:47:17,868 - classify.py[line:166] - INFO: Epoch 60, toal_loss 8.4545, aver loss 0.0009, train accuracy 0.9837, test accuracy 0.8128
2021-05-16 21:47:50,621 - classify.py[line:166] - INFO: Epoch 61, toal_loss 8.3300, aver loss 0.0009, train accuracy 0.9840, test accuracy 0.8260
2021-05-16 21:48:21,418 - classify.py[line:166] - INFO: Epoch 62, toal_loss 9.6026, aver loss 0.0010, train accuracy 0.9806, test accuracy 0.8358
2021-05-16 21:48:52,546 - classify.py[line:166] - INFO: Epoch 63, toal_loss 8.9028, aver loss 0.0009, train accuracy 0.9820, test accuracy 0.8245
2021-05-16 21:49:08,451 - classify.py[line:166] - INFO: Epoch 64, toal_loss 9.9819, aver loss 0.0010, train accuracy 0.9843, test accuracy 0.8265
2021-05-16 21:49:23,709 - classify.py[line:166] - INFO: Epoch 65, toal_loss 8.1947, aver loss 0.0008, train accuracy 0.9821, test accuracy 0.8085
2021-05-16 21:49:48,016 - classify.py[line:166] - INFO: Epoch 66, toal_loss 8.6586, aver loss 0.0008, train accuracy 0.9830, test accuracy 0.8140
2021-05-16 21:50:18,674 - classify.py[line:166] - INFO: Epoch 67, toal_loss 7.8016, aver loss 0.0007, train accuracy 0.9839, test accuracy 0.8153
2021-05-16 21:50:50,093 - classify.py[line:166] - INFO: Epoch 68, toal_loss 8.6090, aver loss 0.0008, train accuracy 0.9838, test accuracy 0.8135
2021-05-16 21:51:21,789 - classify.py[line:166] - INFO: Epoch 69, toal_loss 7.2427, aver loss 0.0007, train accuracy 0.9850, test accuracy 0.7943
2021-05-16 21:51:40,112 - classify.py[line:166] - INFO: Epoch 70, toal_loss 7.5495, aver loss 0.0007, train accuracy 0.9846, test accuracy 0.8370
2021-05-16 21:51:55,070 - classify.py[line:166] - INFO: Epoch 71, toal_loss 8.2402, aver loss 0.0007, train accuracy 0.9833, test accuracy 0.8195
2021-05-16 21:52:18,319 - classify.py[line:166] - INFO: Epoch 72, toal_loss 7.9609, aver loss 0.0007, train accuracy 0.9832, test accuracy 0.8270
2021-05-16 21:52:50,413 - classify.py[line:166] - INFO: Epoch 73, toal_loss 8.6664, aver loss 0.0007, train accuracy 0.9822, test accuracy 0.8323
2021-05-16 21:53:22,423 - classify.py[line:166] - INFO: Epoch 74, toal_loss 8.2449, aver loss 0.0007, train accuracy 0.9837, test accuracy 0.8328
2021-05-16 21:53:54,038 - classify.py[line:166] - INFO: Epoch 75, toal_loss 8.0671, aver loss 0.0007, train accuracy 0.9831, test accuracy 0.8288
2021-05-16 21:54:15,605 - classify.py[line:166] - INFO: Epoch 76, toal_loss 7.8585, aver loss 0.0007, train accuracy 0.9838, test accuracy 0.7975
2021-05-16 21:54:30,484 - classify.py[line:166] - INFO: Epoch 77, toal_loss 8.3857, aver loss 0.0007, train accuracy 0.9855, test accuracy 0.8355
2021-05-16 21:54:48,619 - classify.py[line:166] - INFO: Epoch 78, toal_loss 7.8924, aver loss 0.0006, train accuracy 0.9826, test accuracy 0.8173
2021-05-16 21:55:19,771 - classify.py[line:166] - INFO: Epoch 79, toal_loss 8.8622, aver loss 0.0007, train accuracy 0.9848, test accuracy 0.8130
