2021-05-16 19:16:24,086 - classify.py[line:67] - INFO: Namespace(batch_size=64, dataset='TREC', epoch=80, gpu=1, lr=0.001, modelname='TextCNN', modelnum=0, seed=1, use_aug=1)
2021-05-16 19:16:27,286 - classify.py[line:108] - INFO: {'word_embedding_dimension': 300, 'Epoch1': 20, 'Epoch2': 10, 'dropout': 0.1, 'label_num': 6, 'learning_rate1': 0.001, 'learning_rate2': 1e-05, 'batch_size': 64, 'cuda': True, 'negSampleNum': 4, 'max_bound': 0.1, 'kernel_sizes': [3, 4, 5], 'hidden_size': 256, 'hidden_layers': 1, 'bidirectional': True}
2021-05-16 19:16:27,563 - classify.py[line:126] - INFO: before training: 0.16499999165534973
2021-05-16 19:16:27,563 - classify.py[line:138] - INFO: ...start training...
2021-05-16 19:16:28,390 - classify.py[line:166] - INFO: Epoch 0, toal_loss 140.1431, aver loss 1.6296, train accuracy 0.2830, test accuracy 0.4500
2021-05-16 19:16:29,287 - classify.py[line:166] - INFO: Epoch 1, toal_loss 131.5263, aver loss 0.7647, train accuracy 0.3838, test accuracy 0.4300
2021-05-16 19:16:30,138 - classify.py[line:166] - INFO: Epoch 2, toal_loss 124.6566, aver loss 0.4832, train accuracy 0.4291, test accuracy 0.4950
2021-05-16 19:16:30,952 - classify.py[line:166] - INFO: Epoch 3, toal_loss 120.9631, aver loss 0.3516, train accuracy 0.4303, test accuracy 0.5200
2021-05-16 19:16:31,763 - classify.py[line:166] - INFO: Epoch 4, toal_loss 119.0296, aver loss 0.2768, train accuracy 0.4358, test accuracy 0.5150
2021-05-16 19:16:32,639 - classify.py[line:166] - INFO: Epoch 5, toal_loss 117.4166, aver loss 0.2276, train accuracy 0.4474, test accuracy 0.5200
2021-05-16 19:16:33,490 - classify.py[line:166] - INFO: Epoch 6, toal_loss 116.7148, aver loss 0.1939, train accuracy 0.4533, test accuracy 0.4900
2021-05-16 19:16:34,371 - classify.py[line:166] - INFO: Epoch 7, toal_loss 115.8813, aver loss 0.1684, train accuracy 0.4511, test accuracy 0.5050
2021-05-16 19:16:35,316 - classify.py[line:166] - INFO: Epoch 8, toal_loss 114.0789, aver loss 0.1474, train accuracy 0.4619, test accuracy 0.5350
2021-05-16 19:16:36,152 - classify.py[line:166] - INFO: Epoch 9, toal_loss 113.8074, aver loss 0.1323, train accuracy 0.4607, test accuracy 0.5300
2021-05-16 19:16:36,966 - classify.py[line:166] - INFO: Epoch 10, toal_loss 112.7713, aver loss 0.1192, train accuracy 0.4754, test accuracy 0.5450
2021-05-16 19:16:37,877 - classify.py[line:166] - INFO: Epoch 11, toal_loss 112.0237, aver loss 0.1086, train accuracy 0.4692, test accuracy 0.5100
2021-05-16 19:16:38,670 - classify.py[line:166] - INFO: Epoch 12, toal_loss 112.2093, aver loss 0.1004, train accuracy 0.4691, test accuracy 0.5000
2021-05-16 19:16:39,521 - classify.py[line:166] - INFO: Epoch 13, toal_loss 111.4986, aver loss 0.0926, train accuracy 0.4812, test accuracy 0.5000
2021-05-16 19:16:40,363 - classify.py[line:166] - INFO: Epoch 14, toal_loss 110.4272, aver loss 0.0856, train accuracy 0.4837, test accuracy 0.5350
2021-05-16 19:16:41,129 - classify.py[line:166] - INFO: Epoch 15, toal_loss 109.6250, aver loss 0.0797, train accuracy 0.4692, test accuracy 0.5500
2021-05-16 19:16:41,956 - classify.py[line:166] - INFO: Epoch 16, toal_loss 109.8790, aver loss 0.0752, train accuracy 0.4835, test accuracy 0.5100
2021-05-16 19:16:42,768 - classify.py[line:166] - INFO: Epoch 17, toal_loss 109.7084, aver loss 0.0709, train accuracy 0.4868, test accuracy 0.5150
2021-05-16 19:16:43,583 - classify.py[line:166] - INFO: Epoch 18, toal_loss 109.2974, aver loss 0.0669, train accuracy 0.4770, test accuracy 0.5550
2021-05-16 19:16:44,393 - classify.py[line:166] - INFO: Epoch 19, toal_loss 109.0670, aver loss 0.0634, train accuracy 0.4856, test accuracy 0.5250
2021-05-16 19:16:45,136 - classify.py[line:166] - INFO: Epoch 20, toal_loss 108.4602, aver loss 0.0601, train accuracy 0.4874, test accuracy 0.5450
2021-05-16 19:16:45,934 - classify.py[line:166] - INFO: Epoch 21, toal_loss 108.3647, aver loss 0.0573, train accuracy 0.4846, test accuracy 0.4950
2021-05-16 19:16:46,722 - classify.py[line:166] - INFO: Epoch 22, toal_loss 108.1719, aver loss 0.0547, train accuracy 0.4920, test accuracy 0.5500
2021-05-16 19:16:47,576 - classify.py[line:166] - INFO: Epoch 23, toal_loss 106.7723, aver loss 0.0517, train accuracy 0.4891, test accuracy 0.5200
2021-05-16 19:16:48,349 - classify.py[line:166] - INFO: Epoch 24, toal_loss 106.7904, aver loss 0.0497, train accuracy 0.4901, test accuracy 0.5200
2021-05-16 19:16:49,208 - classify.py[line:166] - INFO: Epoch 25, toal_loss 107.0892, aver loss 0.0479, train accuracy 0.4890, test accuracy 0.5050
2021-05-16 19:16:50,086 - classify.py[line:166] - INFO: Epoch 26, toal_loss 107.7340, aver loss 0.0464, train accuracy 0.4908, test accuracy 0.5600
2021-05-16 19:16:50,931 - classify.py[line:166] - INFO: Epoch 27, toal_loss 106.9209, aver loss 0.0444, train accuracy 0.4925, test accuracy 0.5450
2021-05-16 19:16:51,721 - classify.py[line:166] - INFO: Epoch 28, toal_loss 107.2570, aver loss 0.0430, train accuracy 0.4931, test accuracy 0.5050
2021-05-16 19:16:52,509 - classify.py[line:166] - INFO: Epoch 29, toal_loss 106.2968, aver loss 0.0412, train accuracy 0.4891, test accuracy 0.5200
2021-05-16 19:16:53,301 - classify.py[line:166] - INFO: Epoch 30, toal_loss 106.1948, aver loss 0.0398, train accuracy 0.5040, test accuracy 0.5400
2021-05-16 19:16:54,119 - classify.py[line:166] - INFO: Epoch 31, toal_loss 106.0428, aver loss 0.0385, train accuracy 0.4973, test accuracy 0.5200
2021-05-16 19:16:54,935 - classify.py[line:166] - INFO: Epoch 32, toal_loss 106.0377, aver loss 0.0374, train accuracy 0.4919, test accuracy 0.5350
2021-05-16 19:16:55,759 - classify.py[line:166] - INFO: Epoch 33, toal_loss 105.6998, aver loss 0.0361, train accuracy 0.4961, test accuracy 0.5100
2021-05-16 19:16:56,611 - classify.py[line:166] - INFO: Epoch 34, toal_loss 105.4351, aver loss 0.0350, train accuracy 0.5053, test accuracy 0.5550
2021-05-16 19:16:57,466 - classify.py[line:166] - INFO: Epoch 35, toal_loss 105.3853, aver loss 0.0340, train accuracy 0.5039, test accuracy 0.5150
2021-05-16 19:16:58,334 - classify.py[line:166] - INFO: Epoch 36, toal_loss 104.7154, aver loss 0.0329, train accuracy 0.5004, test accuracy 0.5350
2021-05-16 19:16:59,179 - classify.py[line:166] - INFO: Epoch 37, toal_loss 105.4190, aver loss 0.0323, train accuracy 0.5057, test accuracy 0.5500
2021-05-16 19:17:00,025 - classify.py[line:166] - INFO: Epoch 38, toal_loss 104.6640, aver loss 0.0312, train accuracy 0.5035, test accuracy 0.5000
2021-05-16 19:17:00,850 - classify.py[line:166] - INFO: Epoch 39, toal_loss 104.7681, aver loss 0.0305, train accuracy 0.5052, test accuracy 0.5400
2021-05-16 19:17:01,699 - classify.py[line:166] - INFO: Epoch 40, toal_loss 105.0869, aver loss 0.0298, train accuracy 0.5047, test accuracy 0.5100
2021-05-16 19:17:02,452 - classify.py[line:166] - INFO: Epoch 41, toal_loss 104.5111, aver loss 0.0289, train accuracy 0.4999, test accuracy 0.5300
2021-05-16 19:17:03,252 - classify.py[line:166] - INFO: Epoch 42, toal_loss 104.2991, aver loss 0.0282, train accuracy 0.5084, test accuracy 0.5300
2021-05-16 19:17:04,058 - classify.py[line:166] - INFO: Epoch 43, toal_loss 103.7720, aver loss 0.0274, train accuracy 0.5035, test accuracy 0.5350
2021-05-16 19:17:04,845 - classify.py[line:166] - INFO: Epoch 44, toal_loss 104.2773, aver loss 0.0269, train accuracy 0.5062, test accuracy 0.5250
2021-05-16 19:17:05,622 - classify.py[line:166] - INFO: Epoch 45, toal_loss 104.1343, aver loss 0.0263, train accuracy 0.5017, test accuracy 0.5500
2021-05-16 19:17:06,397 - classify.py[line:166] - INFO: Epoch 46, toal_loss 103.8489, aver loss 0.0257, train accuracy 0.5056, test accuracy 0.5150
2021-05-16 19:17:07,184 - classify.py[line:166] - INFO: Epoch 47, toal_loss 104.2056, aver loss 0.0252, train accuracy 0.5095, test accuracy 0.5250
2021-05-16 19:17:08,006 - classify.py[line:166] - INFO: Epoch 48, toal_loss 103.5609, aver loss 0.0246, train accuracy 0.5120, test accuracy 0.5450
2021-05-16 19:17:08,758 - classify.py[line:166] - INFO: Epoch 49, toal_loss 102.9682, aver loss 0.0239, train accuracy 0.5028, test accuracy 0.5200
2021-05-16 19:17:09,562 - classify.py[line:166] - INFO: Epoch 50, toal_loss 102.5919, aver loss 0.0234, train accuracy 0.5055, test accuracy 0.5000
2021-05-16 19:17:10,318 - classify.py[line:166] - INFO: Epoch 51, toal_loss 102.8843, aver loss 0.0230, train accuracy 0.5026, test accuracy 0.5300
2021-05-16 19:17:11,062 - classify.py[line:166] - INFO: Epoch 52, toal_loss 102.8928, aver loss 0.0226, train accuracy 0.5200, test accuracy 0.4900
2021-05-16 19:17:11,838 - classify.py[line:166] - INFO: Epoch 53, toal_loss 102.9717, aver loss 0.0222, train accuracy 0.5104, test accuracy 0.5200
2021-05-16 19:17:12,607 - classify.py[line:166] - INFO: Epoch 54, toal_loss 102.9164, aver loss 0.0218, train accuracy 0.5112, test accuracy 0.5200
2021-05-16 19:17:13,417 - classify.py[line:166] - INFO: Epoch 55, toal_loss 102.4289, aver loss 0.0213, train accuracy 0.5113, test accuracy 0.5150
2021-05-16 19:17:14,198 - classify.py[line:166] - INFO: Epoch 56, toal_loss 102.2249, aver loss 0.0209, train accuracy 0.5156, test accuracy 0.5200
2021-05-16 19:17:15,012 - classify.py[line:166] - INFO: Epoch 57, toal_loss 101.9663, aver loss 0.0204, train accuracy 0.5255, test accuracy 0.5300
2021-05-16 19:17:15,794 - classify.py[line:166] - INFO: Epoch 58, toal_loss 102.1457, aver loss 0.0201, train accuracy 0.5162, test accuracy 0.5050
2021-05-16 19:17:16,586 - classify.py[line:166] - INFO: Epoch 59, toal_loss 101.3730, aver loss 0.0196, train accuracy 0.5142, test accuracy 0.4700
2021-05-16 19:17:17,406 - classify.py[line:166] - INFO: Epoch 60, toal_loss 101.9060, aver loss 0.0194, train accuracy 0.5240, test accuracy 0.5100
2021-05-16 19:17:18,245 - classify.py[line:166] - INFO: Epoch 61, toal_loss 102.1341, aver loss 0.0192, train accuracy 0.5184, test accuracy 0.5200
2021-05-16 19:17:19,068 - classify.py[line:166] - INFO: Epoch 62, toal_loss 102.4957, aver loss 0.0189, train accuracy 0.5140, test accuracy 0.5350
2021-05-16 19:17:19,926 - classify.py[line:166] - INFO: Epoch 63, toal_loss 102.2350, aver loss 0.0186, train accuracy 0.5173, test accuracy 0.5300
2021-05-16 19:17:20,706 - classify.py[line:166] - INFO: Epoch 64, toal_loss 102.2020, aver loss 0.0183, train accuracy 0.5168, test accuracy 0.5050
2021-05-16 19:17:21,573 - classify.py[line:166] - INFO: Epoch 65, toal_loss 101.5588, aver loss 0.0179, train accuracy 0.5202, test accuracy 0.5300
2021-05-16 19:17:22,392 - classify.py[line:166] - INFO: Epoch 66, toal_loss 101.4202, aver loss 0.0176, train accuracy 0.5189, test accuracy 0.5300
2021-05-16 19:17:23,236 - classify.py[line:166] - INFO: Epoch 67, toal_loss 101.0863, aver loss 0.0173, train accuracy 0.5185, test accuracy 0.5100
2021-05-16 19:17:24,057 - classify.py[line:166] - INFO: Epoch 68, toal_loss 101.2439, aver loss 0.0171, train accuracy 0.5176, test accuracy 0.5300
2021-05-16 19:17:24,929 - classify.py[line:166] - INFO: Epoch 69, toal_loss 101.3797, aver loss 0.0168, train accuracy 0.5215, test accuracy 0.5150
2021-05-16 19:17:25,704 - classify.py[line:166] - INFO: Epoch 70, toal_loss 101.2317, aver loss 0.0166, train accuracy 0.5147, test accuracy 0.5450
2021-05-16 19:17:26,517 - classify.py[line:166] - INFO: Epoch 71, toal_loss 100.5032, aver loss 0.0162, train accuracy 0.5189, test accuracy 0.5500
2021-05-16 19:17:27,327 - classify.py[line:166] - INFO: Epoch 72, toal_loss 100.9994, aver loss 0.0161, train accuracy 0.5163, test accuracy 0.5200
2021-05-16 19:17:28,172 - classify.py[line:166] - INFO: Epoch 73, toal_loss 100.3178, aver loss 0.0158, train accuracy 0.5205, test accuracy 0.5450
2021-05-16 19:17:28,895 - classify.py[line:166] - INFO: Epoch 74, toal_loss 101.0424, aver loss 0.0157, train accuracy 0.5240, test accuracy 0.5100
2021-05-16 19:17:29,720 - classify.py[line:166] - INFO: Epoch 75, toal_loss 100.6162, aver loss 0.0154, train accuracy 0.5192, test accuracy 0.5300
2021-05-16 19:17:30,501 - classify.py[line:166] - INFO: Epoch 76, toal_loss 100.3315, aver loss 0.0152, train accuracy 0.5150, test accuracy 0.5250
2021-05-16 19:17:31,347 - classify.py[line:166] - INFO: Epoch 77, toal_loss 100.3864, aver loss 0.0150, train accuracy 0.5245, test accuracy 0.5200
2021-05-16 19:17:32,089 - classify.py[line:166] - INFO: Epoch 78, toal_loss 100.7307, aver loss 0.0148, train accuracy 0.5224, test accuracy 0.5100
2021-05-16 19:17:32,883 - classify.py[line:166] - INFO: Epoch 79, toal_loss 100.5996, aver loss 0.0146, train accuracy 0.5209, test accuracy 0.5500
