2021-05-17 13:31:48,355 - classify.py[line:68] - INFO: Namespace(batch_size=64, dataset='IMDB', epoch=80, gpu=1, l2=0.001, lr=0.001, modelname='TextCNN', modelnum=0, seed=2, use_aug=1)
2021-05-17 13:32:18,118 - classify.py[line:109] - INFO: {'word_embedding_dimension': 300, 'Epoch1': 50, 'Epoch2': 10, 'dropout': 0.1, 'label_num': 2, 'learning_rate1': 0.001, 'learning_rate2': 1e-05, 'batch_size': 64, 'cuda': True, 'negSampleNum': 2, 'max_bound': 1.0, 'kernel_sizes': [3, 4, 5], 'hidden_size': 256, 'hidden_layers': 1, 'bidirectional': True}
2021-05-17 13:32:20,090 - classify.py[line:127] - INFO: before training: 0.7102500200271606
2021-05-17 13:32:20,090 - classify.py[line:139] - INFO: ...start training...
2021-05-17 13:33:01,622 - classify.py[line:167] - INFO: Epoch 0, toal_loss 42.8905, aver loss 0.2732, train accuracy 0.9184, test accuracy 0.7983
2021-05-17 13:33:48,547 - classify.py[line:167] - INFO: Epoch 1, toal_loss 29.9071, aver loss 0.0952, train accuracy 0.9450, test accuracy 0.7870
2021-05-17 13:34:32,640 - classify.py[line:167] - INFO: Epoch 2, toal_loss 25.1850, aver loss 0.0535, train accuracy 0.9555, test accuracy 0.7825
2021-05-17 13:35:02,030 - classify.py[line:167] - INFO: Epoch 3, toal_loss 21.5175, aver loss 0.0343, train accuracy 0.9615, test accuracy 0.8020
2021-05-17 13:35:24,600 - classify.py[line:167] - INFO: Epoch 4, toal_loss 19.9303, aver loss 0.0254, train accuracy 0.9624, test accuracy 0.8008
2021-05-17 13:36:11,432 - classify.py[line:167] - INFO: Epoch 5, toal_loss 17.8491, aver loss 0.0189, train accuracy 0.9655, test accuracy 0.7973
2021-05-17 13:36:54,496 - classify.py[line:167] - INFO: Epoch 6, toal_loss 17.2094, aver loss 0.0157, train accuracy 0.9650, test accuracy 0.8223
2021-05-17 13:37:35,049 - classify.py[line:167] - INFO: Epoch 7, toal_loss 17.0958, aver loss 0.0136, train accuracy 0.9668, test accuracy 0.8020
2021-05-17 13:37:57,750 - classify.py[line:167] - INFO: Epoch 8, toal_loss 15.9341, aver loss 0.0113, train accuracy 0.9691, test accuracy 0.8143
2021-05-17 13:38:30,107 - classify.py[line:167] - INFO: Epoch 9, toal_loss 15.2827, aver loss 0.0097, train accuracy 0.9681, test accuracy 0.8293
2021-05-17 13:39:15,378 - classify.py[line:167] - INFO: Epoch 10, toal_loss 15.0858, aver loss 0.0087, train accuracy 0.9707, test accuracy 0.8095
2021-05-17 13:39:57,562 - classify.py[line:167] - INFO: Epoch 11, toal_loss 14.8502, aver loss 0.0079, train accuracy 0.9722, test accuracy 0.8005
2021-05-17 13:40:42,092 - classify.py[line:167] - INFO: Epoch 12, toal_loss 14.3598, aver loss 0.0070, train accuracy 0.9718, test accuracy 0.8063
2021-05-17 13:41:04,385 - classify.py[line:167] - INFO: Epoch 13, toal_loss 14.2288, aver loss 0.0065, train accuracy 0.9713, test accuracy 0.7938
2021-05-17 13:41:34,909 - classify.py[line:167] - INFO: Epoch 14, toal_loss 14.7403, aver loss 0.0063, train accuracy 0.9726, test accuracy 0.8343
2021-05-17 13:42:21,803 - classify.py[line:167] - INFO: Epoch 15, toal_loss 14.3957, aver loss 0.0057, train accuracy 0.9717, test accuracy 0.8200
2021-05-17 13:43:05,122 - classify.py[line:167] - INFO: Epoch 16, toal_loss 13.2985, aver loss 0.0050, train accuracy 0.9747, test accuracy 0.8040
2021-05-17 13:43:44,317 - classify.py[line:167] - INFO: Epoch 17, toal_loss 13.1880, aver loss 0.0047, train accuracy 0.9723, test accuracy 0.8313
2021-05-17 13:44:05,908 - classify.py[line:167] - INFO: Epoch 18, toal_loss 13.3159, aver loss 0.0045, train accuracy 0.9729, test accuracy 0.8410
2021-05-17 13:44:41,966 - classify.py[line:167] - INFO: Epoch 19, toal_loss 13.5964, aver loss 0.0043, train accuracy 0.9742, test accuracy 0.8133
2021-05-17 13:45:28,592 - classify.py[line:167] - INFO: Epoch 20, toal_loss 13.2292, aver loss 0.0040, train accuracy 0.9751, test accuracy 0.8065
2021-05-17 13:46:10,695 - classify.py[line:167] - INFO: Epoch 21, toal_loss 13.3235, aver loss 0.0039, train accuracy 0.9749, test accuracy 0.8030
2021-05-17 13:46:50,980 - classify.py[line:167] - INFO: Epoch 22, toal_loss 11.9919, aver loss 0.0033, train accuracy 0.9744, test accuracy 0.8358
2021-05-17 13:47:14,444 - classify.py[line:167] - INFO: Epoch 23, toal_loss 11.8119, aver loss 0.0031, train accuracy 0.9759, test accuracy 0.7983
2021-05-17 13:47:50,305 - classify.py[line:167] - INFO: Epoch 24, toal_loss 13.4473, aver loss 0.0034, train accuracy 0.9750, test accuracy 0.8325
2021-05-17 13:48:32,195 - classify.py[line:167] - INFO: Epoch 25, toal_loss 12.8474, aver loss 0.0031, train accuracy 0.9771, test accuracy 0.8310
2021-05-17 13:49:15,909 - classify.py[line:167] - INFO: Epoch 26, toal_loss 12.6978, aver loss 0.0030, train accuracy 0.9761, test accuracy 0.8038
2021-05-17 13:49:48,375 - classify.py[line:167] - INFO: Epoch 27, toal_loss 12.4872, aver loss 0.0028, train accuracy 0.9773, test accuracy 0.8165
2021-05-17 13:50:11,128 - classify.py[line:167] - INFO: Epoch 28, toal_loss 12.3103, aver loss 0.0027, train accuracy 0.9768, test accuracy 0.8088
2021-05-17 13:50:51,045 - classify.py[line:167] - INFO: Epoch 29, toal_loss 11.3478, aver loss 0.0024, train accuracy 0.9780, test accuracy 0.8053
2021-05-17 13:51:31,857 - classify.py[line:167] - INFO: Epoch 30, toal_loss 10.6564, aver loss 0.0022, train accuracy 0.9768, test accuracy 0.8303
2021-05-17 13:52:15,334 - classify.py[line:167] - INFO: Epoch 31, toal_loss 10.2803, aver loss 0.0020, train accuracy 0.9780, test accuracy 0.8315
2021-05-17 13:52:50,586 - classify.py[line:167] - INFO: Epoch 32, toal_loss 10.8532, aver loss 0.0021, train accuracy 0.9782, test accuracy 0.8173
2021-05-17 13:53:18,865 - classify.py[line:167] - INFO: Epoch 33, toal_loss 11.9940, aver loss 0.0022, train accuracy 0.9774, test accuracy 0.8253
2021-05-17 13:53:56,644 - classify.py[line:167] - INFO: Epoch 34, toal_loss 11.4121, aver loss 0.0021, train accuracy 0.9776, test accuracy 0.8255
2021-05-17 13:54:39,214 - classify.py[line:167] - INFO: Epoch 35, toal_loss 11.3879, aver loss 0.0020, train accuracy 0.9755, test accuracy 0.8443
2021-05-17 13:55:19,945 - classify.py[line:167] - INFO: Epoch 36, toal_loss 11.3675, aver loss 0.0020, train accuracy 0.9776, test accuracy 0.8165
2021-05-17 13:55:45,692 - classify.py[line:167] - INFO: Epoch 37, toal_loss 11.1148, aver loss 0.0019, train accuracy 0.9784, test accuracy 0.8403
2021-05-17 13:56:04,997 - classify.py[line:167] - INFO: Epoch 38, toal_loss 11.5804, aver loss 0.0019, train accuracy 0.9798, test accuracy 0.8008
2021-05-17 13:56:44,479 - classify.py[line:167] - INFO: Epoch 39, toal_loss 10.1920, aver loss 0.0016, train accuracy 0.9804, test accuracy 0.8180
2021-05-17 13:57:27,076 - classify.py[line:167] - INFO: Epoch 40, toal_loss 10.8088, aver loss 0.0017, train accuracy 0.9806, test accuracy 0.8343
2021-05-17 13:58:03,489 - classify.py[line:167] - INFO: Epoch 41, toal_loss 11.2659, aver loss 0.0017, train accuracy 0.9794, test accuracy 0.8175
2021-05-17 13:58:30,094 - classify.py[line:167] - INFO: Epoch 42, toal_loss 10.3655, aver loss 0.0015, train accuracy 0.9759, test accuracy 0.8343
2021-05-17 13:58:51,145 - classify.py[line:167] - INFO: Epoch 43, toal_loss 11.5682, aver loss 0.0017, train accuracy 0.9782, test accuracy 0.8133
2021-05-17 13:59:31,027 - classify.py[line:167] - INFO: Epoch 44, toal_loss 11.5863, aver loss 0.0016, train accuracy 0.9769, test accuracy 0.8303
2021-05-17 14:00:14,823 - classify.py[line:167] - INFO: Epoch 45, toal_loss 11.9821, aver loss 0.0017, train accuracy 0.9761, test accuracy 0.8363
2021-05-17 14:00:49,872 - classify.py[line:167] - INFO: Epoch 46, toal_loss 11.9528, aver loss 0.0016, train accuracy 0.9780, test accuracy 0.8313
2021-05-17 14:01:21,015 - classify.py[line:167] - INFO: Epoch 47, toal_loss 11.4312, aver loss 0.0015, train accuracy 0.9792, test accuracy 0.8250
2021-05-17 14:01:43,284 - classify.py[line:167] - INFO: Epoch 48, toal_loss 10.0731, aver loss 0.0013, train accuracy 0.9813, test accuracy 0.8398
2021-05-17 14:02:15,632 - classify.py[line:167] - INFO: Epoch 49, toal_loss 9.9069, aver loss 0.0013, train accuracy 0.9822, test accuracy 0.8145
2021-05-17 14:02:53,569 - classify.py[line:167] - INFO: Epoch 50, toal_loss 10.7724, aver loss 0.0013, train accuracy 0.9779, test accuracy 0.8310
2021-05-17 14:03:32,103 - classify.py[line:167] - INFO: Epoch 51, toal_loss 9.7428, aver loss 0.0012, train accuracy 0.9784, test accuracy 0.8388
2021-05-17 14:04:03,333 - classify.py[line:167] - INFO: Epoch 52, toal_loss 10.5674, aver loss 0.0013, train accuracy 0.9786, test accuracy 0.8148
2021-05-17 14:04:26,811 - classify.py[line:167] - INFO: Epoch 53, toal_loss 10.4895, aver loss 0.0012, train accuracy 0.9800, test accuracy 0.8298
2021-05-17 14:04:59,856 - classify.py[line:167] - INFO: Epoch 54, toal_loss 10.2191, aver loss 0.0012, train accuracy 0.9798, test accuracy 0.7953
2021-05-17 14:05:42,674 - classify.py[line:167] - INFO: Epoch 55, toal_loss 9.2828, aver loss 0.0011, train accuracy 0.9797, test accuracy 0.8223
2021-05-17 14:06:17,789 - classify.py[line:167] - INFO: Epoch 56, toal_loss 11.1112, aver loss 0.0012, train accuracy 0.9799, test accuracy 0.8250
2021-05-17 14:06:47,031 - classify.py[line:167] - INFO: Epoch 57, toal_loss 11.0991, aver loss 0.0012, train accuracy 0.9801, test accuracy 0.8153
2021-05-17 14:07:12,364 - classify.py[line:167] - INFO: Epoch 58, toal_loss 9.8867, aver loss 0.0011, train accuracy 0.9796, test accuracy 0.8140
2021-05-17 14:07:49,159 - classify.py[line:167] - INFO: Epoch 59, toal_loss 10.9440, aver loss 0.0012, train accuracy 0.9802, test accuracy 0.8110
2021-05-17 14:08:27,383 - classify.py[line:167] - INFO: Epoch 60, toal_loss 10.4135, aver loss 0.0011, train accuracy 0.9798, test accuracy 0.8225
2021-05-17 14:09:07,957 - classify.py[line:167] - INFO: Epoch 61, toal_loss 9.7367, aver loss 0.0010, train accuracy 0.9807, test accuracy 0.8213
2021-05-17 14:09:30,605 - classify.py[line:167] - INFO: Epoch 62, toal_loss 10.7997, aver loss 0.0011, train accuracy 0.9789, test accuracy 0.8263
2021-05-17 14:09:54,768 - classify.py[line:167] - INFO: Epoch 63, toal_loss 9.0845, aver loss 0.0009, train accuracy 0.9807, test accuracy 0.8353
2021-05-17 14:10:40,479 - classify.py[line:167] - INFO: Epoch 64, toal_loss 10.3733, aver loss 0.0010, train accuracy 0.9798, test accuracy 0.8330
2021-05-17 14:11:24,543 - classify.py[line:167] - INFO: Epoch 65, toal_loss 9.6294, aver loss 0.0009, train accuracy 0.9822, test accuracy 0.8220
2021-05-17 14:12:01,739 - classify.py[line:167] - INFO: Epoch 66, toal_loss 9.9812, aver loss 0.0009, train accuracy 0.9821, test accuracy 0.8035
2021-05-17 14:12:24,619 - classify.py[line:167] - INFO: Epoch 67, toal_loss 11.5128, aver loss 0.0011, train accuracy 0.9798, test accuracy 0.8020
2021-05-17 14:12:47,935 - classify.py[line:167] - INFO: Epoch 68, toal_loss 10.6165, aver loss 0.0010, train accuracy 0.9801, test accuracy 0.8180
2021-05-17 14:13:29,241 - classify.py[line:167] - INFO: Epoch 69, toal_loss 9.8291, aver loss 0.0009, train accuracy 0.9825, test accuracy 0.7975
2021-05-17 14:14:12,753 - classify.py[line:167] - INFO: Epoch 70, toal_loss 9.0514, aver loss 0.0008, train accuracy 0.9813, test accuracy 0.8018
2021-05-17 14:14:53,544 - classify.py[line:167] - INFO: Epoch 71, toal_loss 9.4044, aver loss 0.0008, train accuracy 0.9812, test accuracy 0.8200
2021-05-17 14:15:27,685 - classify.py[line:167] - INFO: Epoch 72, toal_loss 10.5727, aver loss 0.0009, train accuracy 0.9796, test accuracy 0.8080
2021-05-17 14:16:03,413 - classify.py[line:167] - INFO: Epoch 73, toal_loss 9.9989, aver loss 0.0009, train accuracy 0.9802, test accuracy 0.8173
2021-05-17 14:16:49,781 - classify.py[line:167] - INFO: Epoch 74, toal_loss 9.6470, aver loss 0.0008, train accuracy 0.9826, test accuracy 0.8068
2021-05-17 14:17:24,700 - classify.py[line:167] - INFO: Epoch 75, toal_loss 9.1711, aver loss 0.0008, train accuracy 0.9820, test accuracy 0.8205
2021-05-17 14:17:52,683 - classify.py[line:167] - INFO: Epoch 76, toal_loss 9.5916, aver loss 0.0008, train accuracy 0.9816, test accuracy 0.8165
2021-05-17 14:18:12,227 - classify.py[line:167] - INFO: Epoch 77, toal_loss 10.2670, aver loss 0.0008, train accuracy 0.9807, test accuracy 0.8270
2021-05-17 14:18:34,281 - classify.py[line:167] - INFO: Epoch 78, toal_loss 9.5393, aver loss 0.0008, train accuracy 0.9807, test accuracy 0.8180
2021-05-17 14:18:53,626 - classify.py[line:167] - INFO: Epoch 79, toal_loss 9.7764, aver loss 0.0008, train accuracy 0.9822, test accuracy 0.8035
