2021-05-16 15:11:48,426 - classify.py[line:65] - INFO: Namespace(batch_size=64, dataset='PC', epoch=80, gpu=1, lr=0.001, modelname='TextCNN', modelnum=0, seed=1, use_aug=1)
2021-05-16 15:11:53,016 - classify.py[line:101] - INFO: {'word_embedding_dimension': 300, 'Epoch1': 12, 'Epoch2': 10, 'dropout': 0.1, 'label_num': 2, 'learning_rate1': 0.001, 'learning_rate2': 1e-05, 'batch_size': 64, 'cuda': True, 'negSampleNum': 4, 'max_bound': 0.5, 'kernel_sizes': [3, 4, 5], 'hidden_size': 256, 'hidden_layers': 1, 'bidirectional': True}
2021-05-16 15:11:53,301 - classify.py[line:119] - INFO: before training: 0.21646860241889954
2021-05-16 15:11:53,302 - classify.py[line:130] - INFO: ...start training...
2021-05-16 15:11:59,230 - classify.py[line:156] - INFO: Epoch 0, toal_loss 435.5432, aver loss 0.7655, test accuracy 0.6471
2021-05-16 15:12:05,117 - classify.py[line:156] - INFO: Epoch 1, toal_loss 188.6041, aver loss 0.1657, test accuracy 0.7153
2021-05-16 15:12:10,968 - classify.py[line:156] - INFO: Epoch 2, toal_loss 167.1362, aver loss 0.0979, test accuracy 0.7320
2021-05-16 15:12:16,858 - classify.py[line:156] - INFO: Epoch 3, toal_loss 157.4055, aver loss 0.0692, test accuracy 0.7552
2021-05-16 15:12:22,720 - classify.py[line:156] - INFO: Epoch 4, toal_loss 149.3375, aver loss 0.0525, test accuracy 0.7813
2021-05-16 15:12:28,594 - classify.py[line:156] - INFO: Epoch 5, toal_loss 144.2997, aver loss 0.0423, test accuracy 0.7799
2021-05-16 15:12:34,360 - classify.py[line:156] - INFO: Epoch 6, toal_loss 140.5870, aver loss 0.0353, test accuracy 0.7759
2021-05-16 15:12:40,288 - classify.py[line:156] - INFO: Epoch 7, toal_loss 137.7487, aver loss 0.0303, test accuracy 0.7782
2021-05-16 15:12:46,139 - classify.py[line:156] - INFO: Epoch 8, toal_loss 134.6647, aver loss 0.0263, test accuracy 0.7804
2021-05-16 15:12:51,753 - classify.py[line:156] - INFO: Epoch 9, toal_loss 133.7825, aver loss 0.0235, test accuracy 0.7767
2021-05-16 15:12:57,562 - classify.py[line:156] - INFO: Epoch 10, toal_loss 131.3593, aver loss 0.0210, test accuracy 0.7716
2021-05-16 15:13:03,558 - classify.py[line:156] - INFO: Epoch 11, toal_loss 129.4640, aver loss 0.0190, test accuracy 0.7759
2021-05-16 15:13:09,350 - classify.py[line:156] - INFO: Epoch 12, toal_loss 127.6550, aver loss 0.0173, test accuracy 0.7688
2021-05-16 15:13:19,911 - classify.py[line:156] - INFO: Epoch 13, toal_loss 126.0627, aver loss 0.0158, test accuracy 0.7708
2021-05-16 15:13:27,797 - classify.py[line:156] - INFO: Epoch 14, toal_loss 124.0524, aver loss 0.0145, test accuracy 0.7651
2021-05-16 15:13:33,328 - classify.py[line:156] - INFO: Epoch 15, toal_loss 123.5037, aver loss 0.0136, test accuracy 0.7816
2021-05-16 15:13:38,943 - classify.py[line:156] - INFO: Epoch 16, toal_loss 123.0904, aver loss 0.0127, test accuracy 0.7654
2021-05-16 15:13:44,650 - classify.py[line:156] - INFO: Epoch 17, toal_loss 120.8385, aver loss 0.0118, test accuracy 0.7739
2021-05-16 15:13:50,393 - classify.py[line:156] - INFO: Epoch 18, toal_loss 120.4432, aver loss 0.0111, test accuracy 0.7680
2021-05-16 15:13:56,055 - classify.py[line:156] - INFO: Epoch 19, toal_loss 119.0785, aver loss 0.0105, test accuracy 0.7705
2021-05-16 15:14:01,761 - classify.py[line:156] - INFO: Epoch 20, toal_loss 118.0856, aver loss 0.0099, test accuracy 0.7796
2021-05-16 15:14:07,125 - classify.py[line:156] - INFO: Epoch 21, toal_loss 117.2160, aver loss 0.0094, test accuracy 0.7736
2021-05-16 15:14:12,688 - classify.py[line:156] - INFO: Epoch 22, toal_loss 116.1317, aver loss 0.0089, test accuracy 0.7626
2021-05-16 15:14:18,309 - classify.py[line:156] - INFO: Epoch 23, toal_loss 116.4612, aver loss 0.0085, test accuracy 0.7776
2021-05-16 15:14:23,750 - classify.py[line:156] - INFO: Epoch 24, toal_loss 115.0199, aver loss 0.0081, test accuracy 0.7719
2021-05-16 15:14:29,398 - classify.py[line:156] - INFO: Epoch 25, toal_loss 114.5847, aver loss 0.0077, test accuracy 0.7719
2021-05-16 15:14:35,436 - classify.py[line:156] - INFO: Epoch 26, toal_loss 113.5130, aver loss 0.0074, test accuracy 0.7762
2021-05-16 15:14:41,209 - classify.py[line:156] - INFO: Epoch 27, toal_loss 113.5589, aver loss 0.0071, test accuracy 0.7728
2021-05-16 15:14:46,845 - classify.py[line:156] - INFO: Epoch 28, toal_loss 112.8245, aver loss 0.0068, test accuracy 0.7733
2021-05-16 15:14:52,712 - classify.py[line:156] - INFO: Epoch 29, toal_loss 111.8757, aver loss 0.0066, test accuracy 0.7762
2021-05-16 15:14:58,472 - classify.py[line:156] - INFO: Epoch 30, toal_loss 111.5327, aver loss 0.0063, test accuracy 0.7736
2021-05-16 15:15:04,270 - classify.py[line:156] - INFO: Epoch 31, toal_loss 111.4754, aver loss 0.0061, test accuracy 0.7666
2021-05-16 15:15:10,276 - classify.py[line:156] - INFO: Epoch 32, toal_loss 110.9651, aver loss 0.0059, test accuracy 0.7629
2021-05-16 15:15:16,046 - classify.py[line:156] - INFO: Epoch 33, toal_loss 110.1149, aver loss 0.0057, test accuracy 0.7660
2021-05-16 15:15:21,919 - classify.py[line:156] - INFO: Epoch 34, toal_loss 110.4818, aver loss 0.0055, test accuracy 0.7759
2021-05-16 15:15:27,849 - classify.py[line:156] - INFO: Epoch 35, toal_loss 108.5872, aver loss 0.0053, test accuracy 0.7632
2021-05-16 15:15:33,740 - classify.py[line:156] - INFO: Epoch 36, toal_loss 109.8844, aver loss 0.0052, test accuracy 0.7694
2021-05-16 15:15:39,731 - classify.py[line:156] - INFO: Epoch 37, toal_loss 108.8745, aver loss 0.0050, test accuracy 0.7666
2021-05-16 15:15:45,610 - classify.py[line:156] - INFO: Epoch 38, toal_loss 108.5543, aver loss 0.0049, test accuracy 0.7691
2021-05-16 15:15:51,448 - classify.py[line:156] - INFO: Epoch 39, toal_loss 108.7098, aver loss 0.0048, test accuracy 0.7728
2021-05-16 15:15:57,163 - classify.py[line:156] - INFO: Epoch 40, toal_loss 107.8552, aver loss 0.0046, test accuracy 0.7711
2021-05-16 15:16:03,191 - classify.py[line:156] - INFO: Epoch 41, toal_loss 107.9020, aver loss 0.0045, test accuracy 0.7589
2021-05-16 15:16:08,904 - classify.py[line:156] - INFO: Epoch 42, toal_loss 106.2687, aver loss 0.0043, test accuracy 0.7643
2021-05-16 15:16:14,897 - classify.py[line:156] - INFO: Epoch 43, toal_loss 105.4825, aver loss 0.0042, test accuracy 0.7688
2021-05-16 15:16:20,814 - classify.py[line:156] - INFO: Epoch 44, toal_loss 105.2702, aver loss 0.0041, test accuracy 0.7702
2021-05-16 15:16:26,615 - classify.py[line:156] - INFO: Epoch 45, toal_loss 106.6053, aver loss 0.0041, test accuracy 0.7733
2021-05-16 15:16:32,491 - classify.py[line:156] - INFO: Epoch 46, toal_loss 105.5843, aver loss 0.0039, test accuracy 0.7671
2021-05-16 15:16:38,270 - classify.py[line:156] - INFO: Epoch 47, toal_loss 105.8624, aver loss 0.0039, test accuracy 0.7728
2021-05-16 15:16:44,041 - classify.py[line:156] - INFO: Epoch 48, toal_loss 105.0030, aver loss 0.0038, test accuracy 0.7660
2021-05-16 15:16:49,841 - classify.py[line:156] - INFO: Epoch 49, toal_loss 103.3499, aver loss 0.0036, test accuracy 0.7685
2021-05-16 15:16:55,580 - classify.py[line:156] - INFO: Epoch 50, toal_loss 105.1710, aver loss 0.0036, test accuracy 0.7643
2021-05-16 15:17:01,450 - classify.py[line:156] - INFO: Epoch 51, toal_loss 104.4820, aver loss 0.0035, test accuracy 0.7767
2021-05-16 15:17:07,213 - classify.py[line:156] - INFO: Epoch 52, toal_loss 104.5643, aver loss 0.0035, test accuracy 0.7736
2021-05-16 15:17:13,185 - classify.py[line:156] - INFO: Epoch 53, toal_loss 103.7027, aver loss 0.0034, test accuracy 0.7750
2021-05-16 15:17:18,921 - classify.py[line:156] - INFO: Epoch 54, toal_loss 104.1542, aver loss 0.0033, test accuracy 0.7598
2021-05-16 15:17:24,704 - classify.py[line:156] - INFO: Epoch 55, toal_loss 103.0054, aver loss 0.0032, test accuracy 0.7634
2021-05-16 15:17:30,661 - classify.py[line:156] - INFO: Epoch 56, toal_loss 103.4072, aver loss 0.0032, test accuracy 0.7643
2021-05-16 15:17:36,539 - classify.py[line:156] - INFO: Epoch 57, toal_loss 103.0974, aver loss 0.0031, test accuracy 0.7660
2021-05-16 15:17:42,363 - classify.py[line:156] - INFO: Epoch 58, toal_loss 102.6645, aver loss 0.0031, test accuracy 0.7733
2021-05-16 15:17:48,045 - classify.py[line:156] - INFO: Epoch 59, toal_loss 102.6540, aver loss 0.0030, test accuracy 0.7640
2021-05-16 15:17:53,929 - classify.py[line:156] - INFO: Epoch 60, toal_loss 101.3523, aver loss 0.0029, test accuracy 0.7643
2021-05-16 15:17:59,742 - classify.py[line:156] - INFO: Epoch 61, toal_loss 101.4912, aver loss 0.0029, test accuracy 0.7677
2021-05-16 15:18:05,694 - classify.py[line:156] - INFO: Epoch 62, toal_loss 101.9593, aver loss 0.0028, test accuracy 0.7657
2021-05-16 15:18:11,460 - classify.py[line:156] - INFO: Epoch 63, toal_loss 101.0437, aver loss 0.0028, test accuracy 0.7699
2021-05-16 15:18:17,226 - classify.py[line:156] - INFO: Epoch 64, toal_loss 101.5699, aver loss 0.0027, test accuracy 0.7671
2021-05-16 15:18:22,936 - classify.py[line:156] - INFO: Epoch 65, toal_loss 101.3192, aver loss 0.0027, test accuracy 0.7581
2021-05-16 15:18:28,830 - classify.py[line:156] - INFO: Epoch 66, toal_loss 102.0665, aver loss 0.0027, test accuracy 0.7606
2021-05-16 15:18:34,448 - classify.py[line:156] - INFO: Epoch 67, toal_loss 100.7589, aver loss 0.0026, test accuracy 0.7725
2021-05-16 15:18:40,524 - classify.py[line:156] - INFO: Epoch 68, toal_loss 100.1097, aver loss 0.0025, test accuracy 0.7643
2021-05-16 15:18:46,457 - classify.py[line:156] - INFO: Epoch 69, toal_loss 99.4206, aver loss 0.0025, test accuracy 0.7691
2021-05-16 15:18:52,621 - classify.py[line:156] - INFO: Epoch 70, toal_loss 99.8264, aver loss 0.0025, test accuracy 0.7646
2021-05-16 15:18:58,491 - classify.py[line:156] - INFO: Epoch 71, toal_loss 101.0167, aver loss 0.0025, test accuracy 0.7620
2021-05-16 15:19:04,182 - classify.py[line:156] - INFO: Epoch 72, toal_loss 99.1470, aver loss 0.0024, test accuracy 0.7595
2021-05-16 15:19:10,106 - classify.py[line:156] - INFO: Epoch 73, toal_loss 101.1866, aver loss 0.0024, test accuracy 0.7719
2021-05-16 15:19:15,998 - classify.py[line:156] - INFO: Epoch 74, toal_loss 100.3242, aver loss 0.0024, test accuracy 0.7595
2021-05-16 15:19:21,844 - classify.py[line:156] - INFO: Epoch 75, toal_loss 98.9062, aver loss 0.0023, test accuracy 0.7654
2021-05-16 15:19:27,729 - classify.py[line:156] - INFO: Epoch 76, toal_loss 99.9979, aver loss 0.0023, test accuracy 0.7640
2021-05-16 15:19:33,463 - classify.py[line:156] - INFO: Epoch 77, toal_loss 99.7198, aver loss 0.0022, test accuracy 0.7688
2021-05-16 15:19:39,424 - classify.py[line:156] - INFO: Epoch 78, toal_loss 99.0462, aver loss 0.0022, test accuracy 0.7629
2021-05-16 15:19:45,086 - classify.py[line:156] - INFO: Epoch 79, toal_loss 97.8000, aver loss 0.0021, test accuracy 0.7702
