2021-05-20 19:23:56,863 - classify.py[line:68] - INFO: Namespace(batch_size=64, dataset='TREC', epoch=30, gpu=1, l2=0.0001, lr=0.0001, modelfilename='115_Epoch_8_model_1_12_0.302.pt', modelname='TextCNN', modelnum=0, resultnum=115, seed=1, use_aug=1)
2021-05-20 19:24:00,232 - classify.py[line:122] - INFO: {'word_embedding_dimension': 300, 'Epoch1': 13, 'Epoch2': 10, 'dropout': 0.1, 'label_num': 6, 'learning_rate1': 0.0001, 'learning_rate2': 1e-05, 'batch_size': 128, 'cuda': True, 'negSampleNum': 12, 'poSampleNum': 1, 'max_bound': 1.0, 'kernel_sizes': [3, 4, 5], 'hidden_size': 256, 'hidden_layers': 1, 'bidirectional': True}
2021-05-20 19:24:00,488 - classify.py[line:140] - INFO: before training: 0.3580000102519989
2021-05-20 19:24:00,489 - classify.py[line:154] - INFO: ...start training...
2021-05-20 19:24:00,555 - classify.py[line:184] - INFO: Epoch 0, toal_loss 17.6436, aver loss 3.5287, train accuracy 0.3031, train auc 0.0000, test accuracy 0.3480, test auc 0.0000
2021-05-20 19:24:00,614 - classify.py[line:184] - INFO: Epoch 1, toal_loss 17.2191, aver loss 1.7219, train accuracy 0.3156, train auc 0.0000, test accuracy 0.3440, test auc 0.0000
2021-05-20 19:24:00,681 - classify.py[line:184] - INFO: Epoch 2, toal_loss 16.5680, aver loss 1.1045, train accuracy 0.3031, train auc 0.0000, test accuracy 0.3400, test auc 0.0000
2021-05-20 19:24:00,736 - classify.py[line:184] - INFO: Epoch 3, toal_loss 16.3376, aver loss 0.8169, train accuracy 0.3094, train auc 0.0000, test accuracy 0.3240, test auc 0.0000
2021-05-20 19:24:00,792 - classify.py[line:184] - INFO: Epoch 4, toal_loss 16.1163, aver loss 0.6447, train accuracy 0.3344, train auc 0.0000, test accuracy 0.3480, test auc 0.0000
2021-05-20 19:24:00,851 - classify.py[line:184] - INFO: Epoch 5, toal_loss 15.4725, aver loss 0.5158, train accuracy 0.3375, train auc 0.0000, test accuracy 0.3400, test auc 0.0000
2021-05-20 19:24:00,912 - classify.py[line:184] - INFO: Epoch 6, toal_loss 14.5936, aver loss 0.4170, train accuracy 0.3250, train auc 0.0000, test accuracy 0.3300, test auc 0.0000
2021-05-20 19:24:00,971 - classify.py[line:184] - INFO: Epoch 7, toal_loss 14.2342, aver loss 0.3559, train accuracy 0.3312, train auc 0.0000, test accuracy 0.3420, test auc 0.0000
2021-05-20 19:24:01,033 - classify.py[line:184] - INFO: Epoch 8, toal_loss 14.1850, aver loss 0.3152, train accuracy 0.3312, train auc 0.0000, test accuracy 0.3520, test auc 0.0000
2021-05-20 19:24:01,092 - classify.py[line:184] - INFO: Epoch 9, toal_loss 13.4577, aver loss 0.2692, train accuracy 0.3094, train auc 0.0000, test accuracy 0.3540, test auc 0.0000
2021-05-20 19:24:01,154 - classify.py[line:184] - INFO: Epoch 10, toal_loss 12.9982, aver loss 0.2363, train accuracy 0.3250, train auc 0.0000, test accuracy 0.3660, test auc 0.0000
2021-05-20 19:24:01,214 - classify.py[line:184] - INFO: Epoch 11, toal_loss 12.9263, aver loss 0.2154, train accuracy 0.3219, train auc 0.0000, test accuracy 0.3540, test auc 0.0000
2021-05-20 19:24:01,273 - classify.py[line:184] - INFO: Epoch 12, toal_loss 12.7124, aver loss 0.1956, train accuracy 0.3156, train auc 0.0000, test accuracy 0.3560, test auc 0.0000
2021-05-20 19:24:01,329 - classify.py[line:184] - INFO: Epoch 13, toal_loss 12.1893, aver loss 0.1741, train accuracy 0.3312, train auc 0.0000, test accuracy 0.3700, test auc 0.0000
2021-05-20 19:24:01,384 - classify.py[line:184] - INFO: Epoch 14, toal_loss 12.1840, aver loss 0.1625, train accuracy 0.3312, train auc 0.0000, test accuracy 0.3420, test auc 0.0000
2021-05-20 19:24:01,444 - classify.py[line:184] - INFO: Epoch 15, toal_loss 11.0020, aver loss 0.1375, train accuracy 0.3344, train auc 0.0000, test accuracy 0.3660, test auc 0.0000
2021-05-20 19:24:01,499 - classify.py[line:184] - INFO: Epoch 16, toal_loss 10.9317, aver loss 0.1286, train accuracy 0.3312, train auc 0.0000, test accuracy 0.3720, test auc 0.0000
2021-05-20 19:24:01,556 - classify.py[line:184] - INFO: Epoch 17, toal_loss 10.5412, aver loss 0.1171, train accuracy 0.3406, train auc 0.0000, test accuracy 0.3740, test auc 0.0000
2021-05-20 19:24:01,613 - classify.py[line:184] - INFO: Epoch 18, toal_loss 10.3410, aver loss 0.1089, train accuracy 0.3219, train auc 0.0000, test accuracy 0.3820, test auc 0.0000
2021-05-20 19:24:01,680 - classify.py[line:184] - INFO: Epoch 19, toal_loss 9.9343, aver loss 0.0993, train accuracy 0.3156, train auc 0.0000, test accuracy 0.3660, test auc 0.0000
2021-05-20 19:24:01,743 - classify.py[line:184] - INFO: Epoch 20, toal_loss 10.0278, aver loss 0.0955, train accuracy 0.3375, train auc 0.0000, test accuracy 0.3500, test auc 0.0000
2021-05-20 19:24:01,807 - classify.py[line:184] - INFO: Epoch 21, toal_loss 9.7133, aver loss 0.0883, train accuracy 0.3187, train auc 0.0000, test accuracy 0.3760, test auc 0.0000
2021-05-20 19:24:01,862 - classify.py[line:184] - INFO: Epoch 22, toal_loss 9.4866, aver loss 0.0825, train accuracy 0.3187, train auc 0.0000, test accuracy 0.3860, test auc 0.0000
2021-05-20 19:24:01,923 - classify.py[line:184] - INFO: Epoch 23, toal_loss 8.9760, aver loss 0.0748, train accuracy 0.3656, train auc 0.0000, test accuracy 0.3820, test auc 0.0000
2021-05-20 19:24:01,979 - classify.py[line:184] - INFO: Epoch 24, toal_loss 9.0132, aver loss 0.0721, train accuracy 0.3500, train auc 0.0000, test accuracy 0.3620, test auc 0.0000
2021-05-20 19:24:02,034 - classify.py[line:184] - INFO: Epoch 25, toal_loss 8.7036, aver loss 0.0670, train accuracy 0.3438, train auc 0.0000, test accuracy 0.3840, test auc 0.0000
2021-05-20 19:24:02,087 - classify.py[line:184] - INFO: Epoch 26, toal_loss 8.4058, aver loss 0.0623, train accuracy 0.3469, train auc 0.0000, test accuracy 0.3320, test auc 0.0000
2021-05-20 19:24:02,157 - classify.py[line:184] - INFO: Epoch 27, toal_loss 8.2154, aver loss 0.0587, train accuracy 0.3688, train auc 0.0000, test accuracy 0.3320, test auc 0.0000
2021-05-20 19:24:02,211 - classify.py[line:184] - INFO: Epoch 28, toal_loss 8.2741, aver loss 0.0571, train accuracy 0.3750, train auc 0.0000, test accuracy 0.3140, test auc 0.0000
2021-05-20 19:24:02,269 - classify.py[line:184] - INFO: Epoch 29, toal_loss 8.1626, aver loss 0.0544, train accuracy 0.3688, train auc 0.0000, test accuracy 0.3140, test auc 0.0000
2021-05-20 19:24:02,466 - classify.py[line:122] - INFO: {'word_embedding_dimension': 300, 'Epoch1': 13, 'Epoch2': 10, 'dropout': 0.1, 'label_num': 6, 'learning_rate1': 0.0001, 'learning_rate2': 1e-05, 'batch_size': 128, 'cuda': True, 'negSampleNum': 12, 'poSampleNum': 1, 'max_bound': 1.0, 'kernel_sizes': [3, 4, 5], 'hidden_size': 256, 'hidden_layers': 1, 'bidirectional': True}
2021-05-20 19:24:02,469 - classify.py[line:140] - INFO: before training: 0.32600000500679016
2021-05-20 19:24:02,469 - classify.py[line:154] - INFO: ...start training...
2021-05-20 19:24:02,574 - classify.py[line:184] - INFO: Epoch 0, toal_loss 29.5349, aver loss 3.2817, train accuracy 0.3285, train auc 0.0000, test accuracy 0.3560, test auc 0.0000
2021-05-20 19:24:02,704 - classify.py[line:184] - INFO: Epoch 1, toal_loss 28.0488, aver loss 1.5583, train accuracy 0.3337, train auc 0.0000, test accuracy 0.3420, test auc 0.0000
2021-05-20 19:24:02,813 - classify.py[line:184] - INFO: Epoch 2, toal_loss 26.4290, aver loss 0.9789, train accuracy 0.3440, train auc 0.0000, test accuracy 0.3840, test auc 0.0000
2021-05-20 19:24:02,918 - classify.py[line:184] - INFO: Epoch 3, toal_loss 25.1258, aver loss 0.6979, train accuracy 0.3491, train auc 0.0000, test accuracy 0.3740, test auc 0.0000
2021-05-20 19:24:03,029 - classify.py[line:184] - INFO: Epoch 4, toal_loss 23.4848, aver loss 0.5219, train accuracy 0.3441, train auc 0.0000, test accuracy 0.3720, test auc 0.0000
2021-05-20 19:24:03,141 - classify.py[line:184] - INFO: Epoch 5, toal_loss 22.8076, aver loss 0.4224, train accuracy 0.3511, train auc 0.0000, test accuracy 0.3620, test auc 0.0000
2021-05-20 19:24:03,247 - classify.py[line:184] - INFO: Epoch 6, toal_loss 21.3385, aver loss 0.3387, train accuracy 0.3424, train auc 0.0000, test accuracy 0.3560, test auc 0.0000
2021-05-20 19:24:03,350 - classify.py[line:184] - INFO: Epoch 7, toal_loss 20.5776, aver loss 0.2858, train accuracy 0.3352, train auc 0.0000, test accuracy 0.3820, test auc 0.0000
2021-05-20 19:24:03,460 - classify.py[line:184] - INFO: Epoch 8, toal_loss 19.5707, aver loss 0.2416, train accuracy 0.3614, train auc 0.0000, test accuracy 0.3800, test auc 0.0000
2021-05-20 19:24:03,569 - classify.py[line:184] - INFO: Epoch 9, toal_loss 18.5477, aver loss 0.2061, train accuracy 0.3442, train auc 0.0000, test accuracy 0.3840, test auc 0.0000
2021-05-20 19:24:03,675 - classify.py[line:184] - INFO: Epoch 10, toal_loss 17.6870, aver loss 0.1787, train accuracy 0.3442, train auc 0.0000, test accuracy 0.3880, test auc 0.0000
2021-05-20 19:24:03,785 - classify.py[line:184] - INFO: Epoch 11, toal_loss 17.0459, aver loss 0.1578, train accuracy 0.3493, train auc 0.0000, test accuracy 0.3660, test auc 0.0000
2021-05-20 19:24:03,892 - classify.py[line:184] - INFO: Epoch 12, toal_loss 16.0208, aver loss 0.1369, train accuracy 0.3561, train auc 0.0000, test accuracy 0.3800, test auc 0.0000
2021-05-20 19:24:04,003 - classify.py[line:184] - INFO: Epoch 13, toal_loss 15.5726, aver loss 0.1236, train accuracy 0.3579, train auc 0.0000, test accuracy 0.3260, test auc 0.0000
2021-05-20 19:24:04,118 - classify.py[line:184] - INFO: Epoch 14, toal_loss 14.7650, aver loss 0.1094, train accuracy 0.3562, train auc 0.0000, test accuracy 0.3060, test auc 0.0000
2021-05-20 19:24:04,236 - classify.py[line:184] - INFO: Epoch 15, toal_loss 14.6654, aver loss 0.1018, train accuracy 0.3564, train auc 0.0000, test accuracy 0.3080, test auc 0.0000
2021-05-20 19:24:04,345 - classify.py[line:184] - INFO: Epoch 16, toal_loss 14.2287, aver loss 0.0930, train accuracy 0.3682, train auc 0.0000, test accuracy 0.3160, test auc 0.0000
2021-05-20 19:24:04,454 - classify.py[line:184] - INFO: Epoch 17, toal_loss 13.8440, aver loss 0.0855, train accuracy 0.3820, train auc 0.0000, test accuracy 0.3120, test auc 0.0000
2021-05-20 19:24:04,561 - classify.py[line:184] - INFO: Epoch 18, toal_loss 13.7427, aver loss 0.0804, train accuracy 0.3857, train auc 0.0000, test accuracy 0.3200, test auc 0.0000
2021-05-20 19:24:04,668 - classify.py[line:184] - INFO: Epoch 19, toal_loss 13.3707, aver loss 0.0743, train accuracy 0.4028, train auc 0.0000, test accuracy 0.3120, test auc 0.0000
2021-05-20 19:24:04,777 - classify.py[line:184] - INFO: Epoch 20, toal_loss 13.1718, aver loss 0.0697, train accuracy 0.3840, train auc 0.0000, test accuracy 0.3180, test auc 0.0000
2021-05-20 19:24:04,886 - classify.py[line:184] - INFO: Epoch 21, toal_loss 12.7986, aver loss 0.0646, train accuracy 0.4016, train auc 0.0000, test accuracy 0.3000, test auc 0.0000
2021-05-20 19:24:04,994 - classify.py[line:184] - INFO: Epoch 22, toal_loss 12.5808, aver loss 0.0608, train accuracy 0.4322, train auc 0.0000, test accuracy 0.3400, test auc 0.0000
2021-05-20 19:24:05,102 - classify.py[line:184] - INFO: Epoch 23, toal_loss 12.5667, aver loss 0.0582, train accuracy 0.4064, train auc 0.0000, test accuracy 0.3300, test auc 0.0000
2021-05-20 19:24:05,212 - classify.py[line:184] - INFO: Epoch 24, toal_loss 12.3553, aver loss 0.0549, train accuracy 0.4377, train auc 0.0000, test accuracy 0.3460, test auc 0.0000
2021-05-20 19:24:05,309 - classify.py[line:184] - INFO: Epoch 25, toal_loss 12.0975, aver loss 0.0517, train accuracy 0.4566, train auc 0.0000, test accuracy 0.3440, test auc 0.0000
2021-05-20 19:24:05,423 - classify.py[line:184] - INFO: Epoch 26, toal_loss 11.9950, aver loss 0.0494, train accuracy 0.4568, train auc 0.0000, test accuracy 0.3780, test auc 0.0000
2021-05-20 19:24:05,541 - classify.py[line:184] - INFO: Epoch 27, toal_loss 11.7734, aver loss 0.0467, train accuracy 0.4771, train auc 0.0000, test accuracy 0.3680, test auc 0.0000
2021-05-20 19:24:05,656 - classify.py[line:184] - INFO: Epoch 28, toal_loss 11.7497, aver loss 0.0450, train accuracy 0.4446, train auc 0.0000, test accuracy 0.3740, test auc 0.0000
2021-05-20 19:24:05,762 - classify.py[line:184] - INFO: Epoch 29, toal_loss 11.4544, aver loss 0.0424, train accuracy 0.5137, train auc 0.0000, test accuracy 0.4400, test auc 0.0000
2021-05-20 19:24:05,904 - classify.py[line:122] - INFO: {'word_embedding_dimension': 300, 'Epoch1': 13, 'Epoch2': 10, 'dropout': 0.1, 'label_num': 6, 'learning_rate1': 0.0001, 'learning_rate2': 1e-05, 'batch_size': 128, 'cuda': True, 'negSampleNum': 12, 'poSampleNum': 1, 'max_bound': 1.0, 'kernel_sizes': [3, 4, 5], 'hidden_size': 256, 'hidden_layers': 1, 'bidirectional': True}
2021-05-20 19:24:05,906 - classify.py[line:140] - INFO: before training: 0.3240000009536743
2021-05-20 19:24:05,906 - classify.py[line:154] - INFO: ...start training...
2021-05-20 19:24:06,117 - classify.py[line:184] - INFO: Epoch 0, toal_loss 57.3504, aver loss 3.1861, train accuracy 0.3403, train auc 0.0000, test accuracy 0.3460, test auc 0.0000
2021-05-20 19:24:06,321 - classify.py[line:184] - INFO: Epoch 1, toal_loss 51.9713, aver loss 1.4436, train accuracy 0.3620, train auc 0.0000, test accuracy 0.3400, test auc 0.0000
2021-05-20 19:24:06,538 - classify.py[line:184] - INFO: Epoch 2, toal_loss 47.0777, aver loss 0.8718, train accuracy 0.3559, train auc 0.0000, test accuracy 0.3600, test auc 0.0000
2021-05-20 19:24:06,751 - classify.py[line:184] - INFO: Epoch 3, toal_loss 42.0774, aver loss 0.5844, train accuracy 0.3516, train auc 0.0000, test accuracy 0.3680, test auc 0.0000
2021-05-20 19:24:06,957 - classify.py[line:184] - INFO: Epoch 4, toal_loss 37.5877, aver loss 0.4176, train accuracy 0.3507, train auc 0.0000, test accuracy 0.3680, test auc 0.0000
2021-05-20 19:24:07,180 - classify.py[line:184] - INFO: Epoch 5, toal_loss 34.6426, aver loss 0.3208, train accuracy 0.3611, train auc 0.0000, test accuracy 0.3640, test auc 0.0000
2021-05-20 19:24:07,393 - classify.py[line:184] - INFO: Epoch 6, toal_loss 31.6548, aver loss 0.2512, train accuracy 0.3533, train auc 0.0000, test accuracy 0.2900, test auc 0.0000
2021-05-20 19:24:07,607 - classify.py[line:184] - INFO: Epoch 7, toal_loss 29.5586, aver loss 0.2053, train accuracy 0.3872, train auc 0.0000, test accuracy 0.2740, test auc 0.0000
2021-05-20 19:24:07,822 - classify.py[line:184] - INFO: Epoch 8, toal_loss 27.3309, aver loss 0.1687, train accuracy 0.4062, train auc 0.0000, test accuracy 0.2980, test auc 0.0000
2021-05-20 19:24:08,035 - classify.py[line:184] - INFO: Epoch 9, toal_loss 26.1551, aver loss 0.1453, train accuracy 0.4271, train auc 0.0000, test accuracy 0.3240, test auc 0.0000
2021-05-20 19:24:08,243 - classify.py[line:184] - INFO: Epoch 10, toal_loss 25.0310, aver loss 0.1264, train accuracy 0.4314, train auc 0.0000, test accuracy 0.3060, test auc 0.0000
2021-05-20 19:24:08,460 - classify.py[line:184] - INFO: Epoch 11, toal_loss 24.7834, aver loss 0.1147, train accuracy 0.4705, train auc 0.0000, test accuracy 0.3060, test auc 0.0000
2021-05-20 19:24:08,678 - classify.py[line:184] - INFO: Epoch 12, toal_loss 23.8319, aver loss 0.1018, train accuracy 0.4479, train auc 0.0000, test accuracy 0.3160, test auc 0.0000
2021-05-20 19:24:08,913 - classify.py[line:184] - INFO: Epoch 13, toal_loss 23.3527, aver loss 0.0927, train accuracy 0.4714, train auc 0.0000, test accuracy 0.3240, test auc 0.0000
2021-05-20 19:24:09,121 - classify.py[line:184] - INFO: Epoch 14, toal_loss 23.3119, aver loss 0.0863, train accuracy 0.4939, train auc 0.0000, test accuracy 0.3440, test auc 0.0000
2021-05-20 19:24:09,333 - classify.py[line:184] - INFO: Epoch 15, toal_loss 23.1030, aver loss 0.0802, train accuracy 0.4852, train auc 0.0000, test accuracy 0.3420, test auc 0.0000
2021-05-20 19:24:09,550 - classify.py[line:184] - INFO: Epoch 16, toal_loss 23.1620, aver loss 0.0757, train accuracy 0.4627, train auc 0.0000, test accuracy 0.3300, test auc 0.0000
2021-05-20 19:24:09,763 - classify.py[line:184] - INFO: Epoch 17, toal_loss 22.3864, aver loss 0.0691, train accuracy 0.4844, train auc 0.0000, test accuracy 0.3760, test auc 0.0000
2021-05-20 19:24:09,971 - classify.py[line:184] - INFO: Epoch 18, toal_loss 22.6073, aver loss 0.0661, train accuracy 0.4939, train auc 0.0000, test accuracy 0.3540, test auc 0.0000
2021-05-20 19:24:10,184 - classify.py[line:184] - INFO: Epoch 19, toal_loss 21.8914, aver loss 0.0608, train accuracy 0.4878, train auc 0.0000, test accuracy 0.3780, test auc 0.0000
2021-05-20 19:24:10,393 - classify.py[line:184] - INFO: Epoch 20, toal_loss 21.7760, aver loss 0.0576, train accuracy 0.4957, train auc 0.0000, test accuracy 0.4100, test auc 0.0000
2021-05-20 19:24:10,606 - classify.py[line:184] - INFO: Epoch 21, toal_loss 21.2016, aver loss 0.0535, train accuracy 0.5148, train auc 0.0000, test accuracy 0.4240, test auc 0.0000
2021-05-20 19:24:10,821 - classify.py[line:184] - INFO: Epoch 22, toal_loss 21.8028, aver loss 0.0527, train accuracy 0.5113, train auc 0.0000, test accuracy 0.3980, test auc 0.0000
2021-05-20 19:24:11,026 - classify.py[line:184] - INFO: Epoch 23, toal_loss 21.5139, aver loss 0.0498, train accuracy 0.4774, train auc 0.0000, test accuracy 0.4020, test auc 0.0000
2021-05-20 19:24:11,243 - classify.py[line:184] - INFO: Epoch 24, toal_loss 21.3652, aver loss 0.0475, train accuracy 0.5139, train auc 0.0000, test accuracy 0.3940, test auc 0.0000
2021-05-20 19:24:11,462 - classify.py[line:184] - INFO: Epoch 25, toal_loss 21.0459, aver loss 0.0450, train accuracy 0.5061, train auc 0.0000, test accuracy 0.4180, test auc 0.0000
2021-05-20 19:24:11,687 - classify.py[line:184] - INFO: Epoch 26, toal_loss 21.6030, aver loss 0.0445, train accuracy 0.5295, train auc 0.0000, test accuracy 0.4060, test auc 0.0000
2021-05-20 19:24:11,906 - classify.py[line:184] - INFO: Epoch 27, toal_loss 21.6587, aver loss 0.0430, train accuracy 0.4844, train auc 0.0000, test accuracy 0.3960, test auc 0.0000
2021-05-20 19:24:12,119 - classify.py[line:184] - INFO: Epoch 28, toal_loss 20.6078, aver loss 0.0395, train accuracy 0.5365, train auc 0.0000, test accuracy 0.4120, test auc 0.0000
2021-05-20 19:24:12,326 - classify.py[line:184] - INFO: Epoch 29, toal_loss 20.8583, aver loss 0.0386, train accuracy 0.5243, train auc 0.0000, test accuracy 0.4160, test auc 0.0000
2021-05-20 19:24:12,498 - classify.py[line:122] - INFO: {'word_embedding_dimension': 300, 'Epoch1': 13, 'Epoch2': 10, 'dropout': 0.1, 'label_num': 6, 'learning_rate1': 0.0001, 'learning_rate2': 1e-05, 'batch_size': 128, 'cuda': True, 'negSampleNum': 12, 'poSampleNum': 1, 'max_bound': 1.0, 'kernel_sizes': [3, 4, 5], 'hidden_size': 256, 'hidden_layers': 1, 'bidirectional': True}
2021-05-20 19:24:12,501 - classify.py[line:140] - INFO: before training: 0.328000009059906
2021-05-20 19:24:12,501 - classify.py[line:154] - INFO: ...start training...
2021-05-20 19:24:12,808 - classify.py[line:184] - INFO: Epoch 0, toal_loss 83.9221, aver loss 3.2278, train accuracy 0.3460, train auc 0.0000, test accuracy 0.3420, test auc 0.0000
2021-05-20 19:24:13,119 - classify.py[line:184] - INFO: Epoch 1, toal_loss 72.0275, aver loss 1.3851, train accuracy 0.3593, train auc 0.0000, test accuracy 0.3700, test auc 0.0000
2021-05-20 19:24:13,431 - classify.py[line:184] - INFO: Epoch 2, toal_loss 61.7176, aver loss 0.7913, train accuracy 0.3580, train auc 0.0000, test accuracy 0.3760, test auc 0.0000
2021-05-20 19:24:13,753 - classify.py[line:184] - INFO: Epoch 3, toal_loss 53.6363, aver loss 0.5157, train accuracy 0.3698, train auc 0.0000, test accuracy 0.3500, test auc 0.0000
2021-05-20 19:24:14,072 - classify.py[line:184] - INFO: Epoch 4, toal_loss 46.7533, aver loss 0.3596, train accuracy 0.3696, train auc 0.0000, test accuracy 0.3880, test auc 0.0000
2021-05-20 19:24:14,369 - classify.py[line:184] - INFO: Epoch 5, toal_loss 41.6601, aver loss 0.2671, train accuracy 0.3704, train auc 0.0000, test accuracy 0.3300, test auc 0.0000
2021-05-20 19:24:14,691 - classify.py[line:184] - INFO: Epoch 6, toal_loss 38.3283, aver loss 0.2106, train accuracy 0.3964, train auc 0.0000, test accuracy 0.3740, test auc 0.0000
2021-05-20 19:24:15,003 - classify.py[line:184] - INFO: Epoch 7, toal_loss 36.8406, aver loss 0.1771, train accuracy 0.4180, train auc 0.0000, test accuracy 0.4000, test auc 0.0000
2021-05-20 19:24:15,318 - classify.py[line:184] - INFO: Epoch 8, toal_loss 34.9300, aver loss 0.1493, train accuracy 0.4373, train auc 0.0000, test accuracy 0.4380, test auc 0.0000
2021-05-20 19:24:15,626 - classify.py[line:184] - INFO: Epoch 9, toal_loss 34.1198, aver loss 0.1312, train accuracy 0.4729, train auc 0.0000, test accuracy 0.4280, test auc 0.0000
2021-05-20 19:24:15,933 - classify.py[line:184] - INFO: Epoch 10, toal_loss 33.6684, aver loss 0.1177, train accuracy 0.4958, train auc 0.0000, test accuracy 0.4580, test auc 0.0000
2021-05-20 19:24:16,252 - classify.py[line:184] - INFO: Epoch 11, toal_loss 32.8847, aver loss 0.1054, train accuracy 0.4754, train auc 0.0000, test accuracy 0.5080, test auc 0.0000
2021-05-20 19:24:16,564 - classify.py[line:184] - INFO: Epoch 12, toal_loss 32.5215, aver loss 0.0962, train accuracy 0.5143, train auc 0.0000, test accuracy 0.4820, test auc 0.0000
2021-05-20 19:24:16,903 - classify.py[line:184] - INFO: Epoch 13, toal_loss 31.7541, aver loss 0.0872, train accuracy 0.5178, train auc 0.0000, test accuracy 0.5080, test auc 0.0000
2021-05-20 19:24:17,220 - classify.py[line:184] - INFO: Epoch 14, toal_loss 31.4442, aver loss 0.0806, train accuracy 0.5221, train auc 0.0000, test accuracy 0.5200, test auc 0.0000
2021-05-20 19:24:17,548 - classify.py[line:184] - INFO: Epoch 15, toal_loss 31.0067, aver loss 0.0745, train accuracy 0.5270, train auc 0.0000, test accuracy 0.5140, test auc 0.0000
2021-05-20 19:24:17,864 - classify.py[line:184] - INFO: Epoch 16, toal_loss 31.2477, aver loss 0.0707, train accuracy 0.5369, train auc 0.0000, test accuracy 0.5420, test auc 0.0000
2021-05-20 19:24:18,183 - classify.py[line:184] - INFO: Epoch 17, toal_loss 30.9487, aver loss 0.0661, train accuracy 0.5411, train auc 0.0000, test accuracy 0.5500, test auc 0.0000
2021-05-20 19:24:18,507 - classify.py[line:184] - INFO: Epoch 18, toal_loss 29.9755, aver loss 0.0607, train accuracy 0.5463, train auc 0.0000, test accuracy 0.5340, test auc 0.0000
2021-05-20 19:24:18,833 - classify.py[line:184] - INFO: Epoch 19, toal_loss 29.9389, aver loss 0.0576, train accuracy 0.5479, train auc 0.0000, test accuracy 0.5560, test auc 0.0000
2021-05-20 19:24:19,150 - classify.py[line:184] - INFO: Epoch 20, toal_loss 29.9819, aver loss 0.0549, train accuracy 0.5474, train auc 0.0000, test accuracy 0.5620, test auc 0.0000
2021-05-20 19:24:19,428 - classify.py[line:184] - INFO: Epoch 21, toal_loss 29.6413, aver loss 0.0518, train accuracy 0.5669, train auc 0.0000, test accuracy 0.5980, test auc 0.0000
2021-05-20 19:24:19,743 - classify.py[line:184] - INFO: Epoch 22, toal_loss 29.3421, aver loss 0.0491, train accuracy 0.5616, train auc 0.0000, test accuracy 0.5540, test auc 0.0000
2021-05-20 19:24:19,993 - classify.py[line:184] - INFO: Epoch 23, toal_loss 29.1036, aver loss 0.0466, train accuracy 0.5711, train auc 0.0000, test accuracy 0.5920, test auc 0.0000
2021-05-20 19:24:20,296 - classify.py[line:184] - INFO: Epoch 24, toal_loss 28.6149, aver loss 0.0440, train accuracy 0.5584, train auc 0.0000, test accuracy 0.5980, test auc 0.0000
2021-05-20 19:24:20,634 - classify.py[line:184] - INFO: Epoch 25, toal_loss 28.6251, aver loss 0.0423, train accuracy 0.5667, train auc 0.0000, test accuracy 0.5760, test auc 0.0000
2021-05-20 19:24:20,946 - classify.py[line:184] - INFO: Epoch 26, toal_loss 28.6246, aver loss 0.0408, train accuracy 0.5714, train auc 0.0000, test accuracy 0.5860, test auc 0.0000
2021-05-20 19:24:21,278 - classify.py[line:184] - INFO: Epoch 27, toal_loss 28.2293, aver loss 0.0388, train accuracy 0.5634, train auc 0.0000, test accuracy 0.6040, test auc 0.0000
2021-05-20 19:24:21,593 - classify.py[line:184] - INFO: Epoch 28, toal_loss 28.1118, aver loss 0.0373, train accuracy 0.5736, train auc 0.0000, test accuracy 0.6060, test auc 0.0000
2021-05-20 19:24:21,903 - classify.py[line:184] - INFO: Epoch 29, toal_loss 27.6264, aver loss 0.0354, train accuracy 0.5816, train auc 0.0000, test accuracy 0.5760, test auc 0.0000
2021-05-20 19:24:22,079 - classify.py[line:122] - INFO: {'word_embedding_dimension': 300, 'Epoch1': 13, 'Epoch2': 10, 'dropout': 0.1, 'label_num': 6, 'learning_rate1': 0.0001, 'learning_rate2': 1e-05, 'batch_size': 128, 'cuda': True, 'negSampleNum': 12, 'poSampleNum': 1, 'max_bound': 1.0, 'kernel_sizes': [3, 4, 5], 'hidden_size': 256, 'hidden_layers': 1, 'bidirectional': True}
2021-05-20 19:24:22,081 - classify.py[line:140] - INFO: before training: 0.3360000252723694
2021-05-20 19:24:22,081 - classify.py[line:154] - INFO: ...start training...
2021-05-20 19:24:22,495 - classify.py[line:184] - INFO: Epoch 0, toal_loss 106.5117, aver loss 3.0432, train accuracy 0.3696, train auc 0.0000, test accuracy 0.3620, test auc 0.0000
2021-05-20 19:24:22,905 - classify.py[line:184] - INFO: Epoch 1, toal_loss 87.5127, aver loss 1.2502, train accuracy 0.3585, train auc 0.0000, test accuracy 0.3780, test auc 0.0000
2021-05-20 19:24:23,312 - classify.py[line:184] - INFO: Epoch 2, toal_loss 72.9412, aver loss 0.6947, train accuracy 0.3835, train auc 0.0000, test accuracy 0.3740, test auc 0.0000
2021-05-20 19:24:23,685 - classify.py[line:184] - INFO: Epoch 3, toal_loss 61.6730, aver loss 0.4405, train accuracy 0.3763, train auc 0.0000, test accuracy 0.3320, test auc 0.0000
2021-05-20 19:24:24,078 - classify.py[line:184] - INFO: Epoch 4, toal_loss 54.4361, aver loss 0.3111, train accuracy 0.3763, train auc 0.0000, test accuracy 0.2940, test auc 0.0000
2021-05-20 19:24:24,477 - classify.py[line:184] - INFO: Epoch 5, toal_loss 50.9894, aver loss 0.2428, train accuracy 0.4143, train auc 0.0000, test accuracy 0.3520, test auc 0.0000
2021-05-20 19:24:24,900 - classify.py[line:184] - INFO: Epoch 6, toal_loss 47.4050, aver loss 0.1935, train accuracy 0.4451, train auc 0.0000, test accuracy 0.4160, test auc 0.0000
2021-05-20 19:24:25,303 - classify.py[line:184] - INFO: Epoch 7, toal_loss 46.1405, aver loss 0.1648, train accuracy 0.4772, train auc 0.0000, test accuracy 0.4580, test auc 0.0000
2021-05-20 19:24:25,715 - classify.py[line:184] - INFO: Epoch 8, toal_loss 44.6900, aver loss 0.1419, train accuracy 0.4920, train auc 0.0000, test accuracy 0.4660, test auc 0.0000
2021-05-20 19:24:26,116 - classify.py[line:184] - INFO: Epoch 9, toal_loss 43.8401, aver loss 0.1253, train accuracy 0.4955, train auc 0.0000, test accuracy 0.4480, test auc 0.0000
2021-05-20 19:24:26,535 - classify.py[line:184] - INFO: Epoch 10, toal_loss 43.1739, aver loss 0.1121, train accuracy 0.5183, train auc 0.0000, test accuracy 0.5040, test auc 0.0000
2021-05-20 19:24:26,949 - classify.py[line:184] - INFO: Epoch 11, toal_loss 42.1630, aver loss 0.1004, train accuracy 0.5161, train auc 0.0000, test accuracy 0.4760, test auc 0.0000
2021-05-20 19:24:27,366 - classify.py[line:184] - INFO: Epoch 12, toal_loss 41.7323, aver loss 0.0917, train accuracy 0.5482, train auc 0.0000, test accuracy 0.5020, test auc 0.0000
2021-05-20 19:24:27,779 - classify.py[line:184] - INFO: Epoch 13, toal_loss 40.9952, aver loss 0.0837, train accuracy 0.5500, train auc 0.0000, test accuracy 0.5220, test auc 0.0000
2021-05-20 19:24:28,198 - classify.py[line:184] - INFO: Epoch 14, toal_loss 40.8316, aver loss 0.0778, train accuracy 0.5393, train auc 0.0000, test accuracy 0.5300, test auc 0.0000
2021-05-20 19:24:28,628 - classify.py[line:184] - INFO: Epoch 15, toal_loss 40.1024, aver loss 0.0716, train accuracy 0.5567, train auc 0.0000, test accuracy 0.5220, test auc 0.0000
2021-05-20 19:24:29,042 - classify.py[line:184] - INFO: Epoch 16, toal_loss 40.0978, aver loss 0.0674, train accuracy 0.5469, train auc 0.0000, test accuracy 0.5400, test auc 0.0000
2021-05-20 19:24:29,455 - classify.py[line:184] - INFO: Epoch 17, toal_loss 39.3773, aver loss 0.0625, train accuracy 0.5679, train auc 0.0000, test accuracy 0.5720, test auc 0.0000
2021-05-20 19:24:29,863 - classify.py[line:184] - INFO: Epoch 18, toal_loss 38.8468, aver loss 0.0584, train accuracy 0.5763, train auc 0.0000, test accuracy 0.5780, test auc 0.0000
2021-05-20 19:24:30,276 - classify.py[line:184] - INFO: Epoch 19, toal_loss 39.1190, aver loss 0.0559, train accuracy 0.5875, train auc 0.0000, test accuracy 0.5880, test auc 0.0000
2021-05-20 19:24:30,700 - classify.py[line:184] - INFO: Epoch 20, toal_loss 38.6483, aver loss 0.0526, train accuracy 0.5830, train auc 0.0000, test accuracy 0.6040, test auc 0.0000
2021-05-20 19:24:31,116 - classify.py[line:184] - INFO: Epoch 21, toal_loss 38.2740, aver loss 0.0497, train accuracy 0.5938, train auc 0.0000, test accuracy 0.6320, test auc 0.0000
2021-05-20 19:24:31,536 - classify.py[line:184] - INFO: Epoch 22, toal_loss 38.3147, aver loss 0.0476, train accuracy 0.5982, train auc 0.0000, test accuracy 0.6000, test auc 0.0000
2021-05-20 19:24:31,991 - classify.py[line:184] - INFO: Epoch 23, toal_loss 38.1948, aver loss 0.0455, train accuracy 0.5893, train auc 0.0000, test accuracy 0.6060, test auc 0.0000
2021-05-20 19:24:32,425 - classify.py[line:184] - INFO: Epoch 24, toal_loss 37.5283, aver loss 0.0429, train accuracy 0.5946, train auc 0.0000, test accuracy 0.5940, test auc 0.0000
2021-05-20 19:24:32,838 - classify.py[line:184] - INFO: Epoch 25, toal_loss 37.3515, aver loss 0.0410, train accuracy 0.6013, train auc 0.0000, test accuracy 0.5560, test auc 0.0000
2021-05-20 19:24:33,248 - classify.py[line:184] - INFO: Epoch 26, toal_loss 36.7616, aver loss 0.0389, train accuracy 0.6004, train auc 0.0000, test accuracy 0.6140, test auc 0.0000
2021-05-20 19:24:33,665 - classify.py[line:184] - INFO: Epoch 27, toal_loss 36.4452, aver loss 0.0372, train accuracy 0.6049, train auc 0.0000, test accuracy 0.6100, test auc 0.0000
2021-05-20 19:24:34,079 - classify.py[line:184] - INFO: Epoch 28, toal_loss 37.1817, aver loss 0.0366, train accuracy 0.6054, train auc 0.0000, test accuracy 0.5840, test auc 0.0000
2021-05-20 19:24:34,496 - classify.py[line:184] - INFO: Epoch 29, toal_loss 36.7159, aver loss 0.0350, train accuracy 0.6205, train auc 0.0000, test accuracy 0.6360, test auc 0.0000
2021-05-20 19:24:34,636 - classify.py[line:122] - INFO: {'word_embedding_dimension': 300, 'Epoch1': 13, 'Epoch2': 10, 'dropout': 0.1, 'label_num': 6, 'learning_rate1': 0.0001, 'learning_rate2': 1e-05, 'batch_size': 128, 'cuda': True, 'negSampleNum': 12, 'poSampleNum': 1, 'max_bound': 1.0, 'kernel_sizes': [3, 4, 5], 'hidden_size': 256, 'hidden_layers': 1, 'bidirectional': True}
2021-05-20 19:24:34,639 - classify.py[line:140] - INFO: before training: 0.32200002670288086
2021-05-20 19:24:34,639 - classify.py[line:154] - INFO: ...start training...
2021-05-20 19:24:35,148 - classify.py[line:184] - INFO: Epoch 0, toal_loss 128.3934, aver loss 2.9859, train accuracy 0.3582, train auc 0.0000, test accuracy 0.3600, test auc 0.0000
2021-05-20 19:24:35,667 - classify.py[line:184] - INFO: Epoch 1, toal_loss 100.3275, aver loss 1.1666, train accuracy 0.3661, train auc 0.0000, test accuracy 0.3760, test auc 0.0000
2021-05-20 19:24:36,182 - classify.py[line:184] - INFO: Epoch 2, toal_loss 80.2599, aver loss 0.6222, train accuracy 0.3748, train auc 0.0000, test accuracy 0.3700, test auc 0.0000
2021-05-20 19:24:36,698 - classify.py[line:184] - INFO: Epoch 3, toal_loss 67.7928, aver loss 0.3941, train accuracy 0.3774, train auc 0.0000, test accuracy 0.2840, test auc 0.0000
2021-05-20 19:24:37,216 - classify.py[line:184] - INFO: Epoch 4, toal_loss 62.0174, aver loss 0.2885, train accuracy 0.4185, train auc 0.0000, test accuracy 0.3020, test auc 0.0000
2021-05-20 19:24:37,731 - classify.py[line:184] - INFO: Epoch 5, toal_loss 57.3594, aver loss 0.2223, train accuracy 0.4644, train auc 0.0000, test accuracy 0.4080, test auc 0.0000
2021-05-20 19:24:38,250 - classify.py[line:184] - INFO: Epoch 6, toal_loss 55.1294, aver loss 0.1832, train accuracy 0.4816, train auc 0.0000, test accuracy 0.4620, test auc 0.0000
2021-05-20 19:24:38,774 - classify.py[line:184] - INFO: Epoch 7, toal_loss 53.5952, aver loss 0.1558, train accuracy 0.5107, train auc 0.0000, test accuracy 0.4800, test auc 0.0000
2021-05-20 19:24:39,291 - classify.py[line:184] - INFO: Epoch 8, toal_loss 51.9018, aver loss 0.1341, train accuracy 0.5104, train auc 0.0000, test accuracy 0.4840, test auc 0.0000
2021-05-20 19:24:39,820 - classify.py[line:184] - INFO: Epoch 9, toal_loss 51.2832, aver loss 0.1193, train accuracy 0.5295, train auc 0.0000, test accuracy 0.5000, test auc 0.0000
2021-05-20 19:24:40,336 - classify.py[line:184] - INFO: Epoch 10, toal_loss 49.8365, aver loss 0.1054, train accuracy 0.5430, train auc 0.0000, test accuracy 0.5160, test auc 0.0000
2021-05-20 19:24:40,816 - classify.py[line:184] - INFO: Epoch 11, toal_loss 49.8821, aver loss 0.0967, train accuracy 0.5402, train auc 0.0000, test accuracy 0.5080, test auc 0.0000
2021-05-20 19:24:41,320 - classify.py[line:184] - INFO: Epoch 12, toal_loss 49.4816, aver loss 0.0885, train accuracy 0.5520, train auc 0.0000, test accuracy 0.5140, test auc 0.0000
2021-05-20 19:24:41,837 - classify.py[line:184] - INFO: Epoch 13, toal_loss 48.4308, aver loss 0.0804, train accuracy 0.5600, train auc 0.0000, test accuracy 0.5600, test auc 0.0000
2021-05-20 19:24:42,379 - classify.py[line:184] - INFO: Epoch 14, toal_loss 48.0210, aver loss 0.0745, train accuracy 0.5610, train auc 0.0000, test accuracy 0.5580, test auc 0.0000
2021-05-20 19:24:42,889 - classify.py[line:184] - INFO: Epoch 15, toal_loss 47.8183, aver loss 0.0695, train accuracy 0.5756, train auc 0.0000, test accuracy 0.5900, test auc 0.0000
2021-05-20 19:24:43,401 - classify.py[line:184] - INFO: Epoch 16, toal_loss 47.3599, aver loss 0.0648, train accuracy 0.5879, train auc 0.0000, test accuracy 0.5820, test auc 0.0000
2021-05-20 19:24:43,931 - classify.py[line:184] - INFO: Epoch 17, toal_loss 46.0479, aver loss 0.0595, train accuracy 0.5841, train auc 0.0000, test accuracy 0.5800, test auc 0.0000
2021-05-20 19:24:44,447 - classify.py[line:184] - INFO: Epoch 18, toal_loss 45.6607, aver loss 0.0559, train accuracy 0.5894, train auc 0.0000, test accuracy 0.5840, test auc 0.0000
2021-05-20 19:24:44,942 - classify.py[line:184] - INFO: Epoch 19, toal_loss 45.6607, aver loss 0.0531, train accuracy 0.5980, train auc 0.0000, test accuracy 0.5840, test auc 0.0000
2021-05-20 19:24:45,459 - classify.py[line:184] - INFO: Epoch 20, toal_loss 45.3822, aver loss 0.0503, train accuracy 0.5964, train auc 0.0000, test accuracy 0.5780, test auc 0.0000
2021-05-20 19:24:46,000 - classify.py[line:184] - INFO: Epoch 21, toal_loss 44.8844, aver loss 0.0474, train accuracy 0.6065, train auc 0.0000, test accuracy 0.6080, test auc 0.0000
2021-05-20 19:24:46,540 - classify.py[line:184] - INFO: Epoch 22, toal_loss 44.5534, aver loss 0.0450, train accuracy 0.6092, train auc 0.0000, test accuracy 0.6020, test auc 0.0000
2021-05-20 19:24:47,094 - classify.py[line:184] - INFO: Epoch 23, toal_loss 44.3907, aver loss 0.0430, train accuracy 0.6186, train auc 0.0000, test accuracy 0.6240, test auc 0.0000
2021-05-20 19:24:47,634 - classify.py[line:184] - INFO: Epoch 24, toal_loss 43.6821, aver loss 0.0406, train accuracy 0.6179, train auc 0.0000, test accuracy 0.6280, test auc 0.0000
2021-05-20 19:24:48,184 - classify.py[line:184] - INFO: Epoch 25, toal_loss 43.7146, aver loss 0.0391, train accuracy 0.6202, train auc 0.0000, test accuracy 0.6200, test auc 0.0000
2021-05-20 19:24:48,710 - classify.py[line:184] - INFO: Epoch 26, toal_loss 43.5724, aver loss 0.0375, train accuracy 0.6273, train auc 0.0000, test accuracy 0.6260, test auc 0.0000
2021-05-20 19:24:49,240 - classify.py[line:184] - INFO: Epoch 27, toal_loss 42.7618, aver loss 0.0355, train accuracy 0.6243, train auc 0.0000, test accuracy 0.6160, test auc 0.0000
2021-05-20 19:24:49,712 - classify.py[line:184] - INFO: Epoch 28, toal_loss 42.6398, aver loss 0.0342, train accuracy 0.6259, train auc 0.0000, test accuracy 0.6400, test auc 0.0000
2021-05-20 19:24:50,247 - classify.py[line:184] - INFO: Epoch 29, toal_loss 42.3254, aver loss 0.0328, train accuracy 0.6307, train auc 0.0000, test accuracy 0.6280, test auc 0.0000
2021-05-20 19:24:50,415 - classify.py[line:122] - INFO: {'word_embedding_dimension': 300, 'Epoch1': 13, 'Epoch2': 10, 'dropout': 0.1, 'label_num': 6, 'learning_rate1': 0.0001, 'learning_rate2': 1e-05, 'batch_size': 128, 'cuda': True, 'negSampleNum': 12, 'poSampleNum': 1, 'max_bound': 1.0, 'kernel_sizes': [3, 4, 5], 'hidden_size': 256, 'hidden_layers': 1, 'bidirectional': True}
2021-05-20 19:24:50,418 - classify.py[line:140] - INFO: before training: 0.3460000157356262
2021-05-20 19:24:50,418 - classify.py[line:154] - INFO: ...start training...
2021-05-20 19:24:51,035 - classify.py[line:184] - INFO: Epoch 0, toal_loss 149.2566, aver loss 2.8703, train accuracy 0.3698, train auc 0.0000, test accuracy 0.3560, test auc 0.0000
2021-05-20 19:24:51,653 - classify.py[line:184] - INFO: Epoch 1, toal_loss 113.0757, aver loss 1.0873, train accuracy 0.3773, train auc 0.0000, test accuracy 0.3560, test auc 0.0000
2021-05-20 19:24:52,274 - classify.py[line:184] - INFO: Epoch 2, toal_loss 87.4268, aver loss 0.5604, train accuracy 0.3760, train auc 0.0000, test accuracy 0.3060, test auc 0.0000
2021-05-20 19:24:52,916 - classify.py[line:184] - INFO: Epoch 3, toal_loss 76.3647, aver loss 0.3671, train accuracy 0.3950, train auc 0.0000, test accuracy 0.3300, test auc 0.0000
2021-05-20 19:24:53,544 - classify.py[line:184] - INFO: Epoch 4, toal_loss 69.6868, aver loss 0.2680, train accuracy 0.4549, train auc 0.0000, test accuracy 0.4260, test auc 0.0000
2021-05-20 19:24:54,191 - classify.py[line:184] - INFO: Epoch 5, toal_loss 65.8809, aver loss 0.2112, train accuracy 0.4894, train auc 0.0000, test accuracy 0.4660, test auc 0.0000
2021-05-20 19:24:54,816 - classify.py[line:184] - INFO: Epoch 6, toal_loss 63.9848, aver loss 0.1758, train accuracy 0.5108, train auc 0.0000, test accuracy 0.5040, test auc 0.0000
2021-05-20 19:24:55,450 - classify.py[line:184] - INFO: Epoch 7, toal_loss 62.7781, aver loss 0.1509, train accuracy 0.5291, train auc 0.0000, test accuracy 0.5360, test auc 0.0000
2021-05-20 19:24:56,071 - classify.py[line:184] - INFO: Epoch 8, toal_loss 61.5905, aver loss 0.1316, train accuracy 0.5396, train auc 0.0000, test accuracy 0.5620, test auc 0.0000
2021-05-20 19:24:56,785 - classify.py[line:184] - INFO: Epoch 9, toal_loss 61.0197, aver loss 0.1173, train accuracy 0.5441, train auc 0.0000, test accuracy 0.5660, test auc 0.0000
2021-05-20 19:24:57,372 - classify.py[line:184] - INFO: Epoch 10, toal_loss 59.4813, aver loss 0.1040, train accuracy 0.5579, train auc 0.0000, test accuracy 0.5780, test auc 0.0000
2021-05-20 19:24:57,996 - classify.py[line:184] - INFO: Epoch 11, toal_loss 58.1714, aver loss 0.0932, train accuracy 0.5633, train auc 0.0000, test accuracy 0.5940, test auc 0.0000
2021-05-20 19:24:58,619 - classify.py[line:184] - INFO: Epoch 12, toal_loss 57.9358, aver loss 0.0857, train accuracy 0.5778, train auc 0.0000, test accuracy 0.6060, test auc 0.0000
2021-05-20 19:24:59,243 - classify.py[line:184] - INFO: Epoch 13, toal_loss 57.4102, aver loss 0.0789, train accuracy 0.5745, train auc 0.0000, test accuracy 0.6040, test auc 0.0000
2021-05-20 19:24:59,891 - classify.py[line:184] - INFO: Epoch 14, toal_loss 56.4542, aver loss 0.0724, train accuracy 0.5988, train auc 0.0000, test accuracy 0.6380, test auc 0.0000
2021-05-20 19:25:00,514 - classify.py[line:184] - INFO: Epoch 15, toal_loss 56.0739, aver loss 0.0674, train accuracy 0.5988, train auc 0.0000, test accuracy 0.5980, test auc 0.0000
2021-05-20 19:25:01,140 - classify.py[line:184] - INFO: Epoch 16, toal_loss 54.6965, aver loss 0.0619, train accuracy 0.6060, train auc 0.0000, test accuracy 0.6320, test auc 0.0000
2021-05-20 19:25:01,695 - classify.py[line:184] - INFO: Epoch 17, toal_loss 54.9311, aver loss 0.0587, train accuracy 0.5979, train auc 0.0000, test accuracy 0.6540, test auc 0.0000
2021-05-20 19:25:02,267 - classify.py[line:184] - INFO: Epoch 18, toal_loss 53.9762, aver loss 0.0546, train accuracy 0.6123, train auc 0.0000, test accuracy 0.6440, test auc 0.0000
2021-05-20 19:25:02,885 - classify.py[line:184] - INFO: Epoch 19, toal_loss 53.4076, aver loss 0.0514, train accuracy 0.6160, train auc 0.0000, test accuracy 0.6360, test auc 0.0000
2021-05-20 19:25:03,513 - classify.py[line:184] - INFO: Epoch 20, toal_loss 53.5968, aver loss 0.0491, train accuracy 0.6250, train auc 0.0000, test accuracy 0.6440, test auc 0.0000
2021-05-20 19:25:04,128 - classify.py[line:184] - INFO: Epoch 21, toal_loss 52.0186, aver loss 0.0455, train accuracy 0.6156, train auc 0.0000, test accuracy 0.6420, test auc 0.0000
2021-05-20 19:25:04,757 - classify.py[line:184] - INFO: Epoch 22, toal_loss 52.0383, aver loss 0.0435, train accuracy 0.6232, train auc 0.0000, test accuracy 0.6360, test auc 0.0000
2021-05-20 19:25:05,376 - classify.py[line:184] - INFO: Epoch 23, toal_loss 51.6762, aver loss 0.0414, train accuracy 0.6262, train auc 0.0000, test accuracy 0.6260, test auc 0.0000
2021-05-20 19:25:05,998 - classify.py[line:184] - INFO: Epoch 24, toal_loss 51.3092, aver loss 0.0395, train accuracy 0.6369, train auc 0.0000, test accuracy 0.6640, test auc 0.0000
2021-05-20 19:25:06,620 - classify.py[line:184] - INFO: Epoch 25, toal_loss 51.3686, aver loss 0.0380, train accuracy 0.6333, train auc 0.0000, test accuracy 0.6820, test auc 0.0000
2021-05-20 19:25:07,234 - classify.py[line:184] - INFO: Epoch 26, toal_loss 50.0761, aver loss 0.0357, train accuracy 0.6370, train auc 0.0000, test accuracy 0.6620, test auc 0.0000
2021-05-20 19:25:07,862 - classify.py[line:184] - INFO: Epoch 27, toal_loss 50.4537, aver loss 0.0347, train accuracy 0.6451, train auc 0.0000, test accuracy 0.6680, test auc 0.0000
2021-05-20 19:25:08,482 - classify.py[line:184] - INFO: Epoch 28, toal_loss 49.8178, aver loss 0.0330, train accuracy 0.6469, train auc 0.0000, test accuracy 0.6420, test auc 0.0000
2021-05-20 19:25:09,108 - classify.py[line:184] - INFO: Epoch 29, toal_loss 49.3691, aver loss 0.0316, train accuracy 0.6490, train auc 0.0000, test accuracy 0.6640, test auc 0.0000
2021-05-20 19:25:09,245 - classify.py[line:122] - INFO: {'word_embedding_dimension': 300, 'Epoch1': 13, 'Epoch2': 10, 'dropout': 0.1, 'label_num': 6, 'learning_rate1': 0.0001, 'learning_rate2': 1e-05, 'batch_size': 128, 'cuda': True, 'negSampleNum': 12, 'poSampleNum': 1, 'max_bound': 1.0, 'kernel_sizes': [3, 4, 5], 'hidden_size': 256, 'hidden_layers': 1, 'bidirectional': True}
2021-05-20 19:25:09,247 - classify.py[line:140] - INFO: before training: 0.3360000252723694
2021-05-20 19:25:09,247 - classify.py[line:154] - INFO: ...start training...
2021-05-20 19:25:09,973 - classify.py[line:184] - INFO: Epoch 0, toal_loss 171.4919, aver loss 2.8582, train accuracy 0.3555, train auc 0.0000, test accuracy 0.3460, test auc 0.0000
2021-05-20 19:25:10,695 - classify.py[line:184] - INFO: Epoch 1, toal_loss 122.2816, aver loss 1.0190, train accuracy 0.3616, train auc 0.0000, test accuracy 0.3620, test auc 0.0000
2021-05-20 19:25:11,412 - classify.py[line:184] - INFO: Epoch 2, toal_loss 94.2756, aver loss 0.5238, train accuracy 0.3671, train auc 0.0000, test accuracy 0.3240, test auc 0.0000
2021-05-20 19:25:12,135 - classify.py[line:184] - INFO: Epoch 3, toal_loss 82.2580, aver loss 0.3427, train accuracy 0.4266, train auc 0.0000, test accuracy 0.3280, test auc 0.0000
2021-05-20 19:25:12,868 - classify.py[line:184] - INFO: Epoch 4, toal_loss 76.9254, aver loss 0.2564, train accuracy 0.4646, train auc 0.0000, test accuracy 0.4540, test auc 0.0000
2021-05-20 19:25:13,602 - classify.py[line:184] - INFO: Epoch 5, toal_loss 74.8359, aver loss 0.2079, train accuracy 0.5019, train auc 0.0000, test accuracy 0.5380, test auc 0.0000
2021-05-20 19:25:14,319 - classify.py[line:184] - INFO: Epoch 6, toal_loss 72.3227, aver loss 0.1722, train accuracy 0.5247, train auc 0.0000, test accuracy 0.5560, test auc 0.0000
2021-05-20 19:25:14,979 - classify.py[line:184] - INFO: Epoch 7, toal_loss 71.4064, aver loss 0.1488, train accuracy 0.5318, train auc 0.0000, test accuracy 0.5720, test auc 0.0000
2021-05-20 19:25:15,661 - classify.py[line:184] - INFO: Epoch 8, toal_loss 69.7808, aver loss 0.1292, train accuracy 0.5565, train auc 0.0000, test accuracy 0.5720, test auc 0.0000
2021-05-20 19:25:16,373 - classify.py[line:184] - INFO: Epoch 9, toal_loss 68.5821, aver loss 0.1143, train accuracy 0.5632, train auc 0.0000, test accuracy 0.6000, test auc 0.0000
2021-05-20 19:25:17,103 - classify.py[line:184] - INFO: Epoch 10, toal_loss 66.9942, aver loss 0.1015, train accuracy 0.5752, train auc 0.0000, test accuracy 0.5940, test auc 0.0000
2021-05-20 19:25:17,809 - classify.py[line:184] - INFO: Epoch 11, toal_loss 66.6446, aver loss 0.0926, train accuracy 0.5817, train auc 0.0000, test accuracy 0.6040, test auc 0.0000
2021-05-20 19:25:18,530 - classify.py[line:184] - INFO: Epoch 12, toal_loss 65.6100, aver loss 0.0841, train accuracy 0.5885, train auc 0.0000, test accuracy 0.6360, test auc 0.0000
2021-05-20 19:25:19,245 - classify.py[line:184] - INFO: Epoch 13, toal_loss 65.1144, aver loss 0.0775, train accuracy 0.5907, train auc 0.0000, test accuracy 0.6340, test auc 0.0000
2021-05-20 19:25:19,931 - classify.py[line:184] - INFO: Epoch 14, toal_loss 64.6588, aver loss 0.0718, train accuracy 0.5901, train auc 0.0000, test accuracy 0.6260, test auc 0.0000
2021-05-20 19:25:20,654 - classify.py[line:184] - INFO: Epoch 15, toal_loss 63.8363, aver loss 0.0665, train accuracy 0.5960, train auc 0.0000, test accuracy 0.5940, test auc 0.0000
2021-05-20 19:25:21,389 - classify.py[line:184] - INFO: Epoch 16, toal_loss 62.7109, aver loss 0.0615, train accuracy 0.6146, train auc 0.0000, test accuracy 0.6400, test auc 0.0000
2021-05-20 19:25:22,110 - classify.py[line:184] - INFO: Epoch 17, toal_loss 62.0031, aver loss 0.0574, train accuracy 0.6098, train auc 0.0000, test accuracy 0.6420, test auc 0.0000
2021-05-20 19:25:22,853 - classify.py[line:184] - INFO: Epoch 18, toal_loss 61.4163, aver loss 0.0539, train accuracy 0.6203, train auc 0.0000, test accuracy 0.6360, test auc 0.0000
2021-05-20 19:25:23,581 - classify.py[line:184] - INFO: Epoch 19, toal_loss 61.0488, aver loss 0.0509, train accuracy 0.6196, train auc 0.0000, test accuracy 0.6400, test auc 0.0000
2021-05-20 19:25:24,303 - classify.py[line:184] - INFO: Epoch 20, toal_loss 60.2980, aver loss 0.0479, train accuracy 0.6259, train auc 0.0000, test accuracy 0.6300, test auc 0.0000
2021-05-20 19:25:25,070 - classify.py[line:184] - INFO: Epoch 21, toal_loss 59.8388, aver loss 0.0453, train accuracy 0.6247, train auc 0.0000, test accuracy 0.6500, test auc 0.0000
2021-05-20 19:25:25,792 - classify.py[line:184] - INFO: Epoch 22, toal_loss 58.9763, aver loss 0.0427, train accuracy 0.6356, train auc 0.0000, test accuracy 0.6580, test auc 0.0000
2021-05-20 19:25:26,513 - classify.py[line:184] - INFO: Epoch 23, toal_loss 58.6601, aver loss 0.0407, train accuracy 0.6394, train auc 0.0000, test accuracy 0.6640, test auc 0.0000
2021-05-20 19:25:27,256 - classify.py[line:184] - INFO: Epoch 24, toal_loss 58.5827, aver loss 0.0391, train accuracy 0.6268, train auc 0.0000, test accuracy 0.6580, test auc 0.0000
2021-05-20 19:25:27,994 - classify.py[line:184] - INFO: Epoch 25, toal_loss 57.7833, aver loss 0.0370, train accuracy 0.6330, train auc 0.0000, test accuracy 0.6480, test auc 0.0000
2021-05-20 19:25:28,756 - classify.py[line:184] - INFO: Epoch 26, toal_loss 58.1518, aver loss 0.0359, train accuracy 0.6506, train auc 0.0000, test accuracy 0.6840, test auc 0.0000
2021-05-20 19:25:29,490 - classify.py[line:184] - INFO: Epoch 27, toal_loss 57.6914, aver loss 0.0343, train accuracy 0.6370, train auc 0.0000, test accuracy 0.6840, test auc 0.0000
2021-05-20 19:25:30,225 - classify.py[line:184] - INFO: Epoch 28, toal_loss 56.8733, aver loss 0.0327, train accuracy 0.6476, train auc 0.0000, test accuracy 0.6820, test auc 0.0000
2021-05-20 19:25:30,976 - classify.py[line:184] - INFO: Epoch 29, toal_loss 56.5598, aver loss 0.0314, train accuracy 0.6468, train auc 0.0000, test accuracy 0.6520, test auc 0.0000
2021-05-20 19:25:31,141 - classify.py[line:122] - INFO: {'word_embedding_dimension': 300, 'Epoch1': 13, 'Epoch2': 10, 'dropout': 0.1, 'label_num': 6, 'learning_rate1': 0.0001, 'learning_rate2': 1e-05, 'batch_size': 128, 'cuda': True, 'negSampleNum': 12, 'poSampleNum': 1, 'max_bound': 1.0, 'kernel_sizes': [3, 4, 5], 'hidden_size': 256, 'hidden_layers': 1, 'bidirectional': True}
2021-05-20 19:25:31,143 - classify.py[line:140] - INFO: before training: 0.3400000035762787
2021-05-20 19:25:31,143 - classify.py[line:154] - INFO: ...start training...
2021-05-20 19:25:31,966 - classify.py[line:184] - INFO: Epoch 0, toal_loss 191.9790, aver loss 2.7823, train accuracy 0.3645, train auc 0.0000, test accuracy 0.3620, test auc 0.0000
2021-05-20 19:25:32,799 - classify.py[line:184] - INFO: Epoch 1, toal_loss 131.3544, aver loss 0.9518, train accuracy 0.3738, train auc 0.0000, test accuracy 0.2880, test auc 0.0000
2021-05-20 19:25:33,495 - classify.py[line:184] - INFO: Epoch 2, toal_loss 101.9684, aver loss 0.4926, train accuracy 0.3910, train auc 0.0000, test accuracy 0.3220, test auc 0.0000
2021-05-20 19:25:34,271 - classify.py[line:184] - INFO: Epoch 3, toal_loss 90.0477, aver loss 0.3263, train accuracy 0.4528, train auc 0.0000, test accuracy 0.4360, test auc 0.0000
2021-05-20 19:25:35,113 - classify.py[line:184] - INFO: Epoch 4, toal_loss 86.5462, aver loss 0.2509, train accuracy 0.4976, train auc 0.0000, test accuracy 0.5000, test auc 0.0000
2021-05-20 19:25:36,133 - classify.py[line:184] - INFO: Epoch 5, toal_loss 83.7393, aver loss 0.2023, train accuracy 0.5216, train auc 0.0000, test accuracy 0.5120, test auc 0.0000
2021-05-20 19:25:36,928 - classify.py[line:184] - INFO: Epoch 6, toal_loss 81.7460, aver loss 0.1692, train accuracy 0.5352, train auc 0.0000, test accuracy 0.5440, test auc 0.0000
2021-05-20 19:25:37,748 - classify.py[line:184] - INFO: Epoch 7, toal_loss 79.5330, aver loss 0.1441, train accuracy 0.5504, train auc 0.0000, test accuracy 0.6040, test auc 0.0000
2021-05-20 19:25:38,593 - classify.py[line:184] - INFO: Epoch 8, toal_loss 78.3162, aver loss 0.1261, train accuracy 0.5618, train auc 0.0000, test accuracy 0.5740, test auc 0.0000
2021-05-20 19:25:39,480 - classify.py[line:184] - INFO: Epoch 9, toal_loss 76.9642, aver loss 0.1115, train accuracy 0.5723, train auc 0.0000, test accuracy 0.6040, test auc 0.0000
2021-05-20 19:25:40,327 - classify.py[line:184] - INFO: Epoch 10, toal_loss 75.8765, aver loss 0.1000, train accuracy 0.5774, train auc 0.0000, test accuracy 0.6220, test auc 0.0000
2021-05-20 19:25:41,122 - classify.py[line:184] - INFO: Epoch 11, toal_loss 75.2360, aver loss 0.0909, train accuracy 0.5887, train auc 0.0000, test accuracy 0.6320, test auc 0.0000
2021-05-20 19:25:41,949 - classify.py[line:184] - INFO: Epoch 12, toal_loss 73.4889, aver loss 0.0819, train accuracy 0.5987, train auc 0.0000, test accuracy 0.6020, test auc 0.0000
2021-05-20 19:25:42,826 - classify.py[line:184] - INFO: Epoch 13, toal_loss 71.9606, aver loss 0.0745, train accuracy 0.5943, train auc 0.0000, test accuracy 0.6280, test auc 0.0000
2021-05-20 19:25:43,653 - classify.py[line:184] - INFO: Epoch 14, toal_loss 71.4857, aver loss 0.0691, train accuracy 0.6028, train auc 0.0000, test accuracy 0.6800, test auc 0.0000
2021-05-20 19:25:44,486 - classify.py[line:184] - INFO: Epoch 15, toal_loss 70.5682, aver loss 0.0639, train accuracy 0.6124, train auc 0.0000, test accuracy 0.6460, test auc 0.0000
2021-05-20 19:25:45,301 - classify.py[line:184] - INFO: Epoch 16, toal_loss 70.6946, aver loss 0.0603, train accuracy 0.6136, train auc 0.0000, test accuracy 0.6440, test auc 0.0000
2021-05-20 19:25:46,140 - classify.py[line:184] - INFO: Epoch 17, toal_loss 69.7210, aver loss 0.0561, train accuracy 0.6149, train auc 0.0000, test accuracy 0.6580, test auc 0.0000
2021-05-20 19:25:46,966 - classify.py[line:184] - INFO: Epoch 18, toal_loss 68.9492, aver loss 0.0526, train accuracy 0.6206, train auc 0.0000, test accuracy 0.6500, test auc 0.0000
2021-05-20 19:25:47,797 - classify.py[line:184] - INFO: Epoch 19, toal_loss 67.9315, aver loss 0.0492, train accuracy 0.6338, train auc 0.0000, test accuracy 0.6580, test auc 0.0000
2021-05-20 19:25:48,626 - classify.py[line:184] - INFO: Epoch 20, toal_loss 67.3658, aver loss 0.0465, train accuracy 0.6315, train auc 0.0000, test accuracy 0.6600, test auc 0.0000
2021-05-20 19:25:49,474 - classify.py[line:184] - INFO: Epoch 21, toal_loss 66.4488, aver loss 0.0438, train accuracy 0.6335, train auc 0.0000, test accuracy 0.6740, test auc 0.0000
2021-05-20 19:25:50,367 - classify.py[line:184] - INFO: Epoch 22, toal_loss 67.0333, aver loss 0.0422, train accuracy 0.6349, train auc 0.0000, test accuracy 0.6860, test auc 0.0000
2021-05-20 19:25:51,219 - classify.py[line:184] - INFO: Epoch 23, toal_loss 65.8275, aver loss 0.0398, train accuracy 0.6365, train auc 0.0000, test accuracy 0.6800, test auc 0.0000
2021-05-20 19:25:52,034 - classify.py[line:184] - INFO: Epoch 24, toal_loss 65.7774, aver loss 0.0381, train accuracy 0.6388, train auc 0.0000, test accuracy 0.6660, test auc 0.0000
2021-05-20 19:25:52,897 - classify.py[line:184] - INFO: Epoch 25, toal_loss 64.8947, aver loss 0.0362, train accuracy 0.6451, train auc 0.0000, test accuracy 0.6680, test auc 0.0000
2021-05-20 19:25:53,738 - classify.py[line:184] - INFO: Epoch 26, toal_loss 64.6021, aver loss 0.0347, train accuracy 0.6467, train auc 0.0000, test accuracy 0.6640, test auc 0.0000
2021-05-20 19:25:54,575 - classify.py[line:184] - INFO: Epoch 27, toal_loss 63.7917, aver loss 0.0330, train accuracy 0.6408, train auc 0.0000, test accuracy 0.6640, test auc 0.0000
2021-05-20 19:25:55,403 - classify.py[line:184] - INFO: Epoch 28, toal_loss 63.2820, aver loss 0.0316, train accuracy 0.6537, train auc 0.0000, test accuracy 0.6580, test auc 0.0000
2021-05-20 19:25:56,258 - classify.py[line:184] - INFO: Epoch 29, toal_loss 62.8046, aver loss 0.0303, train accuracy 0.6578, train auc 0.0000, test accuracy 0.6660, test auc 0.0000
2021-05-20 19:25:56,426 - classify.py[line:122] - INFO: {'word_embedding_dimension': 300, 'Epoch1': 13, 'Epoch2': 10, 'dropout': 0.1, 'label_num': 6, 'learning_rate1': 0.0001, 'learning_rate2': 1e-05, 'batch_size': 128, 'cuda': True, 'negSampleNum': 12, 'poSampleNum': 1, 'max_bound': 1.0, 'kernel_sizes': [3, 4, 5], 'hidden_size': 256, 'hidden_layers': 1, 'bidirectional': True}
2021-05-20 19:25:56,428 - classify.py[line:140] - INFO: before training: 0.3440000116825104
2021-05-20 19:25:56,429 - classify.py[line:154] - INFO: ...start training...
2021-05-20 19:25:57,352 - classify.py[line:184] - INFO: Epoch 0, toal_loss 211.0476, aver loss 2.7409, train accuracy 0.3555, train auc 0.0000, test accuracy 0.3900, test auc 0.0000
2021-05-20 19:25:58,303 - classify.py[line:184] - INFO: Epoch 1, toal_loss 140.5900, aver loss 0.9129, train accuracy 0.3668, train auc 0.0000, test accuracy 0.3000, test auc 0.0000
2021-05-20 19:25:59,232 - classify.py[line:184] - INFO: Epoch 2, toal_loss 110.4262, aver loss 0.4780, train accuracy 0.4094, train auc 0.0000, test accuracy 0.3780, test auc 0.0000
2021-05-20 19:26:00,160 - classify.py[line:184] - INFO: Epoch 3, toal_loss 100.4459, aver loss 0.3261, train accuracy 0.4767, train auc 0.0000, test accuracy 0.4840, test auc 0.0000
2021-05-20 19:26:01,096 - classify.py[line:184] - INFO: Epoch 4, toal_loss 95.9117, aver loss 0.2491, train accuracy 0.5037, train auc 0.0000, test accuracy 0.5280, test auc 0.0000
2021-05-20 19:26:02,069 - classify.py[line:184] - INFO: Epoch 5, toal_loss 92.2769, aver loss 0.1997, train accuracy 0.5195, train auc 0.0000, test accuracy 0.5460, test auc 0.0000
2021-05-20 19:26:03,018 - classify.py[line:184] - INFO: Epoch 6, toal_loss 90.9201, aver loss 0.1687, train accuracy 0.5477, train auc 0.0000, test accuracy 0.5700, test auc 0.0000
2021-05-20 19:26:03,925 - classify.py[line:184] - INFO: Epoch 7, toal_loss 89.6684, aver loss 0.1456, train accuracy 0.5568, train auc 0.0000, test accuracy 0.5940, test auc 0.0000
2021-05-20 19:26:04,855 - classify.py[line:184] - INFO: Epoch 8, toal_loss 86.4963, aver loss 0.1248, train accuracy 0.5681, train auc 0.0000, test accuracy 0.6100, test auc 0.0000
2021-05-20 19:26:05,812 - classify.py[line:184] - INFO: Epoch 9, toal_loss 86.0543, aver loss 0.1118, train accuracy 0.5780, train auc 0.0000, test accuracy 0.6240, test auc 0.0000
2021-05-20 19:26:06,739 - classify.py[line:184] - INFO: Epoch 10, toal_loss 83.8617, aver loss 0.0990, train accuracy 0.5949, train auc 0.0000, test accuracy 0.6260, test auc 0.0000
2021-05-20 19:26:07,650 - classify.py[line:184] - INFO: Epoch 11, toal_loss 82.9652, aver loss 0.0898, train accuracy 0.5977, train auc 0.0000, test accuracy 0.6260, test auc 0.0000
2021-05-20 19:26:08,608 - classify.py[line:184] - INFO: Epoch 12, toal_loss 82.3349, aver loss 0.0823, train accuracy 0.6046, train auc 0.0000, test accuracy 0.6540, test auc 0.0000
2021-05-20 19:26:09,519 - classify.py[line:184] - INFO: Epoch 13, toal_loss 81.3200, aver loss 0.0754, train accuracy 0.6008, train auc 0.0000, test accuracy 0.6580, test auc 0.0000
2021-05-20 19:26:10,464 - classify.py[line:184] - INFO: Epoch 14, toal_loss 79.7256, aver loss 0.0690, train accuracy 0.6046, train auc 0.0000, test accuracy 0.6420, test auc 0.0000
2021-05-20 19:26:11,392 - classify.py[line:184] - INFO: Epoch 15, toal_loss 78.8600, aver loss 0.0640, train accuracy 0.6072, train auc 0.0000, test accuracy 0.6580, test auc 0.0000
2021-05-20 19:26:12,329 - classify.py[line:184] - INFO: Epoch 16, toal_loss 78.3687, aver loss 0.0599, train accuracy 0.6110, train auc 0.0000, test accuracy 0.6540, test auc 0.0000
2021-05-20 19:26:13,253 - classify.py[line:184] - INFO: Epoch 17, toal_loss 78.1262, aver loss 0.0564, train accuracy 0.6250, train auc 0.0000, test accuracy 0.6560, test auc 0.0000
2021-05-20 19:26:14,189 - classify.py[line:184] - INFO: Epoch 18, toal_loss 77.6267, aver loss 0.0531, train accuracy 0.6190, train auc 0.0000, test accuracy 0.6680, test auc 0.0000
2021-05-20 19:26:15,124 - classify.py[line:184] - INFO: Epoch 19, toal_loss 76.5414, aver loss 0.0497, train accuracy 0.6258, train auc 0.0000, test accuracy 0.6520, test auc 0.0000
2021-05-20 19:26:16,009 - classify.py[line:184] - INFO: Epoch 20, toal_loss 75.9958, aver loss 0.0470, train accuracy 0.6270, train auc 0.0000, test accuracy 0.6780, test auc 0.0000
2021-05-20 19:26:16,959 - classify.py[line:184] - INFO: Epoch 21, toal_loss 75.4514, aver loss 0.0445, train accuracy 0.6275, train auc 0.0000, test accuracy 0.6800, test auc 0.0000
2021-05-20 19:26:17,883 - classify.py[line:184] - INFO: Epoch 22, toal_loss 74.2934, aver loss 0.0419, train accuracy 0.6411, train auc 0.0000, test accuracy 0.6940, test auc 0.0000
2021-05-20 19:26:18,865 - classify.py[line:184] - INFO: Epoch 23, toal_loss 73.5869, aver loss 0.0398, train accuracy 0.6433, train auc 0.0000, test accuracy 0.6700, test auc 0.0000
2021-05-20 19:26:19,808 - classify.py[line:184] - INFO: Epoch 24, toal_loss 72.7182, aver loss 0.0378, train accuracy 0.6368, train auc 0.0000, test accuracy 0.6700, test auc 0.0000
2021-05-20 19:26:20,754 - classify.py[line:184] - INFO: Epoch 25, toal_loss 72.7167, aver loss 0.0363, train accuracy 0.6435, train auc 0.0000, test accuracy 0.6660, test auc 0.0000
2021-05-20 19:26:21,699 - classify.py[line:184] - INFO: Epoch 26, toal_loss 71.6580, aver loss 0.0345, train accuracy 0.6376, train auc 0.0000, test accuracy 0.6720, test auc 0.0000
2021-05-20 19:26:22,638 - classify.py[line:184] - INFO: Epoch 27, toal_loss 71.1326, aver loss 0.0330, train accuracy 0.6439, train auc 0.0000, test accuracy 0.6860, test auc 0.0000
2021-05-20 19:26:23,549 - classify.py[line:184] - INFO: Epoch 28, toal_loss 69.7853, aver loss 0.0313, train accuracy 0.6439, train auc 0.0000, test accuracy 0.6980, test auc 0.0000
2021-05-20 19:26:24,527 - classify.py[line:184] - INFO: Epoch 29, toal_loss 70.5713, aver loss 0.0306, train accuracy 0.6537, train auc 0.0000, test accuracy 0.6600, test auc 0.0000
2021-05-20 19:26:24,665 - classify.py[line:122] - INFO: {'word_embedding_dimension': 300, 'Epoch1': 13, 'Epoch2': 10, 'dropout': 0.1, 'label_num': 6, 'learning_rate1': 0.0001, 'learning_rate2': 1e-05, 'batch_size': 128, 'cuda': True, 'negSampleNum': 12, 'poSampleNum': 1, 'max_bound': 1.0, 'kernel_sizes': [3, 4, 5], 'hidden_size': 256, 'hidden_layers': 1, 'bidirectional': True}
2021-05-20 19:26:24,667 - classify.py[line:140] - INFO: before training: 0.3360000252723694
2021-05-20 19:26:24,667 - classify.py[line:154] - INFO: ...start training...
2021-05-20 19:26:25,716 - classify.py[line:184] - INFO: Epoch 0, toal_loss 228.9630, aver loss 2.6624, train accuracy 0.3600, train auc 0.0000, test accuracy 0.3900, test auc 0.0000
2021-05-20 19:26:26,761 - classify.py[line:184] - INFO: Epoch 1, toal_loss 147.6454, aver loss 0.8584, train accuracy 0.3723, train auc 0.0000, test accuracy 0.3160, test auc 0.0000
2021-05-20 19:26:27,733 - classify.py[line:184] - INFO: Epoch 2, toal_loss 117.2191, aver loss 0.4543, train accuracy 0.4425, train auc 0.0000, test accuracy 0.4360, test auc 0.0000
2021-05-20 19:26:28,811 - classify.py[line:184] - INFO: Epoch 3, toal_loss 108.6561, aver loss 0.3159, train accuracy 0.4893, train auc 0.0000, test accuracy 0.4920, test auc 0.0000
2021-05-20 19:26:29,871 - classify.py[line:184] - INFO: Epoch 4, toal_loss 105.1984, aver loss 0.2446, train accuracy 0.5171, train auc 0.0000, test accuracy 0.5500, test auc 0.0000
2021-05-20 19:26:30,937 - classify.py[line:184] - INFO: Epoch 5, toal_loss 102.2722, aver loss 0.1982, train accuracy 0.5420, train auc 0.0000, test accuracy 0.5820, test auc 0.0000
2021-05-20 19:26:31,990 - classify.py[line:184] - INFO: Epoch 6, toal_loss 100.0217, aver loss 0.1661, train accuracy 0.5614, train auc 0.0000, test accuracy 0.5920, test auc 0.0000
2021-05-20 19:26:33,046 - classify.py[line:184] - INFO: Epoch 7, toal_loss 96.7538, aver loss 0.1406, train accuracy 0.5664, train auc 0.0000, test accuracy 0.6080, test auc 0.0000
2021-05-20 19:26:34,104 - classify.py[line:184] - INFO: Epoch 8, toal_loss 95.4354, aver loss 0.1233, train accuracy 0.5752, train auc 0.0000, test accuracy 0.6460, test auc 0.0000
2021-05-20 19:26:35,163 - classify.py[line:184] - INFO: Epoch 9, toal_loss 94.0966, aver loss 0.1094, train accuracy 0.5893, train auc 0.0000, test accuracy 0.6420, test auc 0.0000
2021-05-20 19:26:36,203 - classify.py[line:184] - INFO: Epoch 10, toal_loss 92.7192, aver loss 0.0980, train accuracy 0.5986, train auc 0.0000, test accuracy 0.6400, test auc 0.0000
2021-05-20 19:26:37,247 - classify.py[line:184] - INFO: Epoch 11, toal_loss 91.2478, aver loss 0.0884, train accuracy 0.6004, train auc 0.0000, test accuracy 0.6480, test auc 0.0000
2021-05-20 19:26:38,099 - classify.py[line:184] - INFO: Epoch 12, toal_loss 90.1279, aver loss 0.0806, train accuracy 0.6043, train auc 0.0000, test accuracy 0.6320, test auc 0.0000
2021-05-20 19:26:39,141 - classify.py[line:184] - INFO: Epoch 13, toal_loss 88.5007, aver loss 0.0735, train accuracy 0.6118, train auc 0.0000, test accuracy 0.6540, test auc 0.0000
2021-05-20 19:26:40,163 - classify.py[line:184] - INFO: Epoch 14, toal_loss 87.4137, aver loss 0.0678, train accuracy 0.6243, train auc 0.0000, test accuracy 0.6460, test auc 0.0000
2021-05-20 19:26:41,147 - classify.py[line:184] - INFO: Epoch 15, toal_loss 85.9482, aver loss 0.0625, train accuracy 0.6206, train auc 0.0000, test accuracy 0.6720, test auc 0.0000
2021-05-20 19:26:42,191 - classify.py[line:184] - INFO: Epoch 16, toal_loss 84.3612, aver loss 0.0577, train accuracy 0.6225, train auc 0.0000, test accuracy 0.6780, test auc 0.0000
2021-05-20 19:26:43,276 - classify.py[line:184] - INFO: Epoch 17, toal_loss 83.4472, aver loss 0.0539, train accuracy 0.6311, train auc 0.0000, test accuracy 0.6880, test auc 0.0000
2021-05-20 19:26:44,327 - classify.py[line:184] - INFO: Epoch 18, toal_loss 83.4629, aver loss 0.0511, train accuracy 0.6277, train auc 0.0000, test accuracy 0.6500, test auc 0.0000
2021-05-20 19:26:45,363 - classify.py[line:184] - INFO: Epoch 19, toal_loss 82.3887, aver loss 0.0479, train accuracy 0.6365, train auc 0.0000, test accuracy 0.6740, test auc 0.0000
2021-05-20 19:26:46,393 - classify.py[line:184] - INFO: Epoch 20, toal_loss 81.9666, aver loss 0.0454, train accuracy 0.6478, train auc 0.0000, test accuracy 0.6880, test auc 0.0000
2021-05-20 19:26:47,421 - classify.py[line:184] - INFO: Epoch 21, toal_loss 81.0762, aver loss 0.0429, train accuracy 0.6450, train auc 0.0000, test accuracy 0.6660, test auc 0.0000
2021-05-20 19:26:48,456 - classify.py[line:184] - INFO: Epoch 22, toal_loss 79.4645, aver loss 0.0402, train accuracy 0.6412, train auc 0.0000, test accuracy 0.6600, test auc 0.0000
2021-05-20 19:26:49,501 - classify.py[line:184] - INFO: Epoch 23, toal_loss 79.1675, aver loss 0.0384, train accuracy 0.6436, train auc 0.0000, test accuracy 0.6640, test auc 0.0000
2021-05-20 19:26:50,567 - classify.py[line:184] - INFO: Epoch 24, toal_loss 78.4527, aver loss 0.0365, train accuracy 0.6453, train auc 0.0000, test accuracy 0.6720, test auc 0.0000
2021-05-20 19:26:51,613 - classify.py[line:184] - INFO: Epoch 25, toal_loss 78.1885, aver loss 0.0350, train accuracy 0.6521, train auc 0.0000, test accuracy 0.6660, test auc 0.0000
2021-05-20 19:26:52,660 - classify.py[line:184] - INFO: Epoch 26, toal_loss 77.6455, aver loss 0.0334, train accuracy 0.6527, train auc 0.0000, test accuracy 0.6740, test auc 0.0000
2021-05-20 19:26:53,703 - classify.py[line:184] - INFO: Epoch 27, toal_loss 77.2780, aver loss 0.0321, train accuracy 0.6596, train auc 0.0000, test accuracy 0.6920, test auc 0.0000
2021-05-20 19:26:54,682 - classify.py[line:184] - INFO: Epoch 28, toal_loss 77.3121, aver loss 0.0310, train accuracy 0.6667, train auc 0.0000, test accuracy 0.6900, test auc 0.0000
2021-05-20 19:26:55,714 - classify.py[line:184] - INFO: Epoch 29, toal_loss 76.1626, aver loss 0.0295, train accuracy 0.6591, train auc 0.0000, test accuracy 0.7020, test auc 0.0000
