2021-05-20 19:20:44,523 - classify.py[line:68] - INFO: Namespace(batch_size=64, dataset='TREC', epoch=30, gpu=1, l2=0.0001, lr=0.0001, modelfilename='', modelname='TextCNN', modelnum=0, resultnum=115, seed=1, use_aug=0)
2021-05-20 19:20:47,961 - classify.py[line:134] - INFO: {'word_embedding_dimension': 300, 'Epoch1': 5, 'Epoch2': 30, 'dropout': 0.1, 'label_num': 6, 'learning_rate1': 1e-05, 'learning_rate2': 0.0001, 'batch_size': 64, 'cuda': 1, 'negSampleNum': 3, 'poSampleNum': 1, 'max_bound': 1, 'kernel_sizes': [3, 4, 5], 'hidden_size': 256, 'hidden_layers': 1, 'bidirectional': True}
2021-05-20 19:20:48,254 - classify.py[line:140] - INFO: before training: 0.18200001120567322
2021-05-20 19:20:48,255 - classify.py[line:154] - INFO: ...start training...
2021-05-20 19:20:48,311 - classify.py[line:184] - INFO: Epoch 0, toal_loss 9.2763, aver loss 1.8553, train accuracy 0.1688, train auc 0.0000, test accuracy 0.1680, test auc 0.0000
2021-05-20 19:20:48,388 - classify.py[line:184] - INFO: Epoch 1, toal_loss 9.0048, aver loss 0.9005, train accuracy 0.2188, train auc 0.0000, test accuracy 0.2300, test auc 0.0000
2021-05-20 19:20:48,459 - classify.py[line:184] - INFO: Epoch 2, toal_loss 8.8475, aver loss 0.5898, train accuracy 0.2656, train auc 0.0000, test accuracy 0.1980, test auc 0.0000
2021-05-20 19:20:48,551 - classify.py[line:184] - INFO: Epoch 3, toal_loss 8.7351, aver loss 0.4368, train accuracy 0.2750, train auc 0.0000, test accuracy 0.2080, test auc 0.0000
2021-05-20 19:20:48,640 - classify.py[line:184] - INFO: Epoch 4, toal_loss 8.6395, aver loss 0.3456, train accuracy 0.2906, train auc 0.0000, test accuracy 0.1940, test auc 0.0000
2021-05-20 19:20:48,742 - classify.py[line:184] - INFO: Epoch 5, toal_loss 8.5130, aver loss 0.2838, train accuracy 0.3187, train auc 0.0000, test accuracy 0.2220, test auc 0.0000
2021-05-20 19:20:48,826 - classify.py[line:184] - INFO: Epoch 6, toal_loss 8.4657, aver loss 0.2419, train accuracy 0.3406, train auc 0.0000, test accuracy 0.2400, test auc 0.0000
2021-05-20 19:20:48,871 - classify.py[line:184] - INFO: Epoch 7, toal_loss 8.3522, aver loss 0.2088, train accuracy 0.3812, train auc 0.0000, test accuracy 0.2700, test auc 0.0000
2021-05-20 19:20:48,912 - classify.py[line:184] - INFO: Epoch 8, toal_loss 8.2980, aver loss 0.1844, train accuracy 0.4375, train auc 0.0000, test accuracy 0.3020, test auc 0.0000
2021-05-20 19:20:48,959 - classify.py[line:184] - INFO: Epoch 9, toal_loss 8.2726, aver loss 0.1655, train accuracy 0.4125, train auc 0.0000, test accuracy 0.3340, test auc 0.0000
2021-05-20 19:20:49,002 - classify.py[line:184] - INFO: Epoch 10, toal_loss 8.1912, aver loss 0.1489, train accuracy 0.4375, train auc 0.0000, test accuracy 0.3100, test auc 0.0000
2021-05-20 19:20:49,043 - classify.py[line:184] - INFO: Epoch 11, toal_loss 8.0760, aver loss 0.1346, train accuracy 0.4156, train auc 0.0000, test accuracy 0.3420, test auc 0.0000
2021-05-20 19:20:49,090 - classify.py[line:184] - INFO: Epoch 12, toal_loss 8.1292, aver loss 0.1251, train accuracy 0.4500, train auc 0.0000, test accuracy 0.3280, test auc 0.0000
2021-05-20 19:20:49,130 - classify.py[line:184] - INFO: Epoch 13, toal_loss 7.9842, aver loss 0.1141, train accuracy 0.4594, train auc 0.0000, test accuracy 0.3300, test auc 0.0000
2021-05-20 19:20:49,171 - classify.py[line:184] - INFO: Epoch 14, toal_loss 7.9553, aver loss 0.1061, train accuracy 0.4406, train auc 0.0000, test accuracy 0.3300, test auc 0.0000
2021-05-20 19:20:49,211 - classify.py[line:184] - INFO: Epoch 15, toal_loss 7.8786, aver loss 0.0985, train accuracy 0.4656, train auc 0.0000, test accuracy 0.3260, test auc 0.0000
2021-05-20 19:20:49,251 - classify.py[line:184] - INFO: Epoch 16, toal_loss 7.8596, aver loss 0.0925, train accuracy 0.4531, train auc 0.0000, test accuracy 0.3400, test auc 0.0000
2021-05-20 19:20:49,299 - classify.py[line:184] - INFO: Epoch 17, toal_loss 7.7940, aver loss 0.0866, train accuracy 0.4500, train auc 0.0000, test accuracy 0.3480, test auc 0.0000
2021-05-20 19:20:49,362 - classify.py[line:184] - INFO: Epoch 18, toal_loss 7.7260, aver loss 0.0813, train accuracy 0.4344, train auc 0.0000, test accuracy 0.3400, test auc 0.0000
2021-05-20 19:20:49,429 - classify.py[line:184] - INFO: Epoch 19, toal_loss 7.7030, aver loss 0.0770, train accuracy 0.4375, train auc 0.0000, test accuracy 0.3660, test auc 0.0000
2021-05-20 19:20:49,484 - classify.py[line:184] - INFO: Epoch 20, toal_loss 7.6862, aver loss 0.0732, train accuracy 0.4813, train auc 0.0000, test accuracy 0.3600, test auc 0.0000
2021-05-20 19:20:49,556 - classify.py[line:184] - INFO: Epoch 21, toal_loss 7.6056, aver loss 0.0691, train accuracy 0.4750, train auc 0.0000, test accuracy 0.3540, test auc 0.0000
2021-05-20 19:20:49,647 - classify.py[line:184] - INFO: Epoch 22, toal_loss 7.5412, aver loss 0.0656, train accuracy 0.4750, train auc 0.0000, test accuracy 0.3660, test auc 0.0000
2021-05-20 19:20:49,743 - classify.py[line:184] - INFO: Epoch 23, toal_loss 7.6066, aver loss 0.0634, train accuracy 0.4969, train auc 0.0000, test accuracy 0.3460, test auc 0.0000
2021-05-20 19:20:49,832 - classify.py[line:184] - INFO: Epoch 24, toal_loss 7.4956, aver loss 0.0600, train accuracy 0.4625, train auc 0.0000, test accuracy 0.3580, test auc 0.0000
2021-05-20 19:20:49,922 - classify.py[line:184] - INFO: Epoch 25, toal_loss 7.4650, aver loss 0.0574, train accuracy 0.4969, train auc 0.0000, test accuracy 0.3560, test auc 0.0000
2021-05-20 19:20:49,996 - classify.py[line:184] - INFO: Epoch 26, toal_loss 7.4291, aver loss 0.0550, train accuracy 0.4531, train auc 0.0000, test accuracy 0.3560, test auc 0.0000
2021-05-20 19:20:50,052 - classify.py[line:184] - INFO: Epoch 27, toal_loss 7.3127, aver loss 0.0522, train accuracy 0.4781, train auc 0.0000, test accuracy 0.3620, test auc 0.0000
2021-05-20 19:20:50,106 - classify.py[line:184] - INFO: Epoch 28, toal_loss 7.2031, aver loss 0.0497, train accuracy 0.4875, train auc 0.0000, test accuracy 0.3900, test auc 0.0000
2021-05-20 19:20:50,161 - classify.py[line:184] - INFO: Epoch 29, toal_loss 7.3299, aver loss 0.0489, train accuracy 0.4938, train auc 0.0000, test accuracy 0.3720, test auc 0.0000
2021-05-20 19:20:50,350 - classify.py[line:134] - INFO: {'word_embedding_dimension': 300, 'Epoch1': 5, 'Epoch2': 30, 'dropout': 0.1, 'label_num': 6, 'learning_rate1': 1e-05, 'learning_rate2': 0.0001, 'batch_size': 64, 'cuda': 1, 'negSampleNum': 3, 'poSampleNum': 1, 'max_bound': 1, 'kernel_sizes': [3, 4, 5], 'hidden_size': 256, 'hidden_layers': 1, 'bidirectional': True}
2021-05-20 19:20:50,351 - classify.py[line:140] - INFO: before training: 0.14600001275539398
2021-05-20 19:20:50,352 - classify.py[line:154] - INFO: ...start training...
2021-05-20 19:20:50,444 - classify.py[line:184] - INFO: Epoch 0, toal_loss 16.7439, aver loss 1.8604, train accuracy 0.2132, train auc 0.0000, test accuracy 0.1780, test auc 0.0000
2021-05-20 19:20:50,554 - classify.py[line:184] - INFO: Epoch 1, toal_loss 16.2998, aver loss 0.9055, train accuracy 0.2425, train auc 0.0000, test accuracy 0.1840, test auc 0.0000
2021-05-20 19:20:50,668 - classify.py[line:184] - INFO: Epoch 2, toal_loss 15.9391, aver loss 0.5903, train accuracy 0.2632, train auc 0.0000, test accuracy 0.2000, test auc 0.0000
2021-05-20 19:20:50,842 - classify.py[line:184] - INFO: Epoch 3, toal_loss 15.6983, aver loss 0.4361, train accuracy 0.2649, train auc 0.0000, test accuracy 0.2100, test auc 0.0000
2021-05-20 19:20:51,022 - classify.py[line:184] - INFO: Epoch 4, toal_loss 15.4723, aver loss 0.3438, train accuracy 0.2648, train auc 0.0000, test accuracy 0.2220, test auc 0.0000
2021-05-20 19:20:51,186 - classify.py[line:184] - INFO: Epoch 5, toal_loss 15.3231, aver loss 0.2838, train accuracy 0.2875, train auc 0.0000, test accuracy 0.2540, test auc 0.0000
2021-05-20 19:20:51,294 - classify.py[line:184] - INFO: Epoch 6, toal_loss 15.0457, aver loss 0.2388, train accuracy 0.3012, train auc 0.0000, test accuracy 0.2620, test auc 0.0000
2021-05-20 19:20:51,414 - classify.py[line:184] - INFO: Epoch 7, toal_loss 14.9150, aver loss 0.2072, train accuracy 0.3217, train auc 0.0000, test accuracy 0.2980, test auc 0.0000
2021-05-20 19:20:51,531 - classify.py[line:184] - INFO: Epoch 8, toal_loss 14.7309, aver loss 0.1819, train accuracy 0.3669, train auc 0.0000, test accuracy 0.3220, test auc 0.0000
2021-05-20 19:20:51,643 - classify.py[line:184] - INFO: Epoch 9, toal_loss 14.6226, aver loss 0.1625, train accuracy 0.3634, train auc 0.0000, test accuracy 0.3540, test auc 0.0000
2021-05-20 19:20:51,761 - classify.py[line:184] - INFO: Epoch 10, toal_loss 14.5389, aver loss 0.1469, train accuracy 0.4035, train auc 0.0000, test accuracy 0.3340, test auc 0.0000
2021-05-20 19:20:51,887 - classify.py[line:184] - INFO: Epoch 11, toal_loss 14.2356, aver loss 0.1318, train accuracy 0.4238, train auc 0.0000, test accuracy 0.3760, test auc 0.0000
2021-05-20 19:20:52,065 - classify.py[line:184] - INFO: Epoch 12, toal_loss 14.1755, aver loss 0.1212, train accuracy 0.4327, train auc 0.0000, test accuracy 0.4080, test auc 0.0000
2021-05-20 19:20:52,236 - classify.py[line:184] - INFO: Epoch 13, toal_loss 14.0640, aver loss 0.1116, train accuracy 0.4343, train auc 0.0000, test accuracy 0.3960, test auc 0.0000
2021-05-20 19:20:52,358 - classify.py[line:184] - INFO: Epoch 14, toal_loss 13.8820, aver loss 0.1028, train accuracy 0.4445, train auc 0.0000, test accuracy 0.4240, test auc 0.0000
2021-05-20 19:20:52,468 - classify.py[line:184] - INFO: Epoch 15, toal_loss 13.7113, aver loss 0.0952, train accuracy 0.4619, train auc 0.0000, test accuracy 0.4180, test auc 0.0000
2021-05-20 19:20:52,587 - classify.py[line:184] - INFO: Epoch 16, toal_loss 13.5827, aver loss 0.0888, train accuracy 0.4876, train auc 0.0000, test accuracy 0.4080, test auc 0.0000
2021-05-20 19:20:52,709 - classify.py[line:184] - INFO: Epoch 17, toal_loss 13.4088, aver loss 0.0828, train accuracy 0.4862, train auc 0.0000, test accuracy 0.4280, test auc 0.0000
2021-05-20 19:20:52,840 - classify.py[line:184] - INFO: Epoch 18, toal_loss 13.3053, aver loss 0.0778, train accuracy 0.4911, train auc 0.0000, test accuracy 0.4220, test auc 0.0000
2021-05-20 19:20:52,937 - classify.py[line:184] - INFO: Epoch 19, toal_loss 13.2091, aver loss 0.0734, train accuracy 0.4947, train auc 0.0000, test accuracy 0.4480, test auc 0.0000
2021-05-20 19:20:53,095 - classify.py[line:184] - INFO: Epoch 20, toal_loss 12.9943, aver loss 0.0688, train accuracy 0.5069, train auc 0.0000, test accuracy 0.4460, test auc 0.0000
2021-05-20 19:20:53,295 - classify.py[line:184] - INFO: Epoch 21, toal_loss 12.9737, aver loss 0.0655, train accuracy 0.4981, train auc 0.0000, test accuracy 0.4420, test auc 0.0000
2021-05-20 19:20:53,446 - classify.py[line:184] - INFO: Epoch 22, toal_loss 12.7923, aver loss 0.0618, train accuracy 0.5174, train auc 0.0000, test accuracy 0.4700, test auc 0.0000
2021-05-20 19:20:53,573 - classify.py[line:184] - INFO: Epoch 23, toal_loss 12.7422, aver loss 0.0590, train accuracy 0.5243, train auc 0.0000, test accuracy 0.4380, test auc 0.0000
2021-05-20 19:20:53,707 - classify.py[line:184] - INFO: Epoch 24, toal_loss 12.6461, aver loss 0.0562, train accuracy 0.5176, train auc 0.0000, test accuracy 0.4540, test auc 0.0000
2021-05-20 19:20:53,825 - classify.py[line:184] - INFO: Epoch 25, toal_loss 12.5011, aver loss 0.0534, train accuracy 0.5366, train auc 0.0000, test accuracy 0.4720, test auc 0.0000
2021-05-20 19:20:53,965 - classify.py[line:184] - INFO: Epoch 26, toal_loss 12.4679, aver loss 0.0513, train accuracy 0.5278, train auc 0.0000, test accuracy 0.4540, test auc 0.0000
2021-05-20 19:20:54,083 - classify.py[line:184] - INFO: Epoch 27, toal_loss 12.3441, aver loss 0.0490, train accuracy 0.5296, train auc 0.0000, test accuracy 0.4600, test auc 0.0000
2021-05-20 19:20:54,239 - classify.py[line:184] - INFO: Epoch 28, toal_loss 12.2415, aver loss 0.0469, train accuracy 0.5350, train auc 0.0000, test accuracy 0.4680, test auc 0.0000
2021-05-20 19:20:54,412 - classify.py[line:184] - INFO: Epoch 29, toal_loss 12.1231, aver loss 0.0449, train accuracy 0.5622, train auc 0.0000, test accuracy 0.4600, test auc 0.0000
2021-05-20 19:20:54,558 - classify.py[line:134] - INFO: {'word_embedding_dimension': 300, 'Epoch1': 5, 'Epoch2': 30, 'dropout': 0.1, 'label_num': 6, 'learning_rate1': 1e-05, 'learning_rate2': 0.0001, 'batch_size': 64, 'cuda': 1, 'negSampleNum': 3, 'poSampleNum': 1, 'max_bound': 1, 'kernel_sizes': [3, 4, 5], 'hidden_size': 256, 'hidden_layers': 1, 'bidirectional': True}
2021-05-20 19:20:54,559 - classify.py[line:140] - INFO: before training: 0.14800000190734863
2021-05-20 19:20:54,560 - classify.py[line:154] - INFO: ...start training...
2021-05-20 19:20:54,801 - classify.py[line:184] - INFO: Epoch 0, toal_loss 31.1629, aver loss 1.7313, train accuracy 0.2917, train auc 0.0000, test accuracy 0.1780, test auc 0.0000
2021-05-20 19:20:55,021 - classify.py[line:184] - INFO: Epoch 1, toal_loss 29.8514, aver loss 0.8292, train accuracy 0.3585, train auc 0.0000, test accuracy 0.2020, test auc 0.0000
2021-05-20 19:20:55,261 - classify.py[line:184] - INFO: Epoch 2, toal_loss 29.2073, aver loss 0.5409, train accuracy 0.3811, train auc 0.0000, test accuracy 0.2440, test auc 0.0000
2021-05-20 19:20:55,607 - classify.py[line:184] - INFO: Epoch 3, toal_loss 28.3080, aver loss 0.3932, train accuracy 0.4115, train auc 0.0000, test accuracy 0.3940, test auc 0.0000
2021-05-20 19:20:55,861 - classify.py[line:184] - INFO: Epoch 4, toal_loss 27.7235, aver loss 0.3080, train accuracy 0.4792, train auc 0.0000, test accuracy 0.4260, test auc 0.0000
2021-05-20 19:20:56,086 - classify.py[line:184] - INFO: Epoch 5, toal_loss 26.9706, aver loss 0.2497, train accuracy 0.4939, train auc 0.0000, test accuracy 0.4640, test auc 0.0000
2021-05-20 19:20:56,317 - classify.py[line:184] - INFO: Epoch 6, toal_loss 26.2795, aver loss 0.2086, train accuracy 0.4609, train auc 0.0000, test accuracy 0.4380, test auc 0.0000
2021-05-20 19:20:56,566 - classify.py[line:184] - INFO: Epoch 7, toal_loss 25.9251, aver loss 0.1800, train accuracy 0.5069, train auc 0.0000, test accuracy 0.3980, test auc 0.0000
2021-05-20 19:20:56,902 - classify.py[line:184] - INFO: Epoch 8, toal_loss 25.3823, aver loss 0.1567, train accuracy 0.5052, train auc 0.0000, test accuracy 0.3940, test auc 0.0000
2021-05-20 19:20:57,132 - classify.py[line:184] - INFO: Epoch 9, toal_loss 24.7646, aver loss 0.1376, train accuracy 0.5104, train auc 0.0000, test accuracy 0.4120, test auc 0.0000
2021-05-20 19:20:57,361 - classify.py[line:184] - INFO: Epoch 10, toal_loss 24.4684, aver loss 0.1236, train accuracy 0.5191, train auc 0.0000, test accuracy 0.4060, test auc 0.0000
2021-05-20 19:20:57,603 - classify.py[line:184] - INFO: Epoch 11, toal_loss 24.2213, aver loss 0.1121, train accuracy 0.5139, train auc 0.0000, test accuracy 0.3920, test auc 0.0000
2021-05-20 19:20:57,910 - classify.py[line:184] - INFO: Epoch 12, toal_loss 23.3996, aver loss 0.1000, train accuracy 0.4766, train auc 0.0000, test accuracy 0.4080, test auc 0.0000
2021-05-20 19:20:58,182 - classify.py[line:184] - INFO: Epoch 13, toal_loss 23.0360, aver loss 0.0914, train accuracy 0.5217, train auc 0.0000, test accuracy 0.4240, test auc 0.0000
2021-05-20 19:20:58,392 - classify.py[line:184] - INFO: Epoch 14, toal_loss 22.5992, aver loss 0.0837, train accuracy 0.5234, train auc 0.0000, test accuracy 0.4200, test auc 0.0000
2021-05-20 19:20:58,620 - classify.py[line:184] - INFO: Epoch 15, toal_loss 22.4951, aver loss 0.0781, train accuracy 0.5226, train auc 0.0000, test accuracy 0.4140, test auc 0.0000
2021-05-20 19:20:58,879 - classify.py[line:184] - INFO: Epoch 16, toal_loss 22.5557, aver loss 0.0737, train accuracy 0.5278, train auc 0.0000, test accuracy 0.4320, test auc 0.0000
2021-05-20 19:20:59,200 - classify.py[line:184] - INFO: Epoch 17, toal_loss 21.7136, aver loss 0.0670, train accuracy 0.5443, train auc 0.0000, test accuracy 0.4720, test auc 0.0000
2021-05-20 19:20:59,431 - classify.py[line:184] - INFO: Epoch 18, toal_loss 21.7656, aver loss 0.0636, train accuracy 0.5477, train auc 0.0000, test accuracy 0.4440, test auc 0.0000
2021-05-20 19:20:59,687 - classify.py[line:184] - INFO: Epoch 19, toal_loss 21.3624, aver loss 0.0593, train accuracy 0.5312, train auc 0.0000, test accuracy 0.4100, test auc 0.0000
2021-05-20 19:20:59,916 - classify.py[line:184] - INFO: Epoch 20, toal_loss 21.4283, aver loss 0.0567, train accuracy 0.5590, train auc 0.0000, test accuracy 0.4480, test auc 0.0000
2021-05-20 19:21:00,254 - classify.py[line:184] - INFO: Epoch 21, toal_loss 21.1568, aver loss 0.0534, train accuracy 0.5547, train auc 0.0000, test accuracy 0.4640, test auc 0.0000
2021-05-20 19:21:00,503 - classify.py[line:184] - INFO: Epoch 22, toal_loss 21.0073, aver loss 0.0507, train accuracy 0.5469, train auc 0.0000, test accuracy 0.4600, test auc 0.0000
2021-05-20 19:21:00,685 - classify.py[line:184] - INFO: Epoch 23, toal_loss 20.5895, aver loss 0.0477, train accuracy 0.5790, train auc 0.0000, test accuracy 0.4540, test auc 0.0000
2021-05-20 19:21:00,920 - classify.py[line:184] - INFO: Epoch 24, toal_loss 20.6505, aver loss 0.0459, train accuracy 0.5608, train auc 0.0000, test accuracy 0.4460, test auc 0.0000
2021-05-20 19:21:01,165 - classify.py[line:184] - INFO: Epoch 25, toal_loss 20.1049, aver loss 0.0430, train accuracy 0.5547, train auc 0.0000, test accuracy 0.4500, test auc 0.0000
2021-05-20 19:21:01,512 - classify.py[line:184] - INFO: Epoch 26, toal_loss 20.7469, aver loss 0.0427, train accuracy 0.5677, train auc 0.0000, test accuracy 0.4680, test auc 0.0000
2021-05-20 19:21:01,739 - classify.py[line:184] - INFO: Epoch 27, toal_loss 20.0849, aver loss 0.0399, train accuracy 0.5712, train auc 0.0000, test accuracy 0.4500, test auc 0.0000
2021-05-20 19:21:01,955 - classify.py[line:184] - INFO: Epoch 28, toal_loss 20.1102, aver loss 0.0385, train accuracy 0.5694, train auc 0.0000, test accuracy 0.4340, test auc 0.0000
2021-05-20 19:21:02,185 - classify.py[line:184] - INFO: Epoch 29, toal_loss 20.0983, aver loss 0.0372, train accuracy 0.5460, train auc 0.0000, test accuracy 0.4340, test auc 0.0000
2021-05-20 19:21:02,362 - classify.py[line:134] - INFO: {'word_embedding_dimension': 300, 'Epoch1': 5, 'Epoch2': 30, 'dropout': 0.1, 'label_num': 6, 'learning_rate1': 1e-05, 'learning_rate2': 0.0001, 'batch_size': 64, 'cuda': 1, 'negSampleNum': 3, 'poSampleNum': 1, 'max_bound': 1, 'kernel_sizes': [3, 4, 5], 'hidden_size': 256, 'hidden_layers': 1, 'bidirectional': True}
2021-05-20 19:21:02,363 - classify.py[line:140] - INFO: before training: 0.018000001087784767
2021-05-20 19:21:02,363 - classify.py[line:154] - INFO: ...start training...
2021-05-20 19:21:02,815 - classify.py[line:184] - INFO: Epoch 0, toal_loss 45.8805, aver loss 1.7646, train accuracy 0.1598, train auc 0.0000, test accuracy 0.3480, test auc 0.0000
2021-05-20 19:21:03,148 - classify.py[line:184] - INFO: Epoch 1, toal_loss 42.5050, aver loss 0.8174, train accuracy 0.3326, train auc 0.0000, test accuracy 0.4260, test auc 0.0000
2021-05-20 19:21:03,560 - classify.py[line:184] - INFO: Epoch 2, toal_loss 40.3734, aver loss 0.5176, train accuracy 0.3969, train auc 0.0000, test accuracy 0.4220, test auc 0.0000
2021-05-20 19:21:03,992 - classify.py[line:184] - INFO: Epoch 3, toal_loss 38.9957, aver loss 0.3750, train accuracy 0.4308, train auc 0.0000, test accuracy 0.4280, test auc 0.0000
2021-05-20 19:21:04,321 - classify.py[line:184] - INFO: Epoch 4, toal_loss 37.9263, aver loss 0.2917, train accuracy 0.4367, train auc 0.0000, test accuracy 0.4500, test auc 0.0000
2021-05-20 19:21:04,689 - classify.py[line:184] - INFO: Epoch 5, toal_loss 36.9788, aver loss 0.2370, train accuracy 0.4410, train auc 0.0000, test accuracy 0.4560, test auc 0.0000
2021-05-20 19:21:05,108 - classify.py[line:184] - INFO: Epoch 6, toal_loss 36.1824, aver loss 0.1988, train accuracy 0.4416, train auc 0.0000, test accuracy 0.4600, test auc 0.0000
2021-05-20 19:21:05,464 - classify.py[line:184] - INFO: Epoch 7, toal_loss 35.6916, aver loss 0.1716, train accuracy 0.4496, train auc 0.0000, test accuracy 0.4820, test auc 0.0000
2021-05-20 19:21:05,851 - classify.py[line:184] - INFO: Epoch 8, toal_loss 35.1606, aver loss 0.1503, train accuracy 0.4616, train auc 0.0000, test accuracy 0.4520, test auc 0.0000
2021-05-20 19:21:06,259 - classify.py[line:184] - INFO: Epoch 9, toal_loss 34.4592, aver loss 0.1325, train accuracy 0.4530, train auc 0.0000, test accuracy 0.4740, test auc 0.0000
2021-05-20 19:21:06,596 - classify.py[line:184] - INFO: Epoch 10, toal_loss 34.1317, aver loss 0.1193, train accuracy 0.4670, train auc 0.0000, test accuracy 0.4920, test auc 0.0000
2021-05-20 19:21:07,009 - classify.py[line:184] - INFO: Epoch 11, toal_loss 33.4265, aver loss 0.1071, train accuracy 0.4730, train auc 0.0000, test accuracy 0.5040, test auc 0.0000
2021-05-20 19:21:07,422 - classify.py[line:184] - INFO: Epoch 12, toal_loss 32.8248, aver loss 0.0971, train accuracy 0.4760, train auc 0.0000, test accuracy 0.5100, test auc 0.0000
2021-05-20 19:21:07,733 - classify.py[line:184] - INFO: Epoch 13, toal_loss 32.5211, aver loss 0.0893, train accuracy 0.4869, train auc 0.0000, test accuracy 0.5180, test auc 0.0000
2021-05-20 19:21:08,086 - classify.py[line:184] - INFO: Epoch 14, toal_loss 32.0667, aver loss 0.0822, train accuracy 0.4938, train auc 0.0000, test accuracy 0.5260, test auc 0.0000
2021-05-20 19:21:08,536 - classify.py[line:184] - INFO: Epoch 15, toal_loss 31.7787, aver loss 0.0764, train accuracy 0.5149, train auc 0.0000, test accuracy 0.5180, test auc 0.0000
2021-05-20 19:21:08,870 - classify.py[line:184] - INFO: Epoch 16, toal_loss 31.4308, aver loss 0.0711, train accuracy 0.5101, train auc 0.0000, test accuracy 0.5240, test auc 0.0000
2021-05-20 19:21:09,216 - classify.py[line:184] - INFO: Epoch 17, toal_loss 31.1746, aver loss 0.0666, train accuracy 0.5172, train auc 0.0000, test accuracy 0.5420, test auc 0.0000
2021-05-20 19:21:09,640 - classify.py[line:184] - INFO: Epoch 18, toal_loss 30.7473, aver loss 0.0622, train accuracy 0.5080, train auc 0.0000, test accuracy 0.5380, test auc 0.0000
2021-05-20 19:21:09,963 - classify.py[line:184] - INFO: Epoch 19, toal_loss 30.4289, aver loss 0.0585, train accuracy 0.5334, train auc 0.0000, test accuracy 0.5400, test auc 0.0000
2021-05-20 19:21:10,354 - classify.py[line:184] - INFO: Epoch 20, toal_loss 30.3856, aver loss 0.0557, train accuracy 0.5446, train auc 0.0000, test accuracy 0.5420, test auc 0.0000
2021-05-20 19:21:10,815 - classify.py[line:184] - INFO: Epoch 21, toal_loss 30.0418, aver loss 0.0525, train accuracy 0.5382, train auc 0.0000, test accuracy 0.5460, test auc 0.0000
2021-05-20 19:21:11,163 - classify.py[line:184] - INFO: Epoch 22, toal_loss 29.7758, aver loss 0.0498, train accuracy 0.5451, train auc 0.0000, test accuracy 0.5680, test auc 0.0000
2021-05-20 19:21:11,513 - classify.py[line:184] - INFO: Epoch 23, toal_loss 29.5410, aver loss 0.0473, train accuracy 0.5563, train auc 0.0000, test accuracy 0.5300, test auc 0.0000
2021-05-20 19:21:11,961 - classify.py[line:184] - INFO: Epoch 24, toal_loss 28.9537, aver loss 0.0445, train accuracy 0.5556, train auc 0.0000, test accuracy 0.5580, test auc 0.0000
2021-05-20 19:21:12,292 - classify.py[line:184] - INFO: Epoch 25, toal_loss 28.7817, aver loss 0.0426, train accuracy 0.5583, train auc 0.0000, test accuracy 0.5680, test auc 0.0000
2021-05-20 19:21:12,627 - classify.py[line:184] - INFO: Epoch 26, toal_loss 28.4560, aver loss 0.0405, train accuracy 0.5647, train auc 0.0000, test accuracy 0.5420, test auc 0.0000
2021-05-20 19:21:13,080 - classify.py[line:184] - INFO: Epoch 27, toal_loss 28.3578, aver loss 0.0390, train accuracy 0.5683, train auc 0.0000, test accuracy 0.5660, test auc 0.0000
2021-05-20 19:21:13,421 - classify.py[line:184] - INFO: Epoch 28, toal_loss 28.0239, aver loss 0.0372, train accuracy 0.5680, train auc 0.0000, test accuracy 0.5400, test auc 0.0000
2021-05-20 19:21:13,757 - classify.py[line:184] - INFO: Epoch 29, toal_loss 28.0092, aver loss 0.0359, train accuracy 0.5680, train auc 0.0000, test accuracy 0.5520, test auc 0.0000
2021-05-20 19:21:13,935 - classify.py[line:134] - INFO: {'word_embedding_dimension': 300, 'Epoch1': 5, 'Epoch2': 30, 'dropout': 0.1, 'label_num': 6, 'learning_rate1': 1e-05, 'learning_rate2': 0.0001, 'batch_size': 64, 'cuda': 1, 'negSampleNum': 3, 'poSampleNum': 1, 'max_bound': 1, 'kernel_sizes': [3, 4, 5], 'hidden_size': 256, 'hidden_layers': 1, 'bidirectional': True}
2021-05-20 19:21:13,937 - classify.py[line:140] - INFO: before training: 0.16200000047683716
2021-05-20 19:21:13,937 - classify.py[line:154] - INFO: ...start training...
2021-05-20 19:21:14,524 - classify.py[line:184] - INFO: Epoch 0, toal_loss 60.0638, aver loss 1.7161, train accuracy 0.1866, train auc 0.0000, test accuracy 0.3900, test auc 0.0000
2021-05-20 19:21:14,953 - classify.py[line:184] - INFO: Epoch 1, toal_loss 55.9980, aver loss 0.8000, train accuracy 0.3272, train auc 0.0000, test accuracy 0.5060, test auc 0.0000
2021-05-20 19:21:15,514 - classify.py[line:184] - INFO: Epoch 2, toal_loss 53.5446, aver loss 0.5099, train accuracy 0.4228, train auc 0.0000, test accuracy 0.5760, test auc 0.0000
2021-05-20 19:21:15,943 - classify.py[line:184] - INFO: Epoch 3, toal_loss 51.5067, aver loss 0.3679, train accuracy 0.4594, train auc 0.0000, test accuracy 0.5860, test auc 0.0000
2021-05-20 19:21:16,577 - classify.py[line:184] - INFO: Epoch 4, toal_loss 50.1751, aver loss 0.2867, train accuracy 0.4772, train auc 0.0000, test accuracy 0.6220, test auc 0.0000
2021-05-20 19:21:17,017 - classify.py[line:184] - INFO: Epoch 5, toal_loss 48.8441, aver loss 0.2326, train accuracy 0.5045, train auc 0.0000, test accuracy 0.6080, test auc 0.0000
2021-05-20 19:21:17,566 - classify.py[line:184] - INFO: Epoch 6, toal_loss 47.5087, aver loss 0.1939, train accuracy 0.5080, train auc 0.0000, test accuracy 0.6060, test auc 0.0000
2021-05-20 19:21:17,999 - classify.py[line:184] - INFO: Epoch 7, toal_loss 46.2792, aver loss 0.1653, train accuracy 0.5263, train auc 0.0000, test accuracy 0.6060, test auc 0.0000
2021-05-20 19:21:18,480 - classify.py[line:184] - INFO: Epoch 8, toal_loss 45.4742, aver loss 0.1444, train accuracy 0.5308, train auc 0.0000, test accuracy 0.6140, test auc 0.0000
2021-05-20 19:21:18,911 - classify.py[line:184] - INFO: Epoch 9, toal_loss 44.3690, aver loss 0.1268, train accuracy 0.5518, train auc 0.0000, test accuracy 0.6140, test auc 0.0000
2021-05-20 19:21:19,355 - classify.py[line:184] - INFO: Epoch 10, toal_loss 43.7144, aver loss 0.1135, train accuracy 0.5563, train auc 0.0000, test accuracy 0.5980, test auc 0.0000
2021-05-20 19:21:19,800 - classify.py[line:184] - INFO: Epoch 11, toal_loss 42.7263, aver loss 0.1017, train accuracy 0.5701, train auc 0.0000, test accuracy 0.6280, test auc 0.0000
2021-05-20 19:21:20,220 - classify.py[line:184] - INFO: Epoch 12, toal_loss 41.9479, aver loss 0.0922, train accuracy 0.5942, train auc 0.0000, test accuracy 0.6540, test auc 0.0000
2021-05-20 19:21:20,640 - classify.py[line:184] - INFO: Epoch 13, toal_loss 41.3440, aver loss 0.0844, train accuracy 0.5821, train auc 0.0000, test accuracy 0.6720, test auc 0.0000
2021-05-20 19:21:21,061 - classify.py[line:184] - INFO: Epoch 14, toal_loss 41.0353, aver loss 0.0782, train accuracy 0.6094, train auc 0.0000, test accuracy 0.6720, test auc 0.0000
2021-05-20 19:21:21,503 - classify.py[line:184] - INFO: Epoch 15, toal_loss 39.7235, aver loss 0.0709, train accuracy 0.6022, train auc 0.0000, test accuracy 0.6920, test auc 0.0000
2021-05-20 19:21:21,923 - classify.py[line:184] - INFO: Epoch 16, toal_loss 39.2338, aver loss 0.0659, train accuracy 0.6188, train auc 0.0000, test accuracy 0.6700, test auc 0.0000
2021-05-20 19:21:22,342 - classify.py[line:184] - INFO: Epoch 17, toal_loss 38.8504, aver loss 0.0617, train accuracy 0.6299, train auc 0.0000, test accuracy 0.6720, test auc 0.0000
2021-05-20 19:21:22,812 - classify.py[line:184] - INFO: Epoch 18, toal_loss 38.0013, aver loss 0.0571, train accuracy 0.6134, train auc 0.0000, test accuracy 0.6600, test auc 0.0000
2021-05-20 19:21:23,269 - classify.py[line:184] - INFO: Epoch 19, toal_loss 37.8312, aver loss 0.0540, train accuracy 0.6451, train auc 0.0000, test accuracy 0.6760, test auc 0.0000
2021-05-20 19:21:23,723 - classify.py[line:184] - INFO: Epoch 20, toal_loss 37.3159, aver loss 0.0508, train accuracy 0.6259, train auc 0.0000, test accuracy 0.6600, test auc 0.0000
2021-05-20 19:21:24,153 - classify.py[line:184] - INFO: Epoch 21, toal_loss 36.9175, aver loss 0.0479, train accuracy 0.6348, train auc 0.0000, test accuracy 0.6860, test auc 0.0000
2021-05-20 19:21:24,586 - classify.py[line:184] - INFO: Epoch 22, toal_loss 36.7284, aver loss 0.0456, train accuracy 0.6393, train auc 0.0000, test accuracy 0.7000, test auc 0.0000
2021-05-20 19:21:25,129 - classify.py[line:184] - INFO: Epoch 23, toal_loss 36.4151, aver loss 0.0434, train accuracy 0.6393, train auc 0.0000, test accuracy 0.6740, test auc 0.0000
2021-05-20 19:21:25,743 - classify.py[line:184] - INFO: Epoch 24, toal_loss 35.7520, aver loss 0.0409, train accuracy 0.6464, train auc 0.0000, test accuracy 0.6600, test auc 0.0000
2021-05-20 19:21:26,159 - classify.py[line:184] - INFO: Epoch 25, toal_loss 35.3240, aver loss 0.0388, train accuracy 0.6554, train auc 0.0000, test accuracy 0.6840, test auc 0.0000
2021-05-20 19:21:26,582 - classify.py[line:184] - INFO: Epoch 26, toal_loss 35.2046, aver loss 0.0373, train accuracy 0.6469, train auc 0.0000, test accuracy 0.6840, test auc 0.0000
2021-05-20 19:21:27,046 - classify.py[line:184] - INFO: Epoch 27, toal_loss 34.7242, aver loss 0.0354, train accuracy 0.6469, train auc 0.0000, test accuracy 0.6800, test auc 0.0000
2021-05-20 19:21:27,551 - classify.py[line:184] - INFO: Epoch 28, toal_loss 34.6704, aver loss 0.0342, train accuracy 0.6509, train auc 0.0000, test accuracy 0.6720, test auc 0.0000
2021-05-20 19:21:27,971 - classify.py[line:184] - INFO: Epoch 29, toal_loss 34.3889, aver loss 0.0328, train accuracy 0.6455, train auc 0.0000, test accuracy 0.6940, test auc 0.0000
2021-05-20 19:21:28,110 - classify.py[line:134] - INFO: {'word_embedding_dimension': 300, 'Epoch1': 5, 'Epoch2': 30, 'dropout': 0.1, 'label_num': 6, 'learning_rate1': 1e-05, 'learning_rate2': 0.0001, 'batch_size': 64, 'cuda': 1, 'negSampleNum': 3, 'poSampleNum': 1, 'max_bound': 1, 'kernel_sizes': [3, 4, 5], 'hidden_size': 256, 'hidden_layers': 1, 'bidirectional': True}
2021-05-20 19:21:28,112 - classify.py[line:140] - INFO: before training: 0.018000001087784767
2021-05-20 19:21:28,112 - classify.py[line:154] - INFO: ...start training...
2021-05-20 19:21:28,648 - classify.py[line:184] - INFO: Epoch 0, toal_loss 77.4384, aver loss 1.8009, train accuracy 0.1532, train auc 0.0000, test accuracy 0.1740, test auc 0.0000
2021-05-20 19:21:29,190 - classify.py[line:184] - INFO: Epoch 1, toal_loss 71.9106, aver loss 0.8362, train accuracy 0.3210, train auc 0.0000, test accuracy 0.3280, test auc 0.0000
2021-05-20 19:21:29,727 - classify.py[line:184] - INFO: Epoch 2, toal_loss 68.2582, aver loss 0.5291, train accuracy 0.3522, train auc 0.0000, test accuracy 0.3720, test auc 0.0000
2021-05-20 19:21:30,247 - classify.py[line:184] - INFO: Epoch 3, toal_loss 65.3731, aver loss 0.3801, train accuracy 0.4038, train auc 0.0000, test accuracy 0.3800, test auc 0.0000
2021-05-20 19:21:30,772 - classify.py[line:184] - INFO: Epoch 4, toal_loss 62.7504, aver loss 0.2919, train accuracy 0.4314, train auc 0.0000, test accuracy 0.3860, test auc 0.0000
2021-05-20 19:21:31,277 - classify.py[line:184] - INFO: Epoch 5, toal_loss 60.5397, aver loss 0.2347, train accuracy 0.4614, train auc 0.0000, test accuracy 0.4360, test auc 0.0000
2021-05-20 19:21:31,770 - classify.py[line:184] - INFO: Epoch 6, toal_loss 58.5785, aver loss 0.1946, train accuracy 0.4864, train auc 0.0000, test accuracy 0.4700, test auc 0.0000
2021-05-20 19:21:32,307 - classify.py[line:184] - INFO: Epoch 7, toal_loss 57.0611, aver loss 0.1659, train accuracy 0.5000, train auc 0.0000, test accuracy 0.4900, test auc 0.0000
2021-05-20 19:21:32,838 - classify.py[line:184] - INFO: Epoch 8, toal_loss 55.3030, aver loss 0.1429, train accuracy 0.5128, train auc 0.0000, test accuracy 0.5020, test auc 0.0000
2021-05-20 19:21:33,364 - classify.py[line:184] - INFO: Epoch 9, toal_loss 52.8903, aver loss 0.1230, train accuracy 0.5276, train auc 0.0000, test accuracy 0.4960, test auc 0.0000
2021-05-20 19:21:33,894 - classify.py[line:184] - INFO: Epoch 10, toal_loss 51.8950, aver loss 0.1097, train accuracy 0.5404, train auc 0.0000, test accuracy 0.5300, test auc 0.0000
2021-05-20 19:21:34,385 - classify.py[line:184] - INFO: Epoch 11, toal_loss 51.2194, aver loss 0.0993, train accuracy 0.5546, train auc 0.0000, test accuracy 0.5500, test auc 0.0000
2021-05-20 19:21:34,901 - classify.py[line:184] - INFO: Epoch 12, toal_loss 50.1463, aver loss 0.0897, train accuracy 0.5611, train auc 0.0000, test accuracy 0.5600, test auc 0.0000
2021-05-20 19:21:35,417 - classify.py[line:184] - INFO: Epoch 13, toal_loss 48.9008, aver loss 0.0812, train accuracy 0.5703, train auc 0.0000, test accuracy 0.5860, test auc 0.0000
2021-05-20 19:21:35,930 - classify.py[line:184] - INFO: Epoch 14, toal_loss 48.5601, aver loss 0.0753, train accuracy 0.5767, train auc 0.0000, test accuracy 0.5620, test auc 0.0000
2021-05-20 19:21:36,457 - classify.py[line:184] - INFO: Epoch 15, toal_loss 47.0823, aver loss 0.0684, train accuracy 0.5790, train auc 0.0000, test accuracy 0.5820, test auc 0.0000
2021-05-20 19:21:36,977 - classify.py[line:184] - INFO: Epoch 16, toal_loss 47.0818, aver loss 0.0644, train accuracy 0.5825, train auc 0.0000, test accuracy 0.5860, test auc 0.0000
2021-05-20 19:21:37,444 - classify.py[line:184] - INFO: Epoch 17, toal_loss 45.9194, aver loss 0.0593, train accuracy 0.5996, train auc 0.0000, test accuracy 0.5960, test auc 0.0000
2021-05-20 19:21:37,961 - classify.py[line:184] - INFO: Epoch 18, toal_loss 45.2092, aver loss 0.0553, train accuracy 0.5864, train auc 0.0000, test accuracy 0.5980, test auc 0.0000
2021-05-20 19:21:38,531 - classify.py[line:184] - INFO: Epoch 19, toal_loss 44.4794, aver loss 0.0517, train accuracy 0.6082, train auc 0.0000, test accuracy 0.6060, test auc 0.0000
2021-05-20 19:21:39,075 - classify.py[line:184] - INFO: Epoch 20, toal_loss 44.3026, aver loss 0.0491, train accuracy 0.6012, train auc 0.0000, test accuracy 0.5900, test auc 0.0000
2021-05-20 19:21:39,607 - classify.py[line:184] - INFO: Epoch 21, toal_loss 44.0529, aver loss 0.0466, train accuracy 0.6111, train auc 0.0000, test accuracy 0.6280, test auc 0.0000
2021-05-20 19:21:40,133 - classify.py[line:184] - INFO: Epoch 22, toal_loss 43.6161, aver loss 0.0441, train accuracy 0.6134, train auc 0.0000, test accuracy 0.6320, test auc 0.0000
2021-05-20 19:21:40,600 - classify.py[line:184] - INFO: Epoch 23, toal_loss 42.9609, aver loss 0.0416, train accuracy 0.6239, train auc 0.0000, test accuracy 0.6260, test auc 0.0000
2021-05-20 19:21:41,132 - classify.py[line:184] - INFO: Epoch 24, toal_loss 42.5091, aver loss 0.0395, train accuracy 0.6173, train auc 0.0000, test accuracy 0.6440, test auc 0.0000
2021-05-20 19:21:41,642 - classify.py[line:184] - INFO: Epoch 25, toal_loss 42.1056, aver loss 0.0377, train accuracy 0.6334, train auc 0.0000, test accuracy 0.6500, test auc 0.0000
2021-05-20 19:21:42,172 - classify.py[line:184] - INFO: Epoch 26, toal_loss 41.6210, aver loss 0.0358, train accuracy 0.6305, train auc 0.0000, test accuracy 0.6360, test auc 0.0000
2021-05-20 19:21:42,727 - classify.py[line:184] - INFO: Epoch 27, toal_loss 41.2864, aver loss 0.0343, train accuracy 0.6316, train auc 0.0000, test accuracy 0.6240, test auc 0.0000
2021-05-20 19:21:43,245 - classify.py[line:184] - INFO: Epoch 28, toal_loss 41.0841, aver loss 0.0329, train accuracy 0.6333, train auc 0.0000, test accuracy 0.6200, test auc 0.0000
2021-05-20 19:21:43,796 - classify.py[line:184] - INFO: Epoch 29, toal_loss 40.7938, aver loss 0.0316, train accuracy 0.6371, train auc 0.0000, test accuracy 0.6340, test auc 0.0000
2021-05-20 19:21:43,974 - classify.py[line:134] - INFO: {'word_embedding_dimension': 300, 'Epoch1': 5, 'Epoch2': 30, 'dropout': 0.1, 'label_num': 6, 'learning_rate1': 1e-05, 'learning_rate2': 0.0001, 'batch_size': 64, 'cuda': 1, 'negSampleNum': 3, 'poSampleNum': 1, 'max_bound': 1, 'kernel_sizes': [3, 4, 5], 'hidden_size': 256, 'hidden_layers': 1, 'bidirectional': True}
2021-05-20 19:21:43,975 - classify.py[line:140] - INFO: before training: 0.06599999964237213
2021-05-20 19:21:43,976 - classify.py[line:154] - INFO: ...start training...
2021-05-20 19:21:44,600 - classify.py[line:184] - INFO: Epoch 0, toal_loss 91.4042, aver loss 1.7578, train accuracy 0.3057, train auc 0.0000, test accuracy 0.3140, test auc 0.0000
2021-05-20 19:21:45,215 - classify.py[line:184] - INFO: Epoch 1, toal_loss 83.3139, aver loss 0.8011, train accuracy 0.4142, train auc 0.0000, test accuracy 0.3720, test auc 0.0000
2021-05-20 19:21:45,838 - classify.py[line:184] - INFO: Epoch 2, toal_loss 77.4566, aver loss 0.4965, train accuracy 0.4530, train auc 0.0000, test accuracy 0.3940, test auc 0.0000
2021-05-20 19:21:46,451 - classify.py[line:184] - INFO: Epoch 3, toal_loss 72.9680, aver loss 0.3508, train accuracy 0.4794, train auc 0.0000, test accuracy 0.4280, test auc 0.0000
2021-05-20 19:21:47,074 - classify.py[line:184] - INFO: Epoch 4, toal_loss 69.3701, aver loss 0.2668, train accuracy 0.4995, train auc 0.0000, test accuracy 0.5400, test auc 0.0000
2021-05-20 19:21:47,698 - classify.py[line:184] - INFO: Epoch 5, toal_loss 66.1193, aver loss 0.2119, train accuracy 0.5294, train auc 0.0000, test accuracy 0.5580, test auc 0.0000
2021-05-20 19:21:48,315 - classify.py[line:184] - INFO: Epoch 6, toal_loss 63.9088, aver loss 0.1756, train accuracy 0.5543, train auc 0.0000, test accuracy 0.5940, test auc 0.0000
2021-05-20 19:21:48,934 - classify.py[line:184] - INFO: Epoch 7, toal_loss 61.7524, aver loss 0.1484, train accuracy 0.5670, train auc 0.0000, test accuracy 0.5880, test auc 0.0000
2021-05-20 19:21:49,558 - classify.py[line:184] - INFO: Epoch 8, toal_loss 60.2065, aver loss 0.1286, train accuracy 0.5739, train auc 0.0000, test accuracy 0.6180, test auc 0.0000
2021-05-20 19:21:50,180 - classify.py[line:184] - INFO: Epoch 9, toal_loss 58.4970, aver loss 0.1125, train accuracy 0.5934, train auc 0.0000, test accuracy 0.6320, test auc 0.0000
2021-05-20 19:21:50,893 - classify.py[line:184] - INFO: Epoch 10, toal_loss 57.3340, aver loss 0.1002, train accuracy 0.5950, train auc 0.0000, test accuracy 0.6280, test auc 0.0000
2021-05-20 19:21:51,517 - classify.py[line:184] - INFO: Epoch 11, toal_loss 55.3193, aver loss 0.0887, train accuracy 0.6007, train auc 0.0000, test accuracy 0.6480, test auc 0.0000
2021-05-20 19:21:52,151 - classify.py[line:184] - INFO: Epoch 12, toal_loss 54.5692, aver loss 0.0807, train accuracy 0.5979, train auc 0.0000, test accuracy 0.6500, test auc 0.0000
2021-05-20 19:21:52,814 - classify.py[line:184] - INFO: Epoch 13, toal_loss 53.8363, aver loss 0.0740, train accuracy 0.6094, train auc 0.0000, test accuracy 0.6520, test auc 0.0000
2021-05-20 19:21:53,570 - classify.py[line:184] - INFO: Epoch 14, toal_loss 53.2035, aver loss 0.0682, train accuracy 0.6244, train auc 0.0000, test accuracy 0.6820, test auc 0.0000
2021-05-20 19:21:54,227 - classify.py[line:184] - INFO: Epoch 15, toal_loss 52.7163, aver loss 0.0634, train accuracy 0.6139, train auc 0.0000, test accuracy 0.6420, test auc 0.0000
2021-05-20 19:21:54,849 - classify.py[line:184] - INFO: Epoch 16, toal_loss 51.6063, aver loss 0.0584, train accuracy 0.6144, train auc 0.0000, test accuracy 0.6400, test auc 0.0000
2021-05-20 19:21:55,477 - classify.py[line:184] - INFO: Epoch 17, toal_loss 51.5228, aver loss 0.0550, train accuracy 0.6244, train auc 0.0000, test accuracy 0.6480, test auc 0.0000
2021-05-20 19:21:56,100 - classify.py[line:184] - INFO: Epoch 18, toal_loss 51.3445, aver loss 0.0520, train accuracy 0.6373, train auc 0.0000, test accuracy 0.6500, test auc 0.0000
2021-05-20 19:21:56,724 - classify.py[line:184] - INFO: Epoch 19, toal_loss 50.3244, aver loss 0.0484, train accuracy 0.6298, train auc 0.0000, test accuracy 0.6420, test auc 0.0000
2021-05-20 19:21:57,313 - classify.py[line:184] - INFO: Epoch 20, toal_loss 50.2837, aver loss 0.0460, train accuracy 0.6276, train auc 0.0000, test accuracy 0.6720, test auc 0.0000
2021-05-20 19:21:57,947 - classify.py[line:184] - INFO: Epoch 21, toal_loss 49.8525, aver loss 0.0436, train accuracy 0.6388, train auc 0.0000, test accuracy 0.6660, test auc 0.0000
2021-05-20 19:21:58,612 - classify.py[line:184] - INFO: Epoch 22, toal_loss 48.8049, aver loss 0.0408, train accuracy 0.6457, train auc 0.0000, test accuracy 0.6880, test auc 0.0000
2021-05-20 19:21:59,471 - classify.py[line:184] - INFO: Epoch 23, toal_loss 48.0870, aver loss 0.0385, train accuracy 0.6427, train auc 0.0000, test accuracy 0.6640, test auc 0.0000
2021-05-20 19:22:00,327 - classify.py[line:184] - INFO: Epoch 24, toal_loss 48.2987, aver loss 0.0372, train accuracy 0.6387, train auc 0.0000, test accuracy 0.6560, test auc 0.0000
2021-05-20 19:22:01,185 - classify.py[line:184] - INFO: Epoch 25, toal_loss 48.4953, aver loss 0.0359, train accuracy 0.6520, train auc 0.0000, test accuracy 0.6920, test auc 0.0000
2021-05-20 19:22:01,823 - classify.py[line:184] - INFO: Epoch 26, toal_loss 48.1637, aver loss 0.0343, train accuracy 0.6596, train auc 0.0000, test accuracy 0.6720, test auc 0.0000
2021-05-20 19:22:02,448 - classify.py[line:184] - INFO: Epoch 27, toal_loss 47.3736, aver loss 0.0325, train accuracy 0.6626, train auc 0.0000, test accuracy 0.7000, test auc 0.0000
2021-05-20 19:22:03,084 - classify.py[line:184] - INFO: Epoch 28, toal_loss 47.4200, aver loss 0.0314, train accuracy 0.6484, train auc 0.0000, test accuracy 0.6840, test auc 0.0000
2021-05-20 19:22:03,720 - classify.py[line:184] - INFO: Epoch 29, toal_loss 46.4307, aver loss 0.0298, train accuracy 0.6541, train auc 0.0000, test accuracy 0.6760, test auc 0.0000
2021-05-20 19:22:03,861 - classify.py[line:134] - INFO: {'word_embedding_dimension': 300, 'Epoch1': 5, 'Epoch2': 30, 'dropout': 0.1, 'label_num': 6, 'learning_rate1': 1e-05, 'learning_rate2': 0.0001, 'batch_size': 64, 'cuda': 1, 'negSampleNum': 3, 'poSampleNum': 1, 'max_bound': 1, 'kernel_sizes': [3, 4, 5], 'hidden_size': 256, 'hidden_layers': 1, 'bidirectional': True}
2021-05-20 19:22:03,863 - classify.py[line:140] - INFO: before training: 0.06599999964237213
2021-05-20 19:22:03,863 - classify.py[line:154] - INFO: ...start training...
2021-05-20 19:22:04,575 - classify.py[line:184] - INFO: Epoch 0, toal_loss 103.5177, aver loss 1.7253, train accuracy 0.2996, train auc 0.0000, test accuracy 0.4020, test auc 0.0000
2021-05-20 19:22:05,307 - classify.py[line:184] - INFO: Epoch 1, toal_loss 96.3623, aver loss 0.8030, train accuracy 0.4089, train auc 0.0000, test accuracy 0.3960, test auc 0.0000
2021-05-20 19:22:06,038 - classify.py[line:184] - INFO: Epoch 2, toal_loss 91.6702, aver loss 0.5093, train accuracy 0.4268, train auc 0.0000, test accuracy 0.5220, test auc 0.0000
2021-05-20 19:22:06,760 - classify.py[line:184] - INFO: Epoch 3, toal_loss 87.2060, aver loss 0.3634, train accuracy 0.4559, train auc 0.0000, test accuracy 0.5340, test auc 0.0000
2021-05-20 19:22:07,504 - classify.py[line:184] - INFO: Epoch 4, toal_loss 83.7909, aver loss 0.2793, train accuracy 0.4932, train auc 0.0000, test accuracy 0.5700, test auc 0.0000
2021-05-20 19:22:08,223 - classify.py[line:184] - INFO: Epoch 5, toal_loss 81.0517, aver loss 0.2251, train accuracy 0.5161, train auc 0.0000, test accuracy 0.5660, test auc 0.0000
2021-05-20 19:22:08,942 - classify.py[line:184] - INFO: Epoch 6, toal_loss 77.9986, aver loss 0.1857, train accuracy 0.5489, train auc 0.0000, test accuracy 0.5880, test auc 0.0000
2021-05-20 19:22:09,662 - classify.py[line:184] - INFO: Epoch 7, toal_loss 75.3130, aver loss 0.1569, train accuracy 0.5625, train auc 0.0000, test accuracy 0.5760, test auc 0.0000
2021-05-20 19:22:10,395 - classify.py[line:184] - INFO: Epoch 8, toal_loss 73.2881, aver loss 0.1357, train accuracy 0.5690, train auc 0.0000, test accuracy 0.5940, test auc 0.0000
2021-05-20 19:22:11,113 - classify.py[line:184] - INFO: Epoch 9, toal_loss 71.3028, aver loss 0.1188, train accuracy 0.5827, train auc 0.0000, test accuracy 0.6000, test auc 0.0000
2021-05-20 19:22:11,836 - classify.py[line:184] - INFO: Epoch 10, toal_loss 69.4989, aver loss 0.1053, train accuracy 0.5956, train auc 0.0000, test accuracy 0.6120, test auc 0.0000
2021-05-20 19:22:12,558 - classify.py[line:184] - INFO: Epoch 11, toal_loss 67.7279, aver loss 0.0941, train accuracy 0.5949, train auc 0.0000, test accuracy 0.6240, test auc 0.0000
2021-05-20 19:22:13,311 - classify.py[line:184] - INFO: Epoch 12, toal_loss 66.2136, aver loss 0.0849, train accuracy 0.6003, train auc 0.0000, test accuracy 0.6500, test auc 0.0000
2021-05-20 19:22:14,073 - classify.py[line:184] - INFO: Epoch 13, toal_loss 65.1290, aver loss 0.0775, train accuracy 0.6113, train auc 0.0000, test accuracy 0.6440, test auc 0.0000
2021-05-20 19:22:14,729 - classify.py[line:184] - INFO: Epoch 14, toal_loss 63.4901, aver loss 0.0705, train accuracy 0.6024, train auc 0.0000, test accuracy 0.6680, test auc 0.0000
2021-05-20 19:22:15,640 - classify.py[line:184] - INFO: Epoch 15, toal_loss 62.6702, aver loss 0.0653, train accuracy 0.6097, train auc 0.0000, test accuracy 0.6600, test auc 0.0000
2021-05-20 19:22:16,696 - classify.py[line:184] - INFO: Epoch 16, toal_loss 61.4575, aver loss 0.0603, train accuracy 0.6257, train auc 0.0000, test accuracy 0.6760, test auc 0.0000
2021-05-20 19:22:17,699 - classify.py[line:184] - INFO: Epoch 17, toal_loss 60.6763, aver loss 0.0562, train accuracy 0.6261, train auc 0.0000, test accuracy 0.6580, test auc 0.0000
2021-05-20 19:22:18,543 - classify.py[line:184] - INFO: Epoch 18, toal_loss 59.9365, aver loss 0.0526, train accuracy 0.6266, train auc 0.0000, test accuracy 0.6500, test auc 0.0000
2021-05-20 19:22:19,286 - classify.py[line:184] - INFO: Epoch 19, toal_loss 58.9238, aver loss 0.0491, train accuracy 0.6408, train auc 0.0000, test accuracy 0.6580, test auc 0.0000
2021-05-20 19:22:20,031 - classify.py[line:184] - INFO: Epoch 20, toal_loss 58.3274, aver loss 0.0463, train accuracy 0.6360, train auc 0.0000, test accuracy 0.6700, test auc 0.0000
2021-05-20 19:22:20,779 - classify.py[line:184] - INFO: Epoch 21, toal_loss 57.7770, aver loss 0.0438, train accuracy 0.6452, train auc 0.0000, test accuracy 0.6300, test auc 0.0000
2021-05-20 19:22:21,496 - classify.py[line:184] - INFO: Epoch 22, toal_loss 57.5363, aver loss 0.0417, train accuracy 0.6438, train auc 0.0000, test accuracy 0.6480, test auc 0.0000
2021-05-20 19:22:22,216 - classify.py[line:184] - INFO: Epoch 23, toal_loss 56.9560, aver loss 0.0396, train accuracy 0.6341, train auc 0.0000, test accuracy 0.6380, test auc 0.0000
2021-05-20 19:22:22,937 - classify.py[line:184] - INFO: Epoch 24, toal_loss 56.4980, aver loss 0.0377, train accuracy 0.6523, train auc 0.0000, test accuracy 0.6880, test auc 0.0000
2021-05-20 19:22:23,679 - classify.py[line:184] - INFO: Epoch 25, toal_loss 56.2093, aver loss 0.0360, train accuracy 0.6512, train auc 0.0000, test accuracy 0.6440, test auc 0.0000
2021-05-20 19:22:24,422 - classify.py[line:184] - INFO: Epoch 26, toal_loss 55.2007, aver loss 0.0341, train accuracy 0.6538, train auc 0.0000, test accuracy 0.6800, test auc 0.0000
2021-05-20 19:22:25,141 - classify.py[line:184] - INFO: Epoch 27, toal_loss 55.3173, aver loss 0.0329, train accuracy 0.6595, train auc 0.0000, test accuracy 0.6960, test auc 0.0000
2021-05-20 19:22:25,853 - classify.py[line:184] - INFO: Epoch 28, toal_loss 54.5235, aver loss 0.0313, train accuracy 0.6551, train auc 0.0000, test accuracy 0.6820, test auc 0.0000
2021-05-20 19:22:26,584 - classify.py[line:184] - INFO: Epoch 29, toal_loss 54.2144, aver loss 0.0301, train accuracy 0.6520, train auc 0.0000, test accuracy 0.6740, test auc 0.0000
2021-05-20 19:22:26,752 - classify.py[line:134] - INFO: {'word_embedding_dimension': 300, 'Epoch1': 5, 'Epoch2': 30, 'dropout': 0.1, 'label_num': 6, 'learning_rate1': 1e-05, 'learning_rate2': 0.0001, 'batch_size': 64, 'cuda': 1, 'negSampleNum': 3, 'poSampleNum': 1, 'max_bound': 1, 'kernel_sizes': [3, 4, 5], 'hidden_size': 256, 'hidden_layers': 1, 'bidirectional': True}
2021-05-20 19:22:26,754 - classify.py[line:140] - INFO: before training: 0.018000001087784767
2021-05-20 19:22:26,754 - classify.py[line:154] - INFO: ...start training...
2021-05-20 19:22:27,577 - classify.py[line:184] - INFO: Epoch 0, toal_loss 120.5373, aver loss 1.7469, train accuracy 0.2286, train auc 0.0000, test accuracy 0.3620, test auc 0.0000
2021-05-20 19:22:28,408 - classify.py[line:184] - INFO: Epoch 1, toal_loss 107.9041, aver loss 0.7819, train accuracy 0.4290, train auc 0.0000, test accuracy 0.5180, test auc 0.0000
2021-05-20 19:22:29,228 - classify.py[line:184] - INFO: Epoch 2, toal_loss 100.6327, aver loss 0.4861, train accuracy 0.4881, train auc 0.0000, test accuracy 0.5320, test auc 0.0000
2021-05-20 19:22:30,048 - classify.py[line:184] - INFO: Epoch 3, toal_loss 94.1915, aver loss 0.3413, train accuracy 0.5126, train auc 0.0000, test accuracy 0.5620, test auc 0.0000
2021-05-20 19:22:30,875 - classify.py[line:184] - INFO: Epoch 4, toal_loss 88.7602, aver loss 0.2573, train accuracy 0.5427, train auc 0.0000, test accuracy 0.5940, test auc 0.0000
2021-05-20 19:22:31,704 - classify.py[line:184] - INFO: Epoch 5, toal_loss 84.9991, aver loss 0.2053, train accuracy 0.5604, train auc 0.0000, test accuracy 0.5840, test auc 0.0000
2021-05-20 19:22:32,544 - classify.py[line:184] - INFO: Epoch 6, toal_loss 81.4068, aver loss 0.1685, train accuracy 0.5758, train auc 0.0000, test accuracy 0.6240, test auc 0.0000
2021-05-20 19:22:33,378 - classify.py[line:184] - INFO: Epoch 7, toal_loss 79.3350, aver loss 0.1437, train accuracy 0.5822, train auc 0.0000, test accuracy 0.6480, test auc 0.0000
2021-05-20 19:22:34,223 - classify.py[line:184] - INFO: Epoch 8, toal_loss 76.8221, aver loss 0.1237, train accuracy 0.5903, train auc 0.0000, test accuracy 0.6380, test auc 0.0000
2021-05-20 19:22:35,064 - classify.py[line:184] - INFO: Epoch 9, toal_loss 75.5741, aver loss 0.1095, train accuracy 0.6048, train auc 0.0000, test accuracy 0.6380, test auc 0.0000
2021-05-20 19:22:35,941 - classify.py[line:184] - INFO: Epoch 10, toal_loss 73.7631, aver loss 0.0972, train accuracy 0.6146, train auc 0.0000, test accuracy 0.6600, test auc 0.0000
2021-05-20 19:22:36,781 - classify.py[line:184] - INFO: Epoch 11, toal_loss 72.2119, aver loss 0.0872, train accuracy 0.6107, train auc 0.0000, test accuracy 0.6580, test auc 0.0000
2021-05-20 19:22:37,623 - classify.py[line:184] - INFO: Epoch 12, toal_loss 71.6145, aver loss 0.0798, train accuracy 0.6207, train auc 0.0000, test accuracy 0.6760, test auc 0.0000
2021-05-20 19:22:38,459 - classify.py[line:184] - INFO: Epoch 13, toal_loss 69.7717, aver loss 0.0722, train accuracy 0.6267, train auc 0.0000, test accuracy 0.6480, test auc 0.0000
2021-05-20 19:22:39,319 - classify.py[line:184] - INFO: Epoch 14, toal_loss 68.6147, aver loss 0.0663, train accuracy 0.6311, train auc 0.0000, test accuracy 0.6680, test auc 0.0000
2021-05-20 19:22:40,164 - classify.py[line:184] - INFO: Epoch 15, toal_loss 67.8518, aver loss 0.0615, train accuracy 0.6376, train auc 0.0000, test accuracy 0.6900, test auc 0.0000
2021-05-20 19:22:40,961 - classify.py[line:184] - INFO: Epoch 16, toal_loss 67.2390, aver loss 0.0573, train accuracy 0.6356, train auc 0.0000, test accuracy 0.6880, test auc 0.0000
2021-05-20 19:22:41,780 - classify.py[line:184] - INFO: Epoch 17, toal_loss 66.3723, aver loss 0.0534, train accuracy 0.6353, train auc 0.0000, test accuracy 0.6680, test auc 0.0000
2021-05-20 19:22:42,615 - classify.py[line:184] - INFO: Epoch 18, toal_loss 65.9091, aver loss 0.0503, train accuracy 0.6333, train auc 0.0000, test accuracy 0.6780, test auc 0.0000
2021-05-20 19:22:43,476 - classify.py[line:184] - INFO: Epoch 19, toal_loss 64.8076, aver loss 0.0470, train accuracy 0.6497, train auc 0.0000, test accuracy 0.6920, test auc 0.0000
2021-05-20 19:22:44,329 - classify.py[line:184] - INFO: Epoch 20, toal_loss 64.2349, aver loss 0.0443, train accuracy 0.6508, train auc 0.0000, test accuracy 0.6720, test auc 0.0000
2021-05-20 19:22:45,120 - classify.py[line:184] - INFO: Epoch 21, toal_loss 64.1213, aver loss 0.0422, train accuracy 0.6541, train auc 0.0000, test accuracy 0.6980, test auc 0.0000
2021-05-20 19:22:45,949 - classify.py[line:184] - INFO: Epoch 22, toal_loss 63.8219, aver loss 0.0402, train accuracy 0.6575, train auc 0.0000, test accuracy 0.6760, test auc 0.0000
2021-05-20 19:22:46,741 - classify.py[line:184] - INFO: Epoch 23, toal_loss 62.5220, aver loss 0.0378, train accuracy 0.6514, train auc 0.0000, test accuracy 0.6940, test auc 0.0000
2021-05-20 19:22:47,590 - classify.py[line:184] - INFO: Epoch 24, toal_loss 62.2389, aver loss 0.0361, train accuracy 0.6519, train auc 0.0000, test accuracy 0.7000, test auc 0.0000
2021-05-20 19:22:48,444 - classify.py[line:184] - INFO: Epoch 25, toal_loss 61.9749, aver loss 0.0345, train accuracy 0.6596, train auc 0.0000, test accuracy 0.6960, test auc 0.0000
2021-05-20 19:22:49,273 - classify.py[line:184] - INFO: Epoch 26, toal_loss 61.0922, aver loss 0.0328, train accuracy 0.6523, train auc 0.0000, test accuracy 0.7040, test auc 0.0000
2021-05-20 19:22:50,126 - classify.py[line:184] - INFO: Epoch 27, toal_loss 61.0815, aver loss 0.0316, train accuracy 0.6540, train auc 0.0000, test accuracy 0.6820, test auc 0.0000
2021-05-20 19:22:50,948 - classify.py[line:184] - INFO: Epoch 28, toal_loss 59.8131, aver loss 0.0299, train accuracy 0.6605, train auc 0.0000, test accuracy 0.6940, test auc 0.0000
2021-05-20 19:22:51,753 - classify.py[line:184] - INFO: Epoch 29, toal_loss 60.1927, aver loss 0.0291, train accuracy 0.6526, train auc 0.0000, test accuracy 0.7060, test auc 0.0000
2021-05-20 19:22:51,924 - classify.py[line:134] - INFO: {'word_embedding_dimension': 300, 'Epoch1': 5, 'Epoch2': 30, 'dropout': 0.1, 'label_num': 6, 'learning_rate1': 1e-05, 'learning_rate2': 0.0001, 'batch_size': 64, 'cuda': 1, 'negSampleNum': 3, 'poSampleNum': 1, 'max_bound': 1, 'kernel_sizes': [3, 4, 5], 'hidden_size': 256, 'hidden_layers': 1, 'bidirectional': True}
2021-05-20 19:22:51,925 - classify.py[line:140] - INFO: before training: 0.27800002694129944
2021-05-20 19:22:51,926 - classify.py[line:154] - INFO: ...start training...
2021-05-20 19:22:52,859 - classify.py[line:184] - INFO: Epoch 0, toal_loss 126.2690, aver loss 1.6399, train accuracy 0.3307, train auc 0.0000, test accuracy 0.4180, test auc 0.0000
2021-05-20 19:22:53,817 - classify.py[line:184] - INFO: Epoch 1, toal_loss 112.1014, aver loss 0.7279, train accuracy 0.4389, train auc 0.0000, test accuracy 0.4460, test auc 0.0000
2021-05-20 19:22:54,737 - classify.py[line:184] - INFO: Epoch 2, toal_loss 103.4150, aver loss 0.4477, train accuracy 0.4796, train auc 0.0000, test accuracy 0.4960, test auc 0.0000
2021-05-20 19:22:55,673 - classify.py[line:184] - INFO: Epoch 3, toal_loss 98.4070, aver loss 0.3195, train accuracy 0.5129, train auc 0.0000, test accuracy 0.5160, test auc 0.0000
2021-05-20 19:22:56,573 - classify.py[line:184] - INFO: Epoch 4, toal_loss 94.2216, aver loss 0.2447, train accuracy 0.5310, train auc 0.0000, test accuracy 0.5540, test auc 0.0000
2021-05-20 19:22:57,499 - classify.py[line:184] - INFO: Epoch 5, toal_loss 91.9836, aver loss 0.1991, train accuracy 0.5565, train auc 0.0000, test accuracy 0.5780, test auc 0.0000
2021-05-20 19:22:58,469 - classify.py[line:184] - INFO: Epoch 6, toal_loss 88.7127, aver loss 0.1646, train accuracy 0.5813, train auc 0.0000, test accuracy 0.6000, test auc 0.0000
2021-05-20 19:22:59,394 - classify.py[line:184] - INFO: Epoch 7, toal_loss 87.2123, aver loss 0.1416, train accuracy 0.5824, train auc 0.0000, test accuracy 0.6260, test auc 0.0000
2021-05-20 19:23:00,379 - classify.py[line:184] - INFO: Epoch 8, toal_loss 84.9942, aver loss 0.1226, train accuracy 0.5980, train auc 0.0000, test accuracy 0.6300, test auc 0.0000
2021-05-20 19:23:01,535 - classify.py[line:184] - INFO: Epoch 9, toal_loss 82.6284, aver loss 0.1073, train accuracy 0.6011, train auc 0.0000, test accuracy 0.6420, test auc 0.0000
2021-05-20 19:23:02,814 - classify.py[line:184] - INFO: Epoch 10, toal_loss 82.3347, aver loss 0.0972, train accuracy 0.6084, train auc 0.0000, test accuracy 0.6360, test auc 0.0000
2021-05-20 19:23:04,014 - classify.py[line:184] - INFO: Epoch 11, toal_loss 79.7624, aver loss 0.0863, train accuracy 0.6223, train auc 0.0000, test accuracy 0.6860, test auc 0.0000
2021-05-20 19:23:04,935 - classify.py[line:184] - INFO: Epoch 12, toal_loss 78.2174, aver loss 0.0781, train accuracy 0.6217, train auc 0.0000, test accuracy 0.6540, test auc 0.0000
2021-05-20 19:23:05,973 - classify.py[line:184] - INFO: Epoch 13, toal_loss 78.3381, aver loss 0.0727, train accuracy 0.6324, train auc 0.0000, test accuracy 0.6800, test auc 0.0000
2021-05-20 19:23:07,355 - classify.py[line:184] - INFO: Epoch 14, toal_loss 76.7821, aver loss 0.0665, train accuracy 0.6360, train auc 0.0000, test accuracy 0.6800, test auc 0.0000
2021-05-20 19:23:08,617 - classify.py[line:184] - INFO: Epoch 15, toal_loss 75.3324, aver loss 0.0611, train accuracy 0.6394, train auc 0.0000, test accuracy 0.6800, test auc 0.0000
2021-05-20 19:23:09,921 - classify.py[line:184] - INFO: Epoch 16, toal_loss 75.9966, aver loss 0.0581, train accuracy 0.6393, train auc 0.0000, test accuracy 0.6780, test auc 0.0000
2021-05-20 19:23:10,924 - classify.py[line:184] - INFO: Epoch 17, toal_loss 74.3495, aver loss 0.0536, train accuracy 0.6415, train auc 0.0000, test accuracy 0.6880, test auc 0.0000
2021-05-20 19:23:11,847 - classify.py[line:184] - INFO: Epoch 18, toal_loss 73.8712, aver loss 0.0505, train accuracy 0.6490, train auc 0.0000, test accuracy 0.7020, test auc 0.0000
2021-05-20 19:23:12,805 - classify.py[line:184] - INFO: Epoch 19, toal_loss 73.2557, aver loss 0.0476, train accuracy 0.6434, train auc 0.0000, test accuracy 0.6920, test auc 0.0000
2021-05-20 19:23:13,734 - classify.py[line:184] - INFO: Epoch 20, toal_loss 71.4925, aver loss 0.0442, train accuracy 0.6514, train auc 0.0000, test accuracy 0.6920, test auc 0.0000
2021-05-20 19:23:14,681 - classify.py[line:184] - INFO: Epoch 21, toal_loss 71.3299, aver loss 0.0421, train accuracy 0.6495, train auc 0.0000, test accuracy 0.7020, test auc 0.0000
2021-05-20 19:23:15,593 - classify.py[line:184] - INFO: Epoch 22, toal_loss 70.4168, aver loss 0.0398, train accuracy 0.6583, train auc 0.0000, test accuracy 0.7200, test auc 0.0000
2021-05-20 19:23:16,532 - classify.py[line:184] - INFO: Epoch 23, toal_loss 69.4745, aver loss 0.0376, train accuracy 0.6546, train auc 0.0000, test accuracy 0.6860, test auc 0.0000
2021-05-20 19:23:17,454 - classify.py[line:184] - INFO: Epoch 24, toal_loss 70.2711, aver loss 0.0365, train accuracy 0.6563, train auc 0.0000, test accuracy 0.7000, test auc 0.0000
2021-05-20 19:23:18,426 - classify.py[line:184] - INFO: Epoch 25, toal_loss 69.2460, aver loss 0.0346, train accuracy 0.6624, train auc 0.0000, test accuracy 0.7180, test auc 0.0000
2021-05-20 19:23:19,348 - classify.py[line:184] - INFO: Epoch 26, toal_loss 69.4176, aver loss 0.0334, train accuracy 0.6657, train auc 0.0000, test accuracy 0.7080, test auc 0.0000
2021-05-20 19:23:20,269 - classify.py[line:184] - INFO: Epoch 27, toal_loss 68.4228, aver loss 0.0317, train accuracy 0.6676, train auc 0.0000, test accuracy 0.7100, test auc 0.0000
2021-05-20 19:23:21,233 - classify.py[line:184] - INFO: Epoch 28, toal_loss 68.2277, aver loss 0.0306, train accuracy 0.6627, train auc 0.0000, test accuracy 0.7120, test auc 0.0000
2021-05-20 19:23:22,167 - classify.py[line:184] - INFO: Epoch 29, toal_loss 67.4255, aver loss 0.0292, train accuracy 0.6661, train auc 0.0000, test accuracy 0.7200, test auc 0.0000
2021-05-20 19:23:22,323 - classify.py[line:134] - INFO: {'word_embedding_dimension': 300, 'Epoch1': 5, 'Epoch2': 30, 'dropout': 0.1, 'label_num': 6, 'learning_rate1': 1e-05, 'learning_rate2': 0.0001, 'batch_size': 64, 'cuda': 1, 'negSampleNum': 3, 'poSampleNum': 1, 'max_bound': 1, 'kernel_sizes': [3, 4, 5], 'hidden_size': 256, 'hidden_layers': 1, 'bidirectional': True}
2021-05-20 19:23:22,324 - classify.py[line:140] - INFO: before training: 0.12200000882148743
2021-05-20 19:23:22,325 - classify.py[line:154] - INFO: ...start training...
2021-05-20 19:23:23,367 - classify.py[line:184] - INFO: Epoch 0, toal_loss 140.2062, aver loss 1.6303, train accuracy 0.2898, train auc 0.0000, test accuracy 0.2560, test auc 0.0000
2021-05-20 19:23:24,661 - classify.py[line:184] - INFO: Epoch 1, toal_loss 125.2457, aver loss 0.7282, train accuracy 0.3987, train auc 0.0000, test accuracy 0.4560, test auc 0.0000
2021-05-20 19:23:26,101 - classify.py[line:184] - INFO: Epoch 2, toal_loss 117.0872, aver loss 0.4538, train accuracy 0.4697, train auc 0.0000, test accuracy 0.4780, test auc 0.0000
2021-05-20 19:23:27,279 - classify.py[line:184] - INFO: Epoch 3, toal_loss 111.4763, aver loss 0.3241, train accuracy 0.5127, train auc 0.0000, test accuracy 0.5240, test auc 0.0000
2021-05-20 19:23:28,539 - classify.py[line:184] - INFO: Epoch 4, toal_loss 107.7753, aver loss 0.2506, train accuracy 0.5291, train auc 0.0000, test accuracy 0.5220, test auc 0.0000
2021-05-20 19:23:29,974 - classify.py[line:184] - INFO: Epoch 5, toal_loss 102.9862, aver loss 0.1996, train accuracy 0.5483, train auc 0.0000, test accuracy 0.5520, test auc 0.0000
2021-05-20 19:23:31,398 - classify.py[line:184] - INFO: Epoch 6, toal_loss 99.5461, aver loss 0.1654, train accuracy 0.5598, train auc 0.0000, test accuracy 0.5740, test auc 0.0000
2021-05-20 19:23:32,439 - classify.py[line:184] - INFO: Epoch 7, toal_loss 96.6335, aver loss 0.1405, train accuracy 0.5753, train auc 0.0000, test accuracy 0.5580, test auc 0.0000
2021-05-20 19:23:33,507 - classify.py[line:184] - INFO: Epoch 8, toal_loss 93.3831, aver loss 0.1206, train accuracy 0.6020, train auc 0.0000, test accuracy 0.6120, test auc 0.0000
2021-05-20 19:23:34,559 - classify.py[line:184] - INFO: Epoch 9, toal_loss 91.7694, aver loss 0.1067, train accuracy 0.6087, train auc 0.0000, test accuracy 0.6100, test auc 0.0000
2021-05-20 19:23:35,604 - classify.py[line:184] - INFO: Epoch 10, toal_loss 90.1769, aver loss 0.0953, train accuracy 0.6084, train auc 0.0000, test accuracy 0.6020, test auc 0.0000
2021-05-20 19:23:36,689 - classify.py[line:184] - INFO: Epoch 11, toal_loss 88.9089, aver loss 0.0862, train accuracy 0.6116, train auc 0.0000, test accuracy 0.6160, test auc 0.0000
2021-05-20 19:23:37,740 - classify.py[line:184] - INFO: Epoch 12, toal_loss 87.0270, aver loss 0.0778, train accuracy 0.6186, train auc 0.0000, test accuracy 0.6540, test auc 0.0000
2021-05-20 19:23:38,806 - classify.py[line:184] - INFO: Epoch 13, toal_loss 85.6425, aver loss 0.0711, train accuracy 0.6359, train auc 0.0000, test accuracy 0.6440, test auc 0.0000
2021-05-20 19:23:39,856 - classify.py[line:184] - INFO: Epoch 14, toal_loss 84.1525, aver loss 0.0652, train accuracy 0.6365, train auc 0.0000, test accuracy 0.6620, test auc 0.0000
2021-05-20 19:23:40,896 - classify.py[line:184] - INFO: Epoch 15, toal_loss 84.1010, aver loss 0.0611, train accuracy 0.6348, train auc 0.0000, test accuracy 0.6720, test auc 0.0000
2021-05-20 19:23:41,868 - classify.py[line:184] - INFO: Epoch 16, toal_loss 83.4388, aver loss 0.0571, train accuracy 0.6378, train auc 0.0000, test accuracy 0.6560, test auc 0.0000
2021-05-20 19:23:42,914 - classify.py[line:184] - INFO: Epoch 17, toal_loss 82.0673, aver loss 0.0530, train accuracy 0.6404, train auc 0.0000, test accuracy 0.6640, test auc 0.0000
2021-05-20 19:23:43,956 - classify.py[line:184] - INFO: Epoch 18, toal_loss 80.1720, aver loss 0.0491, train accuracy 0.6417, train auc 0.0000, test accuracy 0.6720, test auc 0.0000
2021-05-20 19:23:45,016 - classify.py[line:184] - INFO: Epoch 19, toal_loss 80.6605, aver loss 0.0469, train accuracy 0.6480, train auc 0.0000, test accuracy 0.6900, test auc 0.0000
2021-05-20 19:23:46,045 - classify.py[line:184] - INFO: Epoch 20, toal_loss 79.3271, aver loss 0.0439, train accuracy 0.6514, train auc 0.0000, test accuracy 0.6920, test auc 0.0000
2021-05-20 19:23:47,063 - classify.py[line:184] - INFO: Epoch 21, toal_loss 77.9192, aver loss 0.0412, train accuracy 0.6512, train auc 0.0000, test accuracy 0.6720, test auc 0.0000
2021-05-20 19:23:48,253 - classify.py[line:184] - INFO: Epoch 22, toal_loss 78.4866, aver loss 0.0397, train accuracy 0.6470, train auc 0.0000, test accuracy 0.6860, test auc 0.0000
2021-05-20 19:23:49,322 - classify.py[line:184] - INFO: Epoch 23, toal_loss 77.5334, aver loss 0.0376, train accuracy 0.6449, train auc 0.0000, test accuracy 0.6920, test auc 0.0000
2021-05-20 19:23:50,340 - classify.py[line:184] - INFO: Epoch 24, toal_loss 77.1004, aver loss 0.0359, train accuracy 0.6556, train auc 0.0000, test accuracy 0.6860, test auc 0.0000
2021-05-20 19:23:51,431 - classify.py[line:184] - INFO: Epoch 25, toal_loss 76.4775, aver loss 0.0342, train accuracy 0.6569, train auc 0.0000, test accuracy 0.7000, test auc 0.0000
2021-05-20 19:23:52,464 - classify.py[line:184] - INFO: Epoch 26, toal_loss 75.6911, aver loss 0.0326, train accuracy 0.6516, train auc 0.0000, test accuracy 0.6880, test auc 0.0000
2021-05-20 19:23:53,520 - classify.py[line:184] - INFO: Epoch 27, toal_loss 75.5019, aver loss 0.0314, train accuracy 0.6651, train auc 0.0000, test accuracy 0.6940, test auc 0.0000
2021-05-20 19:23:54,587 - classify.py[line:184] - INFO: Epoch 28, toal_loss 74.2089, aver loss 0.0298, train accuracy 0.6568, train auc 0.0000, test accuracy 0.6940, test auc 0.0000
2021-05-20 19:23:55,633 - classify.py[line:184] - INFO: Epoch 29, toal_loss 74.3086, aver loss 0.0288, train accuracy 0.6595, train auc 0.0000, test accuracy 0.7180, test auc 0.0000
