2021-05-17 14:42:15,791 - classify.py[line:68] - INFO: Namespace(batch_size=64, dataset='PC', epoch=80, gpu=1, l2=0.001, lr=0.001, modelname='TextCNN', modelnum=1, seed=2, use_aug=0)
2021-05-17 14:42:20,454 - classify.py[line:127] - INFO: {'word_embedding_dimension': 300, 'Epoch1': 5, 'Epoch2': 80, 'dropout': 0.1, 'label_num': 2, 'learning_rate1': 1e-05, 'learning_rate2': 0.001, 'batch_size': 64, 'cuda': 1, 'negSampleNum': 3, 'max_bound': 1, 'kernel_sizes': [3, 4, 5], 'hidden_size': 256, 'hidden_layers': 1, 'bidirectional': True}
2021-05-17 14:42:20,740 - classify.py[line:133] - INFO: before training: 0.5065082311630249
2021-05-17 14:42:20,741 - classify.py[line:145] - INFO: ...start training...
2021-05-17 14:42:27,172 - classify.py[line:173] - INFO: Epoch 0, toal_loss 169.0527, aver loss 0.2971, train accuracy 0.8755, test accuracy 0.8134
2021-05-17 14:42:37,196 - classify.py[line:173] - INFO: Epoch 1, toal_loss 146.1588, aver loss 0.1284, train accuracy 0.8934, test accuracy 0.8089
2021-05-17 14:42:47,085 - classify.py[line:173] - INFO: Epoch 2, toal_loss 140.1454, aver loss 0.0821, train accuracy 0.8991, test accuracy 0.8106
2021-05-17 14:42:54,924 - classify.py[line:173] - INFO: Epoch 3, toal_loss 135.5922, aver loss 0.0596, train accuracy 0.9030, test accuracy 0.8151
2021-05-17 14:43:00,593 - classify.py[line:173] - INFO: Epoch 4, toal_loss 132.8305, aver loss 0.0467, train accuracy 0.9065, test accuracy 0.8097
2021-05-17 14:43:06,440 - classify.py[line:173] - INFO: Epoch 5, toal_loss 130.9627, aver loss 0.0384, train accuracy 0.9060, test accuracy 0.8093
2021-05-17 14:43:12,209 - classify.py[line:173] - INFO: Epoch 6, toal_loss 129.0183, aver loss 0.0324, train accuracy 0.9075, test accuracy 0.8061
2021-05-17 14:43:18,022 - classify.py[line:173] - INFO: Epoch 7, toal_loss 127.6202, aver loss 0.0280, train accuracy 0.9091, test accuracy 0.8120
2021-05-17 14:43:24,003 - classify.py[line:173] - INFO: Epoch 8, toal_loss 125.6546, aver loss 0.0245, train accuracy 0.9100, test accuracy 0.8058
2021-05-17 14:43:29,892 - classify.py[line:173] - INFO: Epoch 9, toal_loss 125.6439, aver loss 0.0221, train accuracy 0.9107, test accuracy 0.8067
2021-05-17 14:43:35,738 - classify.py[line:173] - INFO: Epoch 10, toal_loss 125.1613, aver loss 0.0200, train accuracy 0.9104, test accuracy 0.8089
2021-05-17 14:43:41,583 - classify.py[line:173] - INFO: Epoch 11, toal_loss 124.2560, aver loss 0.0182, train accuracy 0.9109, test accuracy 0.8032
2021-05-17 14:43:47,426 - classify.py[line:173] - INFO: Epoch 12, toal_loss 123.4523, aver loss 0.0167, train accuracy 0.9125, test accuracy 0.8052
2021-05-17 14:43:53,282 - classify.py[line:173] - INFO: Epoch 13, toal_loss 123.5141, aver loss 0.0155, train accuracy 0.9128, test accuracy 0.8059
2021-05-17 14:43:59,023 - classify.py[line:173] - INFO: Epoch 14, toal_loss 122.4584, aver loss 0.0143, train accuracy 0.9123, test accuracy 0.8084
2021-05-17 14:44:04,710 - classify.py[line:173] - INFO: Epoch 15, toal_loss 121.0293, aver loss 0.0133, train accuracy 0.9121, test accuracy 0.8062
2021-05-17 14:44:10,500 - classify.py[line:173] - INFO: Epoch 16, toal_loss 122.2447, aver loss 0.0126, train accuracy 0.9128, test accuracy 0.8084
2021-05-17 14:44:16,243 - classify.py[line:173] - INFO: Epoch 17, toal_loss 121.0246, aver loss 0.0118, train accuracy 0.9145, test accuracy 0.8037
2021-05-17 14:44:22,057 - classify.py[line:173] - INFO: Epoch 18, toal_loss 120.5200, aver loss 0.0111, train accuracy 0.9136, test accuracy 0.8043
2021-05-17 14:44:27,697 - classify.py[line:173] - INFO: Epoch 19, toal_loss 120.1024, aver loss 0.0106, train accuracy 0.9147, test accuracy 0.8023
2021-05-17 14:44:33,374 - classify.py[line:173] - INFO: Epoch 20, toal_loss 120.0869, aver loss 0.0100, train accuracy 0.9133, test accuracy 0.8032
2021-05-17 14:44:39,203 - classify.py[line:173] - INFO: Epoch 21, toal_loss 119.5110, aver loss 0.0095, train accuracy 0.9148, test accuracy 0.8066
2021-05-17 14:44:45,092 - classify.py[line:173] - INFO: Epoch 22, toal_loss 120.3339, aver loss 0.0092, train accuracy 0.9151, test accuracy 0.8038
2021-05-17 14:44:50,678 - classify.py[line:173] - INFO: Epoch 23, toal_loss 120.5179, aver loss 0.0088, train accuracy 0.9141, test accuracy 0.8055
2021-05-17 14:44:56,372 - classify.py[line:173] - INFO: Epoch 24, toal_loss 118.9843, aver loss 0.0084, train accuracy 0.9155, test accuracy 0.8042
2021-05-17 14:45:02,103 - classify.py[line:173] - INFO: Epoch 25, toal_loss 119.3278, aver loss 0.0081, train accuracy 0.9153, test accuracy 0.8008
2021-05-17 14:45:07,725 - classify.py[line:173] - INFO: Epoch 26, toal_loss 118.5905, aver loss 0.0077, train accuracy 0.9150, test accuracy 0.7998
2021-05-17 14:45:13,524 - classify.py[line:173] - INFO: Epoch 27, toal_loss 118.3549, aver loss 0.0074, train accuracy 0.9153, test accuracy 0.8020
2021-05-17 14:45:19,290 - classify.py[line:173] - INFO: Epoch 28, toal_loss 118.8866, aver loss 0.0072, train accuracy 0.9173, test accuracy 0.8033
2021-05-17 14:45:24,938 - classify.py[line:173] - INFO: Epoch 29, toal_loss 117.4640, aver loss 0.0069, train accuracy 0.9166, test accuracy 0.7989
2021-05-17 14:45:30,782 - classify.py[line:173] - INFO: Epoch 30, toal_loss 118.1492, aver loss 0.0067, train accuracy 0.9158, test accuracy 0.7999
2021-05-17 14:45:36,687 - classify.py[line:173] - INFO: Epoch 31, toal_loss 116.8749, aver loss 0.0064, train accuracy 0.9166, test accuracy 0.8023
2021-05-17 14:45:42,460 - classify.py[line:173] - INFO: Epoch 32, toal_loss 117.6882, aver loss 0.0063, train accuracy 0.9177, test accuracy 0.8003
2021-05-17 14:45:48,183 - classify.py[line:173] - INFO: Epoch 33, toal_loss 117.6982, aver loss 0.0061, train accuracy 0.9172, test accuracy 0.7986
2021-05-17 14:45:53,955 - classify.py[line:173] - INFO: Epoch 34, toal_loss 116.5303, aver loss 0.0059, train accuracy 0.9154, test accuracy 0.8044
2021-05-17 14:45:59,776 - classify.py[line:173] - INFO: Epoch 35, toal_loss 115.5645, aver loss 0.0056, train accuracy 0.9167, test accuracy 0.8008
2021-05-17 14:46:05,511 - classify.py[line:173] - INFO: Epoch 36, toal_loss 117.0416, aver loss 0.0056, train accuracy 0.9182, test accuracy 0.7949
2021-05-17 14:46:11,139 - classify.py[line:173] - INFO: Epoch 37, toal_loss 116.4936, aver loss 0.0054, train accuracy 0.9179, test accuracy 0.8023
2021-05-17 14:46:16,941 - classify.py[line:173] - INFO: Epoch 38, toal_loss 117.2742, aver loss 0.0053, train accuracy 0.9178, test accuracy 0.7965
2021-05-17 14:46:22,745 - classify.py[line:173] - INFO: Epoch 39, toal_loss 115.4474, aver loss 0.0051, train accuracy 0.9180, test accuracy 0.7973
2021-05-17 14:46:28,514 - classify.py[line:173] - INFO: Epoch 40, toal_loss 116.7662, aver loss 0.0050, train accuracy 0.9174, test accuracy 0.8008
2021-05-17 14:46:34,301 - classify.py[line:173] - INFO: Epoch 41, toal_loss 115.1842, aver loss 0.0048, train accuracy 0.9173, test accuracy 0.7977
2021-05-17 14:46:39,960 - classify.py[line:173] - INFO: Epoch 42, toal_loss 116.5068, aver loss 0.0048, train accuracy 0.9173, test accuracy 0.7999
2021-05-17 14:46:45,691 - classify.py[line:173] - INFO: Epoch 43, toal_loss 115.9568, aver loss 0.0046, train accuracy 0.9174, test accuracy 0.8007
2021-05-17 14:46:51,550 - classify.py[line:173] - INFO: Epoch 44, toal_loss 115.1989, aver loss 0.0045, train accuracy 0.9182, test accuracy 0.7993
2021-05-17 14:46:57,301 - classify.py[line:173] - INFO: Epoch 45, toal_loss 115.4255, aver loss 0.0044, train accuracy 0.9181, test accuracy 0.7990
2021-05-17 14:47:03,130 - classify.py[line:173] - INFO: Epoch 46, toal_loss 116.3183, aver loss 0.0043, train accuracy 0.9177, test accuracy 0.8000
2021-05-17 14:47:08,668 - classify.py[line:173] - INFO: Epoch 47, toal_loss 115.4515, aver loss 0.0042, train accuracy 0.9167, test accuracy 0.8015
2021-05-17 14:47:14,406 - classify.py[line:173] - INFO: Epoch 48, toal_loss 115.3279, aver loss 0.0041, train accuracy 0.9177, test accuracy 0.7991
2021-05-17 14:47:20,299 - classify.py[line:173] - INFO: Epoch 49, toal_loss 115.2249, aver loss 0.0041, train accuracy 0.9191, test accuracy 0.7982
2021-05-17 14:47:25,882 - classify.py[line:173] - INFO: Epoch 50, toal_loss 115.1668, aver loss 0.0040, train accuracy 0.9187, test accuracy 0.8062
2021-05-17 14:47:31,622 - classify.py[line:173] - INFO: Epoch 51, toal_loss 114.6281, aver loss 0.0039, train accuracy 0.9189, test accuracy 0.8002
2021-05-17 14:47:37,367 - classify.py[line:173] - INFO: Epoch 52, toal_loss 115.6750, aver loss 0.0038, train accuracy 0.9181, test accuracy 0.7998
2021-05-17 14:47:43,119 - classify.py[line:173] - INFO: Epoch 53, toal_loss 115.6775, aver loss 0.0038, train accuracy 0.9181, test accuracy 0.8035
2021-05-17 14:47:48,831 - classify.py[line:173] - INFO: Epoch 54, toal_loss 114.7715, aver loss 0.0037, train accuracy 0.9189, test accuracy 0.8018
2021-05-17 14:47:54,567 - classify.py[line:173] - INFO: Epoch 55, toal_loss 115.1070, aver loss 0.0036, train accuracy 0.9180, test accuracy 0.8036
2021-05-17 14:48:00,395 - classify.py[line:173] - INFO: Epoch 56, toal_loss 114.8057, aver loss 0.0035, train accuracy 0.9186, test accuracy 0.8000
2021-05-17 14:48:05,967 - classify.py[line:173] - INFO: Epoch 57, toal_loss 115.2014, aver loss 0.0035, train accuracy 0.9168, test accuracy 0.8048
2021-05-17 14:48:11,788 - classify.py[line:173] - INFO: Epoch 58, toal_loss 114.8335, aver loss 0.0034, train accuracy 0.9204, test accuracy 0.8002
2021-05-17 14:48:17,570 - classify.py[line:173] - INFO: Epoch 59, toal_loss 115.0714, aver loss 0.0034, train accuracy 0.9187, test accuracy 0.8023
2021-05-17 14:48:23,225 - classify.py[line:173] - INFO: Epoch 60, toal_loss 114.4302, aver loss 0.0033, train accuracy 0.9190, test accuracy 0.8009
2021-05-17 14:48:29,047 - classify.py[line:173] - INFO: Epoch 61, toal_loss 115.4613, aver loss 0.0033, train accuracy 0.9191, test accuracy 0.7974
2021-05-17 14:48:34,914 - classify.py[line:173] - INFO: Epoch 62, toal_loss 114.8434, aver loss 0.0032, train accuracy 0.9186, test accuracy 0.8048
2021-05-17 14:48:40,760 - classify.py[line:173] - INFO: Epoch 63, toal_loss 113.0892, aver loss 0.0031, train accuracy 0.9200, test accuracy 0.8017
2021-05-17 14:48:46,573 - classify.py[line:173] - INFO: Epoch 64, toal_loss 113.9909, aver loss 0.0031, train accuracy 0.9193, test accuracy 0.7992
2021-05-17 14:48:52,373 - classify.py[line:173] - INFO: Epoch 65, toal_loss 114.8872, aver loss 0.0031, train accuracy 0.9201, test accuracy 0.8024
2021-05-17 14:48:58,042 - classify.py[line:173] - INFO: Epoch 66, toal_loss 113.2425, aver loss 0.0030, train accuracy 0.9192, test accuracy 0.8053
2021-05-17 14:49:03,891 - classify.py[line:173] - INFO: Epoch 67, toal_loss 113.5657, aver loss 0.0029, train accuracy 0.9174, test accuracy 0.8051
2021-05-17 14:49:09,652 - classify.py[line:173] - INFO: Epoch 68, toal_loss 114.2653, aver loss 0.0029, train accuracy 0.9192, test accuracy 0.8016
2021-05-17 14:49:15,519 - classify.py[line:173] - INFO: Epoch 69, toal_loss 114.0349, aver loss 0.0029, train accuracy 0.9190, test accuracy 0.8015
2021-05-17 14:49:21,270 - classify.py[line:173] - INFO: Epoch 70, toal_loss 114.8070, aver loss 0.0028, train accuracy 0.9182, test accuracy 0.7989
2021-05-17 14:49:27,004 - classify.py[line:173] - INFO: Epoch 71, toal_loss 114.4616, aver loss 0.0028, train accuracy 0.9198, test accuracy 0.7998
2021-05-17 14:49:32,824 - classify.py[line:173] - INFO: Epoch 72, toal_loss 112.7942, aver loss 0.0027, train accuracy 0.9193, test accuracy 0.7986
2021-05-17 14:49:38,660 - classify.py[line:173] - INFO: Epoch 73, toal_loss 115.1164, aver loss 0.0027, train accuracy 0.9193, test accuracy 0.8061
2021-05-17 14:49:44,535 - classify.py[line:173] - INFO: Epoch 74, toal_loss 113.7151, aver loss 0.0027, train accuracy 0.9198, test accuracy 0.7984
2021-05-17 14:49:50,269 - classify.py[line:173] - INFO: Epoch 75, toal_loss 114.5715, aver loss 0.0026, train accuracy 0.9199, test accuracy 0.7973
2021-05-17 14:49:56,050 - classify.py[line:173] - INFO: Epoch 76, toal_loss 113.7301, aver loss 0.0026, train accuracy 0.9191, test accuracy 0.7988
2021-05-17 14:50:01,726 - classify.py[line:173] - INFO: Epoch 77, toal_loss 112.8551, aver loss 0.0025, train accuracy 0.9178, test accuracy 0.7985
2021-05-17 14:50:07,666 - classify.py[line:173] - INFO: Epoch 78, toal_loss 113.9558, aver loss 0.0025, train accuracy 0.9201, test accuracy 0.8003
2021-05-17 14:50:13,444 - classify.py[line:173] - INFO: Epoch 79, toal_loss 113.5589, aver loss 0.0025, train accuracy 0.9191, test accuracy 0.8005
