2021-05-19 10:46:29,569 - train.py[line:65] - INFO: {'word_embedding_dimension': 300, 'Epoch1': 15, 'Epoch2': 10, 'dropout': 0.1, 'label_num': 6, 'learning_rate1': 0.0001, 'learning_rate2': 1e-05, 'batch_size': 64, 'cuda': True, 'negSampleNum': 8, 'poSampleNum': 1, 'max_bound': 0.8, 'kernel_sizes': [2, 3, 4, 5], 'hidden_size': 256, 'hidden_layers': 1, 'bidirectional': True}
2021-05-19 10:46:29,569 - train.py[line:66] - INFO: Namespace(bs=64, dataset='TREC', epoch=15, l2=0.001, lr=0.0001, maxbound=0.8, modelname='TextCNN', modelnum='0', negNum=8, posNum=1, resultnum=100, runmode='train', seed=2)
2021-05-19 10:46:29,836 - train.py[line:227] - INFO: train data loaded!
2021-05-19 10:46:32,806 - train.py[line:242] - INFO: ...start training...
2021-05-19 10:47:20,657 - train.py[line:165] - INFO: Epoch 0, 85 th batch, total loss: 19411.37, aver loss: 225.71, aver neg loss:   0.15, aver pos loss:   0.04, test acc:   0.27;     48 s elapsed
2021-05-19 10:48:45,918 - train.py[line:165] - INFO: Epoch 1, 85 th batch, total loss: 12819.60, aver loss: 149.07, aver neg loss:   0.32, aver pos loss:   0.06, test acc:   0.28;    133 s elapsed
2021-05-19 10:50:09,634 - train.py[line:165] - INFO: Epoch 2, 85 th batch, total loss: 10611.08, aver loss: 123.38, aver neg loss:   0.39, aver pos loss:   0.06, test acc:   0.28;    217 s elapsed
2021-05-19 10:51:09,563 - train.py[line:165] - INFO: Epoch 3, 85 th batch, total loss: 9160.78, aver loss: 106.52, aver neg loss:   0.45, aver pos loss:   0.07, test acc:   0.28;    277 s elapsed
2021-05-19 10:51:59,178 - train.py[line:165] - INFO: Epoch 4, 85 th batch, total loss: 7801.47, aver loss:  90.71, aver neg loss:   0.51, aver pos loss:   0.08, test acc:   0.28;    326 s elapsed
2021-05-19 10:53:18,729 - train.py[line:165] - INFO: Epoch 5, 85 th batch, total loss: 6795.69, aver loss:  79.02, aver neg loss:   0.57, aver pos loss:   0.09, test acc:   0.24;    406 s elapsed
2021-05-19 10:54:36,222 - train.py[line:165] - INFO: Epoch 6, 85 th batch, total loss: 6072.36, aver loss:  70.61, aver neg loss:   0.60, aver pos loss:   0.10, test acc:   0.15;    483 s elapsed
2021-05-19 10:55:34,673 - train.py[line:165] - INFO: Epoch 7, 85 th batch, total loss: 5500.56, aver loss:  63.96, aver neg loss:   0.64, aver pos loss:   0.10, test acc:   0.12;    542 s elapsed
2021-05-19 10:56:06,511 - train.py[line:165] - INFO: Epoch 8, 85 th batch, total loss: 5090.60, aver loss:  59.19, aver neg loss:   0.67, aver pos loss:   0.11, test acc:   0.10;    574 s elapsed
2021-05-19 10:57:20,106 - train.py[line:165] - INFO: Epoch 9, 85 th batch, total loss: 4822.78, aver loss:  56.08, aver neg loss:   0.69, aver pos loss:   0.12, test acc:   0.08;    647 s elapsed
2021-05-19 10:58:34,312 - train.py[line:165] - INFO: Epoch 10, 85 th batch, total loss: 4615.12, aver loss:  53.66, aver neg loss:   0.71, aver pos loss:   0.12, test acc:   0.09;    722 s elapsed
2021-05-19 10:59:48,923 - train.py[line:165] - INFO: Epoch 11, 85 th batch, total loss: 4375.70, aver loss:  50.88, aver neg loss:   0.73, aver pos loss:   0.12, test acc:   0.08;    796 s elapsed
2021-05-19 11:00:47,541 - train.py[line:165] - INFO: Epoch 12, 85 th batch, total loss: 4086.90, aver loss:  47.52, aver neg loss:   0.74, aver pos loss:   0.13, test acc:   0.08;    855 s elapsed
2021-05-19 11:01:45,619 - train.py[line:165] - INFO: Epoch 13, 85 th batch, total loss: 3783.21, aver loss:  43.99, aver neg loss:   0.76, aver pos loss:   0.15, test acc:   0.06;    913 s elapsed
2021-05-19 11:02:59,012 - train.py[line:165] - INFO: Epoch 14, 85 th batch, total loss: 3682.29, aver loss:  42.82, aver neg loss:   0.78, aver pos loss:   0.15, test acc:   0.07;    986 s elapsed
2021-05-19 11:02:59,017 - train.py[line:181] - INFO: model saved!
