2021-05-22 23:00:24,885 - classify.py[line:68] - INFO: Namespace(batch_size=64, dataset='IMDB', epoch=500, gpu=1, l2=0.0001, lr=0.0001, modelfilename='', modelname='TextCNN', modelnum=0, resultnum=131, seed=1, use_aug=0)
2021-05-22 23:00:38,706 - classify.py[line:134] - INFO: {'word_embedding_dimension': 300, 'Epoch1': 5, 'Epoch2': 500, 'dropout': 0.1, 'label_num': 2, 'learning_rate1': 1e-05, 'learning_rate2': 0.0001, 'batch_size': 64, 'cuda': 1, 'negSampleNum': 3, 'poSampleNum': 1, 'max_bound': 1, 'kernel_sizes': [3, 4, 5], 'hidden_size': 256, 'hidden_layers': 1, 'bidirectional': True}
2021-05-22 23:00:39,159 - classify.py[line:140] - INFO: before training: 0.499500036239624
2021-05-22 23:00:39,159 - classify.py[line:154] - INFO: ...start training...
2021-05-22 23:00:47,141 - classify.py[line:184] - INFO: Epoch 0, toal_loss 55.6425, aver loss 0.7043, train accuracy 0.5599, train auc 0.0000, test accuracy 0.6160, test auc 0.0000
2021-05-22 23:00:55,060 - classify.py[line:184] - INFO: Epoch 1, toal_loss 49.8939, aver loss 0.3158, train accuracy 0.6616, train auc 0.0000, test accuracy 0.6475, test auc 0.0000
2021-05-22 23:01:02,763 - classify.py[line:184] - INFO: Epoch 2, toal_loss 45.8466, aver loss 0.1934, train accuracy 0.6998, train auc 0.0000, test accuracy 0.7015, test auc 0.0000
2021-05-22 23:01:10,464 - classify.py[line:184] - INFO: Epoch 3, toal_loss 42.4741, aver loss 0.1344, train accuracy 0.7350, train auc 0.0000, test accuracy 0.7170, test auc 0.0000
2021-05-22 23:01:18,088 - classify.py[line:184] - INFO: Epoch 4, toal_loss 39.6893, aver loss 0.1005, train accuracy 0.7502, train auc 0.0000, test accuracy 0.7195, test auc 0.0000
2021-05-22 23:01:25,886 - classify.py[line:184] - INFO: Epoch 5, toal_loss 37.9669, aver loss 0.0801, train accuracy 0.7710, train auc 0.0000, test accuracy 0.7420, test auc 0.0000
2021-05-22 23:01:33,668 - classify.py[line:184] - INFO: Epoch 6, toal_loss 36.6537, aver loss 0.0663, train accuracy 0.7729, train auc 0.0000, test accuracy 0.7555, test auc 0.0000
2021-05-22 23:01:41,377 - classify.py[line:184] - INFO: Epoch 7, toal_loss 35.4495, aver loss 0.0561, train accuracy 0.7931, train auc 0.0000, test accuracy 0.7605, test auc 0.0000
2021-05-22 23:01:49,153 - classify.py[line:184] - INFO: Epoch 8, toal_loss 34.2358, aver loss 0.0482, train accuracy 0.8074, train auc 0.0000, test accuracy 0.7680, test auc 0.0000
2021-05-22 23:01:56,917 - classify.py[line:184] - INFO: Epoch 9, toal_loss 32.7475, aver loss 0.0415, train accuracy 0.8176, train auc 0.0000, test accuracy 0.7710, test auc 0.0000
2021-05-22 23:02:04,717 - classify.py[line:184] - INFO: Epoch 10, toal_loss 31.9528, aver loss 0.0368, train accuracy 0.8222, train auc 0.0000, test accuracy 0.7760, test auc 0.0000
2021-05-22 23:02:12,321 - classify.py[line:184] - INFO: Epoch 11, toal_loss 31.5940, aver loss 0.0333, train accuracy 0.8281, train auc 0.0000, test accuracy 0.7855, test auc 0.0000
2021-05-22 23:02:19,953 - classify.py[line:184] - INFO: Epoch 12, toal_loss 30.8167, aver loss 0.0300, train accuracy 0.8358, train auc 0.0000, test accuracy 0.7745, test auc 0.0000
2021-05-22 23:02:27,731 - classify.py[line:184] - INFO: Epoch 13, toal_loss 29.3872, aver loss 0.0266, train accuracy 0.8386, train auc 0.0000, test accuracy 0.7845, test auc 0.0000
2021-05-22 23:02:35,365 - classify.py[line:184] - INFO: Epoch 14, toal_loss 29.2934, aver loss 0.0247, train accuracy 0.8406, train auc 0.0000, test accuracy 0.7910, test auc 0.0000
2021-05-22 23:02:42,943 - classify.py[line:184] - INFO: Epoch 15, toal_loss 28.1418, aver loss 0.0223, train accuracy 0.8457, train auc 0.0000, test accuracy 0.8045, test auc 0.0000
2021-05-22 23:02:50,579 - classify.py[line:184] - INFO: Epoch 16, toal_loss 27.9476, aver loss 0.0208, train accuracy 0.8536, train auc 0.0000, test accuracy 0.7785, test auc 0.0000
2021-05-22 23:02:58,223 - classify.py[line:184] - INFO: Epoch 17, toal_loss 28.0870, aver loss 0.0198, train accuracy 0.8586, train auc 0.0000, test accuracy 0.7980, test auc 0.0000
2021-05-22 23:03:05,813 - classify.py[line:184] - INFO: Epoch 18, toal_loss 26.8012, aver loss 0.0179, train accuracy 0.8576, train auc 0.0000, test accuracy 0.7950, test auc 0.0000
2021-05-22 23:03:13,431 - classify.py[line:184] - INFO: Epoch 19, toal_loss 26.5157, aver loss 0.0168, train accuracy 0.8584, train auc 0.0000, test accuracy 0.7895, test auc 0.0000
2021-05-22 23:03:21,050 - classify.py[line:184] - INFO: Epoch 20, toal_loss 25.9978, aver loss 0.0157, train accuracy 0.8647, train auc 0.0000, test accuracy 0.8025, test auc 0.0000
2021-05-22 23:03:28,681 - classify.py[line:184] - INFO: Epoch 21, toal_loss 25.6549, aver loss 0.0148, train accuracy 0.8720, train auc 0.0000, test accuracy 0.7935, test auc 0.0000
2021-05-22 23:03:36,218 - classify.py[line:184] - INFO: Epoch 22, toal_loss 24.8122, aver loss 0.0137, train accuracy 0.8685, train auc 0.0000, test accuracy 0.7975, test auc 0.0000
2021-05-22 23:03:43,918 - classify.py[line:184] - INFO: Epoch 23, toal_loss 25.4324, aver loss 0.0134, train accuracy 0.8681, train auc 0.0000, test accuracy 0.7900, test auc 0.0000
2021-05-22 23:03:52,734 - classify.py[line:184] - INFO: Epoch 24, toal_loss 24.7989, aver loss 0.0126, train accuracy 0.8716, train auc 0.0000, test accuracy 0.7950, test auc 0.0000
2021-05-22 23:04:00,292 - classify.py[line:184] - INFO: Epoch 25, toal_loss 23.9173, aver loss 0.0116, train accuracy 0.8780, train auc 0.0000, test accuracy 0.8050, test auc 0.0000
2021-05-22 23:04:07,855 - classify.py[line:184] - INFO: Epoch 26, toal_loss 23.4332, aver loss 0.0110, train accuracy 0.8794, train auc 0.0000, test accuracy 0.8050, test auc 0.0000
2021-05-22 23:04:15,479 - classify.py[line:184] - INFO: Epoch 27, toal_loss 23.1125, aver loss 0.0104, train accuracy 0.8847, train auc 0.0000, test accuracy 0.7965, test auc 0.0000
2021-05-22 23:04:23,087 - classify.py[line:184] - INFO: Epoch 28, toal_loss 22.8606, aver loss 0.0100, train accuracy 0.8825, train auc 0.0000, test accuracy 0.8085, test auc 0.0000
2021-05-22 23:04:30,595 - classify.py[line:184] - INFO: Epoch 29, toal_loss 22.1709, aver loss 0.0094, train accuracy 0.8795, train auc 0.0000, test accuracy 0.7965, test auc 0.0000
2021-05-22 23:04:38,055 - classify.py[line:184] - INFO: Epoch 30, toal_loss 22.3804, aver loss 0.0091, train accuracy 0.8869, train auc 0.0000, test accuracy 0.7975, test auc 0.0000
2021-05-22 23:04:45,526 - classify.py[line:184] - INFO: Epoch 31, toal_loss 21.7254, aver loss 0.0086, train accuracy 0.8863, train auc 0.0000, test accuracy 0.7845, test auc 0.0000
2021-05-22 23:04:53,058 - classify.py[line:184] - INFO: Epoch 32, toal_loss 22.2384, aver loss 0.0085, train accuracy 0.8908, train auc 0.0000, test accuracy 0.8105, test auc 0.0000
2021-05-22 23:05:00,694 - classify.py[line:184] - INFO: Epoch 33, toal_loss 21.5235, aver loss 0.0080, train accuracy 0.8918, train auc 0.0000, test accuracy 0.7915, test auc 0.0000
2021-05-22 23:05:08,312 - classify.py[line:184] - INFO: Epoch 34, toal_loss 21.2016, aver loss 0.0077, train accuracy 0.8896, train auc 0.0000, test accuracy 0.8025, test auc 0.0000
2021-05-22 23:05:18,204 - classify.py[line:184] - INFO: Epoch 35, toal_loss 20.5728, aver loss 0.0072, train accuracy 0.8975, train auc 0.0000, test accuracy 0.7985, test auc 0.0000
2021-05-22 23:05:25,892 - classify.py[line:184] - INFO: Epoch 36, toal_loss 20.9020, aver loss 0.0072, train accuracy 0.8960, train auc 0.0000, test accuracy 0.8005, test auc 0.0000
2021-05-22 23:05:33,501 - classify.py[line:184] - INFO: Epoch 37, toal_loss 20.3893, aver loss 0.0068, train accuracy 0.9007, train auc 0.0000, test accuracy 0.8020, test auc 0.0000
2021-05-22 23:05:41,017 - classify.py[line:184] - INFO: Epoch 38, toal_loss 20.1076, aver loss 0.0065, train accuracy 0.8975, train auc 0.0000, test accuracy 0.7995, test auc 0.0000
2021-05-22 23:05:48,561 - classify.py[line:184] - INFO: Epoch 39, toal_loss 19.7401, aver loss 0.0062, train accuracy 0.9027, train auc 0.0000, test accuracy 0.7995, test auc 0.0000
2021-05-22 23:05:56,231 - classify.py[line:184] - INFO: Epoch 40, toal_loss 19.3123, aver loss 0.0060, train accuracy 0.9011, train auc 0.0000, test accuracy 0.8010, test auc 0.0000
2021-05-22 23:06:03,840 - classify.py[line:184] - INFO: Epoch 41, toal_loss 19.8109, aver loss 0.0060, train accuracy 0.9098, train auc 0.0000, test accuracy 0.7995, test auc 0.0000
2021-05-22 23:06:11,335 - classify.py[line:184] - INFO: Epoch 42, toal_loss 19.1427, aver loss 0.0056, train accuracy 0.9009, train auc 0.0000, test accuracy 0.8055, test auc 0.0000
2021-05-22 23:06:18,897 - classify.py[line:184] - INFO: Epoch 43, toal_loss 19.0997, aver loss 0.0055, train accuracy 0.9039, train auc 0.0000, test accuracy 0.8025, test auc 0.0000
2021-05-22 23:06:26,438 - classify.py[line:184] - INFO: Epoch 44, toal_loss 18.6885, aver loss 0.0053, train accuracy 0.9076, train auc 0.0000, test accuracy 0.7975, test auc 0.0000
2021-05-22 23:06:34,060 - classify.py[line:184] - INFO: Epoch 45, toal_loss 18.4846, aver loss 0.0051, train accuracy 0.9086, train auc 0.0000, test accuracy 0.8090, test auc 0.0000
2021-05-22 23:06:41,574 - classify.py[line:184] - INFO: Epoch 46, toal_loss 18.0583, aver loss 0.0049, train accuracy 0.9128, train auc 0.0000, test accuracy 0.7915, test auc 0.0000
2021-05-22 23:06:49,065 - classify.py[line:184] - INFO: Epoch 47, toal_loss 18.3301, aver loss 0.0048, train accuracy 0.9106, train auc 0.0000, test accuracy 0.8085, test auc 0.0000
2021-05-22 23:06:56,572 - classify.py[line:184] - INFO: Epoch 48, toal_loss 17.6363, aver loss 0.0046, train accuracy 0.9146, train auc 0.0000, test accuracy 0.7915, test auc 0.0000
2021-05-22 23:07:04,032 - classify.py[line:184] - INFO: Epoch 49, toal_loss 17.4043, aver loss 0.0044, train accuracy 0.9163, train auc 0.0000, test accuracy 0.7930, test auc 0.0000
2021-05-22 23:07:11,543 - classify.py[line:184] - INFO: Epoch 50, toal_loss 17.8186, aver loss 0.0044, train accuracy 0.9199, train auc 0.0000, test accuracy 0.7945, test auc 0.0000
2021-05-22 23:07:19,108 - classify.py[line:184] - INFO: Epoch 51, toal_loss 16.9980, aver loss 0.0041, train accuracy 0.9185, train auc 0.0000, test accuracy 0.7900, test auc 0.0000
2021-05-22 23:07:26,697 - classify.py[line:184] - INFO: Epoch 52, toal_loss 17.7700, aver loss 0.0042, train accuracy 0.9181, train auc 0.0000, test accuracy 0.7985, test auc 0.0000
2021-05-22 23:07:34,282 - classify.py[line:184] - INFO: Epoch 53, toal_loss 16.0829, aver loss 0.0038, train accuracy 0.9246, train auc 0.0000, test accuracy 0.7930, test auc 0.0000
2021-05-22 23:07:41,798 - classify.py[line:184] - INFO: Epoch 54, toal_loss 17.0197, aver loss 0.0039, train accuracy 0.9187, train auc 0.0000, test accuracy 0.8070, test auc 0.0000
2021-05-22 23:07:50,796 - classify.py[line:184] - INFO: Epoch 55, toal_loss 16.7079, aver loss 0.0038, train accuracy 0.9215, train auc 0.0000, test accuracy 0.7870, test auc 0.0000
2021-05-22 23:08:00,719 - classify.py[line:184] - INFO: Epoch 56, toal_loss 16.5589, aver loss 0.0037, train accuracy 0.9264, train auc 0.0000, test accuracy 0.8025, test auc 0.0000
2021-05-22 23:08:09,870 - classify.py[line:184] - INFO: Epoch 57, toal_loss 17.0190, aver loss 0.0037, train accuracy 0.9292, train auc 0.0000, test accuracy 0.7970, test auc 0.0000
2021-05-22 23:08:17,531 - classify.py[line:184] - INFO: Epoch 58, toal_loss 15.8737, aver loss 0.0034, train accuracy 0.9286, train auc 0.0000, test accuracy 0.7990, test auc 0.0000
2021-05-22 23:08:25,171 - classify.py[line:184] - INFO: Epoch 59, toal_loss 16.0125, aver loss 0.0034, train accuracy 0.9272, train auc 0.0000, test accuracy 0.8015, test auc 0.0000
2021-05-22 23:08:32,698 - classify.py[line:184] - INFO: Epoch 60, toal_loss 15.8969, aver loss 0.0033, train accuracy 0.9258, train auc 0.0000, test accuracy 0.7935, test auc 0.0000
2021-05-22 23:08:40,363 - classify.py[line:184] - INFO: Epoch 61, toal_loss 15.0971, aver loss 0.0031, train accuracy 0.9276, train auc 0.0000, test accuracy 0.8070, test auc 0.0000
2021-05-22 23:08:47,980 - classify.py[line:184] - INFO: Epoch 62, toal_loss 15.2441, aver loss 0.0031, train accuracy 0.9282, train auc 0.0000, test accuracy 0.7970, test auc 0.0000
2021-05-22 23:08:57,019 - classify.py[line:184] - INFO: Epoch 63, toal_loss 14.6799, aver loss 0.0029, train accuracy 0.9357, train auc 0.0000, test accuracy 0.8115, test auc 0.0000
2021-05-22 23:09:05,104 - classify.py[line:184] - INFO: Epoch 64, toal_loss 15.4991, aver loss 0.0030, train accuracy 0.9320, train auc 0.0000, test accuracy 0.8150, test auc 0.0000
2021-05-22 23:09:12,754 - classify.py[line:184] - INFO: Epoch 65, toal_loss 15.0746, aver loss 0.0029, train accuracy 0.9341, train auc 0.0000, test accuracy 0.8030, test auc 0.0000
2021-05-22 23:09:20,287 - classify.py[line:184] - INFO: Epoch 66, toal_loss 14.1876, aver loss 0.0027, train accuracy 0.9337, train auc 0.0000, test accuracy 0.8025, test auc 0.0000
2021-05-22 23:09:27,827 - classify.py[line:184] - INFO: Epoch 67, toal_loss 14.0288, aver loss 0.0026, train accuracy 0.9389, train auc 0.0000, test accuracy 0.8040, test auc 0.0000
2021-05-22 23:09:35,761 - classify.py[line:184] - INFO: Epoch 68, toal_loss 14.3092, aver loss 0.0026, train accuracy 0.9347, train auc 0.0000, test accuracy 0.8100, test auc 0.0000
2021-05-22 23:09:43,341 - classify.py[line:184] - INFO: Epoch 69, toal_loss 14.6007, aver loss 0.0026, train accuracy 0.9355, train auc 0.0000, test accuracy 0.8020, test auc 0.0000
2021-05-22 23:09:51,056 - classify.py[line:184] - INFO: Epoch 70, toal_loss 13.9449, aver loss 0.0025, train accuracy 0.9397, train auc 0.0000, test accuracy 0.8070, test auc 0.0000
2021-05-22 23:09:58,557 - classify.py[line:184] - INFO: Epoch 71, toal_loss 13.5369, aver loss 0.0024, train accuracy 0.9405, train auc 0.0000, test accuracy 0.8045, test auc 0.0000
2021-05-22 23:10:06,162 - classify.py[line:184] - INFO: Epoch 72, toal_loss 13.5523, aver loss 0.0023, train accuracy 0.9466, train auc 0.0000, test accuracy 0.8065, test auc 0.0000
2021-05-22 23:10:13,824 - classify.py[line:184] - INFO: Epoch 73, toal_loss 13.8453, aver loss 0.0024, train accuracy 0.9397, train auc 0.0000, test accuracy 0.8050, test auc 0.0000
2021-05-22 23:10:21,616 - classify.py[line:184] - INFO: Epoch 74, toal_loss 14.1247, aver loss 0.0024, train accuracy 0.9450, train auc 0.0000, test accuracy 0.8010, test auc 0.0000
2021-05-22 23:10:31,049 - classify.py[line:184] - INFO: Epoch 75, toal_loss 13.3866, aver loss 0.0022, train accuracy 0.9460, train auc 0.0000, test accuracy 0.8135, test auc 0.0000
2021-05-22 23:10:38,855 - classify.py[line:184] - INFO: Epoch 76, toal_loss 12.9031, aver loss 0.0021, train accuracy 0.9484, train auc 0.0000, test accuracy 0.8190, test auc 0.0000
2021-05-22 23:10:46,585 - classify.py[line:184] - INFO: Epoch 77, toal_loss 12.5675, aver loss 0.0020, train accuracy 0.9504, train auc 0.0000, test accuracy 0.8090, test auc 0.0000
2021-05-22 23:10:55,215 - classify.py[line:184] - INFO: Epoch 78, toal_loss 12.6875, aver loss 0.0020, train accuracy 0.9430, train auc 0.0000, test accuracy 0.8070, test auc 0.0000
2021-05-22 23:11:04,380 - classify.py[line:184] - INFO: Epoch 79, toal_loss 13.0017, aver loss 0.0021, train accuracy 0.9452, train auc 0.0000, test accuracy 0.8170, test auc 0.0000
2021-05-22 23:11:12,023 - classify.py[line:184] - INFO: Epoch 80, toal_loss 12.8306, aver loss 0.0020, train accuracy 0.9504, train auc 0.0000, test accuracy 0.8100, test auc 0.0000
2021-05-22 23:11:21,554 - classify.py[line:184] - INFO: Epoch 81, toal_loss 12.4124, aver loss 0.0019, train accuracy 0.9523, train auc 0.0000, test accuracy 0.8045, test auc 0.0000
2021-05-22 23:11:30,015 - classify.py[line:184] - INFO: Epoch 82, toal_loss 11.9109, aver loss 0.0018, train accuracy 0.9420, train auc 0.0000, test accuracy 0.8080, test auc 0.0000
2021-05-22 23:11:37,637 - classify.py[line:184] - INFO: Epoch 83, toal_loss 12.1889, aver loss 0.0018, train accuracy 0.9482, train auc 0.0000, test accuracy 0.8160, test auc 0.0000
2021-05-22 23:11:45,265 - classify.py[line:184] - INFO: Epoch 84, toal_loss 11.6061, aver loss 0.0017, train accuracy 0.9486, train auc 0.0000, test accuracy 0.8155, test auc 0.0000
2021-05-22 23:11:53,790 - classify.py[line:184] - INFO: Epoch 85, toal_loss 11.8770, aver loss 0.0017, train accuracy 0.9490, train auc 0.0000, test accuracy 0.8120, test auc 0.0000
2021-05-22 23:12:01,294 - classify.py[line:184] - INFO: Epoch 86, toal_loss 11.8097, aver loss 0.0017, train accuracy 0.9529, train auc 0.0000, test accuracy 0.8135, test auc 0.0000
2021-05-22 23:12:08,927 - classify.py[line:184] - INFO: Epoch 87, toal_loss 11.8912, aver loss 0.0017, train accuracy 0.9539, train auc 0.0000, test accuracy 0.8140, test auc 0.0000
2021-05-22 23:12:16,539 - classify.py[line:184] - INFO: Epoch 88, toal_loss 11.5425, aver loss 0.0016, train accuracy 0.9513, train auc 0.0000, test accuracy 0.7935, test auc 0.0000
2021-05-22 23:12:24,323 - classify.py[line:184] - INFO: Epoch 89, toal_loss 11.5807, aver loss 0.0016, train accuracy 0.9525, train auc 0.0000, test accuracy 0.8090, test auc 0.0000
2021-05-22 23:12:31,780 - classify.py[line:184] - INFO: Epoch 90, toal_loss 11.4309, aver loss 0.0016, train accuracy 0.9575, train auc 0.0000, test accuracy 0.8075, test auc 0.0000
2021-05-22 23:12:39,478 - classify.py[line:184] - INFO: Epoch 91, toal_loss 11.2957, aver loss 0.0016, train accuracy 0.9575, train auc 0.0000, test accuracy 0.8040, test auc 0.0000
2021-05-22 23:12:47,034 - classify.py[line:184] - INFO: Epoch 92, toal_loss 10.9630, aver loss 0.0015, train accuracy 0.9583, train auc 0.0000, test accuracy 0.8095, test auc 0.0000
2021-05-22 23:12:54,724 - classify.py[line:184] - INFO: Epoch 93, toal_loss 10.6640, aver loss 0.0014, train accuracy 0.9553, train auc 0.0000, test accuracy 0.8200, test auc 0.0000
2021-05-22 23:13:02,247 - classify.py[line:184] - INFO: Epoch 94, toal_loss 10.6340, aver loss 0.0014, train accuracy 0.9551, train auc 0.0000, test accuracy 0.8100, test auc 0.0000
2021-05-22 23:13:09,952 - classify.py[line:184] - INFO: Epoch 95, toal_loss 11.1871, aver loss 0.0015, train accuracy 0.9567, train auc 0.0000, test accuracy 0.8090, test auc 0.0000
2021-05-22 23:13:17,587 - classify.py[line:184] - INFO: Epoch 96, toal_loss 10.3458, aver loss 0.0014, train accuracy 0.9589, train auc 0.0000, test accuracy 0.8100, test auc 0.0000
2021-05-22 23:13:25,188 - classify.py[line:184] - INFO: Epoch 97, toal_loss 10.2905, aver loss 0.0013, train accuracy 0.9632, train auc 0.0000, test accuracy 0.8240, test auc 0.0000
2021-05-22 23:13:32,696 - classify.py[line:184] - INFO: Epoch 98, toal_loss 10.5179, aver loss 0.0013, train accuracy 0.9571, train auc 0.0000, test accuracy 0.8085, test auc 0.0000
2021-05-22 23:13:41,540 - classify.py[line:184] - INFO: Epoch 99, toal_loss 10.1271, aver loss 0.0013, train accuracy 0.9585, train auc 0.0000, test accuracy 0.8185, test auc 0.0000
2021-05-22 23:13:51,777 - classify.py[line:184] - INFO: Epoch 100, toal_loss 9.6570, aver loss 0.0012, train accuracy 0.9547, train auc 0.0000, test accuracy 0.8120, test auc 0.0000
2021-05-22 23:13:59,439 - classify.py[line:184] - INFO: Epoch 101, toal_loss 10.0977, aver loss 0.0013, train accuracy 0.9622, train auc 0.0000, test accuracy 0.8085, test auc 0.0000
2021-05-22 23:14:06,966 - classify.py[line:184] - INFO: Epoch 102, toal_loss 9.7005, aver loss 0.0012, train accuracy 0.9632, train auc 0.0000, test accuracy 0.8145, test auc 0.0000
2021-05-22 23:14:18,466 - classify.py[line:184] - INFO: Epoch 103, toal_loss 9.9149, aver loss 0.0012, train accuracy 0.9634, train auc 0.0000, test accuracy 0.8075, test auc 0.0000
2021-05-22 23:14:28,282 - classify.py[line:184] - INFO: Epoch 104, toal_loss 9.7692, aver loss 0.0012, train accuracy 0.9648, train auc 0.0000, test accuracy 0.8050, test auc 0.0000
2021-05-22 23:14:35,941 - classify.py[line:184] - INFO: Epoch 105, toal_loss 9.6304, aver loss 0.0012, train accuracy 0.9644, train auc 0.0000, test accuracy 0.8145, test auc 0.0000
2021-05-22 23:14:43,640 - classify.py[line:184] - INFO: Epoch 106, toal_loss 9.3583, aver loss 0.0011, train accuracy 0.9616, train auc 0.0000, test accuracy 0.8110, test auc 0.0000
2021-05-22 23:14:51,514 - classify.py[line:184] - INFO: Epoch 107, toal_loss 9.5258, aver loss 0.0011, train accuracy 0.9624, train auc 0.0000, test accuracy 0.8085, test auc 0.0000
2021-05-22 23:14:59,241 - classify.py[line:184] - INFO: Epoch 108, toal_loss 9.3438, aver loss 0.0011, train accuracy 0.9636, train auc 0.0000, test accuracy 0.8050, test auc 0.0000
2021-05-22 23:15:06,780 - classify.py[line:184] - INFO: Epoch 109, toal_loss 9.1592, aver loss 0.0011, train accuracy 0.9721, train auc 0.0000, test accuracy 0.8060, test auc 0.0000
2021-05-22 23:15:14,393 - classify.py[line:184] - INFO: Epoch 110, toal_loss 8.9816, aver loss 0.0010, train accuracy 0.9644, train auc 0.0000, test accuracy 0.8175, test auc 0.0000
2021-05-22 23:15:21,968 - classify.py[line:184] - INFO: Epoch 111, toal_loss 8.8604, aver loss 0.0010, train accuracy 0.9701, train auc 0.0000, test accuracy 0.8185, test auc 0.0000
2021-05-22 23:15:29,505 - classify.py[line:184] - INFO: Epoch 112, toal_loss 8.6660, aver loss 0.0010, train accuracy 0.9684, train auc 0.0000, test accuracy 0.8080, test auc 0.0000
2021-05-22 23:15:37,526 - classify.py[line:184] - INFO: Epoch 113, toal_loss 8.3379, aver loss 0.0009, train accuracy 0.9646, train auc 0.0000, test accuracy 0.8055, test auc 0.0000
2021-05-22 23:15:45,382 - classify.py[line:184] - INFO: Epoch 114, toal_loss 8.5535, aver loss 0.0009, train accuracy 0.9684, train auc 0.0000, test accuracy 0.8120, test auc 0.0000
2021-05-22 23:15:53,059 - classify.py[line:184] - INFO: Epoch 115, toal_loss 8.4000, aver loss 0.0009, train accuracy 0.9713, train auc 0.0000, test accuracy 0.8095, test auc 0.0000
2021-05-22 23:16:00,586 - classify.py[line:184] - INFO: Epoch 116, toal_loss 8.4425, aver loss 0.0009, train accuracy 0.9693, train auc 0.0000, test accuracy 0.8210, test auc 0.0000
2021-05-22 23:16:08,263 - classify.py[line:184] - INFO: Epoch 117, toal_loss 8.5369, aver loss 0.0009, train accuracy 0.9695, train auc 0.0000, test accuracy 0.8150, test auc 0.0000
2021-05-22 23:16:17,274 - classify.py[line:184] - INFO: Epoch 118, toal_loss 8.4536, aver loss 0.0009, train accuracy 0.9723, train auc 0.0000, test accuracy 0.8170, test auc 0.0000
2021-05-22 23:16:26,709 - classify.py[line:184] - INFO: Epoch 119, toal_loss 8.4574, aver loss 0.0009, train accuracy 0.9729, train auc 0.0000, test accuracy 0.8150, test auc 0.0000
2021-05-22 23:16:34,279 - classify.py[line:184] - INFO: Epoch 120, toal_loss 8.0630, aver loss 0.0008, train accuracy 0.9688, train auc 0.0000, test accuracy 0.8170, test auc 0.0000
2021-05-22 23:16:41,901 - classify.py[line:184] - INFO: Epoch 121, toal_loss 8.1121, aver loss 0.0008, train accuracy 0.9676, train auc 0.0000, test accuracy 0.8155, test auc 0.0000
2021-05-22 23:16:49,508 - classify.py[line:184] - INFO: Epoch 122, toal_loss 8.0073, aver loss 0.0008, train accuracy 0.9636, train auc 0.0000, test accuracy 0.8150, test auc 0.0000
2021-05-22 23:16:57,037 - classify.py[line:184] - INFO: Epoch 123, toal_loss 7.6550, aver loss 0.0008, train accuracy 0.9723, train auc 0.0000, test accuracy 0.8130, test auc 0.0000
2021-05-22 23:17:04,738 - classify.py[line:184] - INFO: Epoch 124, toal_loss 7.7332, aver loss 0.0008, train accuracy 0.9711, train auc 0.0000, test accuracy 0.8035, test auc 0.0000
2021-05-22 23:17:12,334 - classify.py[line:184] - INFO: Epoch 125, toal_loss 7.4160, aver loss 0.0007, train accuracy 0.9729, train auc 0.0000, test accuracy 0.8120, test auc 0.0000
2021-05-22 23:17:20,001 - classify.py[line:184] - INFO: Epoch 126, toal_loss 7.5675, aver loss 0.0008, train accuracy 0.9743, train auc 0.0000, test accuracy 0.8115, test auc 0.0000
2021-05-22 23:17:27,859 - classify.py[line:184] - INFO: Epoch 127, toal_loss 7.5676, aver loss 0.0007, train accuracy 0.9711, train auc 0.0000, test accuracy 0.8160, test auc 0.0000
2021-05-22 23:17:35,487 - classify.py[line:184] - INFO: Epoch 128, toal_loss 7.5714, aver loss 0.0007, train accuracy 0.9693, train auc 0.0000, test accuracy 0.8180, test auc 0.0000
2021-05-22 23:17:43,138 - classify.py[line:184] - INFO: Epoch 129, toal_loss 7.7589, aver loss 0.0008, train accuracy 0.9741, train auc 0.0000, test accuracy 0.8130, test auc 0.0000
2021-05-22 23:17:51,330 - classify.py[line:184] - INFO: Epoch 130, toal_loss 7.5751, aver loss 0.0007, train accuracy 0.9693, train auc 0.0000, test accuracy 0.8155, test auc 0.0000
2021-05-22 23:18:03,084 - classify.py[line:184] - INFO: Epoch 131, toal_loss 7.6826, aver loss 0.0007, train accuracy 0.9751, train auc 0.0000, test accuracy 0.8225, test auc 0.0000
2021-05-22 23:18:14,767 - classify.py[line:184] - INFO: Epoch 132, toal_loss 7.0602, aver loss 0.0007, train accuracy 0.9759, train auc 0.0000, test accuracy 0.8210, test auc 0.0000
2021-05-22 23:18:24,883 - classify.py[line:184] - INFO: Epoch 133, toal_loss 7.4720, aver loss 0.0007, train accuracy 0.9765, train auc 0.0000, test accuracy 0.8090, test auc 0.0000
2021-05-22 23:18:36,605 - classify.py[line:184] - INFO: Epoch 134, toal_loss 6.9692, aver loss 0.0007, train accuracy 0.9753, train auc 0.0000, test accuracy 0.8075, test auc 0.0000
2021-05-22 23:18:48,345 - classify.py[line:184] - INFO: Epoch 135, toal_loss 6.5401, aver loss 0.0006, train accuracy 0.9775, train auc 0.0000, test accuracy 0.8195, test auc 0.0000
2021-05-22 23:18:56,648 - classify.py[line:184] - INFO: Epoch 136, toal_loss 6.5404, aver loss 0.0006, train accuracy 0.9775, train auc 0.0000, test accuracy 0.8120, test auc 0.0000
2021-05-22 23:19:07,978 - classify.py[line:184] - INFO: Epoch 137, toal_loss 6.4618, aver loss 0.0006, train accuracy 0.9771, train auc 0.0000, test accuracy 0.8075, test auc 0.0000
2021-05-22 23:19:15,588 - classify.py[line:184] - INFO: Epoch 138, toal_loss 6.4971, aver loss 0.0006, train accuracy 0.9769, train auc 0.0000, test accuracy 0.8000, test auc 0.0000
2021-05-22 23:19:25,230 - classify.py[line:184] - INFO: Epoch 139, toal_loss 6.7241, aver loss 0.0006, train accuracy 0.9780, train auc 0.0000, test accuracy 0.8140, test auc 0.0000
2021-05-22 23:19:34,539 - classify.py[line:184] - INFO: Epoch 140, toal_loss 6.8161, aver loss 0.0006, train accuracy 0.9788, train auc 0.0000, test accuracy 0.8065, test auc 0.0000
2021-05-22 23:19:42,171 - classify.py[line:184] - INFO: Epoch 141, toal_loss 6.1733, aver loss 0.0006, train accuracy 0.9769, train auc 0.0000, test accuracy 0.8110, test auc 0.0000
2021-05-22 23:19:52,997 - classify.py[line:184] - INFO: Epoch 142, toal_loss 6.4803, aver loss 0.0006, train accuracy 0.9777, train auc 0.0000, test accuracy 0.8150, test auc 0.0000
2021-05-22 23:20:02,473 - classify.py[line:184] - INFO: Epoch 143, toal_loss 6.5672, aver loss 0.0006, train accuracy 0.9790, train auc 0.0000, test accuracy 0.8100, test auc 0.0000
2021-05-22 23:20:13,332 - classify.py[line:184] - INFO: Epoch 144, toal_loss 6.0791, aver loss 0.0005, train accuracy 0.9790, train auc 0.0000, test accuracy 0.8045, test auc 0.0000
2021-05-22 23:20:24,418 - classify.py[line:184] - INFO: Epoch 145, toal_loss 6.7444, aver loss 0.0006, train accuracy 0.9794, train auc 0.0000, test accuracy 0.8165, test auc 0.0000
2021-05-22 23:20:33,343 - classify.py[line:184] - INFO: Epoch 146, toal_loss 6.2345, aver loss 0.0005, train accuracy 0.9810, train auc 0.0000, test accuracy 0.8220, test auc 0.0000
2021-05-22 23:20:42,249 - classify.py[line:184] - INFO: Epoch 147, toal_loss 6.0146, aver loss 0.0005, train accuracy 0.9810, train auc 0.0000, test accuracy 0.8245, test auc 0.0000
2021-05-22 23:20:52,511 - classify.py[line:184] - INFO: Epoch 148, toal_loss 6.4889, aver loss 0.0006, train accuracy 0.9777, train auc 0.0000, test accuracy 0.8190, test auc 0.0000
2021-05-22 23:21:01,533 - classify.py[line:184] - INFO: Epoch 149, toal_loss 6.0819, aver loss 0.0005, train accuracy 0.9826, train auc 0.0000, test accuracy 0.8205, test auc 0.0000
2021-05-22 23:21:10,555 - classify.py[line:184] - INFO: Epoch 150, toal_loss 5.5765, aver loss 0.0005, train accuracy 0.9786, train auc 0.0000, test accuracy 0.8190, test auc 0.0000
2021-05-22 23:21:19,401 - classify.py[line:184] - INFO: Epoch 151, toal_loss 5.4177, aver loss 0.0005, train accuracy 0.9802, train auc 0.0000, test accuracy 0.8235, test auc 0.0000
2021-05-22 23:21:28,910 - classify.py[line:184] - INFO: Epoch 152, toal_loss 5.8115, aver loss 0.0005, train accuracy 0.9778, train auc 0.0000, test accuracy 0.8130, test auc 0.0000
2021-05-22 23:21:38,282 - classify.py[line:184] - INFO: Epoch 153, toal_loss 5.8334, aver loss 0.0005, train accuracy 0.9816, train auc 0.0000, test accuracy 0.8115, test auc 0.0000
2021-05-22 23:21:47,627 - classify.py[line:184] - INFO: Epoch 154, toal_loss 5.8927, aver loss 0.0005, train accuracy 0.9820, train auc 0.0000, test accuracy 0.8120, test auc 0.0000
2021-05-22 23:21:56,811 - classify.py[line:184] - INFO: Epoch 155, toal_loss 5.6006, aver loss 0.0005, train accuracy 0.9790, train auc 0.0000, test accuracy 0.8115, test auc 0.0000
2021-05-22 23:22:06,235 - classify.py[line:184] - INFO: Epoch 156, toal_loss 5.2692, aver loss 0.0004, train accuracy 0.9810, train auc 0.0000, test accuracy 0.8210, test auc 0.0000
2021-05-22 23:22:15,765 - classify.py[line:184] - INFO: Epoch 157, toal_loss 5.3485, aver loss 0.0004, train accuracy 0.9816, train auc 0.0000, test accuracy 0.8120, test auc 0.0000
2021-05-22 23:22:24,600 - classify.py[line:184] - INFO: Epoch 158, toal_loss 5.7146, aver loss 0.0005, train accuracy 0.9818, train auc 0.0000, test accuracy 0.8150, test auc 0.0000
2021-05-22 23:22:34,251 - classify.py[line:184] - INFO: Epoch 159, toal_loss 5.6619, aver loss 0.0004, train accuracy 0.9788, train auc 0.0000, test accuracy 0.8225, test auc 0.0000
2021-05-22 23:22:43,568 - classify.py[line:184] - INFO: Epoch 160, toal_loss 5.4367, aver loss 0.0004, train accuracy 0.9826, train auc 0.0000, test accuracy 0.8070, test auc 0.0000
2021-05-22 23:22:52,880 - classify.py[line:184] - INFO: Epoch 161, toal_loss 5.1301, aver loss 0.0004, train accuracy 0.9824, train auc 0.0000, test accuracy 0.8135, test auc 0.0000
2021-05-22 23:23:02,738 - classify.py[line:184] - INFO: Epoch 162, toal_loss 5.6166, aver loss 0.0004, train accuracy 0.9822, train auc 0.0000, test accuracy 0.8065, test auc 0.0000
2021-05-22 23:23:11,809 - classify.py[line:184] - INFO: Epoch 163, toal_loss 5.3485, aver loss 0.0004, train accuracy 0.9830, train auc 0.0000, test accuracy 0.8250, test auc 0.0000
2021-05-22 23:23:20,936 - classify.py[line:184] - INFO: Epoch 164, toal_loss 5.3342, aver loss 0.0004, train accuracy 0.9826, train auc 0.0000, test accuracy 0.8110, test auc 0.0000
2021-05-22 23:23:29,781 - classify.py[line:184] - INFO: Epoch 165, toal_loss 5.2003, aver loss 0.0004, train accuracy 0.9814, train auc 0.0000, test accuracy 0.8105, test auc 0.0000
2021-05-22 23:23:38,490 - classify.py[line:184] - INFO: Epoch 166, toal_loss 5.0885, aver loss 0.0004, train accuracy 0.9804, train auc 0.0000, test accuracy 0.8155, test auc 0.0000
2021-05-22 23:23:47,512 - classify.py[line:184] - INFO: Epoch 167, toal_loss 5.0954, aver loss 0.0004, train accuracy 0.9810, train auc 0.0000, test accuracy 0.8160, test auc 0.0000
2021-05-22 23:23:56,354 - classify.py[line:184] - INFO: Epoch 168, toal_loss 4.7372, aver loss 0.0004, train accuracy 0.9818, train auc 0.0000, test accuracy 0.8285, test auc 0.0000
2021-05-22 23:24:06,354 - classify.py[line:184] - INFO: Epoch 169, toal_loss 4.8935, aver loss 0.0004, train accuracy 0.9824, train auc 0.0000, test accuracy 0.8090, test auc 0.0000
2021-05-22 23:24:15,409 - classify.py[line:184] - INFO: Epoch 170, toal_loss 4.7414, aver loss 0.0004, train accuracy 0.9860, train auc 0.0000, test accuracy 0.8070, test auc 0.0000
2021-05-22 23:24:25,476 - classify.py[line:184] - INFO: Epoch 171, toal_loss 5.0218, aver loss 0.0004, train accuracy 0.9832, train auc 0.0000, test accuracy 0.8020, test auc 0.0000
2021-05-22 23:24:35,093 - classify.py[line:184] - INFO: Epoch 172, toal_loss 4.7634, aver loss 0.0003, train accuracy 0.9860, train auc 0.0000, test accuracy 0.8220, test auc 0.0000
2021-05-22 23:24:44,832 - classify.py[line:184] - INFO: Epoch 173, toal_loss 4.6549, aver loss 0.0003, train accuracy 0.9854, train auc 0.0000, test accuracy 0.8060, test auc 0.0000
2021-05-22 23:24:54,626 - classify.py[line:184] - INFO: Epoch 174, toal_loss 4.6256, aver loss 0.0003, train accuracy 0.9852, train auc 0.0000, test accuracy 0.8125, test auc 0.0000
2021-05-22 23:25:03,614 - classify.py[line:184] - INFO: Epoch 175, toal_loss 4.9026, aver loss 0.0004, train accuracy 0.9873, train auc 0.0000, test accuracy 0.8150, test auc 0.0000
2021-05-22 23:25:12,843 - classify.py[line:184] - INFO: Epoch 176, toal_loss 4.6907, aver loss 0.0003, train accuracy 0.9879, train auc 0.0000, test accuracy 0.8105, test auc 0.0000
2021-05-22 23:25:22,301 - classify.py[line:184] - INFO: Epoch 177, toal_loss 4.6743, aver loss 0.0003, train accuracy 0.9844, train auc 0.0000, test accuracy 0.8190, test auc 0.0000
2021-05-22 23:25:31,533 - classify.py[line:184] - INFO: Epoch 178, toal_loss 4.4753, aver loss 0.0003, train accuracy 0.9828, train auc 0.0000, test accuracy 0.8075, test auc 0.0000
2021-05-22 23:25:40,597 - classify.py[line:184] - INFO: Epoch 179, toal_loss 4.2152, aver loss 0.0003, train accuracy 0.9854, train auc 0.0000, test accuracy 0.8200, test auc 0.0000
2021-05-22 23:25:49,903 - classify.py[line:184] - INFO: Epoch 180, toal_loss 4.5930, aver loss 0.0003, train accuracy 0.9808, train auc 0.0000, test accuracy 0.8065, test auc 0.0000
2021-05-22 23:25:59,786 - classify.py[line:184] - INFO: Epoch 181, toal_loss 4.3249, aver loss 0.0003, train accuracy 0.9832, train auc 0.0000, test accuracy 0.8105, test auc 0.0000
2021-05-22 23:26:09,294 - classify.py[line:184] - INFO: Epoch 182, toal_loss 4.7627, aver loss 0.0003, train accuracy 0.9856, train auc 0.0000, test accuracy 0.8225, test auc 0.0000
2021-05-22 23:26:18,718 - classify.py[line:184] - INFO: Epoch 183, toal_loss 4.7439, aver loss 0.0003, train accuracy 0.9840, train auc 0.0000, test accuracy 0.8085, test auc 0.0000
2021-05-22 23:26:27,752 - classify.py[line:184] - INFO: Epoch 184, toal_loss 4.5357, aver loss 0.0003, train accuracy 0.9838, train auc 0.0000, test accuracy 0.8235, test auc 0.0000
2021-05-22 23:26:36,759 - classify.py[line:184] - INFO: Epoch 185, toal_loss 4.5903, aver loss 0.0003, train accuracy 0.9844, train auc 0.0000, test accuracy 0.8140, test auc 0.0000
2021-05-22 23:26:46,721 - classify.py[line:184] - INFO: Epoch 186, toal_loss 4.4967, aver loss 0.0003, train accuracy 0.9858, train auc 0.0000, test accuracy 0.8050, test auc 0.0000
2021-05-22 23:26:55,946 - classify.py[line:184] - INFO: Epoch 187, toal_loss 4.4846, aver loss 0.0003, train accuracy 0.9873, train auc 0.0000, test accuracy 0.8180, test auc 0.0000
2021-05-22 23:27:05,307 - classify.py[line:184] - INFO: Epoch 188, toal_loss 4.4358, aver loss 0.0003, train accuracy 0.9836, train auc 0.0000, test accuracy 0.8160, test auc 0.0000
2021-05-22 23:27:14,733 - classify.py[line:184] - INFO: Epoch 189, toal_loss 4.6420, aver loss 0.0003, train accuracy 0.9856, train auc 0.0000, test accuracy 0.8135, test auc 0.0000
2021-05-22 23:27:24,225 - classify.py[line:184] - INFO: Epoch 190, toal_loss 3.9478, aver loss 0.0003, train accuracy 0.9866, train auc 0.0000, test accuracy 0.8115, test auc 0.0000
2021-05-22 23:27:33,105 - classify.py[line:184] - INFO: Epoch 191, toal_loss 3.8636, aver loss 0.0003, train accuracy 0.9867, train auc 0.0000, test accuracy 0.8095, test auc 0.0000
2021-05-22 23:27:42,056 - classify.py[line:184] - INFO: Epoch 192, toal_loss 4.2358, aver loss 0.0003, train accuracy 0.9858, train auc 0.0000, test accuracy 0.8125, test auc 0.0000
2021-05-22 23:27:51,250 - classify.py[line:184] - INFO: Epoch 193, toal_loss 3.4889, aver loss 0.0002, train accuracy 0.9842, train auc 0.0000, test accuracy 0.8060, test auc 0.0000
2021-05-22 23:28:00,783 - classify.py[line:184] - INFO: Epoch 194, toal_loss 3.9466, aver loss 0.0003, train accuracy 0.9858, train auc 0.0000, test accuracy 0.8120, test auc 0.0000
2021-05-22 23:28:10,847 - classify.py[line:184] - INFO: Epoch 195, toal_loss 4.0764, aver loss 0.0003, train accuracy 0.9866, train auc 0.0000, test accuracy 0.8200, test auc 0.0000
2021-05-22 23:28:20,536 - classify.py[line:184] - INFO: Epoch 196, toal_loss 4.3352, aver loss 0.0003, train accuracy 0.9873, train auc 0.0000, test accuracy 0.8075, test auc 0.0000
2021-05-22 23:28:29,761 - classify.py[line:184] - INFO: Epoch 197, toal_loss 3.9736, aver loss 0.0003, train accuracy 0.9862, train auc 0.0000, test accuracy 0.8180, test auc 0.0000
2021-05-22 23:28:38,892 - classify.py[line:184] - INFO: Epoch 198, toal_loss 4.0411, aver loss 0.0003, train accuracy 0.9862, train auc 0.0000, test accuracy 0.8125, test auc 0.0000
2021-05-22 23:28:48,729 - classify.py[line:184] - INFO: Epoch 199, toal_loss 3.9343, aver loss 0.0002, train accuracy 0.9862, train auc 0.0000, test accuracy 0.8165, test auc 0.0000
2021-05-22 23:28:57,906 - classify.py[line:184] - INFO: Epoch 200, toal_loss 3.9894, aver loss 0.0003, train accuracy 0.9881, train auc 0.0000, test accuracy 0.8130, test auc 0.0000
2021-05-22 23:29:07,441 - classify.py[line:184] - INFO: Epoch 201, toal_loss 3.7316, aver loss 0.0002, train accuracy 0.9875, train auc 0.0000, test accuracy 0.8125, test auc 0.0000
2021-05-22 23:29:18,144 - classify.py[line:184] - INFO: Epoch 202, toal_loss 3.6314, aver loss 0.0002, train accuracy 0.9871, train auc 0.0000, test accuracy 0.8185, test auc 0.0000
2021-05-22 23:29:27,479 - classify.py[line:184] - INFO: Epoch 203, toal_loss 3.9185, aver loss 0.0002, train accuracy 0.9858, train auc 0.0000, test accuracy 0.8235, test auc 0.0000
2021-05-22 23:29:37,711 - classify.py[line:184] - INFO: Epoch 204, toal_loss 4.0181, aver loss 0.0002, train accuracy 0.9899, train auc 0.0000, test accuracy 0.8240, test auc 0.0000
2021-05-22 23:29:47,354 - classify.py[line:184] - INFO: Epoch 205, toal_loss 3.9517, aver loss 0.0002, train accuracy 0.9862, train auc 0.0000, test accuracy 0.8105, test auc 0.0000
2021-05-22 23:29:56,417 - classify.py[line:184] - INFO: Epoch 206, toal_loss 4.0174, aver loss 0.0002, train accuracy 0.9885, train auc 0.0000, test accuracy 0.8040, test auc 0.0000
2021-05-22 23:30:05,969 - classify.py[line:184] - INFO: Epoch 207, toal_loss 3.6701, aver loss 0.0002, train accuracy 0.9897, train auc 0.0000, test accuracy 0.8025, test auc 0.0000
2021-05-22 23:30:15,730 - classify.py[line:184] - INFO: Epoch 208, toal_loss 4.3666, aver loss 0.0003, train accuracy 0.9895, train auc 0.0000, test accuracy 0.8130, test auc 0.0000
2021-05-22 23:30:25,381 - classify.py[line:184] - INFO: Epoch 209, toal_loss 3.8284, aver loss 0.0002, train accuracy 0.9858, train auc 0.0000, test accuracy 0.8120, test auc 0.0000
2021-05-22 23:30:34,527 - classify.py[line:184] - INFO: Epoch 210, toal_loss 3.3444, aver loss 0.0002, train accuracy 0.9881, train auc 0.0000, test accuracy 0.8120, test auc 0.0000
2021-05-22 23:30:44,340 - classify.py[line:184] - INFO: Epoch 211, toal_loss 3.6769, aver loss 0.0002, train accuracy 0.9864, train auc 0.0000, test accuracy 0.8180, test auc 0.0000
2021-05-22 23:30:53,683 - classify.py[line:184] - INFO: Epoch 212, toal_loss 3.7106, aver loss 0.0002, train accuracy 0.9873, train auc 0.0000, test accuracy 0.8120, test auc 0.0000
2021-05-22 23:31:02,958 - classify.py[line:184] - INFO: Epoch 213, toal_loss 3.4567, aver loss 0.0002, train accuracy 0.9877, train auc 0.0000, test accuracy 0.8165, test auc 0.0000
2021-05-22 23:31:12,115 - classify.py[line:184] - INFO: Epoch 214, toal_loss 3.1996, aver loss 0.0002, train accuracy 0.9901, train auc 0.0000, test accuracy 0.8195, test auc 0.0000
2021-05-22 23:31:21,241 - classify.py[line:184] - INFO: Epoch 215, toal_loss 3.6917, aver loss 0.0002, train accuracy 0.9877, train auc 0.0000, test accuracy 0.8140, test auc 0.0000
2021-05-22 23:31:30,381 - classify.py[line:184] - INFO: Epoch 216, toal_loss 3.6269, aver loss 0.0002, train accuracy 0.9897, train auc 0.0000, test accuracy 0.8130, test auc 0.0000
2021-05-22 23:31:39,431 - classify.py[line:184] - INFO: Epoch 217, toal_loss 3.3928, aver loss 0.0002, train accuracy 0.9877, train auc 0.0000, test accuracy 0.8200, test auc 0.0000
2021-05-22 23:31:49,121 - classify.py[line:184] - INFO: Epoch 218, toal_loss 3.4705, aver loss 0.0002, train accuracy 0.9860, train auc 0.0000, test accuracy 0.8155, test auc 0.0000
2021-05-22 23:31:58,656 - classify.py[line:184] - INFO: Epoch 219, toal_loss 3.8298, aver loss 0.0002, train accuracy 0.9879, train auc 0.0000, test accuracy 0.8175, test auc 0.0000
2021-05-22 23:32:08,200 - classify.py[line:184] - INFO: Epoch 220, toal_loss 3.4640, aver loss 0.0002, train accuracy 0.9891, train auc 0.0000, test accuracy 0.8150, test auc 0.0000
2021-05-22 23:32:17,422 - classify.py[line:184] - INFO: Epoch 221, toal_loss 3.5420, aver loss 0.0002, train accuracy 0.9915, train auc 0.0000, test accuracy 0.8205, test auc 0.0000
2021-05-22 23:32:26,981 - classify.py[line:184] - INFO: Epoch 222, toal_loss 3.5199, aver loss 0.0002, train accuracy 0.9917, train auc 0.0000, test accuracy 0.8220, test auc 0.0000
2021-05-22 23:32:36,816 - classify.py[line:184] - INFO: Epoch 223, toal_loss 3.3345, aver loss 0.0002, train accuracy 0.9887, train auc 0.0000, test accuracy 0.8165, test auc 0.0000
2021-05-22 23:32:47,032 - classify.py[line:184] - INFO: Epoch 224, toal_loss 3.3034, aver loss 0.0002, train accuracy 0.9883, train auc 0.0000, test accuracy 0.8085, test auc 0.0000
2021-05-22 23:32:57,351 - classify.py[line:184] - INFO: Epoch 225, toal_loss 3.2888, aver loss 0.0002, train accuracy 0.9889, train auc 0.0000, test accuracy 0.8125, test auc 0.0000
2021-05-22 23:33:06,818 - classify.py[line:184] - INFO: Epoch 226, toal_loss 3.5123, aver loss 0.0002, train accuracy 0.9893, train auc 0.0000, test accuracy 0.8120, test auc 0.0000
2021-05-22 23:33:16,476 - classify.py[line:184] - INFO: Epoch 227, toal_loss 3.0981, aver loss 0.0002, train accuracy 0.9879, train auc 0.0000, test accuracy 0.8095, test auc 0.0000
2021-05-22 23:33:25,795 - classify.py[line:184] - INFO: Epoch 228, toal_loss 3.4833, aver loss 0.0002, train accuracy 0.9913, train auc 0.0000, test accuracy 0.8160, test auc 0.0000
2021-05-22 23:33:35,299 - classify.py[line:184] - INFO: Epoch 229, toal_loss 3.0286, aver loss 0.0002, train accuracy 0.9913, train auc 0.0000, test accuracy 0.8130, test auc 0.0000
2021-05-22 23:33:45,868 - classify.py[line:184] - INFO: Epoch 230, toal_loss 3.3131, aver loss 0.0002, train accuracy 0.9873, train auc 0.0000, test accuracy 0.8140, test auc 0.0000
2021-05-22 23:33:55,107 - classify.py[line:184] - INFO: Epoch 231, toal_loss 3.1580, aver loss 0.0002, train accuracy 0.9891, train auc 0.0000, test accuracy 0.8155, test auc 0.0000
2021-05-22 23:34:04,278 - classify.py[line:184] - INFO: Epoch 232, toal_loss 3.3170, aver loss 0.0002, train accuracy 0.9877, train auc 0.0000, test accuracy 0.8105, test auc 0.0000
2021-05-22 23:34:13,625 - classify.py[line:184] - INFO: Epoch 233, toal_loss 3.0731, aver loss 0.0002, train accuracy 0.9905, train auc 0.0000, test accuracy 0.8175, test auc 0.0000
2021-05-22 23:34:22,918 - classify.py[line:184] - INFO: Epoch 234, toal_loss 3.3480, aver loss 0.0002, train accuracy 0.9893, train auc 0.0000, test accuracy 0.8180, test auc 0.0000
2021-05-22 23:34:32,122 - classify.py[line:184] - INFO: Epoch 235, toal_loss 3.0261, aver loss 0.0002, train accuracy 0.9903, train auc 0.0000, test accuracy 0.8125, test auc 0.0000
2021-05-22 23:34:41,750 - classify.py[line:184] - INFO: Epoch 236, toal_loss 3.3151, aver loss 0.0002, train accuracy 0.9897, train auc 0.0000, test accuracy 0.8160, test auc 0.0000
2021-05-22 23:34:51,461 - classify.py[line:184] - INFO: Epoch 237, toal_loss 2.8430, aver loss 0.0002, train accuracy 0.9913, train auc 0.0000, test accuracy 0.8115, test auc 0.0000
2021-05-22 23:35:01,689 - classify.py[line:184] - INFO: Epoch 238, toal_loss 3.2848, aver loss 0.0002, train accuracy 0.9895, train auc 0.0000, test accuracy 0.8190, test auc 0.0000
2021-05-22 23:35:10,876 - classify.py[line:184] - INFO: Epoch 239, toal_loss 3.1265, aver loss 0.0002, train accuracy 0.9895, train auc 0.0000, test accuracy 0.8180, test auc 0.0000
2021-05-22 23:35:19,796 - classify.py[line:184] - INFO: Epoch 240, toal_loss 3.1701, aver loss 0.0002, train accuracy 0.9899, train auc 0.0000, test accuracy 0.8220, test auc 0.0000
2021-05-22 23:35:28,915 - classify.py[line:184] - INFO: Epoch 241, toal_loss 3.0592, aver loss 0.0002, train accuracy 0.9897, train auc 0.0000, test accuracy 0.8130, test auc 0.0000
2021-05-22 23:35:38,055 - classify.py[line:184] - INFO: Epoch 242, toal_loss 2.8110, aver loss 0.0001, train accuracy 0.9913, train auc 0.0000, test accuracy 0.8130, test auc 0.0000
2021-05-22 23:35:49,123 - classify.py[line:184] - INFO: Epoch 243, toal_loss 3.2507, aver loss 0.0002, train accuracy 0.9879, train auc 0.0000, test accuracy 0.8085, test auc 0.0000
2021-05-22 23:35:59,059 - classify.py[line:184] - INFO: Epoch 244, toal_loss 3.1822, aver loss 0.0002, train accuracy 0.9899, train auc 0.0000, test accuracy 0.8100, test auc 0.0000
2021-05-22 23:36:08,538 - classify.py[line:184] - INFO: Epoch 245, toal_loss 2.8353, aver loss 0.0001, train accuracy 0.9901, train auc 0.0000, test accuracy 0.8120, test auc 0.0000
2021-05-22 23:36:18,617 - classify.py[line:184] - INFO: Epoch 246, toal_loss 2.7740, aver loss 0.0001, train accuracy 0.9915, train auc 0.0000, test accuracy 0.8095, test auc 0.0000
2021-05-22 23:36:28,495 - classify.py[line:184] - INFO: Epoch 247, toal_loss 3.0313, aver loss 0.0002, train accuracy 0.9889, train auc 0.0000, test accuracy 0.8165, test auc 0.0000
2021-05-22 23:36:38,089 - classify.py[line:184] - INFO: Epoch 248, toal_loss 2.6721, aver loss 0.0001, train accuracy 0.9897, train auc 0.0000, test accuracy 0.8115, test auc 0.0000
2021-05-22 23:36:47,451 - classify.py[line:184] - INFO: Epoch 249, toal_loss 2.8677, aver loss 0.0001, train accuracy 0.9915, train auc 0.0000, test accuracy 0.8120, test auc 0.0000
2021-05-22 23:36:56,496 - classify.py[line:184] - INFO: Epoch 250, toal_loss 2.8100, aver loss 0.0001, train accuracy 0.9875, train auc 0.0000, test accuracy 0.8210, test auc 0.0000
2021-05-22 23:37:06,190 - classify.py[line:184] - INFO: Epoch 251, toal_loss 2.6215, aver loss 0.0001, train accuracy 0.9901, train auc 0.0000, test accuracy 0.8235, test auc 0.0000
2021-05-22 23:37:15,863 - classify.py[line:184] - INFO: Epoch 252, toal_loss 2.8624, aver loss 0.0001, train accuracy 0.9913, train auc 0.0000, test accuracy 0.8250, test auc 0.0000
2021-05-22 23:37:24,906 - classify.py[line:184] - INFO: Epoch 253, toal_loss 2.6994, aver loss 0.0001, train accuracy 0.9921, train auc 0.0000, test accuracy 0.8150, test auc 0.0000
2021-05-22 23:37:34,329 - classify.py[line:184] - INFO: Epoch 254, toal_loss 2.7328, aver loss 0.0001, train accuracy 0.9895, train auc 0.0000, test accuracy 0.8025, test auc 0.0000
2021-05-22 23:37:43,868 - classify.py[line:184] - INFO: Epoch 255, toal_loss 2.8691, aver loss 0.0001, train accuracy 0.9907, train auc 0.0000, test accuracy 0.8175, test auc 0.0000
2021-05-22 23:37:54,510 - classify.py[line:184] - INFO: Epoch 256, toal_loss 2.9447, aver loss 0.0001, train accuracy 0.9901, train auc 0.0000, test accuracy 0.8150, test auc 0.0000
2021-05-22 23:38:04,286 - classify.py[line:184] - INFO: Epoch 257, toal_loss 2.6818, aver loss 0.0001, train accuracy 0.9919, train auc 0.0000, test accuracy 0.8065, test auc 0.0000
2021-05-22 23:38:13,773 - classify.py[line:184] - INFO: Epoch 258, toal_loss 2.4042, aver loss 0.0001, train accuracy 0.9925, train auc 0.0000, test accuracy 0.8120, test auc 0.0000
2021-05-22 23:38:23,057 - classify.py[line:184] - INFO: Epoch 259, toal_loss 2.8975, aver loss 0.0001, train accuracy 0.9909, train auc 0.0000, test accuracy 0.8270, test auc 0.0000
2021-05-22 23:38:31,884 - classify.py[line:184] - INFO: Epoch 260, toal_loss 3.0918, aver loss 0.0001, train accuracy 0.9923, train auc 0.0000, test accuracy 0.8125, test auc 0.0000
2021-05-22 23:38:41,011 - classify.py[line:184] - INFO: Epoch 261, toal_loss 2.6087, aver loss 0.0001, train accuracy 0.9905, train auc 0.0000, test accuracy 0.8155, test auc 0.0000
2021-05-22 23:38:49,975 - classify.py[line:184] - INFO: Epoch 262, toal_loss 2.4258, aver loss 0.0001, train accuracy 0.9913, train auc 0.0000, test accuracy 0.8165, test auc 0.0000
2021-05-22 23:38:59,947 - classify.py[line:184] - INFO: Epoch 263, toal_loss 2.6476, aver loss 0.0001, train accuracy 0.9925, train auc 0.0000, test accuracy 0.8140, test auc 0.0000
2021-05-22 23:39:10,030 - classify.py[line:184] - INFO: Epoch 264, toal_loss 3.1038, aver loss 0.0001, train accuracy 0.9897, train auc 0.0000, test accuracy 0.8085, test auc 0.0000
2021-05-22 23:39:19,183 - classify.py[line:184] - INFO: Epoch 265, toal_loss 2.8533, aver loss 0.0001, train accuracy 0.9901, train auc 0.0000, test accuracy 0.8135, test auc 0.0000
2021-05-22 23:39:29,103 - classify.py[line:184] - INFO: Epoch 266, toal_loss 2.8141, aver loss 0.0001, train accuracy 0.9921, train auc 0.0000, test accuracy 0.8075, test auc 0.0000
2021-05-22 23:39:38,293 - classify.py[line:184] - INFO: Epoch 267, toal_loss 2.1724, aver loss 0.0001, train accuracy 0.9915, train auc 0.0000, test accuracy 0.8200, test auc 0.0000
2021-05-22 23:39:47,674 - classify.py[line:184] - INFO: Epoch 268, toal_loss 2.2918, aver loss 0.0001, train accuracy 0.9935, train auc 0.0000, test accuracy 0.8105, test auc 0.0000
2021-05-22 23:39:57,636 - classify.py[line:184] - INFO: Epoch 269, toal_loss 2.4240, aver loss 0.0001, train accuracy 0.9907, train auc 0.0000, test accuracy 0.8205, test auc 0.0000
2021-05-22 23:40:07,263 - classify.py[line:184] - INFO: Epoch 270, toal_loss 2.6568, aver loss 0.0001, train accuracy 0.9921, train auc 0.0000, test accuracy 0.8200, test auc 0.0000
2021-05-22 23:40:16,621 - classify.py[line:184] - INFO: Epoch 271, toal_loss 2.3744, aver loss 0.0001, train accuracy 0.9927, train auc 0.0000, test accuracy 0.8135, test auc 0.0000
2021-05-22 23:40:25,919 - classify.py[line:184] - INFO: Epoch 272, toal_loss 2.8334, aver loss 0.0001, train accuracy 0.9915, train auc 0.0000, test accuracy 0.8220, test auc 0.0000
2021-05-22 23:40:34,804 - classify.py[line:184] - INFO: Epoch 273, toal_loss 2.6575, aver loss 0.0001, train accuracy 0.9903, train auc 0.0000, test accuracy 0.8160, test auc 0.0000
2021-05-22 23:40:43,927 - classify.py[line:184] - INFO: Epoch 274, toal_loss 2.2268, aver loss 0.0001, train accuracy 0.9919, train auc 0.0000, test accuracy 0.8155, test auc 0.0000
2021-05-22 23:40:53,034 - classify.py[line:184] - INFO: Epoch 275, toal_loss 2.5526, aver loss 0.0001, train accuracy 0.9907, train auc 0.0000, test accuracy 0.8160, test auc 0.0000
2021-05-22 23:41:01,874 - classify.py[line:184] - INFO: Epoch 276, toal_loss 2.5534, aver loss 0.0001, train accuracy 0.9935, train auc 0.0000, test accuracy 0.8095, test auc 0.0000
2021-05-22 23:41:11,025 - classify.py[line:184] - INFO: Epoch 277, toal_loss 2.6075, aver loss 0.0001, train accuracy 0.9919, train auc 0.0000, test accuracy 0.8195, test auc 0.0000
2021-05-22 23:41:20,172 - classify.py[line:184] - INFO: Epoch 278, toal_loss 2.3603, aver loss 0.0001, train accuracy 0.9919, train auc 0.0000, test accuracy 0.8125, test auc 0.0000
2021-05-22 23:41:29,247 - classify.py[line:184] - INFO: Epoch 279, toal_loss 2.4497, aver loss 0.0001, train accuracy 0.9917, train auc 0.0000, test accuracy 0.8090, test auc 0.0000
2021-05-22 23:41:38,569 - classify.py[line:184] - INFO: Epoch 280, toal_loss 2.1589, aver loss 0.0001, train accuracy 0.9921, train auc 0.0000, test accuracy 0.8210, test auc 0.0000
2021-05-22 23:41:47,959 - classify.py[line:184] - INFO: Epoch 281, toal_loss 2.3863, aver loss 0.0001, train accuracy 0.9925, train auc 0.0000, test accuracy 0.8100, test auc 0.0000
2021-05-22 23:41:57,409 - classify.py[line:184] - INFO: Epoch 282, toal_loss 2.2963, aver loss 0.0001, train accuracy 0.9929, train auc 0.0000, test accuracy 0.8170, test auc 0.0000
2021-05-22 23:42:06,662 - classify.py[line:184] - INFO: Epoch 283, toal_loss 2.0020, aver loss 0.0001, train accuracy 0.9917, train auc 0.0000, test accuracy 0.8180, test auc 0.0000
2021-05-22 23:42:15,866 - classify.py[line:184] - INFO: Epoch 284, toal_loss 2.4138, aver loss 0.0001, train accuracy 0.9905, train auc 0.0000, test accuracy 0.8180, test auc 0.0000
2021-05-22 23:42:25,338 - classify.py[line:184] - INFO: Epoch 285, toal_loss 2.3751, aver loss 0.0001, train accuracy 0.9927, train auc 0.0000, test accuracy 0.8140, test auc 0.0000
2021-05-22 23:42:35,398 - classify.py[line:184] - INFO: Epoch 286, toal_loss 2.6946, aver loss 0.0001, train accuracy 0.9909, train auc 0.0000, test accuracy 0.8225, test auc 0.0000
2021-05-22 23:42:44,716 - classify.py[line:184] - INFO: Epoch 287, toal_loss 2.5093, aver loss 0.0001, train accuracy 0.9919, train auc 0.0000, test accuracy 0.8250, test auc 0.0000
2021-05-22 23:42:53,739 - classify.py[line:184] - INFO: Epoch 288, toal_loss 2.7611, aver loss 0.0001, train accuracy 0.9925, train auc 0.0000, test accuracy 0.8110, test auc 0.0000
2021-05-22 23:43:02,998 - classify.py[line:184] - INFO: Epoch 289, toal_loss 2.1971, aver loss 0.0001, train accuracy 0.9927, train auc 0.0000, test accuracy 0.8220, test auc 0.0000
2021-05-22 23:43:13,330 - classify.py[line:184] - INFO: Epoch 290, toal_loss 2.2432, aver loss 0.0001, train accuracy 0.9923, train auc 0.0000, test accuracy 0.8165, test auc 0.0000
2021-05-22 23:43:22,420 - classify.py[line:184] - INFO: Epoch 291, toal_loss 2.5650, aver loss 0.0001, train accuracy 0.9927, train auc 0.0000, test accuracy 0.8055, test auc 0.0000
2021-05-22 23:43:32,296 - classify.py[line:184] - INFO: Epoch 292, toal_loss 2.4477, aver loss 0.0001, train accuracy 0.9925, train auc 0.0000, test accuracy 0.8150, test auc 0.0000
2021-05-22 23:43:41,788 - classify.py[line:184] - INFO: Epoch 293, toal_loss 2.4773, aver loss 0.0001, train accuracy 0.9921, train auc 0.0000, test accuracy 0.8210, test auc 0.0000
2021-05-22 23:43:51,100 - classify.py[line:184] - INFO: Epoch 294, toal_loss 2.3469, aver loss 0.0001, train accuracy 0.9927, train auc 0.0000, test accuracy 0.8180, test auc 0.0000
2021-05-22 23:44:00,358 - classify.py[line:184] - INFO: Epoch 295, toal_loss 2.1261, aver loss 0.0001, train accuracy 0.9907, train auc 0.0000, test accuracy 0.8215, test auc 0.0000
2021-05-22 23:44:09,802 - classify.py[line:184] - INFO: Epoch 296, toal_loss 2.3304, aver loss 0.0001, train accuracy 0.9937, train auc 0.0000, test accuracy 0.8190, test auc 0.0000
2021-05-22 23:44:19,451 - classify.py[line:184] - INFO: Epoch 297, toal_loss 2.3368, aver loss 0.0001, train accuracy 0.9951, train auc 0.0000, test accuracy 0.8190, test auc 0.0000
2021-05-22 23:44:29,233 - classify.py[line:184] - INFO: Epoch 298, toal_loss 2.5010, aver loss 0.0001, train accuracy 0.9939, train auc 0.0000, test accuracy 0.8140, test auc 0.0000
2021-05-22 23:44:38,501 - classify.py[line:184] - INFO: Epoch 299, toal_loss 2.3528, aver loss 0.0001, train accuracy 0.9919, train auc 0.0000, test accuracy 0.8245, test auc 0.0000
2021-05-22 23:44:47,712 - classify.py[line:184] - INFO: Epoch 300, toal_loss 2.3338, aver loss 0.0001, train accuracy 0.9923, train auc 0.0000, test accuracy 0.8140, test auc 0.0000
2021-05-22 23:44:56,832 - classify.py[line:184] - INFO: Epoch 301, toal_loss 2.0444, aver loss 0.0001, train accuracy 0.9945, train auc 0.0000, test accuracy 0.8185, test auc 0.0000
2021-05-22 23:45:05,962 - classify.py[line:184] - INFO: Epoch 302, toal_loss 2.2256, aver loss 0.0001, train accuracy 0.9889, train auc 0.0000, test accuracy 0.8205, test auc 0.0000
2021-05-22 23:45:15,123 - classify.py[line:184] - INFO: Epoch 303, toal_loss 2.4854, aver loss 0.0001, train accuracy 0.9947, train auc 0.0000, test accuracy 0.8135, test auc 0.0000
2021-05-22 23:45:24,749 - classify.py[line:184] - INFO: Epoch 304, toal_loss 2.4941, aver loss 0.0001, train accuracy 0.9943, train auc 0.0000, test accuracy 0.8235, test auc 0.0000
2021-05-22 23:45:34,930 - classify.py[line:184] - INFO: Epoch 305, toal_loss 1.9289, aver loss 0.0001, train accuracy 0.9945, train auc 0.0000, test accuracy 0.8070, test auc 0.0000
2021-05-22 23:45:45,107 - classify.py[line:184] - INFO: Epoch 306, toal_loss 1.9433, aver loss 0.0001, train accuracy 0.9939, train auc 0.0000, test accuracy 0.8135, test auc 0.0000
2021-05-22 23:45:54,309 - classify.py[line:184] - INFO: Epoch 307, toal_loss 2.0506, aver loss 0.0001, train accuracy 0.9925, train auc 0.0000, test accuracy 0.8205, test auc 0.0000
2021-05-22 23:46:03,626 - classify.py[line:184] - INFO: Epoch 308, toal_loss 2.2019, aver loss 0.0001, train accuracy 0.9937, train auc 0.0000, test accuracy 0.8070, test auc 0.0000
2021-05-22 23:46:13,413 - classify.py[line:184] - INFO: Epoch 309, toal_loss 2.1749, aver loss 0.0001, train accuracy 0.9915, train auc 0.0000, test accuracy 0.8190, test auc 0.0000
2021-05-22 23:46:22,498 - classify.py[line:184] - INFO: Epoch 310, toal_loss 2.0138, aver loss 0.0001, train accuracy 0.9905, train auc 0.0000, test accuracy 0.8115, test auc 0.0000
2021-05-22 23:46:31,404 - classify.py[line:184] - INFO: Epoch 311, toal_loss 2.1843, aver loss 0.0001, train accuracy 0.9925, train auc 0.0000, test accuracy 0.8215, test auc 0.0000
2021-05-22 23:46:40,753 - classify.py[line:184] - INFO: Epoch 312, toal_loss 2.1865, aver loss 0.0001, train accuracy 0.9935, train auc 0.0000, test accuracy 0.8115, test auc 0.0000
2021-05-22 23:46:49,615 - classify.py[line:184] - INFO: Epoch 313, toal_loss 1.8881, aver loss 0.0001, train accuracy 0.9935, train auc 0.0000, test accuracy 0.8100, test auc 0.0000
2021-05-22 23:46:59,909 - classify.py[line:184] - INFO: Epoch 314, toal_loss 2.5142, aver loss 0.0001, train accuracy 0.9917, train auc 0.0000, test accuracy 0.8140, test auc 0.0000
2021-05-22 23:47:09,026 - classify.py[line:184] - INFO: Epoch 315, toal_loss 2.1549, aver loss 0.0001, train accuracy 0.9929, train auc 0.0000, test accuracy 0.8145, test auc 0.0000
2021-05-22 23:47:17,814 - classify.py[line:184] - INFO: Epoch 316, toal_loss 2.2467, aver loss 0.0001, train accuracy 0.9923, train auc 0.0000, test accuracy 0.8160, test auc 0.0000
2021-05-22 23:47:27,315 - classify.py[line:184] - INFO: Epoch 317, toal_loss 2.0083, aver loss 0.0001, train accuracy 0.9917, train auc 0.0000, test accuracy 0.8150, test auc 0.0000
2021-05-22 23:47:36,625 - classify.py[line:184] - INFO: Epoch 318, toal_loss 2.1091, aver loss 0.0001, train accuracy 0.9939, train auc 0.0000, test accuracy 0.8095, test auc 0.0000
2021-05-22 23:47:45,685 - classify.py[line:184] - INFO: Epoch 319, toal_loss 2.2115, aver loss 0.0001, train accuracy 0.9939, train auc 0.0000, test accuracy 0.8150, test auc 0.0000
2021-05-22 23:47:55,741 - classify.py[line:184] - INFO: Epoch 320, toal_loss 2.0098, aver loss 0.0001, train accuracy 0.9921, train auc 0.0000, test accuracy 0.8105, test auc 0.0000
2021-05-22 23:48:05,103 - classify.py[line:184] - INFO: Epoch 321, toal_loss 2.3553, aver loss 0.0001, train accuracy 0.9925, train auc 0.0000, test accuracy 0.8115, test auc 0.0000
2021-05-22 23:48:14,086 - classify.py[line:184] - INFO: Epoch 322, toal_loss 2.1634, aver loss 0.0001, train accuracy 0.9927, train auc 0.0000, test accuracy 0.8080, test auc 0.0000
2021-05-22 23:48:23,397 - classify.py[line:184] - INFO: Epoch 323, toal_loss 2.1343, aver loss 0.0001, train accuracy 0.9911, train auc 0.0000, test accuracy 0.8120, test auc 0.0000
2021-05-22 23:48:33,188 - classify.py[line:184] - INFO: Epoch 324, toal_loss 2.1992, aver loss 0.0001, train accuracy 0.9919, train auc 0.0000, test accuracy 0.8070, test auc 0.0000
2021-05-22 23:48:43,352 - classify.py[line:184] - INFO: Epoch 325, toal_loss 2.1310, aver loss 0.0001, train accuracy 0.9907, train auc 0.0000, test accuracy 0.8210, test auc 0.0000
2021-05-22 23:48:52,586 - classify.py[line:184] - INFO: Epoch 326, toal_loss 1.9987, aver loss 0.0001, train accuracy 0.9943, train auc 0.0000, test accuracy 0.8200, test auc 0.0000
2021-05-22 23:49:01,745 - classify.py[line:184] - INFO: Epoch 327, toal_loss 1.8864, aver loss 0.0001, train accuracy 0.9937, train auc 0.0000, test accuracy 0.8225, test auc 0.0000
2021-05-22 23:49:11,031 - classify.py[line:184] - INFO: Epoch 328, toal_loss 2.1195, aver loss 0.0001, train accuracy 0.9953, train auc 0.0000, test accuracy 0.8145, test auc 0.0000
2021-05-22 23:49:20,061 - classify.py[line:184] - INFO: Epoch 329, toal_loss 1.7777, aver loss 0.0001, train accuracy 0.9943, train auc 0.0000, test accuracy 0.8255, test auc 0.0000
2021-05-22 23:49:30,503 - classify.py[line:184] - INFO: Epoch 330, toal_loss 1.9020, aver loss 0.0001, train accuracy 0.9943, train auc 0.0000, test accuracy 0.8110, test auc 0.0000
2021-05-22 23:49:39,824 - classify.py[line:184] - INFO: Epoch 331, toal_loss 1.8500, aver loss 0.0001, train accuracy 0.9949, train auc 0.0000, test accuracy 0.8195, test auc 0.0000
2021-05-22 23:49:48,706 - classify.py[line:184] - INFO: Epoch 332, toal_loss 1.8416, aver loss 0.0001, train accuracy 0.9919, train auc 0.0000, test accuracy 0.8210, test auc 0.0000
2021-05-22 23:49:57,878 - classify.py[line:184] - INFO: Epoch 333, toal_loss 2.1585, aver loss 0.0001, train accuracy 0.9933, train auc 0.0000, test accuracy 0.8135, test auc 0.0000
2021-05-22 23:50:07,491 - classify.py[line:184] - INFO: Epoch 334, toal_loss 2.1293, aver loss 0.0001, train accuracy 0.9925, train auc 0.0000, test accuracy 0.8150, test auc 0.0000
2021-05-22 23:50:16,488 - classify.py[line:184] - INFO: Epoch 335, toal_loss 1.8120, aver loss 0.0001, train accuracy 0.9943, train auc 0.0000, test accuracy 0.8090, test auc 0.0000
2021-05-22 23:50:25,944 - classify.py[line:184] - INFO: Epoch 336, toal_loss 2.1676, aver loss 0.0001, train accuracy 0.9929, train auc 0.0000, test accuracy 0.8125, test auc 0.0000
2021-05-22 23:50:35,016 - classify.py[line:184] - INFO: Epoch 337, toal_loss 2.0388, aver loss 0.0001, train accuracy 0.9941, train auc 0.0000, test accuracy 0.8180, test auc 0.0000
2021-05-22 23:50:44,068 - classify.py[line:184] - INFO: Epoch 338, toal_loss 2.2452, aver loss 0.0001, train accuracy 0.9939, train auc 0.0000, test accuracy 0.8245, test auc 0.0000
2021-05-22 23:50:53,689 - classify.py[line:184] - INFO: Epoch 339, toal_loss 1.8949, aver loss 0.0001, train accuracy 0.9927, train auc 0.0000, test accuracy 0.8165, test auc 0.0000
2021-05-22 23:51:03,508 - classify.py[line:184] - INFO: Epoch 340, toal_loss 2.0305, aver loss 0.0001, train accuracy 0.9943, train auc 0.0000, test accuracy 0.8085, test auc 0.0000
2021-05-22 23:51:12,785 - classify.py[line:184] - INFO: Epoch 341, toal_loss 1.9375, aver loss 0.0001, train accuracy 0.9917, train auc 0.0000, test accuracy 0.8110, test auc 0.0000
2021-05-22 23:51:22,433 - classify.py[line:184] - INFO: Epoch 342, toal_loss 1.8094, aver loss 0.0001, train accuracy 0.9929, train auc 0.0000, test accuracy 0.8170, test auc 0.0000
2021-05-22 23:51:31,425 - classify.py[line:184] - INFO: Epoch 343, toal_loss 1.8039, aver loss 0.0001, train accuracy 0.9931, train auc 0.0000, test accuracy 0.8190, test auc 0.0000
2021-05-22 23:51:41,100 - classify.py[line:184] - INFO: Epoch 344, toal_loss 2.0461, aver loss 0.0001, train accuracy 0.9933, train auc 0.0000, test accuracy 0.8190, test auc 0.0000
2021-05-22 23:51:50,149 - classify.py[line:184] - INFO: Epoch 345, toal_loss 1.7892, aver loss 0.0001, train accuracy 0.9945, train auc 0.0000, test accuracy 0.8240, test auc 0.0000
2021-05-22 23:51:59,311 - classify.py[line:184] - INFO: Epoch 346, toal_loss 2.3460, aver loss 0.0001, train accuracy 0.9939, train auc 0.0000, test accuracy 0.8050, test auc 0.0000
2021-05-22 23:52:08,515 - classify.py[line:184] - INFO: Epoch 347, toal_loss 2.0054, aver loss 0.0001, train accuracy 0.9929, train auc 0.0000, test accuracy 0.8120, test auc 0.0000
2021-05-22 23:52:19,118 - classify.py[line:184] - INFO: Epoch 348, toal_loss 2.2860, aver loss 0.0001, train accuracy 0.9933, train auc 0.0000, test accuracy 0.8065, test auc 0.0000
2021-05-22 23:52:28,924 - classify.py[line:184] - INFO: Epoch 349, toal_loss 1.9320, aver loss 0.0001, train accuracy 0.9947, train auc 0.0000, test accuracy 0.8105, test auc 0.0000
2021-05-22 23:52:38,610 - classify.py[line:184] - INFO: Epoch 350, toal_loss 1.9442, aver loss 0.0001, train accuracy 0.9970, train auc 0.0000, test accuracy 0.8155, test auc 0.0000
2021-05-22 23:52:47,576 - classify.py[line:184] - INFO: Epoch 351, toal_loss 1.9100, aver loss 0.0001, train accuracy 0.9949, train auc 0.0000, test accuracy 0.8180, test auc 0.0000
2021-05-22 23:52:57,650 - classify.py[line:184] - INFO: Epoch 352, toal_loss 1.9830, aver loss 0.0001, train accuracy 0.9935, train auc 0.0000, test accuracy 0.8060, test auc 0.0000
2021-05-22 23:53:07,303 - classify.py[line:184] - INFO: Epoch 353, toal_loss 1.9632, aver loss 0.0001, train accuracy 0.9955, train auc 0.0000, test accuracy 0.8070, test auc 0.0000
2021-05-22 23:53:16,733 - classify.py[line:184] - INFO: Epoch 354, toal_loss 1.6467, aver loss 0.0001, train accuracy 0.9947, train auc 0.0000, test accuracy 0.8165, test auc 0.0000
2021-05-22 23:53:25,523 - classify.py[line:184] - INFO: Epoch 355, toal_loss 1.5937, aver loss 0.0001, train accuracy 0.9937, train auc 0.0000, test accuracy 0.8090, test auc 0.0000
2021-05-22 23:53:34,933 - classify.py[line:184] - INFO: Epoch 356, toal_loss 2.0597, aver loss 0.0001, train accuracy 0.9955, train auc 0.0000, test accuracy 0.8090, test auc 0.0000
2021-05-22 23:53:44,207 - classify.py[line:184] - INFO: Epoch 357, toal_loss 1.7522, aver loss 0.0001, train accuracy 0.9943, train auc 0.0000, test accuracy 0.8170, test auc 0.0000
2021-05-22 23:53:54,032 - classify.py[line:184] - INFO: Epoch 358, toal_loss 1.8034, aver loss 0.0001, train accuracy 0.9945, train auc 0.0000, test accuracy 0.8125, test auc 0.0000
2021-05-22 23:54:03,638 - classify.py[line:184] - INFO: Epoch 359, toal_loss 1.7860, aver loss 0.0001, train accuracy 0.9955, train auc 0.0000, test accuracy 0.8130, test auc 0.0000
2021-05-22 23:54:12,941 - classify.py[line:184] - INFO: Epoch 360, toal_loss 1.4797, aver loss 0.0001, train accuracy 0.9939, train auc 0.0000, test accuracy 0.8100, test auc 0.0000
2021-05-22 23:54:22,319 - classify.py[line:184] - INFO: Epoch 361, toal_loss 1.9574, aver loss 0.0001, train accuracy 0.9935, train auc 0.0000, test accuracy 0.8140, test auc 0.0000
2021-05-22 23:54:31,558 - classify.py[line:184] - INFO: Epoch 362, toal_loss 1.7653, aver loss 0.0001, train accuracy 0.9921, train auc 0.0000, test accuracy 0.8195, test auc 0.0000
2021-05-22 23:54:41,284 - classify.py[line:184] - INFO: Epoch 363, toal_loss 1.6244, aver loss 0.0001, train accuracy 0.9951, train auc 0.0000, test accuracy 0.8110, test auc 0.0000
2021-05-22 23:54:50,625 - classify.py[line:184] - INFO: Epoch 364, toal_loss 1.7313, aver loss 0.0001, train accuracy 0.9939, train auc 0.0000, test accuracy 0.8165, test auc 0.0000
2021-05-22 23:54:59,752 - classify.py[line:184] - INFO: Epoch 365, toal_loss 1.7962, aver loss 0.0001, train accuracy 0.9951, train auc 0.0000, test accuracy 0.8120, test auc 0.0000
2021-05-22 23:55:08,984 - classify.py[line:184] - INFO: Epoch 366, toal_loss 1.7573, aver loss 0.0001, train accuracy 0.9945, train auc 0.0000, test accuracy 0.8130, test auc 0.0000
2021-05-22 23:55:18,148 - classify.py[line:184] - INFO: Epoch 367, toal_loss 1.6481, aver loss 0.0001, train accuracy 0.9935, train auc 0.0000, test accuracy 0.8140, test auc 0.0000
2021-05-22 23:55:27,764 - classify.py[line:184] - INFO: Epoch 368, toal_loss 1.7372, aver loss 0.0001, train accuracy 0.9943, train auc 0.0000, test accuracy 0.8030, test auc 0.0000
2021-05-22 23:55:36,823 - classify.py[line:184] - INFO: Epoch 369, toal_loss 1.5532, aver loss 0.0001, train accuracy 0.9939, train auc 0.0000, test accuracy 0.8145, test auc 0.0000
2021-05-22 23:55:46,066 - classify.py[line:184] - INFO: Epoch 370, toal_loss 1.8092, aver loss 0.0001, train accuracy 0.9931, train auc 0.0000, test accuracy 0.8120, test auc 0.0000
2021-05-22 23:55:54,977 - classify.py[line:184] - INFO: Epoch 371, toal_loss 1.4146, aver loss 0.0000, train accuracy 0.9931, train auc 0.0000, test accuracy 0.8115, test auc 0.0000
2021-05-22 23:56:03,687 - classify.py[line:184] - INFO: Epoch 372, toal_loss 1.5752, aver loss 0.0001, train accuracy 0.9947, train auc 0.0000, test accuracy 0.8125, test auc 0.0000
2021-05-22 23:56:13,028 - classify.py[line:184] - INFO: Epoch 373, toal_loss 2.0710, aver loss 0.0001, train accuracy 0.9929, train auc 0.0000, test accuracy 0.8135, test auc 0.0000
2021-05-22 23:56:22,216 - classify.py[line:184] - INFO: Epoch 374, toal_loss 1.6476, aver loss 0.0001, train accuracy 0.9953, train auc 0.0000, test accuracy 0.8135, test auc 0.0000
2021-05-22 23:56:31,572 - classify.py[line:184] - INFO: Epoch 375, toal_loss 1.7295, aver loss 0.0001, train accuracy 0.9939, train auc 0.0000, test accuracy 0.8100, test auc 0.0000
2021-05-22 23:56:41,033 - classify.py[line:184] - INFO: Epoch 376, toal_loss 1.5919, aver loss 0.0001, train accuracy 0.9941, train auc 0.0000, test accuracy 0.8145, test auc 0.0000
2021-05-22 23:56:50,387 - classify.py[line:184] - INFO: Epoch 377, toal_loss 1.6114, aver loss 0.0001, train accuracy 0.9955, train auc 0.0000, test accuracy 0.8070, test auc 0.0000
2021-05-22 23:57:00,012 - classify.py[line:184] - INFO: Epoch 378, toal_loss 1.6667, aver loss 0.0001, train accuracy 0.9958, train auc 0.0000, test accuracy 0.8135, test auc 0.0000
2021-05-22 23:57:09,328 - classify.py[line:184] - INFO: Epoch 379, toal_loss 1.7753, aver loss 0.0001, train accuracy 0.9951, train auc 0.0000, test accuracy 0.8155, test auc 0.0000
2021-05-22 23:57:18,465 - classify.py[line:184] - INFO: Epoch 380, toal_loss 1.4483, aver loss 0.0000, train accuracy 0.9956, train auc 0.0000, test accuracy 0.8030, test auc 0.0000
2021-05-22 23:57:27,847 - classify.py[line:184] - INFO: Epoch 381, toal_loss 1.7087, aver loss 0.0001, train accuracy 0.9939, train auc 0.0000, test accuracy 0.8165, test auc 0.0000
2021-05-22 23:57:37,738 - classify.py[line:184] - INFO: Epoch 382, toal_loss 1.8376, aver loss 0.0001, train accuracy 0.9943, train auc 0.0000, test accuracy 0.8190, test auc 0.0000
2021-05-22 23:57:47,487 - classify.py[line:184] - INFO: Epoch 383, toal_loss 1.5553, aver loss 0.0001, train accuracy 0.9935, train auc 0.0000, test accuracy 0.8150, test auc 0.0000
2021-05-22 23:57:56,865 - classify.py[line:184] - INFO: Epoch 384, toal_loss 1.9462, aver loss 0.0001, train accuracy 0.9943, train auc 0.0000, test accuracy 0.8155, test auc 0.0000
2021-05-22 23:58:05,939 - classify.py[line:184] - INFO: Epoch 385, toal_loss 1.9769, aver loss 0.0001, train accuracy 0.9939, train auc 0.0000, test accuracy 0.8075, test auc 0.0000
2021-05-22 23:58:17,359 - classify.py[line:184] - INFO: Epoch 386, toal_loss 1.4069, aver loss 0.0000, train accuracy 0.9939, train auc 0.0000, test accuracy 0.8120, test auc 0.0000
2021-05-22 23:58:26,849 - classify.py[line:184] - INFO: Epoch 387, toal_loss 1.6129, aver loss 0.0001, train accuracy 0.9943, train auc 0.0000, test accuracy 0.8040, test auc 0.0000
2021-05-22 23:58:36,123 - classify.py[line:184] - INFO: Epoch 388, toal_loss 1.6555, aver loss 0.0001, train accuracy 0.9933, train auc 0.0000, test accuracy 0.8125, test auc 0.0000
2021-05-22 23:58:46,319 - classify.py[line:184] - INFO: Epoch 389, toal_loss 1.5347, aver loss 0.0000, train accuracy 0.9953, train auc 0.0000, test accuracy 0.8150, test auc 0.0000
2021-05-22 23:58:55,753 - classify.py[line:184] - INFO: Epoch 390, toal_loss 1.8510, aver loss 0.0001, train accuracy 0.9947, train auc 0.0000, test accuracy 0.8145, test auc 0.0000
2021-05-22 23:59:05,324 - classify.py[line:184] - INFO: Epoch 391, toal_loss 1.7307, aver loss 0.0001, train accuracy 0.9925, train auc 0.0000, test accuracy 0.8170, test auc 0.0000
2021-05-22 23:59:14,677 - classify.py[line:184] - INFO: Epoch 392, toal_loss 1.5244, aver loss 0.0000, train accuracy 0.9925, train auc 0.0000, test accuracy 0.8110, test auc 0.0000
2021-05-22 23:59:23,608 - classify.py[line:184] - INFO: Epoch 393, toal_loss 1.5171, aver loss 0.0000, train accuracy 0.9945, train auc 0.0000, test accuracy 0.8185, test auc 0.0000
2021-05-22 23:59:32,934 - classify.py[line:184] - INFO: Epoch 394, toal_loss 1.9748, aver loss 0.0001, train accuracy 0.9931, train auc 0.0000, test accuracy 0.7995, test auc 0.0000
2021-05-22 23:59:42,477 - classify.py[line:184] - INFO: Epoch 395, toal_loss 1.5730, aver loss 0.0001, train accuracy 0.9949, train auc 0.0000, test accuracy 0.8095, test auc 0.0000
2021-05-22 23:59:53,156 - classify.py[line:184] - INFO: Epoch 396, toal_loss 1.6838, aver loss 0.0001, train accuracy 0.9941, train auc 0.0000, test accuracy 0.8140, test auc 0.0000
2021-05-23 00:00:02,885 - classify.py[line:184] - INFO: Epoch 397, toal_loss 1.5636, aver loss 0.0000, train accuracy 0.9951, train auc 0.0000, test accuracy 0.8120, test auc 0.0000
2021-05-23 00:00:12,251 - classify.py[line:184] - INFO: Epoch 398, toal_loss 1.8297, aver loss 0.0001, train accuracy 0.9949, train auc 0.0000, test accuracy 0.8160, test auc 0.0000
2021-05-23 00:00:21,245 - classify.py[line:184] - INFO: Epoch 399, toal_loss 1.5085, aver loss 0.0000, train accuracy 0.9953, train auc 0.0000, test accuracy 0.8090, test auc 0.0000
2021-05-23 00:00:30,500 - classify.py[line:184] - INFO: Epoch 400, toal_loss 1.5766, aver loss 0.0000, train accuracy 0.9931, train auc 0.0000, test accuracy 0.8100, test auc 0.0000
2021-05-23 00:00:39,319 - classify.py[line:184] - INFO: Epoch 401, toal_loss 1.5875, aver loss 0.0000, train accuracy 0.9955, train auc 0.0000, test accuracy 0.8135, test auc 0.0000
2021-05-23 00:00:48,644 - classify.py[line:184] - INFO: Epoch 402, toal_loss 1.6104, aver loss 0.0001, train accuracy 0.9955, train auc 0.0000, test accuracy 0.8270, test auc 0.0000
2021-05-23 00:00:57,854 - classify.py[line:184] - INFO: Epoch 403, toal_loss 1.6895, aver loss 0.0001, train accuracy 0.9939, train auc 0.0000, test accuracy 0.8245, test auc 0.0000
2021-05-23 00:01:07,045 - classify.py[line:184] - INFO: Epoch 404, toal_loss 1.7476, aver loss 0.0001, train accuracy 0.9933, train auc 0.0000, test accuracy 0.8225, test auc 0.0000
2021-05-23 00:01:15,989 - classify.py[line:184] - INFO: Epoch 405, toal_loss 1.8237, aver loss 0.0001, train accuracy 0.9955, train auc 0.0000, test accuracy 0.8185, test auc 0.0000
2021-05-23 00:01:25,005 - classify.py[line:184] - INFO: Epoch 406, toal_loss 1.8580, aver loss 0.0001, train accuracy 0.9947, train auc 0.0000, test accuracy 0.8115, test auc 0.0000
2021-05-23 00:01:34,196 - classify.py[line:184] - INFO: Epoch 407, toal_loss 1.6821, aver loss 0.0001, train accuracy 0.9939, train auc 0.0000, test accuracy 0.8065, test auc 0.0000
2021-05-23 00:01:43,324 - classify.py[line:184] - INFO: Epoch 408, toal_loss 1.7236, aver loss 0.0001, train accuracy 0.9937, train auc 0.0000, test accuracy 0.8220, test auc 0.0000
2021-05-23 00:01:52,617 - classify.py[line:184] - INFO: Epoch 409, toal_loss 1.7278, aver loss 0.0001, train accuracy 0.9943, train auc 0.0000, test accuracy 0.8100, test auc 0.0000
2021-05-23 00:02:02,574 - classify.py[line:184] - INFO: Epoch 410, toal_loss 1.2980, aver loss 0.0000, train accuracy 0.9962, train auc 0.0000, test accuracy 0.8190, test auc 0.0000
2021-05-23 00:02:12,107 - classify.py[line:184] - INFO: Epoch 411, toal_loss 1.4592, aver loss 0.0000, train accuracy 0.9956, train auc 0.0000, test accuracy 0.8100, test auc 0.0000
2021-05-23 00:02:21,265 - classify.py[line:184] - INFO: Epoch 412, toal_loss 1.6886, aver loss 0.0001, train accuracy 0.9958, train auc 0.0000, test accuracy 0.8060, test auc 0.0000
2021-05-23 00:02:30,800 - classify.py[line:184] - INFO: Epoch 413, toal_loss 1.4169, aver loss 0.0000, train accuracy 0.9974, train auc 0.0000, test accuracy 0.8150, test auc 0.0000
2021-05-23 00:02:40,947 - classify.py[line:184] - INFO: Epoch 414, toal_loss 1.5544, aver loss 0.0000, train accuracy 0.9929, train auc 0.0000, test accuracy 0.8130, test auc 0.0000
2021-05-23 00:02:50,929 - classify.py[line:184] - INFO: Epoch 415, toal_loss 1.6167, aver loss 0.0000, train accuracy 0.9970, train auc 0.0000, test accuracy 0.8130, test auc 0.0000
2021-05-23 00:03:00,575 - classify.py[line:184] - INFO: Epoch 416, toal_loss 1.4978, aver loss 0.0000, train accuracy 0.9949, train auc 0.0000, test accuracy 0.8110, test auc 0.0000
2021-05-23 00:03:10,223 - classify.py[line:184] - INFO: Epoch 417, toal_loss 1.3937, aver loss 0.0000, train accuracy 0.9958, train auc 0.0000, test accuracy 0.8140, test auc 0.0000
2021-05-23 00:03:19,935 - classify.py[line:184] - INFO: Epoch 418, toal_loss 1.5943, aver loss 0.0000, train accuracy 0.9939, train auc 0.0000, test accuracy 0.8110, test auc 0.0000
2021-05-23 00:03:29,827 - classify.py[line:184] - INFO: Epoch 419, toal_loss 1.5248, aver loss 0.0000, train accuracy 0.9958, train auc 0.0000, test accuracy 0.8150, test auc 0.0000
2021-05-23 00:03:39,477 - classify.py[line:184] - INFO: Epoch 420, toal_loss 1.4864, aver loss 0.0000, train accuracy 0.9956, train auc 0.0000, test accuracy 0.8215, test auc 0.0000
2021-05-23 00:03:48,532 - classify.py[line:184] - INFO: Epoch 421, toal_loss 1.5075, aver loss 0.0000, train accuracy 0.9953, train auc 0.0000, test accuracy 0.8130, test auc 0.0000
2021-05-23 00:03:58,627 - classify.py[line:184] - INFO: Epoch 422, toal_loss 1.4089, aver loss 0.0000, train accuracy 0.9956, train auc 0.0000, test accuracy 0.8140, test auc 0.0000
2021-05-23 00:04:07,789 - classify.py[line:184] - INFO: Epoch 423, toal_loss 1.1847, aver loss 0.0000, train accuracy 0.9935, train auc 0.0000, test accuracy 0.8125, test auc 0.0000
2021-05-23 00:04:17,259 - classify.py[line:184] - INFO: Epoch 424, toal_loss 1.5907, aver loss 0.0000, train accuracy 0.9949, train auc 0.0000, test accuracy 0.8095, test auc 0.0000
2021-05-23 00:04:26,649 - classify.py[line:184] - INFO: Epoch 425, toal_loss 1.4237, aver loss 0.0000, train accuracy 0.9949, train auc 0.0000, test accuracy 0.8130, test auc 0.0000
2021-05-23 00:04:36,174 - classify.py[line:184] - INFO: Epoch 426, toal_loss 1.2087, aver loss 0.0000, train accuracy 0.9956, train auc 0.0000, test accuracy 0.8195, test auc 0.0000
2021-05-23 00:04:45,795 - classify.py[line:184] - INFO: Epoch 427, toal_loss 1.4771, aver loss 0.0000, train accuracy 0.9925, train auc 0.0000, test accuracy 0.8170, test auc 0.0000
2021-05-23 00:04:55,560 - classify.py[line:184] - INFO: Epoch 428, toal_loss 1.5579, aver loss 0.0000, train accuracy 0.9968, train auc 0.0000, test accuracy 0.8150, test auc 0.0000
2021-05-23 00:05:05,544 - classify.py[line:184] - INFO: Epoch 429, toal_loss 1.9660, aver loss 0.0001, train accuracy 0.9929, train auc 0.0000, test accuracy 0.8070, test auc 0.0000
2021-05-23 00:05:15,110 - classify.py[line:184] - INFO: Epoch 430, toal_loss 1.5077, aver loss 0.0000, train accuracy 0.9966, train auc 0.0000, test accuracy 0.8085, test auc 0.0000
2021-05-23 00:05:24,241 - classify.py[line:184] - INFO: Epoch 431, toal_loss 1.5071, aver loss 0.0000, train accuracy 0.9972, train auc 0.0000, test accuracy 0.8065, test auc 0.0000
2021-05-23 00:05:35,035 - classify.py[line:184] - INFO: Epoch 432, toal_loss 1.2861, aver loss 0.0000, train accuracy 0.9958, train auc 0.0000, test accuracy 0.8140, test auc 0.0000
2021-05-23 00:05:44,494 - classify.py[line:184] - INFO: Epoch 433, toal_loss 1.5689, aver loss 0.0000, train accuracy 0.9962, train auc 0.0000, test accuracy 0.8125, test auc 0.0000
2021-05-23 00:05:53,808 - classify.py[line:184] - INFO: Epoch 434, toal_loss 1.2267, aver loss 0.0000, train accuracy 0.9966, train auc 0.0000, test accuracy 0.8150, test auc 0.0000
2021-05-23 00:06:03,258 - classify.py[line:184] - INFO: Epoch 435, toal_loss 1.4641, aver loss 0.0000, train accuracy 0.9955, train auc 0.0000, test accuracy 0.8055, test auc 0.0000
2021-05-23 00:06:12,924 - classify.py[line:184] - INFO: Epoch 436, toal_loss 1.3873, aver loss 0.0000, train accuracy 0.9951, train auc 0.0000, test accuracy 0.8150, test auc 0.0000
2021-05-23 00:06:23,790 - classify.py[line:184] - INFO: Epoch 437, toal_loss 1.8470, aver loss 0.0001, train accuracy 0.9955, train auc 0.0000, test accuracy 0.8170, test auc 0.0000
2021-05-23 00:06:34,338 - classify.py[line:184] - INFO: Epoch 438, toal_loss 1.6308, aver loss 0.0000, train accuracy 0.9956, train auc 0.0000, test accuracy 0.8160, test auc 0.0000
2021-05-23 00:06:43,694 - classify.py[line:184] - INFO: Epoch 439, toal_loss 1.5669, aver loss 0.0000, train accuracy 0.9929, train auc 0.0000, test accuracy 0.8060, test auc 0.0000
2021-05-23 00:06:52,836 - classify.py[line:184] - INFO: Epoch 440, toal_loss 1.2708, aver loss 0.0000, train accuracy 0.9955, train auc 0.0000, test accuracy 0.8120, test auc 0.0000
2021-05-23 00:07:02,604 - classify.py[line:184] - INFO: Epoch 441, toal_loss 1.1499, aver loss 0.0000, train accuracy 0.9955, train auc 0.0000, test accuracy 0.8105, test auc 0.0000
2021-05-23 00:07:12,682 - classify.py[line:184] - INFO: Epoch 442, toal_loss 1.4622, aver loss 0.0000, train accuracy 0.9972, train auc 0.0000, test accuracy 0.8195, test auc 0.0000
2021-05-23 00:07:21,903 - classify.py[line:184] - INFO: Epoch 443, toal_loss 1.3701, aver loss 0.0000, train accuracy 0.9960, train auc 0.0000, test accuracy 0.8125, test auc 0.0000
2021-05-23 00:07:31,224 - classify.py[line:184] - INFO: Epoch 444, toal_loss 1.2355, aver loss 0.0000, train accuracy 0.9958, train auc 0.0000, test accuracy 0.8035, test auc 0.0000
2021-05-23 00:07:40,742 - classify.py[line:184] - INFO: Epoch 445, toal_loss 1.6293, aver loss 0.0000, train accuracy 0.9955, train auc 0.0000, test accuracy 0.8055, test auc 0.0000
2021-05-23 00:07:50,379 - classify.py[line:184] - INFO: Epoch 446, toal_loss 1.3621, aver loss 0.0000, train accuracy 0.9956, train auc 0.0000, test accuracy 0.8185, test auc 0.0000
2021-05-23 00:08:00,771 - classify.py[line:184] - INFO: Epoch 447, toal_loss 1.2059, aver loss 0.0000, train accuracy 0.9931, train auc 0.0000, test accuracy 0.8115, test auc 0.0000
2021-05-23 00:08:10,162 - classify.py[line:184] - INFO: Epoch 448, toal_loss 1.3544, aver loss 0.0000, train accuracy 0.9941, train auc 0.0000, test accuracy 0.8080, test auc 0.0000
2021-05-23 00:08:19,562 - classify.py[line:184] - INFO: Epoch 449, toal_loss 1.4311, aver loss 0.0000, train accuracy 0.9960, train auc 0.0000, test accuracy 0.8150, test auc 0.0000
2021-05-23 00:08:29,194 - classify.py[line:184] - INFO: Epoch 450, toal_loss 1.4269, aver loss 0.0000, train accuracy 0.9953, train auc 0.0000, test accuracy 0.8075, test auc 0.0000
2021-05-23 00:08:38,305 - classify.py[line:184] - INFO: Epoch 451, toal_loss 1.4294, aver loss 0.0000, train accuracy 0.9970, train auc 0.0000, test accuracy 0.8155, test auc 0.0000
2021-05-23 00:08:47,719 - classify.py[line:184] - INFO: Epoch 452, toal_loss 1.4543, aver loss 0.0000, train accuracy 0.9937, train auc 0.0000, test accuracy 0.8065, test auc 0.0000
2021-05-23 00:08:57,114 - classify.py[line:184] - INFO: Epoch 453, toal_loss 1.5341, aver loss 0.0000, train accuracy 0.9966, train auc 0.0000, test accuracy 0.8170, test auc 0.0000
2021-05-23 00:09:06,404 - classify.py[line:184] - INFO: Epoch 454, toal_loss 1.5049, aver loss 0.0000, train accuracy 0.9947, train auc 0.0000, test accuracy 0.8095, test auc 0.0000
2021-05-23 00:09:16,341 - classify.py[line:184] - INFO: Epoch 455, toal_loss 1.4649, aver loss 0.0000, train accuracy 0.9943, train auc 0.0000, test accuracy 0.8155, test auc 0.0000
2021-05-23 00:09:25,399 - classify.py[line:184] - INFO: Epoch 456, toal_loss 1.4227, aver loss 0.0000, train accuracy 0.9941, train auc 0.0000, test accuracy 0.8060, test auc 0.0000
2021-05-23 00:09:34,742 - classify.py[line:184] - INFO: Epoch 457, toal_loss 1.3090, aver loss 0.0000, train accuracy 0.9970, train auc 0.0000, test accuracy 0.8200, test auc 0.0000
2021-05-23 00:09:43,999 - classify.py[line:184] - INFO: Epoch 458, toal_loss 1.5052, aver loss 0.0000, train accuracy 0.9947, train auc 0.0000, test accuracy 0.8090, test auc 0.0000
2021-05-23 00:09:53,242 - classify.py[line:184] - INFO: Epoch 459, toal_loss 1.4396, aver loss 0.0000, train accuracy 0.9964, train auc 0.0000, test accuracy 0.8155, test auc 0.0000
2021-05-23 00:10:02,759 - classify.py[line:184] - INFO: Epoch 460, toal_loss 1.6066, aver loss 0.0000, train accuracy 0.9945, train auc 0.0000, test accuracy 0.8115, test auc 0.0000
2021-05-23 00:10:12,749 - classify.py[line:184] - INFO: Epoch 461, toal_loss 1.2484, aver loss 0.0000, train accuracy 0.9962, train auc 0.0000, test accuracy 0.8215, test auc 0.0000
2021-05-23 00:10:22,623 - classify.py[line:184] - INFO: Epoch 462, toal_loss 1.1499, aver loss 0.0000, train accuracy 0.9970, train auc 0.0000, test accuracy 0.8165, test auc 0.0000
2021-05-23 00:10:32,004 - classify.py[line:184] - INFO: Epoch 463, toal_loss 1.2090, aver loss 0.0000, train accuracy 0.9949, train auc 0.0000, test accuracy 0.8155, test auc 0.0000
2021-05-23 00:10:42,237 - classify.py[line:184] - INFO: Epoch 464, toal_loss 1.3255, aver loss 0.0000, train accuracy 0.9964, train auc 0.0000, test accuracy 0.8155, test auc 0.0000
2021-05-23 00:10:51,743 - classify.py[line:184] - INFO: Epoch 465, toal_loss 1.0930, aver loss 0.0000, train accuracy 0.9955, train auc 0.0000, test accuracy 0.8170, test auc 0.0000
2021-05-23 00:11:01,233 - classify.py[line:184] - INFO: Epoch 466, toal_loss 1.3163, aver loss 0.0000, train accuracy 0.9949, train auc 0.0000, test accuracy 0.8185, test auc 0.0000
2021-05-23 00:11:11,308 - classify.py[line:184] - INFO: Epoch 467, toal_loss 1.2042, aver loss 0.0000, train accuracy 0.9966, train auc 0.0000, test accuracy 0.8180, test auc 0.0000
2021-05-23 00:11:21,332 - classify.py[line:184] - INFO: Epoch 468, toal_loss 1.3202, aver loss 0.0000, train accuracy 0.9964, train auc 0.0000, test accuracy 0.8190, test auc 0.0000
2021-05-23 00:11:30,790 - classify.py[line:184] - INFO: Epoch 469, toal_loss 1.4365, aver loss 0.0000, train accuracy 0.9955, train auc 0.0000, test accuracy 0.8090, test auc 0.0000
2021-05-23 00:11:40,524 - classify.py[line:184] - INFO: Epoch 470, toal_loss 1.5920, aver loss 0.0000, train accuracy 0.9955, train auc 0.0000, test accuracy 0.8155, test auc 0.0000
2021-05-23 00:11:50,096 - classify.py[line:184] - INFO: Epoch 471, toal_loss 1.3048, aver loss 0.0000, train accuracy 0.9953, train auc 0.0000, test accuracy 0.8100, test auc 0.0000
2021-05-23 00:11:59,556 - classify.py[line:184] - INFO: Epoch 472, toal_loss 1.2588, aver loss 0.0000, train accuracy 0.9960, train auc 0.0000, test accuracy 0.8115, test auc 0.0000
2021-05-23 00:12:08,932 - classify.py[line:184] - INFO: Epoch 473, toal_loss 1.3308, aver loss 0.0000, train accuracy 0.9951, train auc 0.0000, test accuracy 0.8115, test auc 0.0000
2021-05-23 00:12:18,783 - classify.py[line:184] - INFO: Epoch 474, toal_loss 1.4253, aver loss 0.0000, train accuracy 0.9947, train auc 0.0000, test accuracy 0.8180, test auc 0.0000
2021-05-23 00:12:28,166 - classify.py[line:184] - INFO: Epoch 475, toal_loss 1.1819, aver loss 0.0000, train accuracy 0.9960, train auc 0.0000, test accuracy 0.8220, test auc 0.0000
2021-05-23 00:12:37,763 - classify.py[line:184] - INFO: Epoch 476, toal_loss 1.4503, aver loss 0.0000, train accuracy 0.9966, train auc 0.0000, test accuracy 0.8185, test auc 0.0000
2021-05-23 00:12:47,100 - classify.py[line:184] - INFO: Epoch 477, toal_loss 1.2689, aver loss 0.0000, train accuracy 0.9951, train auc 0.0000, test accuracy 0.8160, test auc 0.0000
2021-05-23 00:12:56,528 - classify.py[line:184] - INFO: Epoch 478, toal_loss 1.0824, aver loss 0.0000, train accuracy 0.9956, train auc 0.0000, test accuracy 0.8175, test auc 0.0000
2021-05-23 00:13:06,324 - classify.py[line:184] - INFO: Epoch 479, toal_loss 1.1924, aver loss 0.0000, train accuracy 0.9962, train auc 0.0000, test accuracy 0.8155, test auc 0.0000
2021-05-23 00:13:15,679 - classify.py[line:184] - INFO: Epoch 480, toal_loss 1.0931, aver loss 0.0000, train accuracy 0.9955, train auc 0.0000, test accuracy 0.8170, test auc 0.0000
2021-05-23 00:13:25,560 - classify.py[line:184] - INFO: Epoch 481, toal_loss 1.0087, aver loss 0.0000, train accuracy 0.9953, train auc 0.0000, test accuracy 0.8085, test auc 0.0000
2021-05-23 00:13:34,524 - classify.py[line:184] - INFO: Epoch 482, toal_loss 1.3428, aver loss 0.0000, train accuracy 0.9964, train auc 0.0000, test accuracy 0.8160, test auc 0.0000
2021-05-23 00:13:43,912 - classify.py[line:184] - INFO: Epoch 483, toal_loss 1.2884, aver loss 0.0000, train accuracy 0.9953, train auc 0.0000, test accuracy 0.8105, test auc 0.0000
2021-05-23 00:13:53,589 - classify.py[line:184] - INFO: Epoch 484, toal_loss 1.0355, aver loss 0.0000, train accuracy 0.9953, train auc 0.0000, test accuracy 0.8080, test auc 0.0000
2021-05-23 00:14:04,052 - classify.py[line:184] - INFO: Epoch 485, toal_loss 1.3551, aver loss 0.0000, train accuracy 0.9941, train auc 0.0000, test accuracy 0.8090, test auc 0.0000
2021-05-23 00:14:13,993 - classify.py[line:184] - INFO: Epoch 486, toal_loss 1.4470, aver loss 0.0000, train accuracy 0.9956, train auc 0.0000, test accuracy 0.8120, test auc 0.0000
2021-05-23 00:14:24,046 - classify.py[line:184] - INFO: Epoch 487, toal_loss 1.0569, aver loss 0.0000, train accuracy 0.9949, train auc 0.0000, test accuracy 0.8080, test auc 0.0000
2021-05-23 00:14:35,020 - classify.py[line:184] - INFO: Epoch 488, toal_loss 1.0906, aver loss 0.0000, train accuracy 0.9955, train auc 0.0000, test accuracy 0.8145, test auc 0.0000
2021-05-23 00:14:44,632 - classify.py[line:184] - INFO: Epoch 489, toal_loss 1.3326, aver loss 0.0000, train accuracy 0.9972, train auc 0.0000, test accuracy 0.8170, test auc 0.0000
2021-05-23 00:14:53,569 - classify.py[line:184] - INFO: Epoch 490, toal_loss 1.1653, aver loss 0.0000, train accuracy 0.9945, train auc 0.0000, test accuracy 0.8050, test auc 0.0000
2021-05-23 00:15:03,866 - classify.py[line:184] - INFO: Epoch 491, toal_loss 1.2353, aver loss 0.0000, train accuracy 0.9949, train auc 0.0000, test accuracy 0.8105, test auc 0.0000
2021-05-23 00:15:13,753 - classify.py[line:184] - INFO: Epoch 492, toal_loss 1.2847, aver loss 0.0000, train accuracy 0.9947, train auc 0.0000, test accuracy 0.8045, test auc 0.0000
2021-05-23 00:15:23,033 - classify.py[line:184] - INFO: Epoch 493, toal_loss 1.3333, aver loss 0.0000, train accuracy 0.9968, train auc 0.0000, test accuracy 0.8130, test auc 0.0000
2021-05-23 00:15:32,566 - classify.py[line:184] - INFO: Epoch 494, toal_loss 1.1749, aver loss 0.0000, train accuracy 0.9968, train auc 0.0000, test accuracy 0.8115, test auc 0.0000
2021-05-23 00:15:43,221 - classify.py[line:184] - INFO: Epoch 495, toal_loss 1.1760, aver loss 0.0000, train accuracy 0.9951, train auc 0.0000, test accuracy 0.8120, test auc 0.0000
2021-05-23 00:15:52,860 - classify.py[line:184] - INFO: Epoch 496, toal_loss 1.2138, aver loss 0.0000, train accuracy 0.9974, train auc 0.0000, test accuracy 0.8060, test auc 0.0000
2021-05-23 00:16:01,963 - classify.py[line:184] - INFO: Epoch 497, toal_loss 1.2988, aver loss 0.0000, train accuracy 0.9964, train auc 0.0000, test accuracy 0.8195, test auc 0.0000
2021-05-23 00:16:12,664 - classify.py[line:184] - INFO: Epoch 498, toal_loss 1.1438, aver loss 0.0000, train accuracy 0.9958, train auc 0.0000, test accuracy 0.8145, test auc 0.0000
2021-05-23 00:16:22,073 - classify.py[line:184] - INFO: Epoch 499, toal_loss 1.2912, aver loss 0.0000, train accuracy 0.9953, train auc 0.0000, test accuracy 0.8110, test auc 0.0000
