2021-05-16 19:46:40,617 - classify.py[line:67] - INFO: Namespace(batch_size=64, dataset='PC', epoch=80, gpu=1, lr=0.001, modelname='TextCNN', modelnum=0, seed=1, use_aug=0)
2021-05-16 19:46:45,047 - classify.py[line:120] - INFO: {'word_embedding_dimension': 300, 'Epoch1': 5, 'Epoch2': 80, 'dropout': 0.1, 'label_num': 2, 'learning_rate1': 1e-05, 'learning_rate2': 0.001, 'batch_size': 64, 'cuda': 1, 'negSampleNum': 3, 'max_bound': 1, 'kernel_sizes': [3, 4, 5], 'hidden_size': 256, 'hidden_layers': 1, 'bidirectional': True}
2021-05-16 19:46:45,335 - classify.py[line:126] - INFO: before training: 1.0
2021-05-16 19:46:45,336 - classify.py[line:138] - INFO: ...start training...
2021-05-16 19:46:51,630 - classify.py[line:166] - INFO: Epoch 0, toal_loss 170.4743, aver loss 0.2996, train accuracy 0.8715, test accuracy 0.8200
2021-05-16 19:46:57,928 - classify.py[line:166] - INFO: Epoch 1, toal_loss 147.5607, aver loss 0.1297, train accuracy 0.8932, test accuracy 0.7940
2021-05-16 19:47:03,892 - classify.py[line:166] - INFO: Epoch 2, toal_loss 141.2289, aver loss 0.0827, train accuracy 0.8986, test accuracy 0.7855
2021-05-16 19:47:09,983 - classify.py[line:166] - INFO: Epoch 3, toal_loss 136.6523, aver loss 0.0600, train accuracy 0.9023, test accuracy 0.7997
2021-05-16 19:47:15,947 - classify.py[line:166] - INFO: Epoch 4, toal_loss 132.9614, aver loss 0.0467, train accuracy 0.9040, test accuracy 0.7855
2021-05-16 19:47:22,079 - classify.py[line:166] - INFO: Epoch 5, toal_loss 129.7103, aver loss 0.0380, train accuracy 0.9069, test accuracy 0.7875
2021-05-16 19:47:28,253 - classify.py[line:166] - INFO: Epoch 6, toal_loss 127.3191, aver loss 0.0320, train accuracy 0.9088, test accuracy 0.7796
2021-05-16 19:47:34,122 - classify.py[line:166] - INFO: Epoch 7, toal_loss 126.3173, aver loss 0.0277, train accuracy 0.9090, test accuracy 0.7852
2021-05-16 19:47:40,491 - classify.py[line:166] - INFO: Epoch 8, toal_loss 124.2038, aver loss 0.0243, train accuracy 0.9106, test accuracy 0.7796
2021-05-16 19:47:46,515 - classify.py[line:166] - INFO: Epoch 9, toal_loss 122.2017, aver loss 0.0215, train accuracy 0.9105, test accuracy 0.7742
2021-05-16 19:47:52,763 - classify.py[line:166] - INFO: Epoch 10, toal_loss 121.8281, aver loss 0.0195, train accuracy 0.9125, test accuracy 0.7739
2021-05-16 19:47:58,932 - classify.py[line:166] - INFO: Epoch 11, toal_loss 120.6644, aver loss 0.0177, train accuracy 0.9136, test accuracy 0.7685
2021-05-16 19:48:06,782 - classify.py[line:166] - INFO: Epoch 12, toal_loss 119.6058, aver loss 0.0162, train accuracy 0.9144, test accuracy 0.7702
2021-05-16 19:48:13,638 - classify.py[line:166] - INFO: Epoch 13, toal_loss 117.0747, aver loss 0.0147, train accuracy 0.9150, test accuracy 0.7685
2021-05-16 19:48:19,901 - classify.py[line:166] - INFO: Epoch 14, toal_loss 117.6810, aver loss 0.0138, train accuracy 0.9161, test accuracy 0.7699
2021-05-16 19:48:25,804 - classify.py[line:166] - INFO: Epoch 15, toal_loss 115.8408, aver loss 0.0127, train accuracy 0.9178, test accuracy 0.7776
2021-05-16 19:48:32,041 - classify.py[line:166] - INFO: Epoch 16, toal_loss 116.4080, aver loss 0.0120, train accuracy 0.9182, test accuracy 0.7832
2021-05-16 19:48:38,376 - classify.py[line:166] - INFO: Epoch 17, toal_loss 115.3149, aver loss 0.0113, train accuracy 0.9175, test accuracy 0.7784
2021-05-16 19:48:44,780 - classify.py[line:166] - INFO: Epoch 18, toal_loss 115.0561, aver loss 0.0106, train accuracy 0.9182, test accuracy 0.7719
2021-05-16 19:48:51,025 - classify.py[line:166] - INFO: Epoch 19, toal_loss 113.9518, aver loss 0.0100, train accuracy 0.9192, test accuracy 0.7739
2021-05-16 19:48:57,363 - classify.py[line:166] - INFO: Epoch 20, toal_loss 113.2242, aver loss 0.0095, train accuracy 0.9188, test accuracy 0.7816
2021-05-16 19:49:03,870 - classify.py[line:166] - INFO: Epoch 21, toal_loss 113.0777, aver loss 0.0090, train accuracy 0.9196, test accuracy 0.7745
2021-05-16 19:49:10,488 - classify.py[line:166] - INFO: Epoch 22, toal_loss 111.9010, aver loss 0.0086, train accuracy 0.9200, test accuracy 0.7821
2021-05-16 19:49:16,781 - classify.py[line:166] - INFO: Epoch 23, toal_loss 111.0697, aver loss 0.0081, train accuracy 0.9209, test accuracy 0.7881
2021-05-16 19:49:22,667 - classify.py[line:166] - INFO: Epoch 24, toal_loss 109.4909, aver loss 0.0077, train accuracy 0.9220, test accuracy 0.7750
2021-05-16 19:49:29,258 - classify.py[line:166] - INFO: Epoch 25, toal_loss 110.4947, aver loss 0.0075, train accuracy 0.9208, test accuracy 0.7759
2021-05-16 19:49:35,604 - classify.py[line:166] - INFO: Epoch 26, toal_loss 109.1853, aver loss 0.0071, train accuracy 0.9205, test accuracy 0.7810
2021-05-16 19:49:41,841 - classify.py[line:166] - INFO: Epoch 27, toal_loss 109.9479, aver loss 0.0069, train accuracy 0.9215, test accuracy 0.7750
2021-05-16 19:49:48,527 - classify.py[line:166] - INFO: Epoch 28, toal_loss 108.8537, aver loss 0.0066, train accuracy 0.9225, test accuracy 0.7835
2021-05-16 19:49:54,858 - classify.py[line:166] - INFO: Epoch 29, toal_loss 108.5452, aver loss 0.0064, train accuracy 0.9235, test accuracy 0.7756
2021-05-16 19:50:00,945 - classify.py[line:166] - INFO: Epoch 30, toal_loss 108.0423, aver loss 0.0061, train accuracy 0.9225, test accuracy 0.7779
2021-05-16 19:50:06,984 - classify.py[line:166] - INFO: Epoch 31, toal_loss 108.1706, aver loss 0.0059, train accuracy 0.9230, test accuracy 0.7807
2021-05-16 19:50:13,054 - classify.py[line:166] - INFO: Epoch 32, toal_loss 107.7548, aver loss 0.0057, train accuracy 0.9232, test accuracy 0.7787
2021-05-16 19:50:18,924 - classify.py[line:166] - INFO: Epoch 33, toal_loss 106.4328, aver loss 0.0055, train accuracy 0.9227, test accuracy 0.7739
2021-05-16 19:50:25,120 - classify.py[line:166] - INFO: Epoch 34, toal_loss 107.5062, aver loss 0.0054, train accuracy 0.9231, test accuracy 0.7736
2021-05-16 19:50:31,237 - classify.py[line:166] - INFO: Epoch 35, toal_loss 106.1707, aver loss 0.0052, train accuracy 0.9233, test accuracy 0.7748
2021-05-16 19:50:37,397 - classify.py[line:166] - INFO: Epoch 36, toal_loss 106.5007, aver loss 0.0051, train accuracy 0.9247, test accuracy 0.7733
2021-05-16 19:50:43,268 - classify.py[line:166] - INFO: Epoch 37, toal_loss 105.6123, aver loss 0.0049, train accuracy 0.9246, test accuracy 0.7849
2021-05-16 19:50:48,912 - classify.py[line:166] - INFO: Epoch 38, toal_loss 105.3922, aver loss 0.0047, train accuracy 0.9246, test accuracy 0.7711
2021-05-16 19:50:54,755 - classify.py[line:166] - INFO: Epoch 39, toal_loss 106.0103, aver loss 0.0047, train accuracy 0.9252, test accuracy 0.7702
2021-05-16 19:51:00,429 - classify.py[line:166] - INFO: Epoch 40, toal_loss 104.7176, aver loss 0.0045, train accuracy 0.9252, test accuracy 0.7767
2021-05-16 19:51:06,120 - classify.py[line:166] - INFO: Epoch 41, toal_loss 104.9649, aver loss 0.0044, train accuracy 0.9261, test accuracy 0.7666
2021-05-16 19:51:11,927 - classify.py[line:166] - INFO: Epoch 42, toal_loss 103.8738, aver loss 0.0042, train accuracy 0.9256, test accuracy 0.7708
2021-05-16 19:51:17,718 - classify.py[line:166] - INFO: Epoch 43, toal_loss 103.2407, aver loss 0.0041, train accuracy 0.9257, test accuracy 0.7711
2021-05-16 19:51:23,497 - classify.py[line:166] - INFO: Epoch 44, toal_loss 104.0826, aver loss 0.0041, train accuracy 0.9257, test accuracy 0.7728
2021-05-16 19:51:29,301 - classify.py[line:166] - INFO: Epoch 45, toal_loss 103.3274, aver loss 0.0039, train accuracy 0.9252, test accuracy 0.7776
2021-05-16 19:51:34,741 - classify.py[line:166] - INFO: Epoch 46, toal_loss 102.0924, aver loss 0.0038, train accuracy 0.9283, test accuracy 0.7782
2021-05-16 19:51:40,263 - classify.py[line:166] - INFO: Epoch 47, toal_loss 102.9112, aver loss 0.0038, train accuracy 0.9252, test accuracy 0.7666
2021-05-16 19:51:46,000 - classify.py[line:166] - INFO: Epoch 48, toal_loss 102.4075, aver loss 0.0037, train accuracy 0.9270, test accuracy 0.7714
2021-05-16 19:51:51,623 - classify.py[line:166] - INFO: Epoch 49, toal_loss 101.7161, aver loss 0.0036, train accuracy 0.9272, test accuracy 0.7790
2021-05-16 19:51:57,535 - classify.py[line:166] - INFO: Epoch 50, toal_loss 102.2220, aver loss 0.0035, train accuracy 0.9265, test accuracy 0.7657
2021-05-16 19:52:03,198 - classify.py[line:166] - INFO: Epoch 51, toal_loss 101.7028, aver loss 0.0034, train accuracy 0.9284, test accuracy 0.7677
2021-05-16 19:52:08,831 - classify.py[line:166] - INFO: Epoch 52, toal_loss 102.2550, aver loss 0.0034, train accuracy 0.9277, test accuracy 0.7578
2021-05-16 19:52:14,452 - classify.py[line:166] - INFO: Epoch 53, toal_loss 100.9998, aver loss 0.0033, train accuracy 0.9288, test accuracy 0.7663
2021-05-16 19:52:20,106 - classify.py[line:166] - INFO: Epoch 54, toal_loss 100.7305, aver loss 0.0032, train accuracy 0.9285, test accuracy 0.7708
2021-05-16 19:52:25,911 - classify.py[line:166] - INFO: Epoch 55, toal_loss 101.0462, aver loss 0.0032, train accuracy 0.9292, test accuracy 0.7711
2021-05-16 19:52:31,595 - classify.py[line:166] - INFO: Epoch 56, toal_loss 101.4722, aver loss 0.0031, train accuracy 0.9283, test accuracy 0.7643
2021-05-16 19:52:37,365 - classify.py[line:166] - INFO: Epoch 57, toal_loss 100.8703, aver loss 0.0031, train accuracy 0.9288, test accuracy 0.7685
2021-05-16 19:52:43,006 - classify.py[line:166] - INFO: Epoch 58, toal_loss 100.4738, aver loss 0.0030, train accuracy 0.9286, test accuracy 0.7575
2021-05-16 19:52:48,609 - classify.py[line:166] - INFO: Epoch 59, toal_loss 101.5640, aver loss 0.0030, train accuracy 0.9293, test accuracy 0.7569
2021-05-16 19:52:54,308 - classify.py[line:166] - INFO: Epoch 60, toal_loss 99.7988, aver loss 0.0029, train accuracy 0.9290, test accuracy 0.7615
2021-05-16 19:52:59,867 - classify.py[line:166] - INFO: Epoch 61, toal_loss 99.6724, aver loss 0.0028, train accuracy 0.9295, test accuracy 0.7697
2021-05-16 19:53:05,680 - classify.py[line:166] - INFO: Epoch 62, toal_loss 100.3689, aver loss 0.0028, train accuracy 0.9284, test accuracy 0.7688
2021-05-16 19:53:11,277 - classify.py[line:166] - INFO: Epoch 63, toal_loss 99.6345, aver loss 0.0027, train accuracy 0.9297, test accuracy 0.7702
2021-05-16 19:53:17,042 - classify.py[line:166] - INFO: Epoch 64, toal_loss 98.7162, aver loss 0.0027, train accuracy 0.9293, test accuracy 0.7654
2021-05-16 19:53:22,506 - classify.py[line:166] - INFO: Epoch 65, toal_loss 99.2804, aver loss 0.0026, train accuracy 0.9291, test accuracy 0.7663
2021-05-16 19:53:28,061 - classify.py[line:166] - INFO: Epoch 66, toal_loss 99.4604, aver loss 0.0026, train accuracy 0.9293, test accuracy 0.7728
2021-05-16 19:53:33,584 - classify.py[line:166] - INFO: Epoch 67, toal_loss 98.1212, aver loss 0.0025, train accuracy 0.9295, test accuracy 0.7660
2021-05-16 19:53:39,202 - classify.py[line:166] - INFO: Epoch 68, toal_loss 99.4650, aver loss 0.0025, train accuracy 0.9298, test accuracy 0.7697
2021-05-16 19:53:44,991 - classify.py[line:166] - INFO: Epoch 69, toal_loss 98.3410, aver loss 0.0025, train accuracy 0.9302, test accuracy 0.7691
2021-05-16 19:53:50,579 - classify.py[line:166] - INFO: Epoch 70, toal_loss 97.6358, aver loss 0.0024, train accuracy 0.9306, test accuracy 0.7671
2021-05-16 19:53:56,150 - classify.py[line:166] - INFO: Epoch 71, toal_loss 96.9338, aver loss 0.0024, train accuracy 0.9315, test accuracy 0.7691
2021-05-16 19:54:01,723 - classify.py[line:166] - INFO: Epoch 72, toal_loss 97.3173, aver loss 0.0023, train accuracy 0.9310, test accuracy 0.7697
2021-05-16 19:54:07,581 - classify.py[line:166] - INFO: Epoch 73, toal_loss 97.4243, aver loss 0.0023, train accuracy 0.9305, test accuracy 0.7649
2021-05-16 19:54:13,377 - classify.py[line:166] - INFO: Epoch 74, toal_loss 97.5400, aver loss 0.0023, train accuracy 0.9311, test accuracy 0.7722
2021-05-16 19:54:19,181 - classify.py[line:166] - INFO: Epoch 75, toal_loss 96.7706, aver loss 0.0022, train accuracy 0.9307, test accuracy 0.7643
2021-05-16 19:54:25,176 - classify.py[line:166] - INFO: Epoch 76, toal_loss 97.8468, aver loss 0.0022, train accuracy 0.9310, test accuracy 0.7606
2021-05-16 19:54:31,002 - classify.py[line:166] - INFO: Epoch 77, toal_loss 97.7035, aver loss 0.0022, train accuracy 0.9307, test accuracy 0.7581
2021-05-16 19:54:36,948 - classify.py[line:166] - INFO: Epoch 78, toal_loss 96.7279, aver loss 0.0022, train accuracy 0.9309, test accuracy 0.7683
2021-05-16 19:54:42,817 - classify.py[line:166] - INFO: Epoch 79, toal_loss 96.6619, aver loss 0.0021, train accuracy 0.9309, test accuracy 0.7589
