2021-05-17 14:50:14,689 - classify.py[line:68] - INFO: Namespace(batch_size=64, dataset='PC', epoch=80, gpu=1, l2=0.001, lr=0.001, modelname='TextCNN', modelnum=1, seed=2, use_aug=1)
2021-05-17 14:50:19,473 - classify.py[line:115] - INFO: {'word_embedding_dimension': 300, 'Epoch1': 50, 'Epoch2': 10, 'dropout': 0.1, 'label_num': 2, 'learning_rate1': 0.001, 'learning_rate2': 1e-05, 'batch_size': 64, 'cuda': True, 'negSampleNum': 2, 'max_bound': 0.5, 'kernel_sizes': [3, 4, 5], 'hidden_size': 256, 'hidden_layers': 1, 'bidirectional': True}
2021-05-17 14:50:19,744 - classify.py[line:133] - INFO: before training: 0.7992076873779297
2021-05-17 14:50:19,745 - classify.py[line:145] - INFO: ...start training...
2021-05-17 14:50:25,549 - classify.py[line:173] - INFO: Epoch 0, toal_loss 156.5054, aver loss 0.2751, train accuracy 0.8885, test accuracy 0.7990
2021-05-17 14:50:31,405 - classify.py[line:173] - INFO: Epoch 1, toal_loss 140.6990, aver loss 0.1236, train accuracy 0.8949, test accuracy 0.8058
2021-05-17 14:50:37,378 - classify.py[line:173] - INFO: Epoch 2, toal_loss 136.5949, aver loss 0.0800, train accuracy 0.8988, test accuracy 0.8079
2021-05-17 14:50:43,019 - classify.py[line:173] - INFO: Epoch 3, toal_loss 134.0846, aver loss 0.0589, train accuracy 0.9003, test accuracy 0.8079
2021-05-17 14:50:48,919 - classify.py[line:173] - INFO: Epoch 4, toal_loss 131.7783, aver loss 0.0463, train accuracy 0.9027, test accuracy 0.8083
2021-05-17 14:50:54,778 - classify.py[line:173] - INFO: Epoch 5, toal_loss 130.3214, aver loss 0.0382, train accuracy 0.9051, test accuracy 0.8075
2021-05-17 14:51:00,638 - classify.py[line:173] - INFO: Epoch 6, toal_loss 128.2635, aver loss 0.0322, train accuracy 0.9060, test accuracy 0.8036
2021-05-17 14:51:06,422 - classify.py[line:173] - INFO: Epoch 7, toal_loss 127.5465, aver loss 0.0280, train accuracy 0.9077, test accuracy 0.8060
2021-05-17 14:51:12,316 - classify.py[line:173] - INFO: Epoch 8, toal_loss 126.9789, aver loss 0.0248, train accuracy 0.9073, test accuracy 0.8050
2021-05-17 14:51:18,056 - classify.py[line:173] - INFO: Epoch 9, toal_loss 125.8006, aver loss 0.0221, train accuracy 0.9084, test accuracy 0.8057
2021-05-17 14:51:23,841 - classify.py[line:173] - INFO: Epoch 10, toal_loss 124.5748, aver loss 0.0199, train accuracy 0.9094, test accuracy 0.8041
2021-05-17 14:51:29,564 - classify.py[line:173] - INFO: Epoch 11, toal_loss 124.2143, aver loss 0.0182, train accuracy 0.9112, test accuracy 0.8028
2021-05-17 14:51:35,476 - classify.py[line:173] - INFO: Epoch 12, toal_loss 123.5930, aver loss 0.0167, train accuracy 0.9109, test accuracy 0.8098
2021-05-17 14:51:41,291 - classify.py[line:173] - INFO: Epoch 13, toal_loss 123.8373, aver loss 0.0155, train accuracy 0.9106, test accuracy 0.8045
2021-05-17 14:51:47,075 - classify.py[line:173] - INFO: Epoch 14, toal_loss 122.6666, aver loss 0.0144, train accuracy 0.9124, test accuracy 0.7993
2021-05-17 14:51:52,933 - classify.py[line:173] - INFO: Epoch 15, toal_loss 121.4315, aver loss 0.0133, train accuracy 0.9138, test accuracy 0.8024
2021-05-17 14:51:58,863 - classify.py[line:173] - INFO: Epoch 16, toal_loss 121.4648, aver loss 0.0126, train accuracy 0.9129, test accuracy 0.8017
2021-05-17 14:52:04,779 - classify.py[line:173] - INFO: Epoch 17, toal_loss 121.4819, aver loss 0.0119, train accuracy 0.9134, test accuracy 0.8010
2021-05-17 14:52:10,775 - classify.py[line:173] - INFO: Epoch 18, toal_loss 121.0587, aver loss 0.0112, train accuracy 0.9150, test accuracy 0.8059
2021-05-17 14:52:16,660 - classify.py[line:173] - INFO: Epoch 19, toal_loss 119.6913, aver loss 0.0105, train accuracy 0.9138, test accuracy 0.8032
2021-05-17 14:52:22,332 - classify.py[line:173] - INFO: Epoch 20, toal_loss 120.3122, aver loss 0.0101, train accuracy 0.9145, test accuracy 0.8015
2021-05-17 14:52:28,092 - classify.py[line:173] - INFO: Epoch 21, toal_loss 119.5246, aver loss 0.0095, train accuracy 0.9151, test accuracy 0.8036
2021-05-17 14:52:33,845 - classify.py[line:173] - INFO: Epoch 22, toal_loss 120.5569, aver loss 0.0092, train accuracy 0.9144, test accuracy 0.8007
2021-05-17 14:52:39,619 - classify.py[line:173] - INFO: Epoch 23, toal_loss 118.9530, aver loss 0.0087, train accuracy 0.9149, test accuracy 0.8000
2021-05-17 14:52:45,557 - classify.py[line:173] - INFO: Epoch 24, toal_loss 117.9115, aver loss 0.0083, train accuracy 0.9157, test accuracy 0.8003
2021-05-17 14:52:51,502 - classify.py[line:173] - INFO: Epoch 25, toal_loss 118.0269, aver loss 0.0080, train accuracy 0.9158, test accuracy 0.8010
2021-05-17 14:52:57,390 - classify.py[line:173] - INFO: Epoch 26, toal_loss 117.6969, aver loss 0.0077, train accuracy 0.9174, test accuracy 0.7999
2021-05-17 14:53:03,226 - classify.py[line:173] - INFO: Epoch 27, toal_loss 116.6273, aver loss 0.0073, train accuracy 0.9161, test accuracy 0.7997
2021-05-17 14:53:08,981 - classify.py[line:173] - INFO: Epoch 28, toal_loss 116.7074, aver loss 0.0071, train accuracy 0.9157, test accuracy 0.7974
2021-05-17 14:53:14,811 - classify.py[line:173] - INFO: Epoch 29, toal_loss 117.6443, aver loss 0.0069, train accuracy 0.9170, test accuracy 0.8031
2021-05-17 14:53:20,692 - classify.py[line:173] - INFO: Epoch 30, toal_loss 116.5285, aver loss 0.0066, train accuracy 0.9165, test accuracy 0.7951
2021-05-17 14:53:26,761 - classify.py[line:173] - INFO: Epoch 31, toal_loss 116.3214, aver loss 0.0064, train accuracy 0.9158, test accuracy 0.7980
2021-05-17 14:53:32,583 - classify.py[line:173] - INFO: Epoch 32, toal_loss 116.5543, aver loss 0.0062, train accuracy 0.9169, test accuracy 0.8010
2021-05-17 14:53:38,568 - classify.py[line:173] - INFO: Epoch 33, toal_loss 116.0675, aver loss 0.0060, train accuracy 0.9165, test accuracy 0.7975
2021-05-17 14:53:44,453 - classify.py[line:173] - INFO: Epoch 34, toal_loss 114.7484, aver loss 0.0058, train accuracy 0.9192, test accuracy 0.7978
2021-05-17 14:53:50,215 - classify.py[line:173] - INFO: Epoch 35, toal_loss 115.5131, aver loss 0.0056, train accuracy 0.9165, test accuracy 0.8003
2021-05-17 14:53:56,109 - classify.py[line:173] - INFO: Epoch 36, toal_loss 116.3628, aver loss 0.0055, train accuracy 0.9180, test accuracy 0.8003
2021-05-17 14:54:01,996 - classify.py[line:173] - INFO: Epoch 37, toal_loss 115.4066, aver loss 0.0053, train accuracy 0.9182, test accuracy 0.7952
2021-05-17 14:54:07,767 - classify.py[line:173] - INFO: Epoch 38, toal_loss 115.3849, aver loss 0.0052, train accuracy 0.9187, test accuracy 0.7975
2021-05-17 14:54:13,586 - classify.py[line:173] - INFO: Epoch 39, toal_loss 115.4801, aver loss 0.0051, train accuracy 0.9191, test accuracy 0.7945
2021-05-17 14:54:19,396 - classify.py[line:173] - INFO: Epoch 40, toal_loss 114.2906, aver loss 0.0049, train accuracy 0.9196, test accuracy 0.7971
2021-05-17 14:54:25,165 - classify.py[line:173] - INFO: Epoch 41, toal_loss 114.5237, aver loss 0.0048, train accuracy 0.9192, test accuracy 0.7956
2021-05-17 14:54:30,985 - classify.py[line:173] - INFO: Epoch 42, toal_loss 114.9487, aver loss 0.0047, train accuracy 0.9191, test accuracy 0.7989
2021-05-17 14:54:36,871 - classify.py[line:173] - INFO: Epoch 43, toal_loss 113.8527, aver loss 0.0045, train accuracy 0.9180, test accuracy 0.8006
2021-05-17 14:54:42,786 - classify.py[line:173] - INFO: Epoch 44, toal_loss 113.5491, aver loss 0.0044, train accuracy 0.9190, test accuracy 0.7964
2021-05-17 14:54:48,780 - classify.py[line:173] - INFO: Epoch 45, toal_loss 114.3265, aver loss 0.0044, train accuracy 0.9192, test accuracy 0.7976
2021-05-17 14:54:54,772 - classify.py[line:173] - INFO: Epoch 46, toal_loss 114.3818, aver loss 0.0043, train accuracy 0.9194, test accuracy 0.7982
2021-05-17 14:55:00,797 - classify.py[line:173] - INFO: Epoch 47, toal_loss 113.9676, aver loss 0.0042, train accuracy 0.9178, test accuracy 0.7942
2021-05-17 14:55:06,711 - classify.py[line:173] - INFO: Epoch 48, toal_loss 113.4400, aver loss 0.0041, train accuracy 0.9196, test accuracy 0.7956
2021-05-17 14:55:12,408 - classify.py[line:173] - INFO: Epoch 49, toal_loss 113.7807, aver loss 0.0040, train accuracy 0.9200, test accuracy 0.7947
2021-05-17 14:55:18,074 - classify.py[line:173] - INFO: Epoch 50, toal_loss 114.6392, aver loss 0.0040, train accuracy 0.9179, test accuracy 0.7940
2021-05-17 14:55:23,836 - classify.py[line:173] - INFO: Epoch 51, toal_loss 113.4933, aver loss 0.0038, train accuracy 0.9188, test accuracy 0.7948
2021-05-17 14:55:29,740 - classify.py[line:173] - INFO: Epoch 52, toal_loss 112.8326, aver loss 0.0037, train accuracy 0.9198, test accuracy 0.7945
2021-05-17 14:55:35,482 - classify.py[line:173] - INFO: Epoch 53, toal_loss 112.4971, aver loss 0.0037, train accuracy 0.9197, test accuracy 0.7993
2021-05-17 14:55:41,365 - classify.py[line:173] - INFO: Epoch 54, toal_loss 113.2718, aver loss 0.0036, train accuracy 0.9200, test accuracy 0.7976
2021-05-17 14:55:47,078 - classify.py[line:173] - INFO: Epoch 55, toal_loss 114.0219, aver loss 0.0036, train accuracy 0.9187, test accuracy 0.7991
2021-05-17 14:55:52,992 - classify.py[line:173] - INFO: Epoch 56, toal_loss 113.2503, aver loss 0.0035, train accuracy 0.9198, test accuracy 0.7973
2021-05-17 14:55:59,011 - classify.py[line:173] - INFO: Epoch 57, toal_loss 113.1705, aver loss 0.0034, train accuracy 0.9194, test accuracy 0.7964
2021-05-17 14:56:04,818 - classify.py[line:173] - INFO: Epoch 58, toal_loss 113.6446, aver loss 0.0034, train accuracy 0.9213, test accuracy 0.7933
2021-05-17 14:56:10,613 - classify.py[line:173] - INFO: Epoch 59, toal_loss 113.1926, aver loss 0.0033, train accuracy 0.9204, test accuracy 0.8025
2021-05-17 14:56:16,387 - classify.py[line:173] - INFO: Epoch 60, toal_loss 114.2020, aver loss 0.0033, train accuracy 0.9197, test accuracy 0.8045
2021-05-17 14:56:22,204 - classify.py[line:173] - INFO: Epoch 61, toal_loss 111.9096, aver loss 0.0032, train accuracy 0.9200, test accuracy 0.8001
2021-05-17 14:56:28,190 - classify.py[line:173] - INFO: Epoch 62, toal_loss 113.1792, aver loss 0.0032, train accuracy 0.9189, test accuracy 0.7997
2021-05-17 14:56:34,201 - classify.py[line:173] - INFO: Epoch 63, toal_loss 112.6627, aver loss 0.0031, train accuracy 0.9187, test accuracy 0.7977
2021-05-17 14:56:40,079 - classify.py[line:173] - INFO: Epoch 64, toal_loss 112.5343, aver loss 0.0030, train accuracy 0.9193, test accuracy 0.7974
2021-05-17 14:56:45,867 - classify.py[line:173] - INFO: Epoch 65, toal_loss 112.4537, aver loss 0.0030, train accuracy 0.9191, test accuracy 0.7981
2021-05-17 14:56:51,663 - classify.py[line:173] - INFO: Epoch 66, toal_loss 111.7830, aver loss 0.0029, train accuracy 0.9182, test accuracy 0.8022
2021-05-17 14:56:57,507 - classify.py[line:173] - INFO: Epoch 67, toal_loss 112.0006, aver loss 0.0029, train accuracy 0.9203, test accuracy 0.7960
2021-05-17 14:57:03,436 - classify.py[line:173] - INFO: Epoch 68, toal_loss 112.5744, aver loss 0.0029, train accuracy 0.9196, test accuracy 0.7988
2021-05-17 14:57:09,264 - classify.py[line:173] - INFO: Epoch 69, toal_loss 111.6547, aver loss 0.0028, train accuracy 0.9207, test accuracy 0.7978
2021-05-17 14:57:14,923 - classify.py[line:173] - INFO: Epoch 70, toal_loss 112.6136, aver loss 0.0028, train accuracy 0.9205, test accuracy 0.7994
2021-05-17 14:57:20,646 - classify.py[line:173] - INFO: Epoch 71, toal_loss 111.6317, aver loss 0.0027, train accuracy 0.9205, test accuracy 0.7957
2021-05-17 14:57:26,539 - classify.py[line:173] - INFO: Epoch 72, toal_loss 112.1251, aver loss 0.0027, train accuracy 0.9201, test accuracy 0.7956
2021-05-17 14:57:32,503 - classify.py[line:173] - INFO: Epoch 73, toal_loss 112.3472, aver loss 0.0027, train accuracy 0.9211, test accuracy 0.7948
2021-05-17 14:57:38,381 - classify.py[line:173] - INFO: Epoch 74, toal_loss 112.5544, aver loss 0.0026, train accuracy 0.9204, test accuracy 0.7941
2021-05-17 14:57:44,036 - classify.py[line:173] - INFO: Epoch 75, toal_loss 113.1598, aver loss 0.0026, train accuracy 0.9199, test accuracy 0.7976
2021-05-17 14:57:49,791 - classify.py[line:173] - INFO: Epoch 76, toal_loss 112.0174, aver loss 0.0026, train accuracy 0.9204, test accuracy 0.7964
2021-05-17 14:57:55,901 - classify.py[line:173] - INFO: Epoch 77, toal_loss 111.2475, aver loss 0.0025, train accuracy 0.9208, test accuracy 0.7945
2021-05-17 14:58:01,636 - classify.py[line:173] - INFO: Epoch 78, toal_loss 110.7347, aver loss 0.0025, train accuracy 0.9211, test accuracy 0.7941
2021-05-17 14:58:07,531 - classify.py[line:173] - INFO: Epoch 79, toal_loss 112.0586, aver loss 0.0025, train accuracy 0.9191, test accuracy 0.7969
