2021-05-22 22:43:32,572 - classify.py[line:68] - INFO: Namespace(batch_size=64, dataset='IMDB', epoch=100, gpu=1, l2=0.0001, lr=0.0001, modelfilename='110_Epoch_25_model_1_12_0.753.pt', modelname='TextCNN', modelnum=0, resultnum=130, seed=1, use_aug=1)
2021-05-22 22:43:46,638 - classify.py[line:122] - INFO: {'word_embedding_dimension': 300, 'Epoch1': 13, 'Epoch2': 10, 'dropout': 0.1, 'label_num': 2, 'learning_rate1': 0.0005, 'learning_rate2': 1e-05, 'batch_size': 64, 'cuda': True, 'negSampleNum': 12, 'poSampleNum': 1, 'max_bound': 0.8, 'kernel_sizes': [3, 4, 5], 'hidden_size': 256, 'hidden_layers': 1, 'bidirectional': True}
2021-05-22 22:43:47,079 - classify.py[line:140] - INFO: before training: 0.7365000247955322
2021-05-22 22:43:47,079 - classify.py[line:154] - INFO: ...start training...
2021-05-22 22:43:55,411 - classify.py[line:184] - INFO: Epoch 0, toal_loss 49.0876, aver loss 0.6214, train accuracy 0.8645, train auc 0.0000, test accuracy 0.7790, test auc 0.0000
2021-05-22 22:44:04,585 - classify.py[line:184] - INFO: Epoch 1, toal_loss 30.1198, aver loss 0.1906, train accuracy 0.8853, train auc 0.0000, test accuracy 0.8020, test auc 0.0000
2021-05-22 22:44:14,685 - classify.py[line:184] - INFO: Epoch 2, toal_loss 24.7647, aver loss 0.1045, train accuracy 0.8950, train auc 0.0000, test accuracy 0.8040, test auc 0.0000
2021-05-22 22:44:22,437 - classify.py[line:184] - INFO: Epoch 3, toal_loss 22.8690, aver loss 0.0724, train accuracy 0.9001, train auc 0.0000, test accuracy 0.8170, test auc 0.0000
2021-05-22 22:44:30,142 - classify.py[line:184] - INFO: Epoch 4, toal_loss 21.4993, aver loss 0.0544, train accuracy 0.9013, train auc 0.0000, test accuracy 0.8235, test auc 0.0000
2021-05-22 22:44:37,908 - classify.py[line:184] - INFO: Epoch 5, toal_loss 20.7442, aver loss 0.0438, train accuracy 0.9082, train auc 0.0000, test accuracy 0.8155, test auc 0.0000
2021-05-22 22:44:45,756 - classify.py[line:184] - INFO: Epoch 6, toal_loss 20.1950, aver loss 0.0365, train accuracy 0.9112, train auc 0.0000, test accuracy 0.8210, test auc 0.0000
2021-05-22 22:44:53,645 - classify.py[line:184] - INFO: Epoch 7, toal_loss 19.2801, aver loss 0.0305, train accuracy 0.9193, train auc 0.0000, test accuracy 0.8135, test auc 0.0000
2021-05-22 22:45:01,297 - classify.py[line:184] - INFO: Epoch 8, toal_loss 18.5113, aver loss 0.0260, train accuracy 0.9217, train auc 0.0000, test accuracy 0.8150, test auc 0.0000
2021-05-22 22:45:08,959 - classify.py[line:184] - INFO: Epoch 9, toal_loss 18.1743, aver loss 0.0230, train accuracy 0.9258, train auc 0.0000, test accuracy 0.8290, test auc 0.0000
2021-05-22 22:45:16,584 - classify.py[line:184] - INFO: Epoch 10, toal_loss 17.8332, aver loss 0.0205, train accuracy 0.9250, train auc 0.0000, test accuracy 0.8215, test auc 0.0000
2021-05-22 22:45:24,375 - classify.py[line:184] - INFO: Epoch 11, toal_loss 17.3255, aver loss 0.0183, train accuracy 0.9268, train auc 0.0000, test accuracy 0.8300, test auc 0.0000
2021-05-22 22:45:32,013 - classify.py[line:184] - INFO: Epoch 12, toal_loss 17.2625, aver loss 0.0168, train accuracy 0.9272, train auc 0.0000, test accuracy 0.8165, test auc 0.0000
2021-05-22 22:45:39,747 - classify.py[line:184] - INFO: Epoch 13, toal_loss 16.4714, aver loss 0.0149, train accuracy 0.9341, train auc 0.0000, test accuracy 0.8205, test auc 0.0000
2021-05-22 22:45:47,421 - classify.py[line:184] - INFO: Epoch 14, toal_loss 15.7560, aver loss 0.0133, train accuracy 0.9320, train auc 0.0000, test accuracy 0.8175, test auc 0.0000
2021-05-22 22:45:55,024 - classify.py[line:184] - INFO: Epoch 15, toal_loss 15.6550, aver loss 0.0124, train accuracy 0.9330, train auc 0.0000, test accuracy 0.8240, test auc 0.0000
2021-05-22 22:46:02,673 - classify.py[line:184] - INFO: Epoch 16, toal_loss 14.9956, aver loss 0.0112, train accuracy 0.9379, train auc 0.0000, test accuracy 0.8230, test auc 0.0000
2021-05-22 22:46:10,225 - classify.py[line:184] - INFO: Epoch 17, toal_loss 15.1458, aver loss 0.0107, train accuracy 0.9405, train auc 0.0000, test accuracy 0.8215, test auc 0.0000
2021-05-22 22:46:17,890 - classify.py[line:184] - INFO: Epoch 18, toal_loss 14.6756, aver loss 0.0098, train accuracy 0.9381, train auc 0.0000, test accuracy 0.8320, test auc 0.0000
2021-05-22 22:46:25,697 - classify.py[line:184] - INFO: Epoch 19, toal_loss 14.5311, aver loss 0.0092, train accuracy 0.9373, train auc 0.0000, test accuracy 0.8325, test auc 0.0000
2021-05-22 22:46:33,470 - classify.py[line:184] - INFO: Epoch 20, toal_loss 14.0929, aver loss 0.0085, train accuracy 0.9395, train auc 0.0000, test accuracy 0.8295, test auc 0.0000
2021-05-22 22:46:41,126 - classify.py[line:184] - INFO: Epoch 21, toal_loss 14.3073, aver loss 0.0082, train accuracy 0.9474, train auc 0.0000, test accuracy 0.8255, test auc 0.0000
2021-05-22 22:46:48,812 - classify.py[line:184] - INFO: Epoch 22, toal_loss 13.6773, aver loss 0.0075, train accuracy 0.9458, train auc 0.0000, test accuracy 0.8230, test auc 0.0000
2021-05-22 22:46:56,572 - classify.py[line:184] - INFO: Epoch 23, toal_loss 13.9009, aver loss 0.0073, train accuracy 0.9456, train auc 0.0000, test accuracy 0.8170, test auc 0.0000
2021-05-22 22:47:04,217 - classify.py[line:184] - INFO: Epoch 24, toal_loss 13.1869, aver loss 0.0067, train accuracy 0.9500, train auc 0.0000, test accuracy 0.8230, test auc 0.0000
2021-05-22 22:47:11,977 - classify.py[line:184] - INFO: Epoch 25, toal_loss 12.6937, aver loss 0.0062, train accuracy 0.9478, train auc 0.0000, test accuracy 0.8185, test auc 0.0000
2021-05-22 22:47:19,648 - classify.py[line:184] - INFO: Epoch 26, toal_loss 12.6095, aver loss 0.0059, train accuracy 0.9521, train auc 0.0000, test accuracy 0.8280, test auc 0.0000
2021-05-22 22:47:27,393 - classify.py[line:184] - INFO: Epoch 27, toal_loss 12.7761, aver loss 0.0058, train accuracy 0.9547, train auc 0.0000, test accuracy 0.8250, test auc 0.0000
2021-05-22 22:47:35,028 - classify.py[line:184] - INFO: Epoch 28, toal_loss 12.3739, aver loss 0.0054, train accuracy 0.9527, train auc 0.0000, test accuracy 0.8265, test auc 0.0000
2021-05-22 22:47:42,620 - classify.py[line:184] - INFO: Epoch 29, toal_loss 11.7616, aver loss 0.0050, train accuracy 0.9543, train auc 0.0000, test accuracy 0.8305, test auc 0.0000
2021-05-22 22:47:50,255 - classify.py[line:184] - INFO: Epoch 30, toal_loss 12.2066, aver loss 0.0050, train accuracy 0.9559, train auc 0.0000, test accuracy 0.8205, test auc 0.0000
2021-05-22 22:47:57,901 - classify.py[line:184] - INFO: Epoch 31, toal_loss 11.5906, aver loss 0.0046, train accuracy 0.9557, train auc 0.0000, test accuracy 0.8250, test auc 0.0000
2021-05-22 22:48:05,675 - classify.py[line:184] - INFO: Epoch 32, toal_loss 11.5425, aver loss 0.0044, train accuracy 0.9559, train auc 0.0000, test accuracy 0.8215, test auc 0.0000
2021-05-22 22:48:14,552 - classify.py[line:184] - INFO: Epoch 33, toal_loss 11.1048, aver loss 0.0041, train accuracy 0.9612, train auc 0.0000, test accuracy 0.8255, test auc 0.0000
2021-05-22 22:48:23,442 - classify.py[line:184] - INFO: Epoch 34, toal_loss 11.3376, aver loss 0.0041, train accuracy 0.9579, train auc 0.0000, test accuracy 0.8145, test auc 0.0000
2021-05-22 22:48:30,991 - classify.py[line:184] - INFO: Epoch 35, toal_loss 10.8336, aver loss 0.0038, train accuracy 0.9567, train auc 0.0000, test accuracy 0.8285, test auc 0.0000
2021-05-22 22:48:38,567 - classify.py[line:184] - INFO: Epoch 36, toal_loss 11.0651, aver loss 0.0038, train accuracy 0.9551, train auc 0.0000, test accuracy 0.8165, test auc 0.0000
2021-05-22 22:48:50,266 - classify.py[line:184] - INFO: Epoch 37, toal_loss 10.4150, aver loss 0.0035, train accuracy 0.9589, train auc 0.0000, test accuracy 0.8165, test auc 0.0000
2021-05-22 22:49:02,061 - classify.py[line:184] - INFO: Epoch 38, toal_loss 10.4599, aver loss 0.0034, train accuracy 0.9571, train auc 0.0000, test accuracy 0.8245, test auc 0.0000
2021-05-22 22:49:13,308 - classify.py[line:184] - INFO: Epoch 39, toal_loss 10.5582, aver loss 0.0033, train accuracy 0.9612, train auc 0.0000, test accuracy 0.8220, test auc 0.0000
2021-05-22 22:49:25,045 - classify.py[line:184] - INFO: Epoch 40, toal_loss 10.6246, aver loss 0.0033, train accuracy 0.9598, train auc 0.0000, test accuracy 0.8170, test auc 0.0000
2021-05-22 22:49:36,824 - classify.py[line:184] - INFO: Epoch 41, toal_loss 9.9920, aver loss 0.0030, train accuracy 0.9612, train auc 0.0000, test accuracy 0.8215, test auc 0.0000
2021-05-22 22:49:48,618 - classify.py[line:184] - INFO: Epoch 42, toal_loss 10.0201, aver loss 0.0029, train accuracy 0.9598, train auc 0.0000, test accuracy 0.8280, test auc 0.0000
2021-05-22 22:49:58,621 - classify.py[line:184] - INFO: Epoch 43, toal_loss 9.7361, aver loss 0.0028, train accuracy 0.9644, train auc 0.0000, test accuracy 0.8275, test auc 0.0000
2021-05-22 22:50:06,358 - classify.py[line:184] - INFO: Epoch 44, toal_loss 9.5762, aver loss 0.0027, train accuracy 0.9606, train auc 0.0000, test accuracy 0.8170, test auc 0.0000
2021-05-22 22:50:13,864 - classify.py[line:184] - INFO: Epoch 45, toal_loss 9.3845, aver loss 0.0026, train accuracy 0.9668, train auc 0.0000, test accuracy 0.8280, test auc 0.0000
2021-05-22 22:50:21,457 - classify.py[line:184] - INFO: Epoch 46, toal_loss 9.3472, aver loss 0.0025, train accuracy 0.9650, train auc 0.0000, test accuracy 0.8350, test auc 0.0000
2021-05-22 22:50:29,107 - classify.py[line:184] - INFO: Epoch 47, toal_loss 9.4780, aver loss 0.0025, train accuracy 0.9666, train auc 0.0000, test accuracy 0.8155, test auc 0.0000
2021-05-22 22:50:39,227 - classify.py[line:184] - INFO: Epoch 48, toal_loss 9.6293, aver loss 0.0025, train accuracy 0.9648, train auc 0.0000, test accuracy 0.8175, test auc 0.0000
2021-05-22 22:50:51,008 - classify.py[line:184] - INFO: Epoch 49, toal_loss 9.2349, aver loss 0.0023, train accuracy 0.9709, train auc 0.0000, test accuracy 0.8175, test auc 0.0000
2021-05-22 22:51:02,111 - classify.py[line:184] - INFO: Epoch 50, toal_loss 8.6888, aver loss 0.0022, train accuracy 0.9672, train auc 0.0000, test accuracy 0.8265, test auc 0.0000
2021-05-22 22:51:11,926 - classify.py[line:184] - INFO: Epoch 51, toal_loss 8.3823, aver loss 0.0020, train accuracy 0.9682, train auc 0.0000, test accuracy 0.8235, test auc 0.0000
2021-05-22 22:51:21,513 - classify.py[line:184] - INFO: Epoch 52, toal_loss 8.6497, aver loss 0.0021, train accuracy 0.9662, train auc 0.0000, test accuracy 0.8335, test auc 0.0000
2021-05-22 22:51:33,228 - classify.py[line:184] - INFO: Epoch 53, toal_loss 8.3161, aver loss 0.0019, train accuracy 0.9713, train auc 0.0000, test accuracy 0.8215, test auc 0.0000
2021-05-22 22:51:40,958 - classify.py[line:184] - INFO: Epoch 54, toal_loss 8.4352, aver loss 0.0019, train accuracy 0.9719, train auc 0.0000, test accuracy 0.8310, test auc 0.0000
2021-05-22 22:51:48,493 - classify.py[line:184] - INFO: Epoch 55, toal_loss 8.6023, aver loss 0.0019, train accuracy 0.9666, train auc 0.0000, test accuracy 0.8180, test auc 0.0000
2021-05-22 22:51:56,194 - classify.py[line:184] - INFO: Epoch 56, toal_loss 8.3504, aver loss 0.0019, train accuracy 0.9705, train auc 0.0000, test accuracy 0.8220, test auc 0.0000
2021-05-22 22:52:03,802 - classify.py[line:184] - INFO: Epoch 57, toal_loss 7.9657, aver loss 0.0017, train accuracy 0.9729, train auc 0.0000, test accuracy 0.8230, test auc 0.0000
2021-05-22 22:52:11,346 - classify.py[line:184] - INFO: Epoch 58, toal_loss 7.9963, aver loss 0.0017, train accuracy 0.9721, train auc 0.0000, test accuracy 0.8280, test auc 0.0000
2021-05-22 22:52:18,971 - classify.py[line:184] - INFO: Epoch 59, toal_loss 7.7190, aver loss 0.0016, train accuracy 0.9686, train auc 0.0000, test accuracy 0.8235, test auc 0.0000
2021-05-22 22:52:26,583 - classify.py[line:184] - INFO: Epoch 60, toal_loss 8.0451, aver loss 0.0017, train accuracy 0.9737, train auc 0.0000, test accuracy 0.8340, test auc 0.0000
2021-05-22 22:52:34,115 - classify.py[line:184] - INFO: Epoch 61, toal_loss 7.3802, aver loss 0.0015, train accuracy 0.9719, train auc 0.0000, test accuracy 0.8180, test auc 0.0000
2021-05-22 22:52:41,657 - classify.py[line:184] - INFO: Epoch 62, toal_loss 7.8396, aver loss 0.0016, train accuracy 0.9737, train auc 0.0000, test accuracy 0.8235, test auc 0.0000
2021-05-22 22:52:49,403 - classify.py[line:184] - INFO: Epoch 63, toal_loss 7.0931, aver loss 0.0014, train accuracy 0.9729, train auc 0.0000, test accuracy 0.8220, test auc 0.0000
2021-05-22 22:52:56,933 - classify.py[line:184] - INFO: Epoch 64, toal_loss 7.5566, aver loss 0.0015, train accuracy 0.9737, train auc 0.0000, test accuracy 0.8380, test auc 0.0000
2021-05-22 22:53:04,447 - classify.py[line:184] - INFO: Epoch 65, toal_loss 7.4056, aver loss 0.0014, train accuracy 0.9739, train auc 0.0000, test accuracy 0.8315, test auc 0.0000
2021-05-22 22:53:11,977 - classify.py[line:184] - INFO: Epoch 66, toal_loss 7.0345, aver loss 0.0013, train accuracy 0.9741, train auc 0.0000, test accuracy 0.8245, test auc 0.0000
2021-05-22 22:53:19,597 - classify.py[line:184] - INFO: Epoch 67, toal_loss 7.1214, aver loss 0.0013, train accuracy 0.9757, train auc 0.0000, test accuracy 0.8360, test auc 0.0000
2021-05-22 22:53:27,241 - classify.py[line:184] - INFO: Epoch 68, toal_loss 7.2478, aver loss 0.0013, train accuracy 0.9735, train auc 0.0000, test accuracy 0.8145, test auc 0.0000
2021-05-22 22:53:34,743 - classify.py[line:184] - INFO: Epoch 69, toal_loss 7.3763, aver loss 0.0013, train accuracy 0.9771, train auc 0.0000, test accuracy 0.8215, test auc 0.0000
2021-05-22 22:53:42,301 - classify.py[line:184] - INFO: Epoch 70, toal_loss 6.7281, aver loss 0.0012, train accuracy 0.9741, train auc 0.0000, test accuracy 0.8405, test auc 0.0000
2021-05-22 22:53:49,829 - classify.py[line:184] - INFO: Epoch 71, toal_loss 6.5483, aver loss 0.0012, train accuracy 0.9771, train auc 0.0000, test accuracy 0.8365, test auc 0.0000
2021-05-22 22:53:57,419 - classify.py[line:184] - INFO: Epoch 72, toal_loss 6.7098, aver loss 0.0012, train accuracy 0.9796, train auc 0.0000, test accuracy 0.8305, test auc 0.0000
2021-05-22 22:54:05,027 - classify.py[line:184] - INFO: Epoch 73, toal_loss 6.6554, aver loss 0.0011, train accuracy 0.9798, train auc 0.0000, test accuracy 0.8195, test auc 0.0000
2021-05-22 22:54:12,646 - classify.py[line:184] - INFO: Epoch 74, toal_loss 7.2738, aver loss 0.0012, train accuracy 0.9794, train auc 0.0000, test accuracy 0.8225, test auc 0.0000
2021-05-22 22:54:21,375 - classify.py[line:184] - INFO: Epoch 75, toal_loss 6.5242, aver loss 0.0011, train accuracy 0.9753, train auc 0.0000, test accuracy 0.8255, test auc 0.0000
2021-05-22 22:54:29,949 - classify.py[line:184] - INFO: Epoch 76, toal_loss 6.6185, aver loss 0.0011, train accuracy 0.9784, train auc 0.0000, test accuracy 0.8200, test auc 0.0000
2021-05-22 22:54:37,608 - classify.py[line:184] - INFO: Epoch 77, toal_loss 6.3964, aver loss 0.0010, train accuracy 0.9778, train auc 0.0000, test accuracy 0.8290, test auc 0.0000
2021-05-22 22:54:45,214 - classify.py[line:184] - INFO: Epoch 78, toal_loss 6.4103, aver loss 0.0010, train accuracy 0.9780, train auc 0.0000, test accuracy 0.8170, test auc 0.0000
2021-05-22 22:54:54,714 - classify.py[line:184] - INFO: Epoch 79, toal_loss 6.9204, aver loss 0.0011, train accuracy 0.9790, train auc 0.0000, test accuracy 0.8260, test auc 0.0000
2021-05-22 22:55:02,534 - classify.py[line:184] - INFO: Epoch 80, toal_loss 6.3468, aver loss 0.0010, train accuracy 0.9802, train auc 0.0000, test accuracy 0.8210, test auc 0.0000
2021-05-22 22:55:10,139 - classify.py[line:184] - INFO: Epoch 81, toal_loss 6.2090, aver loss 0.0010, train accuracy 0.9761, train auc 0.0000, test accuracy 0.8335, test auc 0.0000
2021-05-22 22:55:17,862 - classify.py[line:184] - INFO: Epoch 82, toal_loss 6.2135, aver loss 0.0009, train accuracy 0.9804, train auc 0.0000, test accuracy 0.8255, test auc 0.0000
2021-05-22 22:55:25,374 - classify.py[line:184] - INFO: Epoch 83, toal_loss 6.4952, aver loss 0.0010, train accuracy 0.9812, train auc 0.0000, test accuracy 0.8280, test auc 0.0000
2021-05-22 22:55:32,997 - classify.py[line:184] - INFO: Epoch 84, toal_loss 6.0468, aver loss 0.0009, train accuracy 0.9780, train auc 0.0000, test accuracy 0.8225, test auc 0.0000
2021-05-22 22:55:40,599 - classify.py[line:184] - INFO: Epoch 85, toal_loss 5.8094, aver loss 0.0009, train accuracy 0.9838, train auc 0.0000, test accuracy 0.8270, test auc 0.0000
2021-05-22 22:55:48,142 - classify.py[line:184] - INFO: Epoch 86, toal_loss 5.8013, aver loss 0.0008, train accuracy 0.9824, train auc 0.0000, test accuracy 0.8295, test auc 0.0000
2021-05-22 22:55:55,704 - classify.py[line:184] - INFO: Epoch 87, toal_loss 5.9872, aver loss 0.0009, train accuracy 0.9812, train auc 0.0000, test accuracy 0.8295, test auc 0.0000
2021-05-22 22:56:03,369 - classify.py[line:184] - INFO: Epoch 88, toal_loss 5.8585, aver loss 0.0008, train accuracy 0.9804, train auc 0.0000, test accuracy 0.8170, test auc 0.0000
2021-05-22 22:56:10,939 - classify.py[line:184] - INFO: Epoch 89, toal_loss 5.6064, aver loss 0.0008, train accuracy 0.9828, train auc 0.0000, test accuracy 0.8185, test auc 0.0000
2021-05-22 22:56:18,515 - classify.py[line:184] - INFO: Epoch 90, toal_loss 5.6033, aver loss 0.0008, train accuracy 0.9840, train auc 0.0000, test accuracy 0.8280, test auc 0.0000
2021-05-22 22:56:26,049 - classify.py[line:184] - INFO: Epoch 91, toal_loss 5.8180, aver loss 0.0008, train accuracy 0.9814, train auc 0.0000, test accuracy 0.8190, test auc 0.0000
2021-05-22 22:56:33,626 - classify.py[line:184] - INFO: Epoch 92, toal_loss 5.1336, aver loss 0.0007, train accuracy 0.9800, train auc 0.0000, test accuracy 0.8285, test auc 0.0000
2021-05-22 22:56:41,330 - classify.py[line:184] - INFO: Epoch 93, toal_loss 5.3706, aver loss 0.0007, train accuracy 0.9824, train auc 0.0000, test accuracy 0.8240, test auc 0.0000
2021-05-22 22:56:48,875 - classify.py[line:184] - INFO: Epoch 94, toal_loss 5.5174, aver loss 0.0007, train accuracy 0.9780, train auc 0.0000, test accuracy 0.8260, test auc 0.0000
2021-05-22 22:56:56,402 - classify.py[line:184] - INFO: Epoch 95, toal_loss 5.1333, aver loss 0.0007, train accuracy 0.9834, train auc 0.0000, test accuracy 0.8160, test auc 0.0000
2021-05-22 22:57:06,095 - classify.py[line:184] - INFO: Epoch 96, toal_loss 5.3943, aver loss 0.0007, train accuracy 0.9828, train auc 0.0000, test accuracy 0.8175, test auc 0.0000
2021-05-22 22:57:17,552 - classify.py[line:184] - INFO: Epoch 97, toal_loss 5.8117, aver loss 0.0008, train accuracy 0.9850, train auc 0.0000, test accuracy 0.8380, test auc 0.0000
2021-05-22 22:57:25,185 - classify.py[line:184] - INFO: Epoch 98, toal_loss 5.3475, aver loss 0.0007, train accuracy 0.9804, train auc 0.0000, test accuracy 0.8190, test auc 0.0000
2021-05-22 22:57:32,689 - classify.py[line:184] - INFO: Epoch 99, toal_loss 4.8711, aver loss 0.0006, train accuracy 0.9812, train auc 0.0000, test accuracy 0.8240, test auc 0.0000
