2021-05-17 21:16:10,958 - classify.py[line:66] - INFO: Namespace(batch_size=256, dataset='Subj', epoch=80, gpu=1, l2=0.001, lr=0.001, modelname='TextCNN', modelnum=0, resultnum=84, seed=2, use_aug=1)
2021-05-17 21:16:18,298 - classify.py[line:119] - INFO: {'word_embedding_dimension': 300, 'Epoch1': 50, 'Epoch2': 10, 'dropout': 0.1, 'label_num': 2, 'learning_rate1': 0.001, 'learning_rate2': 1e-05, 'batch_size': 64, 'cuda': True, 'negSampleNum': 2, 'max_bound': 1.0, 'kernel_sizes': [3, 4, 5], 'hidden_size': 256, 'hidden_layers': 1, 'bidirectional': True}
2021-05-17 21:16:18,754 - classify.py[line:137] - INFO: before training: 0.5670670866966248
2021-05-17 21:16:18,755 - classify.py[line:150] - INFO: ...start training...
2021-05-17 21:16:24,058 - classify.py[line:180] - INFO: Epoch 0, toal_loss 40.4186, aver loss 1.2631, train accuracy 0.7330, train auc 0.7326, test accuracy 0.7763, test auc 0.7763
2021-05-17 21:16:29,158 - classify.py[line:180] - INFO: Epoch 1, toal_loss 22.0473, aver loss 0.3445, train accuracy 0.8110, train auc 0.8110, test accuracy 0.7828, test auc 0.7828
2021-05-17 21:16:33,997 - classify.py[line:180] - INFO: Epoch 2, toal_loss 17.0211, aver loss 0.1773, train accuracy 0.8359, train auc 0.8356, test accuracy 0.7973, test auc 0.7973
2021-05-17 21:16:39,089 - classify.py[line:180] - INFO: Epoch 3, toal_loss 13.8291, aver loss 0.1080, train accuracy 0.8530, train auc 0.8532, test accuracy 0.8028, test auc 0.8028
2021-05-17 21:16:44,130 - classify.py[line:180] - INFO: Epoch 4, toal_loss 11.0660, aver loss 0.0692, train accuracy 0.8732, train auc 0.8731, test accuracy 0.8013, test auc 0.8013
2021-05-17 21:16:48,609 - classify.py[line:180] - INFO: Epoch 5, toal_loss 10.2326, aver loss 0.0533, train accuracy 0.8839, train auc 0.8839, test accuracy 0.8033, test auc 0.8033
2021-05-17 21:16:53,807 - classify.py[line:180] - INFO: Epoch 6, toal_loss 9.0973, aver loss 0.0406, train accuracy 0.8970, train auc 0.8972, test accuracy 0.8123, test auc 0.8123
2021-05-17 21:16:58,779 - classify.py[line:180] - INFO: Epoch 7, toal_loss 8.3016, aver loss 0.0324, train accuracy 0.9020, train auc 0.9020, test accuracy 0.8108, test auc 0.8108
2021-05-17 21:17:03,606 - classify.py[line:180] - INFO: Epoch 8, toal_loss 7.3611, aver loss 0.0256, train accuracy 0.9073, train auc 0.9074, test accuracy 0.8188, test auc 0.8188
2021-05-17 21:17:08,812 - classify.py[line:180] - INFO: Epoch 9, toal_loss 7.1117, aver loss 0.0222, train accuracy 0.9136, train auc 0.9138, test accuracy 0.8283, test auc 0.8283
2021-05-17 21:17:14,197 - classify.py[line:180] - INFO: Epoch 10, toal_loss 6.8585, aver loss 0.0195, train accuracy 0.9215, train auc 0.9215, test accuracy 0.8253, test auc 0.8253
2021-05-17 21:17:18,895 - classify.py[line:180] - INFO: Epoch 11, toal_loss 6.1774, aver loss 0.0161, train accuracy 0.9263, train auc 0.9263, test accuracy 0.8348, test auc 0.8348
2021-05-17 21:17:24,361 - classify.py[line:180] - INFO: Epoch 12, toal_loss 6.2046, aver loss 0.0149, train accuracy 0.9283, train auc 0.9285, test accuracy 0.8288, test auc 0.8288
2021-05-17 21:17:29,840 - classify.py[line:180] - INFO: Epoch 13, toal_loss 5.7118, aver loss 0.0127, train accuracy 0.9302, train auc 0.9302, test accuracy 0.8248, test auc 0.8248
2021-05-17 21:17:34,402 - classify.py[line:180] - INFO: Epoch 14, toal_loss 5.4862, aver loss 0.0114, train accuracy 0.9371, train auc 0.9373, test accuracy 0.8268, test auc 0.8268
2021-05-17 21:17:39,598 - classify.py[line:180] - INFO: Epoch 15, toal_loss 5.2963, aver loss 0.0103, train accuracy 0.9414, train auc 0.9416, test accuracy 0.8283, test auc 0.8283
2021-05-17 21:17:44,379 - classify.py[line:180] - INFO: Epoch 16, toal_loss 5.1950, aver loss 0.0095, train accuracy 0.9421, train auc 0.9424, test accuracy 0.8238, test auc 0.8238
2021-05-17 21:17:49,806 - classify.py[line:180] - INFO: Epoch 17, toal_loss 4.9071, aver loss 0.0085, train accuracy 0.9471, train auc 0.9470, test accuracy 0.8283, test auc 0.8283
2021-05-17 21:17:54,854 - classify.py[line:180] - INFO: Epoch 18, toal_loss 4.7292, aver loss 0.0078, train accuracy 0.9512, train auc 0.9512, test accuracy 0.8308, test auc 0.8308
2021-05-17 21:18:00,485 - classify.py[line:180] - INFO: Epoch 19, toal_loss 4.6710, aver loss 0.0073, train accuracy 0.9504, train auc 0.9506, test accuracy 0.8263, test auc 0.8263
2021-05-17 21:18:06,119 - classify.py[line:180] - INFO: Epoch 20, toal_loss 4.2190, aver loss 0.0063, train accuracy 0.9543, train auc 0.9544, test accuracy 0.8403, test auc 0.8403
2021-05-17 21:18:08,758 - classify.py[line:180] - INFO: Epoch 21, toal_loss 4.0890, aver loss 0.0058, train accuracy 0.9562, train auc 0.9563, test accuracy 0.8373, test auc 0.8373
2021-05-17 21:18:10,890 - classify.py[line:180] - INFO: Epoch 22, toal_loss 4.0028, aver loss 0.0054, train accuracy 0.9594, train auc 0.9595, test accuracy 0.8303, test auc 0.8303
2021-05-17 21:18:12,950 - classify.py[line:180] - INFO: Epoch 23, toal_loss 3.8280, aver loss 0.0050, train accuracy 0.9563, train auc 0.9564, test accuracy 0.8353, test auc 0.8353
2021-05-17 21:18:14,996 - classify.py[line:180] - INFO: Epoch 24, toal_loss 3.7523, aver loss 0.0047, train accuracy 0.9608, train auc 0.9610, test accuracy 0.8428, test auc 0.8428
2021-05-17 21:18:17,045 - classify.py[line:180] - INFO: Epoch 25, toal_loss 3.6434, aver loss 0.0044, train accuracy 0.9622, train auc 0.9623, test accuracy 0.8343, test auc 0.8343
2021-05-17 21:18:19,121 - classify.py[line:180] - INFO: Epoch 26, toal_loss 3.5189, aver loss 0.0041, train accuracy 0.9640, train auc 0.9640, test accuracy 0.8368, test auc 0.8368
2021-05-17 21:18:21,202 - classify.py[line:180] - INFO: Epoch 27, toal_loss 3.6103, aver loss 0.0040, train accuracy 0.9655, train auc 0.9654, test accuracy 0.8358, test auc 0.8358
2021-05-17 21:18:23,247 - classify.py[line:180] - INFO: Epoch 28, toal_loss 3.3394, aver loss 0.0036, train accuracy 0.9614, train auc 0.9616, test accuracy 0.8348, test auc 0.8348
2021-05-17 21:18:25,314 - classify.py[line:180] - INFO: Epoch 29, toal_loss 3.2938, aver loss 0.0034, train accuracy 0.9657, train auc 0.9659, test accuracy 0.8373, test auc 0.8373
2021-05-17 21:18:27,378 - classify.py[line:180] - INFO: Epoch 30, toal_loss 3.1276, aver loss 0.0032, train accuracy 0.9667, train auc 0.9668, test accuracy 0.8423, test auc 0.8423
2021-05-17 21:18:29,402 - classify.py[line:180] - INFO: Epoch 31, toal_loss 3.0838, aver loss 0.0030, train accuracy 0.9665, train auc 0.9668, test accuracy 0.8323, test auc 0.8323
2021-05-17 21:18:31,437 - classify.py[line:180] - INFO: Epoch 32, toal_loss 2.9382, aver loss 0.0028, train accuracy 0.9687, train auc 0.9689, test accuracy 0.8443, test auc 0.8443
2021-05-17 21:18:33,501 - classify.py[line:180] - INFO: Epoch 33, toal_loss 2.9451, aver loss 0.0027, train accuracy 0.9714, train auc 0.9714, test accuracy 0.8313, test auc 0.8313
2021-05-17 21:18:35,812 - classify.py[line:180] - INFO: Epoch 34, toal_loss 2.8936, aver loss 0.0026, train accuracy 0.9723, train auc 0.9723, test accuracy 0.8388, test auc 0.8388
2021-05-17 21:18:38,975 - classify.py[line:180] - INFO: Epoch 35, toal_loss 2.8156, aver loss 0.0024, train accuracy 0.9707, train auc 0.9708, test accuracy 0.8363, test auc 0.8363
2021-05-17 21:18:41,019 - classify.py[line:180] - INFO: Epoch 36, toal_loss 2.6496, aver loss 0.0022, train accuracy 0.9742, train auc 0.9743, test accuracy 0.8378, test auc 0.8378
2021-05-17 21:18:43,067 - classify.py[line:180] - INFO: Epoch 37, toal_loss 2.9653, aver loss 0.0024, train accuracy 0.9751, train auc 0.9752, test accuracy 0.8368, test auc 0.8368
2021-05-17 21:18:45,577 - classify.py[line:180] - INFO: Epoch 38, toal_loss 2.4437, aver loss 0.0020, train accuracy 0.9753, train auc 0.9753, test accuracy 0.8448, test auc 0.8448
2021-05-17 21:18:50,449 - classify.py[line:180] - INFO: Epoch 39, toal_loss 2.6539, aver loss 0.0021, train accuracy 0.9772, train auc 0.9771, test accuracy 0.8433, test auc 0.8433
2021-05-17 21:18:55,332 - classify.py[line:180] - INFO: Epoch 40, toal_loss 2.4199, aver loss 0.0018, train accuracy 0.9756, train auc 0.9757, test accuracy 0.8398, test auc 0.8398
2021-05-17 21:19:00,174 - classify.py[line:180] - INFO: Epoch 41, toal_loss 2.5191, aver loss 0.0019, train accuracy 0.9775, train auc 0.9775, test accuracy 0.8348, test auc 0.8348
2021-05-17 21:19:05,248 - classify.py[line:180] - INFO: Epoch 42, toal_loss 2.4709, aver loss 0.0018, train accuracy 0.9771, train auc 0.9770, test accuracy 0.8468, test auc 0.8468
2021-05-17 21:19:10,200 - classify.py[line:180] - INFO: Epoch 43, toal_loss 2.3046, aver loss 0.0016, train accuracy 0.9791, train auc 0.9794, test accuracy 0.8423, test auc 0.8423
2021-05-17 21:19:15,648 - classify.py[line:180] - INFO: Epoch 44, toal_loss 2.2181, aver loss 0.0015, train accuracy 0.9775, train auc 0.9777, test accuracy 0.8368, test auc 0.8368
2021-05-17 21:19:20,814 - classify.py[line:180] - INFO: Epoch 45, toal_loss 2.2680, aver loss 0.0015, train accuracy 0.9786, train auc 0.9788, test accuracy 0.8418, test auc 0.8418
2021-05-17 21:19:25,474 - classify.py[line:180] - INFO: Epoch 46, toal_loss 2.2122, aver loss 0.0015, train accuracy 0.9790, train auc 0.9790, test accuracy 0.8433, test auc 0.8433
2021-05-17 21:19:30,696 - classify.py[line:180] - INFO: Epoch 47, toal_loss 2.0712, aver loss 0.0013, train accuracy 0.9785, train auc 0.9786, test accuracy 0.8438, test auc 0.8438
2021-05-17 21:19:35,770 - classify.py[line:180] - INFO: Epoch 48, toal_loss 2.0849, aver loss 0.0013, train accuracy 0.9806, train auc 0.9807, test accuracy 0.8348, test auc 0.8348
2021-05-17 21:19:41,675 - classify.py[line:180] - INFO: Epoch 49, toal_loss 2.0592, aver loss 0.0013, train accuracy 0.9817, train auc 0.9816, test accuracy 0.8398, test auc 0.8398
2021-05-17 21:19:46,680 - classify.py[line:180] - INFO: Epoch 50, toal_loss 1.9857, aver loss 0.0012, train accuracy 0.9796, train auc 0.9796, test accuracy 0.8448, test auc 0.8448
2021-05-17 21:19:52,613 - classify.py[line:180] - INFO: Epoch 51, toal_loss 2.1946, aver loss 0.0013, train accuracy 0.9784, train auc 0.9784, test accuracy 0.8483, test auc 0.8483
2021-05-17 21:19:58,182 - classify.py[line:180] - INFO: Epoch 52, toal_loss 2.0429, aver loss 0.0012, train accuracy 0.9801, train auc 0.9803, test accuracy 0.8468, test auc 0.8468
2021-05-17 21:20:03,239 - classify.py[line:180] - INFO: Epoch 53, toal_loss 1.8245, aver loss 0.0011, train accuracy 0.9811, train auc 0.9809, test accuracy 0.8343, test auc 0.8343
2021-05-17 21:20:09,415 - classify.py[line:180] - INFO: Epoch 54, toal_loss 1.9905, aver loss 0.0011, train accuracy 0.9819, train auc 0.9819, test accuracy 0.8433, test auc 0.8433
2021-05-17 21:20:14,772 - classify.py[line:180] - INFO: Epoch 55, toal_loss 1.7880, aver loss 0.0010, train accuracy 0.9817, train auc 0.9816, test accuracy 0.8463, test auc 0.8463
2021-05-17 21:20:19,324 - classify.py[line:180] - INFO: Epoch 56, toal_loss 1.8940, aver loss 0.0010, train accuracy 0.9811, train auc 0.9812, test accuracy 0.8428, test auc 0.8428
2021-05-17 21:20:24,522 - classify.py[line:180] - INFO: Epoch 57, toal_loss 1.8819, aver loss 0.0010, train accuracy 0.9838, train auc 0.9838, test accuracy 0.8383, test auc 0.8383
2021-05-17 21:20:29,392 - classify.py[line:180] - INFO: Epoch 58, toal_loss 1.6218, aver loss 0.0009, train accuracy 0.9827, train auc 0.9828, test accuracy 0.8433, test auc 0.8433
2021-05-17 21:20:33,757 - classify.py[line:180] - INFO: Epoch 59, toal_loss 1.9376, aver loss 0.0010, train accuracy 0.9819, train auc 0.9820, test accuracy 0.8493, test auc 0.8493
2021-05-17 21:20:38,827 - classify.py[line:180] - INFO: Epoch 60, toal_loss 1.8995, aver loss 0.0010, train accuracy 0.9855, train auc 0.9855, test accuracy 0.8368, test auc 0.8368
2021-05-17 21:20:43,529 - classify.py[line:180] - INFO: Epoch 61, toal_loss 1.8117, aver loss 0.0009, train accuracy 0.9813, train auc 0.9812, test accuracy 0.8478, test auc 0.8478
2021-05-17 21:20:48,749 - classify.py[line:180] - INFO: Epoch 62, toal_loss 1.7262, aver loss 0.0009, train accuracy 0.9836, train auc 0.9835, test accuracy 0.8383, test auc 0.8383
2021-05-17 21:20:54,288 - classify.py[line:180] - INFO: Epoch 63, toal_loss 1.6911, aver loss 0.0008, train accuracy 0.9844, train auc 0.9845, test accuracy 0.8448, test auc 0.8448
2021-05-17 21:20:59,271 - classify.py[line:180] - INFO: Epoch 64, toal_loss 1.5773, aver loss 0.0008, train accuracy 0.9839, train auc 0.9838, test accuracy 0.8488, test auc 0.8488
2021-05-17 21:21:01,348 - classify.py[line:180] - INFO: Epoch 65, toal_loss 1.6463, aver loss 0.0008, train accuracy 0.9833, train auc 0.9833, test accuracy 0.8468, test auc 0.8468
2021-05-17 21:21:03,426 - classify.py[line:180] - INFO: Epoch 66, toal_loss 1.4961, aver loss 0.0007, train accuracy 0.9835, train auc 0.9835, test accuracy 0.8524, test auc 0.8524
2021-05-17 21:21:05,450 - classify.py[line:180] - INFO: Epoch 67, toal_loss 1.5751, aver loss 0.0007, train accuracy 0.9849, train auc 0.9848, test accuracy 0.8428, test auc 0.8428
2021-05-17 21:21:07,527 - classify.py[line:180] - INFO: Epoch 68, toal_loss 1.6193, aver loss 0.0007, train accuracy 0.9846, train auc 0.9847, test accuracy 0.8509, test auc 0.8509
2021-05-17 21:21:09,594 - classify.py[line:180] - INFO: Epoch 69, toal_loss 1.5695, aver loss 0.0007, train accuracy 0.9851, train auc 0.9851, test accuracy 0.8448, test auc 0.8448
2021-05-17 21:21:11,665 - classify.py[line:180] - INFO: Epoch 70, toal_loss 1.5915, aver loss 0.0007, train accuracy 0.9868, train auc 0.9868, test accuracy 0.8438, test auc 0.8438
2021-05-17 21:21:13,805 - classify.py[line:180] - INFO: Epoch 71, toal_loss 1.4414, aver loss 0.0006, train accuracy 0.9836, train auc 0.9837, test accuracy 0.8539, test auc 0.8539
2021-05-17 21:21:15,969 - classify.py[line:180] - INFO: Epoch 72, toal_loss 1.4071, aver loss 0.0006, train accuracy 0.9863, train auc 0.9864, test accuracy 0.8463, test auc 0.8463
2021-05-17 21:21:18,153 - classify.py[line:180] - INFO: Epoch 73, toal_loss 1.6543, aver loss 0.0007, train accuracy 0.9862, train auc 0.9861, test accuracy 0.8539, test auc 0.8539
2021-05-17 21:21:20,290 - classify.py[line:180] - INFO: Epoch 74, toal_loss 1.5291, aver loss 0.0006, train accuracy 0.9865, train auc 0.9864, test accuracy 0.8498, test auc 0.8498
2021-05-17 21:21:22,425 - classify.py[line:180] - INFO: Epoch 75, toal_loss 1.5068, aver loss 0.0006, train accuracy 0.9858, train auc 0.9859, test accuracy 0.8423, test auc 0.8423
2021-05-17 21:21:24,533 - classify.py[line:180] - INFO: Epoch 76, toal_loss 1.5653, aver loss 0.0006, train accuracy 0.9868, train auc 0.9868, test accuracy 0.8504, test auc 0.8504
2021-05-17 21:21:26,552 - classify.py[line:180] - INFO: Epoch 77, toal_loss 1.5235, aver loss 0.0006, train accuracy 0.9860, train auc 0.9859, test accuracy 0.8493, test auc 0.8493
2021-05-17 21:21:28,608 - classify.py[line:180] - INFO: Epoch 78, toal_loss 1.4828, aver loss 0.0006, train accuracy 0.9860, train auc 0.9859, test accuracy 0.8438, test auc 0.8438
2021-05-17 21:21:30,942 - classify.py[line:180] - INFO: Epoch 79, toal_loss 1.4485, aver loss 0.0006, train accuracy 0.9874, train auc 0.9874, test accuracy 0.8458, test auc 0.8458
