2021-05-17 21:10:44,501 - classify.py[line:66] - INFO: Namespace(batch_size=256, dataset='Subj', epoch=80, gpu=1, l2=0.001, lr=0.001, modelname='TextCNN', modelnum=0, resultnum=84, seed=2, use_aug=0)
2021-05-17 21:10:51,859 - classify.py[line:131] - INFO: {'word_embedding_dimension': 300, 'Epoch1': 5, 'Epoch2': 80, 'dropout': 0.1, 'label_num': 2, 'learning_rate1': 1e-05, 'learning_rate2': 0.001, 'batch_size': 256, 'cuda': 1, 'negSampleNum': 3, 'poSampleNum': 1, 'max_bound': 1, 'kernel_sizes': [3, 4, 5], 'hidden_size': 256, 'hidden_layers': 1, 'bidirectional': True}
2021-05-17 21:10:52,260 - classify.py[line:137] - INFO: before training: 0.5145145058631897
2021-05-17 21:10:52,261 - classify.py[line:150] - INFO: ...start training...
2021-05-17 21:10:57,432 - classify.py[line:180] - INFO: Epoch 0, toal_loss 13.9623, aver loss 0.4363, train accuracy 0.8237, train auc 0.8229, test accuracy 0.8609, test auc 0.8609
2021-05-17 21:11:02,654 - classify.py[line:180] - INFO: Epoch 1, toal_loss 9.5697, aver loss 0.1495, train accuracy 0.8764, train auc 0.8758, test accuracy 0.8684, test auc 0.8684
2021-05-17 21:11:07,148 - classify.py[line:180] - INFO: Epoch 2, toal_loss 8.3075, aver loss 0.0865, train accuracy 0.8963, train auc 0.8960, test accuracy 0.8809, test auc 0.8809
2021-05-17 21:11:12,865 - classify.py[line:180] - INFO: Epoch 3, toal_loss 7.4844, aver loss 0.0585, train accuracy 0.9078, train auc 0.9077, test accuracy 0.8749, test auc 0.8749
2021-05-17 21:11:18,354 - classify.py[line:180] - INFO: Epoch 4, toal_loss 6.9759, aver loss 0.0436, train accuracy 0.9202, train auc 0.9201, test accuracy 0.8739, test auc 0.8739
2021-05-17 21:11:23,455 - classify.py[line:180] - INFO: Epoch 5, toal_loss 6.2410, aver loss 0.0325, train accuracy 0.9245, train auc 0.9244, test accuracy 0.8729, test auc 0.8729
2021-05-17 21:11:28,653 - classify.py[line:180] - INFO: Epoch 6, toal_loss 5.8592, aver loss 0.0262, train accuracy 0.9304, train auc 0.9303, test accuracy 0.8769, test auc 0.8769
2021-05-17 21:11:33,918 - classify.py[line:180] - INFO: Epoch 7, toal_loss 5.5325, aver loss 0.0216, train accuracy 0.9357, train auc 0.9355, test accuracy 0.8664, test auc 0.8664
2021-05-17 21:11:39,486 - classify.py[line:180] - INFO: Epoch 8, toal_loss 5.1564, aver loss 0.0179, train accuracy 0.9382, train auc 0.9381, test accuracy 0.8664, test auc 0.8664
2021-05-17 21:11:44,314 - classify.py[line:180] - INFO: Epoch 9, toal_loss 4.7603, aver loss 0.0149, train accuracy 0.9442, train auc 0.9441, test accuracy 0.8659, test auc 0.8659
2021-05-17 21:11:49,563 - classify.py[line:180] - INFO: Epoch 10, toal_loss 4.5201, aver loss 0.0128, train accuracy 0.9464, train auc 0.9462, test accuracy 0.8744, test auc 0.8744
2021-05-17 21:11:54,862 - classify.py[line:180] - INFO: Epoch 11, toal_loss 4.3862, aver loss 0.0114, train accuracy 0.9524, train auc 0.9524, test accuracy 0.8769, test auc 0.8769
2021-05-17 21:12:00,255 - classify.py[line:180] - INFO: Epoch 12, toal_loss 4.0692, aver loss 0.0098, train accuracy 0.9559, train auc 0.9559, test accuracy 0.8729, test auc 0.8729
2021-05-17 21:12:04,544 - classify.py[line:180] - INFO: Epoch 13, toal_loss 3.9647, aver loss 0.0088, train accuracy 0.9576, train auc 0.9576, test accuracy 0.8719, test auc 0.8719
2021-05-17 21:12:10,048 - classify.py[line:180] - INFO: Epoch 14, toal_loss 3.6627, aver loss 0.0076, train accuracy 0.9624, train auc 0.9623, test accuracy 0.8779, test auc 0.8779
2021-05-17 21:12:15,265 - classify.py[line:180] - INFO: Epoch 15, toal_loss 3.4201, aver loss 0.0067, train accuracy 0.9612, train auc 0.9612, test accuracy 0.8764, test auc 0.8764
2021-05-17 21:12:19,626 - classify.py[line:180] - INFO: Epoch 16, toal_loss 3.4316, aver loss 0.0063, train accuracy 0.9670, train auc 0.9670, test accuracy 0.8754, test auc 0.8754
2021-05-17 21:12:24,695 - classify.py[line:180] - INFO: Epoch 17, toal_loss 3.2278, aver loss 0.0056, train accuracy 0.9667, train auc 0.9666, test accuracy 0.8724, test auc 0.8724
2021-05-17 21:12:29,129 - classify.py[line:180] - INFO: Epoch 18, toal_loss 3.0826, aver loss 0.0051, train accuracy 0.9662, train auc 0.9663, test accuracy 0.8629, test auc 0.8629
2021-05-17 21:12:31,197 - classify.py[line:180] - INFO: Epoch 19, toal_loss 2.8694, aver loss 0.0045, train accuracy 0.9725, train auc 0.9725, test accuracy 0.8669, test auc 0.8669
2021-05-17 21:12:33,203 - classify.py[line:180] - INFO: Epoch 20, toal_loss 2.7553, aver loss 0.0041, train accuracy 0.9741, train auc 0.9742, test accuracy 0.8649, test auc 0.8649
2021-05-17 21:12:35,208 - classify.py[line:180] - INFO: Epoch 21, toal_loss 2.6888, aver loss 0.0038, train accuracy 0.9728, train auc 0.9728, test accuracy 0.8674, test auc 0.8674
2021-05-17 21:12:37,230 - classify.py[line:180] - INFO: Epoch 22, toal_loss 2.4625, aver loss 0.0033, train accuracy 0.9739, train auc 0.9741, test accuracy 0.8689, test auc 0.8689
2021-05-17 21:12:39,463 - classify.py[line:180] - INFO: Epoch 23, toal_loss 2.4838, aver loss 0.0032, train accuracy 0.9780, train auc 0.9781, test accuracy 0.8719, test auc 0.8719
2021-05-17 21:12:41,509 - classify.py[line:180] - INFO: Epoch 24, toal_loss 2.4035, aver loss 0.0030, train accuracy 0.9773, train auc 0.9774, test accuracy 0.8689, test auc 0.8689
2021-05-17 21:12:43,566 - classify.py[line:180] - INFO: Epoch 25, toal_loss 2.3620, aver loss 0.0028, train accuracy 0.9759, train auc 0.9760, test accuracy 0.8669, test auc 0.8669
2021-05-17 21:12:45,640 - classify.py[line:180] - INFO: Epoch 26, toal_loss 2.1495, aver loss 0.0025, train accuracy 0.9800, train auc 0.9801, test accuracy 0.8694, test auc 0.8694
2021-05-17 21:12:47,701 - classify.py[line:180] - INFO: Epoch 27, toal_loss 2.1346, aver loss 0.0024, train accuracy 0.9790, train auc 0.9790, test accuracy 0.8714, test auc 0.8714
2021-05-17 21:12:49,781 - classify.py[line:180] - INFO: Epoch 28, toal_loss 2.0497, aver loss 0.0022, train accuracy 0.9810, train auc 0.9809, test accuracy 0.8724, test auc 0.8724
2021-05-17 21:12:51,838 - classify.py[line:180] - INFO: Epoch 29, toal_loss 2.0480, aver loss 0.0021, train accuracy 0.9806, train auc 0.9806, test accuracy 0.8659, test auc 0.8659
2021-05-17 21:12:53,926 - classify.py[line:180] - INFO: Epoch 30, toal_loss 2.1036, aver loss 0.0021, train accuracy 0.9800, train auc 0.9800, test accuracy 0.8704, test auc 0.8704
2021-05-17 21:12:56,010 - classify.py[line:180] - INFO: Epoch 31, toal_loss 1.7562, aver loss 0.0017, train accuracy 0.9811, train auc 0.9812, test accuracy 0.8729, test auc 0.8729
2021-05-17 21:12:58,077 - classify.py[line:180] - INFO: Epoch 32, toal_loss 1.7982, aver loss 0.0017, train accuracy 0.9798, train auc 0.9799, test accuracy 0.8719, test auc 0.8719
2021-05-17 21:13:00,912 - classify.py[line:180] - INFO: Epoch 33, toal_loss 1.8680, aver loss 0.0017, train accuracy 0.9828, train auc 0.9828, test accuracy 0.8724, test auc 0.8724
2021-05-17 21:13:06,346 - classify.py[line:180] - INFO: Epoch 34, toal_loss 1.7321, aver loss 0.0015, train accuracy 0.9824, train auc 0.9824, test accuracy 0.8719, test auc 0.8719
2021-05-17 21:13:11,530 - classify.py[line:180] - INFO: Epoch 35, toal_loss 1.7424, aver loss 0.0015, train accuracy 0.9820, train auc 0.9821, test accuracy 0.8759, test auc 0.8759
2021-05-17 21:13:15,912 - classify.py[line:180] - INFO: Epoch 36, toal_loss 1.6472, aver loss 0.0014, train accuracy 0.9872, train auc 0.9872, test accuracy 0.8674, test auc 0.8674
2021-05-17 21:13:21,687 - classify.py[line:180] - INFO: Epoch 37, toal_loss 1.6584, aver loss 0.0014, train accuracy 0.9829, train auc 0.9829, test accuracy 0.8689, test auc 0.8689
2021-05-17 21:13:26,646 - classify.py[line:180] - INFO: Epoch 38, toal_loss 1.5979, aver loss 0.0013, train accuracy 0.9854, train auc 0.9854, test accuracy 0.8714, test auc 0.8714
2021-05-17 21:13:32,031 - classify.py[line:180] - INFO: Epoch 39, toal_loss 1.5828, aver loss 0.0012, train accuracy 0.9836, train auc 0.9837, test accuracy 0.8739, test auc 0.8739
2021-05-17 21:13:36,497 - classify.py[line:180] - INFO: Epoch 40, toal_loss 1.6991, aver loss 0.0013, train accuracy 0.9880, train auc 0.9881, test accuracy 0.8624, test auc 0.8624
2021-05-17 21:13:42,055 - classify.py[line:180] - INFO: Epoch 41, toal_loss 1.5494, aver loss 0.0012, train accuracy 0.9856, train auc 0.9856, test accuracy 0.8684, test auc 0.8684
2021-05-17 21:13:46,818 - classify.py[line:180] - INFO: Epoch 42, toal_loss 1.7158, aver loss 0.0012, train accuracy 0.9846, train auc 0.9847, test accuracy 0.8749, test auc 0.8749
2021-05-17 21:13:51,779 - classify.py[line:180] - INFO: Epoch 43, toal_loss 1.6993, aver loss 0.0012, train accuracy 0.9865, train auc 0.9864, test accuracy 0.8674, test auc 0.8674
2021-05-17 21:13:56,067 - classify.py[line:180] - INFO: Epoch 44, toal_loss 1.5541, aver loss 0.0011, train accuracy 0.9867, train auc 0.9868, test accuracy 0.8739, test auc 0.8739
2021-05-17 21:14:00,911 - classify.py[line:180] - INFO: Epoch 45, toal_loss 1.4975, aver loss 0.0010, train accuracy 0.9862, train auc 0.9863, test accuracy 0.8734, test auc 0.8734
2021-05-17 21:14:06,506 - classify.py[line:180] - INFO: Epoch 46, toal_loss 1.3195, aver loss 0.0009, train accuracy 0.9874, train auc 0.9875, test accuracy 0.8634, test auc 0.8634
2021-05-17 21:14:11,878 - classify.py[line:180] - INFO: Epoch 47, toal_loss 1.2836, aver loss 0.0008, train accuracy 0.9877, train auc 0.9876, test accuracy 0.8724, test auc 0.8724
2021-05-17 21:14:16,157 - classify.py[line:180] - INFO: Epoch 48, toal_loss 1.3998, aver loss 0.0009, train accuracy 0.9860, train auc 0.9861, test accuracy 0.8589, test auc 0.8589
2021-05-17 21:14:21,654 - classify.py[line:180] - INFO: Epoch 49, toal_loss 1.4924, aver loss 0.0009, train accuracy 0.9878, train auc 0.9878, test accuracy 0.8699, test auc 0.8699
2021-05-17 21:14:26,077 - classify.py[line:180] - INFO: Epoch 50, toal_loss 1.2286, aver loss 0.0008, train accuracy 0.9874, train auc 0.9874, test accuracy 0.8654, test auc 0.8654
2021-05-17 21:14:31,279 - classify.py[line:180] - INFO: Epoch 51, toal_loss 1.4618, aver loss 0.0009, train accuracy 0.9877, train auc 0.9878, test accuracy 0.8589, test auc 0.8589
2021-05-17 21:14:36,243 - classify.py[line:180] - INFO: Epoch 52, toal_loss 1.3349, aver loss 0.0008, train accuracy 0.9867, train auc 0.9867, test accuracy 0.8679, test auc 0.8679
2021-05-17 21:14:41,491 - classify.py[line:180] - INFO: Epoch 53, toal_loss 1.3313, aver loss 0.0008, train accuracy 0.9882, train auc 0.9881, test accuracy 0.8629, test auc 0.8629
2021-05-17 21:14:46,787 - classify.py[line:180] - INFO: Epoch 54, toal_loss 1.2686, aver loss 0.0007, train accuracy 0.9879, train auc 0.9879, test accuracy 0.8639, test auc 0.8639
2021-05-17 21:14:51,933 - classify.py[line:180] - INFO: Epoch 55, toal_loss 1.2721, aver loss 0.0007, train accuracy 0.9857, train auc 0.9858, test accuracy 0.8684, test auc 0.8684
2021-05-17 21:14:57,081 - classify.py[line:180] - INFO: Epoch 56, toal_loss 1.3342, aver loss 0.0007, train accuracy 0.9891, train auc 0.9891, test accuracy 0.8604, test auc 0.8604
2021-05-17 21:15:01,975 - classify.py[line:180] - INFO: Epoch 57, toal_loss 1.2873, aver loss 0.0007, train accuracy 0.9910, train auc 0.9910, test accuracy 0.8534, test auc 0.8534
2021-05-17 21:15:07,270 - classify.py[line:180] - INFO: Epoch 58, toal_loss 1.1486, aver loss 0.0006, train accuracy 0.9901, train auc 0.9901, test accuracy 0.8659, test auc 0.8659
2021-05-17 21:15:11,786 - classify.py[line:180] - INFO: Epoch 59, toal_loss 1.1325, aver loss 0.0006, train accuracy 0.9880, train auc 0.9882, test accuracy 0.8604, test auc 0.8604
2021-05-17 21:15:13,900 - classify.py[line:180] - INFO: Epoch 60, toal_loss 1.2406, aver loss 0.0006, train accuracy 0.9877, train auc 0.9877, test accuracy 0.8619, test auc 0.8619
2021-05-17 21:15:15,913 - classify.py[line:180] - INFO: Epoch 61, toal_loss 1.0785, aver loss 0.0005, train accuracy 0.9899, train auc 0.9900, test accuracy 0.8704, test auc 0.8704
2021-05-17 21:15:17,929 - classify.py[line:180] - INFO: Epoch 62, toal_loss 1.1760, aver loss 0.0006, train accuracy 0.9893, train auc 0.9893, test accuracy 0.8664, test auc 0.8664
2021-05-17 21:15:19,942 - classify.py[line:180] - INFO: Epoch 63, toal_loss 1.2103, aver loss 0.0006, train accuracy 0.9882, train auc 0.9883, test accuracy 0.8624, test auc 0.8624
2021-05-17 21:15:21,972 - classify.py[line:180] - INFO: Epoch 64, toal_loss 1.2944, aver loss 0.0006, train accuracy 0.9906, train auc 0.9906, test accuracy 0.8709, test auc 0.8709
2021-05-17 21:15:23,989 - classify.py[line:180] - INFO: Epoch 65, toal_loss 1.2457, aver loss 0.0006, train accuracy 0.9889, train auc 0.9889, test accuracy 0.8614, test auc 0.8614
2021-05-17 21:15:26,039 - classify.py[line:180] - INFO: Epoch 66, toal_loss 1.2793, aver loss 0.0006, train accuracy 0.9893, train auc 0.9893, test accuracy 0.8634, test auc 0.8634
2021-05-17 21:15:28,060 - classify.py[line:180] - INFO: Epoch 67, toal_loss 1.2594, aver loss 0.0006, train accuracy 0.9899, train auc 0.9898, test accuracy 0.8619, test auc 0.8619
2021-05-17 21:15:30,061 - classify.py[line:180] - INFO: Epoch 68, toal_loss 1.1302, aver loss 0.0005, train accuracy 0.9864, train auc 0.9863, test accuracy 0.8594, test auc 0.8594
2021-05-17 21:15:32,100 - classify.py[line:180] - INFO: Epoch 69, toal_loss 1.0842, aver loss 0.0005, train accuracy 0.9869, train auc 0.9868, test accuracy 0.8644, test auc 0.8644
2021-05-17 21:15:34,143 - classify.py[line:180] - INFO: Epoch 70, toal_loss 1.0471, aver loss 0.0005, train accuracy 0.9894, train auc 0.9893, test accuracy 0.8599, test auc 0.8599
2021-05-17 21:15:36,200 - classify.py[line:180] - INFO: Epoch 71, toal_loss 0.9966, aver loss 0.0004, train accuracy 0.9923, train auc 0.9923, test accuracy 0.8493, test auc 0.8493
2021-05-17 21:15:38,245 - classify.py[line:180] - INFO: Epoch 72, toal_loss 1.0078, aver loss 0.0004, train accuracy 0.9897, train auc 0.9898, test accuracy 0.8599, test auc 0.8599
2021-05-17 21:15:40,305 - classify.py[line:180] - INFO: Epoch 73, toal_loss 1.0843, aver loss 0.0005, train accuracy 0.9891, train auc 0.9892, test accuracy 0.8624, test auc 0.8624
2021-05-17 21:15:42,363 - classify.py[line:180] - INFO: Epoch 74, toal_loss 1.0958, aver loss 0.0005, train accuracy 0.9896, train auc 0.9895, test accuracy 0.8629, test auc 0.8629
2021-05-17 21:15:47,292 - classify.py[line:180] - INFO: Epoch 75, toal_loss 0.9818, aver loss 0.0004, train accuracy 0.9894, train auc 0.9893, test accuracy 0.8664, test auc 0.8664
2021-05-17 21:15:53,157 - classify.py[line:180] - INFO: Epoch 76, toal_loss 0.9548, aver loss 0.0004, train accuracy 0.9919, train auc 0.9920, test accuracy 0.8569, test auc 0.8569
2021-05-17 21:15:58,544 - classify.py[line:180] - INFO: Epoch 77, toal_loss 1.1315, aver loss 0.0005, train accuracy 0.9893, train auc 0.9892, test accuracy 0.8624, test auc 0.8624
2021-05-17 21:16:03,381 - classify.py[line:180] - INFO: Epoch 78, toal_loss 1.0465, aver loss 0.0004, train accuracy 0.9906, train auc 0.9905, test accuracy 0.8534, test auc 0.8534
2021-05-17 21:16:08,673 - classify.py[line:180] - INFO: Epoch 79, toal_loss 0.9646, aver loss 0.0004, train accuracy 0.9932, train auc 0.9932, test accuracy 0.8604, test auc 0.8604
