2021-05-18 16:50:14,405 - train.py[line:60] - INFO: {'word_embedding_dimension': 300, 'Epoch1': 20, 'Epoch2': 10, 'dropout': 0.1, 'label_num': 2, 'learning_rate1': 0.001, 'learning_rate2': 1e-05, 'batch_size': 64, 'cuda': True, 'negSampleNum': 2, 'poSampleNum': 3, 'max_bound': 0.1, 'kernel_sizes': [3, 4, 5], 'hidden_size': 256, 'hidden_layers': 1, 'bidirectional': True}
2021-05-18 16:50:14,405 - train.py[line:61] - INFO: Namespace(bs=64, dataset='Subj', epoch=20, l2=0.001, lr=0.001, maxbound=0.1, modelname='TextCNN', modelnum='0', negNum=2, posNum=3, resultnum=93, runmode='train', seed=1)
2021-05-18 16:50:17,735 - train.py[line:216] - INFO: train data loaded!
2021-05-18 16:50:23,028 - train.py[line:231] - INFO: ...start training...
2021-05-18 16:51:32,635 - train.py[line:159] - INFO: Epoch 0, 124 th batch, total loss: 91.40, aver loss:   0.73, aver neg loss:   0.08, aver pos loss:   0.03, test acc:   0.41;     70 s elapsed
2021-05-18 16:52:14,279 - train.py[line:159] - INFO: Epoch 1, 124 th batch, total loss: 62.84, aver loss:   0.50, aver neg loss:   0.09, aver pos loss:   0.02, test acc:   0.40;    111 s elapsed
2021-05-18 16:53:04,274 - train.py[line:159] - INFO: Epoch 2, 124 th batch, total loss: 56.98, aver loss:   0.46, aver neg loss:   0.10, aver pos loss:   0.02, test acc:   0.34;    161 s elapsed
2021-05-18 16:54:09,730 - train.py[line:159] - INFO: Epoch 3, 124 th batch, total loss: 54.43, aver loss:   0.44, aver neg loss:   0.09, aver pos loss:   0.02, test acc:   0.34;    227 s elapsed
2021-05-18 16:55:08,721 - train.py[line:159] - INFO: Epoch 4, 124 th batch, total loss: 52.30, aver loss:   0.42, aver neg loss:   0.10, aver pos loss:   0.02, test acc:   0.35;    286 s elapsed
2021-05-18 16:55:42,243 - train.py[line:159] - INFO: Epoch 5, 124 th batch, total loss: 52.04, aver loss:   0.42, aver neg loss:   0.10, aver pos loss:   0.02, test acc:   0.33;    319 s elapsed
2021-05-18 16:56:44,943 - train.py[line:159] - INFO: Epoch 6, 124 th batch, total loss: 50.38, aver loss:   0.40, aver neg loss:   0.10, aver pos loss:   0.02, test acc:   0.30;    382 s elapsed
2021-05-18 16:57:50,180 - train.py[line:159] - INFO: Epoch 7, 124 th batch, total loss: 49.71, aver loss:   0.40, aver neg loss:   0.10, aver pos loss:   0.02, test acc:   0.28;    447 s elapsed
2021-05-18 16:58:26,139 - train.py[line:159] - INFO: Epoch 8, 124 th batch, total loss: 50.56, aver loss:   0.40, aver neg loss:   0.10, aver pos loss:   0.02, test acc:   0.30;    483 s elapsed
2021-05-18 16:59:22,307 - train.py[line:159] - INFO: Epoch 9, 124 th batch, total loss: 48.89, aver loss:   0.39, aver neg loss:   0.10, aver pos loss:   0.02, test acc:   0.28;    539 s elapsed
2021-05-18 17:00:25,621 - train.py[line:159] - INFO: Epoch 10, 124 th batch, total loss: 48.61, aver loss:   0.39, aver neg loss:   0.10, aver pos loss:   0.02, test acc:   0.28;    603 s elapsed
2021-05-18 17:01:10,159 - train.py[line:159] - INFO: Epoch 11, 124 th batch, total loss: 48.32, aver loss:   0.39, aver neg loss:   0.10, aver pos loss:   0.02, test acc:   0.29;    647 s elapsed
2021-05-18 17:02:13,358 - train.py[line:159] - INFO: Epoch 12, 124 th batch, total loss: 47.53, aver loss:   0.38, aver neg loss:   0.10, aver pos loss:   0.02, test acc:   0.28;    710 s elapsed
2021-05-18 17:03:31,151 - train.py[line:159] - INFO: Epoch 13, 124 th batch, total loss: 47.64, aver loss:   0.38, aver neg loss:   0.10, aver pos loss:   0.02, test acc:   0.28;    788 s elapsed
2021-05-18 17:04:28,784 - train.py[line:159] - INFO: Epoch 14, 124 th batch, total loss: 46.80, aver loss:   0.37, aver neg loss:   0.10, aver pos loss:   0.02, test acc:   0.28;    846 s elapsed
2021-05-18 17:05:21,552 - train.py[line:159] - INFO: Epoch 15, 124 th batch, total loss: 46.13, aver loss:   0.37, aver neg loss:   0.11, aver pos loss:   0.02, test acc:   0.28;    899 s elapsed
2021-05-18 17:06:20,665 - train.py[line:159] - INFO: Epoch 16, 124 th batch, total loss: 45.74, aver loss:   0.37, aver neg loss:   0.11, aver pos loss:   0.02, test acc:   0.29;    958 s elapsed
2021-05-18 17:07:03,480 - train.py[line:159] - INFO: Epoch 17, 124 th batch, total loss: 45.91, aver loss:   0.37, aver neg loss:   0.11, aver pos loss:   0.02, test acc:   0.32;   1000 s elapsed
2021-05-18 17:08:11,816 - train.py[line:159] - INFO: Epoch 18, 124 th batch, total loss: 44.95, aver loss:   0.36, aver neg loss:   0.11, aver pos loss:   0.02, test acc:   0.31;   1069 s elapsed
2021-05-18 17:09:17,483 - train.py[line:159] - INFO: Epoch 19, 124 th batch, total loss: 44.22, aver loss:   0.35, aver neg loss:   0.11, aver pos loss:   0.02, test acc:   0.32;   1134 s elapsed
2021-05-18 17:09:17,500 - train.py[line:174] - INFO: model saved!
