2021-05-16 18:45:34,701 - classify.py[line:67] - INFO: Namespace(batch_size=64, dataset='Subj', epoch=80, gpu=1, lr=0.001, modelname='TextCNN', modelnum=0, seed=1, use_aug=0)
2021-05-16 18:45:38,650 - classify.py[line:120] - INFO: {'word_embedding_dimension': 300, 'Epoch1': 5, 'Epoch2': 80, 'dropout': 0.1, 'label_num': 2, 'learning_rate1': 1e-05, 'learning_rate2': 0.001, 'batch_size': 64, 'cuda': 1, 'negSampleNum': 3, 'max_bound': 1, 'kernel_sizes': [3, 4, 5], 'hidden_size': 256, 'hidden_layers': 1, 'bidirectional': True}
2021-05-16 18:45:38,961 - classify.py[line:126] - INFO: before training: 0.1401752233505249
2021-05-16 18:45:38,962 - classify.py[line:138] - INFO: ...start training...
2021-05-16 18:45:40,716 - classify.py[line:166] - INFO: Epoch 0, toal_loss 46.9538, aver loss 0.3756, train accuracy 0.8504, test accuracy 0.8436
2021-05-16 18:45:42,481 - classify.py[line:166] - INFO: Epoch 1, toal_loss 42.3464, aver loss 0.1694, train accuracy 0.8592, test accuracy 0.8298
2021-05-16 18:45:44,155 - classify.py[line:166] - INFO: Epoch 2, toal_loss 41.2839, aver loss 0.1101, train accuracy 0.8692, test accuracy 0.8448
2021-05-16 18:45:45,898 - classify.py[line:166] - INFO: Epoch 3, toal_loss 40.4866, aver loss 0.0810, train accuracy 0.8695, test accuracy 0.8511
2021-05-16 18:45:47,609 - classify.py[line:166] - INFO: Epoch 4, toal_loss 39.5434, aver loss 0.0633, train accuracy 0.8757, test accuracy 0.8473
2021-05-16 18:45:49,340 - classify.py[line:166] - INFO: Epoch 5, toal_loss 39.5272, aver loss 0.0527, train accuracy 0.8755, test accuracy 0.8498
2021-05-16 18:45:50,977 - classify.py[line:166] - INFO: Epoch 6, toal_loss 38.4819, aver loss 0.0440, train accuracy 0.8784, test accuracy 0.8360
2021-05-16 18:45:52,729 - classify.py[line:166] - INFO: Epoch 7, toal_loss 38.3710, aver loss 0.0384, train accuracy 0.8774, test accuracy 0.8511
2021-05-16 18:45:54,413 - classify.py[line:166] - INFO: Epoch 8, toal_loss 37.8837, aver loss 0.0337, train accuracy 0.8826, test accuracy 0.8548
2021-05-16 18:45:56,125 - classify.py[line:166] - INFO: Epoch 9, toal_loss 37.5108, aver loss 0.0300, train accuracy 0.8824, test accuracy 0.8448
2021-05-16 18:45:57,802 - classify.py[line:166] - INFO: Epoch 10, toal_loss 37.0347, aver loss 0.0269, train accuracy 0.8836, test accuracy 0.8310
2021-05-16 18:45:59,509 - classify.py[line:166] - INFO: Epoch 11, toal_loss 37.0273, aver loss 0.0247, train accuracy 0.8856, test accuracy 0.8348
2021-05-16 18:46:01,188 - classify.py[line:166] - INFO: Epoch 12, toal_loss 36.2622, aver loss 0.0223, train accuracy 0.8829, test accuracy 0.8436
2021-05-16 18:46:02,890 - classify.py[line:166] - INFO: Epoch 13, toal_loss 35.7714, aver loss 0.0204, train accuracy 0.8900, test accuracy 0.8373
2021-05-16 18:46:04,546 - classify.py[line:166] - INFO: Epoch 14, toal_loss 36.1909, aver loss 0.0193, train accuracy 0.8857, test accuracy 0.8285
2021-05-16 18:46:06,304 - classify.py[line:166] - INFO: Epoch 15, toal_loss 35.2706, aver loss 0.0176, train accuracy 0.8879, test accuracy 0.8436
2021-05-16 18:46:08,148 - classify.py[line:166] - INFO: Epoch 16, toal_loss 34.8562, aver loss 0.0164, train accuracy 0.8904, test accuracy 0.8548
2021-05-16 18:46:09,848 - classify.py[line:166] - INFO: Epoch 17, toal_loss 35.0517, aver loss 0.0156, train accuracy 0.8897, test accuracy 0.8498
2021-05-16 18:46:11,711 - classify.py[line:166] - INFO: Epoch 18, toal_loss 34.3951, aver loss 0.0145, train accuracy 0.8911, test accuracy 0.8486
2021-05-16 18:46:13,917 - classify.py[line:166] - INFO: Epoch 19, toal_loss 34.9995, aver loss 0.0140, train accuracy 0.8909, test accuracy 0.8498
2021-05-16 18:46:15,774 - classify.py[line:166] - INFO: Epoch 20, toal_loss 33.9036, aver loss 0.0129, train accuracy 0.8922, test accuracy 0.8561
2021-05-16 18:46:17,493 - classify.py[line:166] - INFO: Epoch 21, toal_loss 34.1708, aver loss 0.0124, train accuracy 0.8939, test accuracy 0.8423
2021-05-16 18:46:19,208 - classify.py[line:166] - INFO: Epoch 22, toal_loss 33.6829, aver loss 0.0117, train accuracy 0.8922, test accuracy 0.8523
2021-05-16 18:46:20,916 - classify.py[line:166] - INFO: Epoch 23, toal_loss 33.5706, aver loss 0.0112, train accuracy 0.8902, test accuracy 0.8548
2021-05-16 18:46:22,561 - classify.py[line:166] - INFO: Epoch 24, toal_loss 33.8486, aver loss 0.0108, train accuracy 0.8904, test accuracy 0.8423
2021-05-16 18:46:24,290 - classify.py[line:166] - INFO: Epoch 25, toal_loss 33.9962, aver loss 0.0105, train accuracy 0.8944, test accuracy 0.8348
2021-05-16 18:46:25,934 - classify.py[line:166] - INFO: Epoch 26, toal_loss 32.8202, aver loss 0.0097, train accuracy 0.8991, test accuracy 0.8423
2021-05-16 18:46:27,696 - classify.py[line:166] - INFO: Epoch 27, toal_loss 33.3635, aver loss 0.0095, train accuracy 0.8962, test accuracy 0.8373
2021-05-16 18:46:29,332 - classify.py[line:166] - INFO: Epoch 28, toal_loss 32.4581, aver loss 0.0090, train accuracy 0.8970, test accuracy 0.8436
2021-05-16 18:46:31,091 - classify.py[line:166] - INFO: Epoch 29, toal_loss 32.2323, aver loss 0.0086, train accuracy 0.8962, test accuracy 0.8448
2021-05-16 18:46:32,839 - classify.py[line:166] - INFO: Epoch 30, toal_loss 32.6111, aver loss 0.0084, train accuracy 0.9002, test accuracy 0.8461
2021-05-16 18:46:34,518 - classify.py[line:166] - INFO: Epoch 31, toal_loss 32.2333, aver loss 0.0081, train accuracy 0.8969, test accuracy 0.8423
2021-05-16 18:46:36,117 - classify.py[line:166] - INFO: Epoch 32, toal_loss 32.0517, aver loss 0.0078, train accuracy 0.8996, test accuracy 0.8473
2021-05-16 18:46:37,781 - classify.py[line:166] - INFO: Epoch 33, toal_loss 31.9038, aver loss 0.0075, train accuracy 0.9001, test accuracy 0.8461
2021-05-16 18:46:39,514 - classify.py[line:166] - INFO: Epoch 34, toal_loss 31.7468, aver loss 0.0073, train accuracy 0.9001, test accuracy 0.8373
2021-05-16 18:46:41,211 - classify.py[line:166] - INFO: Epoch 35, toal_loss 32.1780, aver loss 0.0072, train accuracy 0.8961, test accuracy 0.8385
2021-05-16 18:46:42,830 - classify.py[line:166] - INFO: Epoch 36, toal_loss 31.1913, aver loss 0.0067, train accuracy 0.8990, test accuracy 0.8498
2021-05-16 18:46:44,532 - classify.py[line:166] - INFO: Epoch 37, toal_loss 30.9951, aver loss 0.0065, train accuracy 0.8972, test accuracy 0.8360
2021-05-16 18:46:46,152 - classify.py[line:166] - INFO: Epoch 38, toal_loss 31.2373, aver loss 0.0064, train accuracy 0.9014, test accuracy 0.8310
2021-05-16 18:46:47,845 - classify.py[line:166] - INFO: Epoch 39, toal_loss 31.4236, aver loss 0.0063, train accuracy 0.8996, test accuracy 0.8335
2021-05-16 18:46:49,499 - classify.py[line:166] - INFO: Epoch 40, toal_loss 31.2087, aver loss 0.0061, train accuracy 0.9002, test accuracy 0.8373
2021-05-16 18:46:51,182 - classify.py[line:166] - INFO: Epoch 41, toal_loss 31.3237, aver loss 0.0060, train accuracy 0.9005, test accuracy 0.8298
2021-05-16 18:46:52,870 - classify.py[line:166] - INFO: Epoch 42, toal_loss 30.6345, aver loss 0.0057, train accuracy 0.9054, test accuracy 0.8385
2021-05-16 18:46:54,563 - classify.py[line:166] - INFO: Epoch 43, toal_loss 30.9805, aver loss 0.0056, train accuracy 0.9002, test accuracy 0.8360
2021-05-16 18:46:57,016 - classify.py[line:166] - INFO: Epoch 44, toal_loss 30.6617, aver loss 0.0055, train accuracy 0.9032, test accuracy 0.8360
2021-05-16 18:46:59,328 - classify.py[line:166] - INFO: Epoch 45, toal_loss 30.8469, aver loss 0.0054, train accuracy 0.9037, test accuracy 0.8285
2021-05-16 18:47:01,009 - classify.py[line:166] - INFO: Epoch 46, toal_loss 30.9525, aver loss 0.0053, train accuracy 0.9030, test accuracy 0.8335
2021-05-16 18:47:02,688 - classify.py[line:166] - INFO: Epoch 47, toal_loss 30.8608, aver loss 0.0051, train accuracy 0.9040, test accuracy 0.8436
2021-05-16 18:47:04,754 - classify.py[line:166] - INFO: Epoch 48, toal_loss 30.4554, aver loss 0.0050, train accuracy 0.9074, test accuracy 0.8436
2021-05-16 18:47:06,396 - classify.py[line:166] - INFO: Epoch 49, toal_loss 30.5911, aver loss 0.0049, train accuracy 0.9051, test accuracy 0.8335
2021-05-16 18:47:08,121 - classify.py[line:166] - INFO: Epoch 50, toal_loss 30.3684, aver loss 0.0048, train accuracy 0.9054, test accuracy 0.8461
2021-05-16 18:47:09,856 - classify.py[line:166] - INFO: Epoch 51, toal_loss 29.5669, aver loss 0.0045, train accuracy 0.9059, test accuracy 0.8385
2021-05-16 18:47:11,519 - classify.py[line:166] - INFO: Epoch 52, toal_loss 29.3163, aver loss 0.0044, train accuracy 0.9046, test accuracy 0.8298
2021-05-16 18:47:13,200 - classify.py[line:166] - INFO: Epoch 53, toal_loss 29.8270, aver loss 0.0044, train accuracy 0.9057, test accuracy 0.8273
2021-05-16 18:47:14,856 - classify.py[line:166] - INFO: Epoch 54, toal_loss 29.7388, aver loss 0.0043, train accuracy 0.9085, test accuracy 0.8436
2021-05-16 18:47:16,564 - classify.py[line:166] - INFO: Epoch 55, toal_loss 29.5107, aver loss 0.0042, train accuracy 0.9082, test accuracy 0.8448
2021-05-16 18:47:18,199 - classify.py[line:166] - INFO: Epoch 56, toal_loss 29.9432, aver loss 0.0042, train accuracy 0.9089, test accuracy 0.8285
2021-05-16 18:47:19,882 - classify.py[line:166] - INFO: Epoch 57, toal_loss 30.0087, aver loss 0.0041, train accuracy 0.9069, test accuracy 0.8473
2021-05-16 18:47:21,540 - classify.py[line:166] - INFO: Epoch 58, toal_loss 29.6326, aver loss 0.0040, train accuracy 0.9056, test accuracy 0.8323
2021-05-16 18:47:23,267 - classify.py[line:166] - INFO: Epoch 59, toal_loss 29.5527, aver loss 0.0039, train accuracy 0.9032, test accuracy 0.8310
2021-05-16 18:47:24,944 - classify.py[line:166] - INFO: Epoch 60, toal_loss 29.0241, aver loss 0.0038, train accuracy 0.9055, test accuracy 0.8273
2021-05-16 18:47:26,576 - classify.py[line:166] - INFO: Epoch 61, toal_loss 28.9307, aver loss 0.0037, train accuracy 0.9114, test accuracy 0.8373
2021-05-16 18:47:28,201 - classify.py[line:166] - INFO: Epoch 62, toal_loss 29.0243, aver loss 0.0037, train accuracy 0.9074, test accuracy 0.8385
2021-05-16 18:47:29,968 - classify.py[line:166] - INFO: Epoch 63, toal_loss 29.2653, aver loss 0.0037, train accuracy 0.9094, test accuracy 0.8385
2021-05-16 18:47:31,656 - classify.py[line:166] - INFO: Epoch 64, toal_loss 29.8051, aver loss 0.0037, train accuracy 0.9054, test accuracy 0.8248
2021-05-16 18:47:33,307 - classify.py[line:166] - INFO: Epoch 65, toal_loss 28.8721, aver loss 0.0035, train accuracy 0.9060, test accuracy 0.8373
2021-05-16 18:47:35,136 - classify.py[line:166] - INFO: Epoch 66, toal_loss 29.0605, aver loss 0.0035, train accuracy 0.9047, test accuracy 0.8248
2021-05-16 18:47:37,258 - classify.py[line:166] - INFO: Epoch 67, toal_loss 28.6195, aver loss 0.0034, train accuracy 0.9095, test accuracy 0.8385
2021-05-16 18:47:39,707 - classify.py[line:166] - INFO: Epoch 68, toal_loss 29.0982, aver loss 0.0034, train accuracy 0.9079, test accuracy 0.8335
2021-05-16 18:47:41,411 - classify.py[line:166] - INFO: Epoch 69, toal_loss 29.1140, aver loss 0.0033, train accuracy 0.9091, test accuracy 0.8235
2021-05-16 18:47:43,106 - classify.py[line:166] - INFO: Epoch 70, toal_loss 28.9250, aver loss 0.0033, train accuracy 0.9109, test accuracy 0.8411
2021-05-16 18:47:44,800 - classify.py[line:166] - INFO: Epoch 71, toal_loss 28.6276, aver loss 0.0032, train accuracy 0.9120, test accuracy 0.8323
2021-05-16 18:47:46,499 - classify.py[line:166] - INFO: Epoch 72, toal_loss 29.1692, aver loss 0.0032, train accuracy 0.9116, test accuracy 0.8411
2021-05-16 18:47:48,205 - classify.py[line:166] - INFO: Epoch 73, toal_loss 28.1109, aver loss 0.0030, train accuracy 0.9122, test accuracy 0.8298
2021-05-16 18:47:49,885 - classify.py[line:166] - INFO: Epoch 74, toal_loss 29.0020, aver loss 0.0031, train accuracy 0.9089, test accuracy 0.8423
2021-05-16 18:47:51,540 - classify.py[line:166] - INFO: Epoch 75, toal_loss 28.4316, aver loss 0.0030, train accuracy 0.9105, test accuracy 0.8411
2021-05-16 18:47:53,256 - classify.py[line:166] - INFO: Epoch 76, toal_loss 28.8235, aver loss 0.0030, train accuracy 0.9115, test accuracy 0.8511
2021-05-16 18:47:54,970 - classify.py[line:166] - INFO: Epoch 77, toal_loss 28.6455, aver loss 0.0029, train accuracy 0.9095, test accuracy 0.8461
2021-05-16 18:47:56,678 - classify.py[line:166] - INFO: Epoch 78, toal_loss 29.0963, aver loss 0.0029, train accuracy 0.9135, test accuracy 0.8310
2021-05-16 18:47:58,884 - classify.py[line:166] - INFO: Epoch 79, toal_loss 28.6550, aver loss 0.0029, train accuracy 0.9136, test accuracy 0.8323
