2021-05-16 20:43:52,075 - classify.py[line:67] - INFO: Namespace(batch_size=64, dataset='IMDB', epoch=80, gpu=1, lr=0.001, modelname='TextCNN', modelnum=0, seed=2, use_aug=0)
2021-05-16 20:44:40,013 - classify.py[line:120] - INFO: {'word_embedding_dimension': 300, 'Epoch1': 5, 'Epoch2': 80, 'dropout': 0.1, 'label_num': 2, 'learning_rate1': 1e-05, 'learning_rate2': 0.001, 'batch_size': 64, 'cuda': 1, 'negSampleNum': 3, 'max_bound': 1, 'kernel_sizes': [3, 4, 5], 'hidden_size': 256, 'hidden_layers': 1, 'bidirectional': True}
2021-05-16 20:44:40,928 - classify.py[line:126] - INFO: before training: 0.9860000610351562
2021-05-16 20:44:40,929 - classify.py[line:138] - INFO: ...start training...
2021-05-16 20:45:15,843 - classify.py[line:166] - INFO: Epoch 0, toal_loss 84.5067, aver loss 0.5383, train accuracy 0.7337, test accuracy 0.7863
2021-05-16 20:45:51,187 - classify.py[line:166] - INFO: Epoch 1, toal_loss 63.5142, aver loss 0.2023, train accuracy 0.8145, test accuracy 0.8230
2021-05-16 20:46:20,667 - classify.py[line:166] - INFO: Epoch 2, toal_loss 55.8063, aver loss 0.1185, train accuracy 0.8500, test accuracy 0.8123
2021-05-16 20:46:39,630 - classify.py[line:166] - INFO: Epoch 3, toal_loss 50.8147, aver loss 0.0809, train accuracy 0.8633, test accuracy 0.8110
2021-05-16 20:46:58,767 - classify.py[line:166] - INFO: Epoch 4, toal_loss 48.8587, aver loss 0.0622, train accuracy 0.8688, test accuracy 0.8330
2021-05-16 20:47:27,727 - classify.py[line:166] - INFO: Epoch 5, toal_loss 44.8280, aver loss 0.0476, train accuracy 0.8823, test accuracy 0.8265
2021-05-16 20:48:01,854 - classify.py[line:166] - INFO: Epoch 6, toal_loss 41.9638, aver loss 0.0382, train accuracy 0.8960, test accuracy 0.8228
2021-05-16 20:48:35,153 - classify.py[line:166] - INFO: Epoch 7, toal_loss 39.7626, aver loss 0.0317, train accuracy 0.8991, test accuracy 0.8253
2021-05-16 20:49:09,142 - classify.py[line:166] - INFO: Epoch 8, toal_loss 38.7101, aver loss 0.0274, train accuracy 0.9051, test accuracy 0.8383
2021-05-16 20:49:41,669 - classify.py[line:166] - INFO: Epoch 9, toal_loss 35.8538, aver loss 0.0228, train accuracy 0.9118, test accuracy 0.8323
2021-05-16 20:50:02,654 - classify.py[line:166] - INFO: Epoch 10, toal_loss 34.5991, aver loss 0.0200, train accuracy 0.9152, test accuracy 0.8218
2021-05-16 20:50:18,629 - classify.py[line:166] - INFO: Epoch 11, toal_loss 31.4283, aver loss 0.0167, train accuracy 0.9244, test accuracy 0.8163
2021-05-16 20:50:47,083 - classify.py[line:166] - INFO: Epoch 12, toal_loss 30.6708, aver loss 0.0150, train accuracy 0.9313, test accuracy 0.8298
2021-05-16 20:51:19,560 - classify.py[line:166] - INFO: Epoch 13, toal_loss 29.5222, aver loss 0.0134, train accuracy 0.9341, test accuracy 0.8158
2021-05-16 20:51:53,176 - classify.py[line:166] - INFO: Epoch 14, toal_loss 27.7942, aver loss 0.0118, train accuracy 0.9376, test accuracy 0.8355
2021-05-16 20:52:29,273 - classify.py[line:166] - INFO: Epoch 15, toal_loss 25.2326, aver loss 0.0100, train accuracy 0.9395, test accuracy 0.8273
2021-05-16 20:52:57,815 - classify.py[line:166] - INFO: Epoch 16, toal_loss 23.9201, aver loss 0.0090, train accuracy 0.9460, test accuracy 0.7998
2021-05-16 20:53:16,439 - classify.py[line:166] - INFO: Epoch 17, toal_loss 23.9171, aver loss 0.0085, train accuracy 0.9483, test accuracy 0.8245
2021-05-16 20:53:38,080 - classify.py[line:166] - INFO: Epoch 18, toal_loss 23.3084, aver loss 0.0078, train accuracy 0.9470, test accuracy 0.8080
2021-05-16 20:54:13,238 - classify.py[line:166] - INFO: Epoch 19, toal_loss 20.9968, aver loss 0.0067, train accuracy 0.9537, test accuracy 0.8063
2021-05-16 20:54:48,615 - classify.py[line:166] - INFO: Epoch 20, toal_loss 19.8902, aver loss 0.0060, train accuracy 0.9576, test accuracy 0.8095
2021-05-16 20:55:24,119 - classify.py[line:166] - INFO: Epoch 21, toal_loss 18.2160, aver loss 0.0053, train accuracy 0.9606, test accuracy 0.7875
2021-05-16 20:56:00,221 - classify.py[line:166] - INFO: Epoch 22, toal_loss 19.4156, aver loss 0.0054, train accuracy 0.9585, test accuracy 0.8118
2021-05-16 20:56:21,208 - classify.py[line:166] - INFO: Epoch 23, toal_loss 17.8907, aver loss 0.0047, train accuracy 0.9619, test accuracy 0.7990
2021-05-16 20:56:39,102 - classify.py[line:166] - INFO: Epoch 24, toal_loss 16.0779, aver loss 0.0041, train accuracy 0.9672, test accuracy 0.7970
2021-05-16 20:57:04,735 - classify.py[line:166] - INFO: Epoch 25, toal_loss 15.9047, aver loss 0.0039, train accuracy 0.9603, test accuracy 0.8155
2021-05-16 20:57:39,178 - classify.py[line:166] - INFO: Epoch 26, toal_loss 16.8869, aver loss 0.0040, train accuracy 0.9656, test accuracy 0.7858
2021-05-16 20:58:12,431 - classify.py[line:166] - INFO: Epoch 27, toal_loss 15.9526, aver loss 0.0036, train accuracy 0.9668, test accuracy 0.7983
2021-05-16 20:58:45,410 - classify.py[line:166] - INFO: Epoch 28, toal_loss 14.9931, aver loss 0.0033, train accuracy 0.9677, test accuracy 0.8303
2021-05-16 20:59:03,605 - classify.py[line:166] - INFO: Epoch 29, toal_loss 14.4835, aver loss 0.0031, train accuracy 0.9670, test accuracy 0.8180
2021-05-16 20:59:18,954 - classify.py[line:166] - INFO: Epoch 30, toal_loss 14.2462, aver loss 0.0029, train accuracy 0.9706, test accuracy 0.8148
2021-05-16 20:59:49,809 - classify.py[line:166] - INFO: Epoch 31, toal_loss 13.7795, aver loss 0.0027, train accuracy 0.9750, test accuracy 0.8143
2021-05-16 21:00:21,971 - classify.py[line:166] - INFO: Epoch 32, toal_loss 13.6018, aver loss 0.0026, train accuracy 0.9689, test accuracy 0.7983
2021-05-16 21:00:54,746 - classify.py[line:166] - INFO: Epoch 33, toal_loss 12.5296, aver loss 0.0023, train accuracy 0.9723, test accuracy 0.8278
2021-05-16 21:01:27,538 - classify.py[line:166] - INFO: Epoch 34, toal_loss 13.3869, aver loss 0.0024, train accuracy 0.9745, test accuracy 0.8100
2021-05-16 21:01:46,266 - classify.py[line:166] - INFO: Epoch 35, toal_loss 13.7563, aver loss 0.0024, train accuracy 0.9736, test accuracy 0.8143
2021-05-16 21:02:05,927 - classify.py[line:166] - INFO: Epoch 36, toal_loss 12.4192, aver loss 0.0021, train accuracy 0.9766, test accuracy 0.8420
2021-05-16 21:02:41,035 - classify.py[line:166] - INFO: Epoch 37, toal_loss 12.2250, aver loss 0.0020, train accuracy 0.9777, test accuracy 0.8065
2021-05-16 21:03:15,258 - classify.py[line:166] - INFO: Epoch 38, toal_loss 12.2625, aver loss 0.0020, train accuracy 0.9762, test accuracy 0.8260
2021-05-16 21:03:49,762 - classify.py[line:166] - INFO: Epoch 39, toal_loss 11.4722, aver loss 0.0018, train accuracy 0.9749, test accuracy 0.8058
2021-05-16 21:04:18,347 - classify.py[line:166] - INFO: Epoch 40, toal_loss 11.2943, aver loss 0.0018, train accuracy 0.9753, test accuracy 0.8150
2021-05-16 21:04:36,603 - classify.py[line:166] - INFO: Epoch 41, toal_loss 11.7670, aver loss 0.0018, train accuracy 0.9760, test accuracy 0.8125
2021-05-16 21:04:55,380 - classify.py[line:166] - INFO: Epoch 42, toal_loss 12.1756, aver loss 0.0018, train accuracy 0.9772, test accuracy 0.8145
2021-05-16 21:05:29,370 - classify.py[line:166] - INFO: Epoch 43, toal_loss 10.3938, aver loss 0.0015, train accuracy 0.9786, test accuracy 0.8308
2021-05-16 21:06:05,032 - classify.py[line:166] - INFO: Epoch 44, toal_loss 11.1163, aver loss 0.0016, train accuracy 0.9749, test accuracy 0.8200
2021-05-16 21:06:38,951 - classify.py[line:166] - INFO: Epoch 45, toal_loss 11.3987, aver loss 0.0016, train accuracy 0.9804, test accuracy 0.8045
2021-05-16 21:06:56,933 - classify.py[line:166] - INFO: Epoch 46, toal_loss 11.5944, aver loss 0.0016, train accuracy 0.9787, test accuracy 0.8083
2021-05-16 21:07:12,755 - classify.py[line:166] - INFO: Epoch 47, toal_loss 10.6032, aver loss 0.0014, train accuracy 0.9806, test accuracy 0.8058
2021-05-16 21:07:44,850 - classify.py[line:166] - INFO: Epoch 48, toal_loss 10.0312, aver loss 0.0013, train accuracy 0.9802, test accuracy 0.8168
2021-05-16 21:08:17,583 - classify.py[line:166] - INFO: Epoch 49, toal_loss 9.8478, aver loss 0.0013, train accuracy 0.9786, test accuracy 0.8035
2021-05-16 21:08:48,947 - classify.py[line:166] - INFO: Epoch 50, toal_loss 10.6161, aver loss 0.0013, train accuracy 0.9797, test accuracy 0.8223
2021-05-16 21:09:12,663 - classify.py[line:166] - INFO: Epoch 51, toal_loss 9.7240, aver loss 0.0012, train accuracy 0.9811, test accuracy 0.8138
2021-05-16 21:09:30,344 - classify.py[line:166] - INFO: Epoch 52, toal_loss 10.1108, aver loss 0.0012, train accuracy 0.9801, test accuracy 0.7988
2021-05-16 21:09:55,484 - classify.py[line:166] - INFO: Epoch 53, toal_loss 9.8315, aver loss 0.0012, train accuracy 0.9817, test accuracy 0.8110
2021-05-16 21:10:30,144 - classify.py[line:166] - INFO: Epoch 54, toal_loss 11.2782, aver loss 0.0013, train accuracy 0.9796, test accuracy 0.7933
2021-05-16 21:11:04,253 - classify.py[line:166] - INFO: Epoch 55, toal_loss 10.1575, aver loss 0.0012, train accuracy 0.9819, test accuracy 0.8180
2021-05-16 21:11:39,211 - classify.py[line:166] - INFO: Epoch 56, toal_loss 9.9968, aver loss 0.0011, train accuracy 0.9797, test accuracy 0.7988
2021-05-16 21:11:59,956 - classify.py[line:166] - INFO: Epoch 57, toal_loss 8.8539, aver loss 0.0010, train accuracy 0.9819, test accuracy 0.8143
2021-05-16 21:12:19,235 - classify.py[line:166] - INFO: Epoch 58, toal_loss 10.2417, aver loss 0.0011, train accuracy 0.9810, test accuracy 0.8275
2021-05-16 21:12:41,380 - classify.py[line:166] - INFO: Epoch 59, toal_loss 8.9228, aver loss 0.0009, train accuracy 0.9833, test accuracy 0.8360
2021-05-16 21:13:15,769 - classify.py[line:166] - INFO: Epoch 60, toal_loss 9.0622, aver loss 0.0009, train accuracy 0.9845, test accuracy 0.8210
2021-05-16 21:13:48,883 - classify.py[line:166] - INFO: Epoch 61, toal_loss 8.8269, aver loss 0.0009, train accuracy 0.9820, test accuracy 0.8265
2021-05-16 21:14:23,221 - classify.py[line:166] - INFO: Epoch 62, toal_loss 9.0899, aver loss 0.0009, train accuracy 0.9803, test accuracy 0.8130
2021-05-16 21:14:42,962 - classify.py[line:166] - INFO: Epoch 63, toal_loss 9.1534, aver loss 0.0009, train accuracy 0.9809, test accuracy 0.8355
2021-05-16 21:14:58,394 - classify.py[line:166] - INFO: Epoch 64, toal_loss 8.0071, aver loss 0.0008, train accuracy 0.9815, test accuracy 0.8343
2021-05-16 21:15:27,279 - classify.py[line:166] - INFO: Epoch 65, toal_loss 8.6874, aver loss 0.0008, train accuracy 0.9819, test accuracy 0.8090
2021-05-16 21:16:01,411 - classify.py[line:166] - INFO: Epoch 66, toal_loss 9.0845, aver loss 0.0009, train accuracy 0.9836, test accuracy 0.8060
2021-05-16 21:16:34,031 - classify.py[line:166] - INFO: Epoch 67, toal_loss 9.1864, aver loss 0.0009, train accuracy 0.9834, test accuracy 0.8203
2021-05-16 21:16:55,863 - classify.py[line:166] - INFO: Epoch 68, toal_loss 9.3110, aver loss 0.0009, train accuracy 0.9807, test accuracy 0.8283
2021-05-16 21:17:11,442 - classify.py[line:166] - INFO: Epoch 69, toal_loss 8.5416, aver loss 0.0008, train accuracy 0.9825, test accuracy 0.8160
2021-05-16 21:17:40,973 - classify.py[line:166] - INFO: Epoch 70, toal_loss 8.0955, aver loss 0.0007, train accuracy 0.9820, test accuracy 0.8163
2021-05-16 21:18:13,330 - classify.py[line:166] - INFO: Epoch 71, toal_loss 8.4422, aver loss 0.0007, train accuracy 0.9850, test accuracy 0.8270
2021-05-16 21:18:46,159 - classify.py[line:166] - INFO: Epoch 72, toal_loss 10.0077, aver loss 0.0009, train accuracy 0.9819, test accuracy 0.8328
2021-05-16 21:19:07,014 - classify.py[line:166] - INFO: Epoch 73, toal_loss 7.8532, aver loss 0.0007, train accuracy 0.9852, test accuracy 0.8098
2021-05-16 21:19:22,478 - classify.py[line:166] - INFO: Epoch 74, toal_loss 8.3333, aver loss 0.0007, train accuracy 0.9832, test accuracy 0.8148
2021-05-16 21:19:54,419 - classify.py[line:166] - INFO: Epoch 75, toal_loss 7.1652, aver loss 0.0006, train accuracy 0.9818, test accuracy 0.8358
2021-05-16 21:20:27,333 - classify.py[line:166] - INFO: Epoch 76, toal_loss 8.3543, aver loss 0.0007, train accuracy 0.9838, test accuracy 0.8333
2021-05-16 21:20:59,790 - classify.py[line:166] - INFO: Epoch 77, toal_loss 8.0713, aver loss 0.0007, train accuracy 0.9832, test accuracy 0.8120
2021-05-16 21:21:22,480 - classify.py[line:166] - INFO: Epoch 78, toal_loss 7.4547, aver loss 0.0006, train accuracy 0.9836, test accuracy 0.8365
2021-05-16 21:21:37,840 - classify.py[line:166] - INFO: Epoch 79, toal_loss 7.7771, aver loss 0.0006, train accuracy 0.9855, test accuracy 0.8338
